[0.084s] Invoking command in '/home/dliujm/um_files/rob_498_av/AutoVehicle25/audi_ws/build/autocar_description': CMAKE_PREFIX_PATH=${CMAKE_PREFIX_PATH}:/home/dliujm/um_files/rob_498_av/AutoVehicle25/audi_ws/install/vehicle_state_publisher:/home/dliujm/um_files/rob_498_av/AutoVehicle25/audi_ws/install/racecar_controller:/home/dliujm/ros2_ws/install/voice_command:/home/dliujm/ros2_ws/install/semantic_mapping:/home/dliujm/ros2_ws/install/semantic_labeling_demo:/home/dliujm/ros2_ws/install/racing_controller:/home/dliujm/ros2_ws/install/odom_tf_broadcaster_pkg:/home/dliujm/ros2_ws/install/lucy_hardware:/home/dliujm/ros2_ws/install/image_saver:/home/dliujm/ros2_ws/src/install/semantic_mapping:/home/dliujm/ros2_ws/src/install/semantic_labeling_demo:/home/dliujm/ros2_ws/src/install/odom_tf_broadcaster_pkg:/home/dliujm/ros2_ws/src/install/lucy_hardware:/home/dliujm/ros2_ws/src/install/image_saver:/opt/ros/humble /usr/bin/cmake --build /home/dliujm/um_files/rob_498_av/AutoVehicle25/audi_ws/build/autocar_description -- -j12 -l12
[1.057s] Invoked command in '/home/dliujm/um_files/rob_498_av/AutoVehicle25/audi_ws/build/autocar_description' returned '0': CMAKE_PREFIX_PATH=${CMAKE_PREFIX_PATH}:/home/dliujm/um_files/rob_498_av/AutoVehicle25/audi_ws/install/vehicle_state_publisher:/home/dliujm/um_files/rob_498_av/AutoVehicle25/audi_ws/install/racecar_controller:/home/dliujm/ros2_ws/install/voice_command:/home/dliujm/ros2_ws/install/semantic_mapping:/home/dliujm/ros2_ws/install/semantic_labeling_demo:/home/dliujm/ros2_ws/install/racing_controller:/home/dliujm/ros2_ws/install/odom_tf_broadcaster_pkg:/home/dliujm/ros2_ws/install/lucy_hardware:/home/dliujm/ros2_ws/install/image_saver:/home/dliujm/ros2_ws/src/install/semantic_mapping:/home/dliujm/ros2_ws/src/install/semantic_labeling_demo:/home/dliujm/ros2_ws/src/install/odom_tf_broadcaster_pkg:/home/dliujm/ros2_ws/src/install/lucy_hardware:/home/dliujm/ros2_ws/src/install/image_saver:/opt/ros/humble /usr/bin/cmake --build /home/dliujm/um_files/rob_498_av/AutoVehicle25/audi_ws/build/autocar_description -- -j12 -l12
[1.086s] Invoking command in '/home/dliujm/um_files/rob_498_av/AutoVehicle25/audi_ws/build/autocar_description': CMAKE_PREFIX_PATH=${CMAKE_PREFIX_PATH}:/home/dliujm/um_files/rob_498_av/AutoVehicle25/audi_ws/install/vehicle_state_publisher:/home/dliujm/um_files/rob_498_av/AutoVehicle25/audi_ws/install/racecar_controller:/home/dliujm/ros2_ws/install/voice_command:/home/dliujm/ros2_ws/install/semantic_mapping:/home/dliujm/ros2_ws/install/semantic_labeling_demo:/home/dliujm/ros2_ws/install/racing_controller:/home/dliujm/ros2_ws/install/odom_tf_broadcaster_pkg:/home/dliujm/ros2_ws/install/lucy_hardware:/home/dliujm/ros2_ws/install/image_saver:/home/dliujm/ros2_ws/src/install/semantic_mapping:/home/dliujm/ros2_ws/src/install/semantic_labeling_demo:/home/dliujm/ros2_ws/src/install/odom_tf_broadcaster_pkg:/home/dliujm/ros2_ws/src/install/lucy_hardware:/home/dliujm/ros2_ws/src/install/image_saver:/opt/ros/humble /usr/bin/cmake --install /home/dliujm/um_files/rob_498_av/AutoVehicle25/audi_ws/build/autocar_description
[1.113s] -- Install configuration: ""
[1.116s] -- Up-to-date: /home/dliujm/um_files/rob_498_av/AutoVehicle25/audi_ws/install/autocar_description/share/autocar_description//meshes
[1.118s] -- Up-to-date: /home/dliujm/um_files/rob_498_av/AutoVehicle25/audi_ws/install/autocar_description/share/autocar_description//meshes/hokuyo.dae
[1.120s] -- Up-to-date: /home/dliujm/um_files/rob_498_av/AutoVehicle25/audi_ws/install/autocar_description/share/autocar_description//meshes/bl_1.stl
[1.122s] -- Up-to-date: /home/dliujm/um_files/rob_498_av/AutoVehicle25/audi_ws/install/autocar_description/share/autocar_description//meshes/fr_1.stl
[1.123s] -- Up-to-date: /home/dliujm/um_files/rob_498_av/AutoVehicle25/audi_ws/install/autocar_description/share/autocar_description//meshes/lds.dae
[1.123s] -- Up-to-date: /home/dliujm/um_files/rob_498_av/AutoVehicle25/audi_ws/install/autocar_description/share/autocar_description//meshes/spoiler.stl
[1.123s] -- Up-to-date: /home/dliujm/um_files/rob_498_av/AutoVehicle25/audi_ws/install/autocar_description/share/autocar_description//meshes/fl_1.stl
[1.123s] -- Up-to-date: /home/dliujm/um_files/rob_498_av/AutoVehicle25/audi_ws/install/autocar_description/share/autocar_description//meshes/chassis_link.stl
[1.126s] -- Up-to-date: /home/dliujm/um_files/rob_498_av/AutoVehicle25/audi_ws/install/autocar_description/share/autocar_description//meshes/br_1.stl
[1.126s] -- Up-to-date: /home/dliujm/um_files/rob_498_av/AutoVehicle25/audi_ws/install/autocar_description/share/autocar_description//meshes/tire.dae
[1.127s] -- Up-to-date: /home/dliujm/um_files/rob_498_av/AutoVehicle25/audi_ws/install/autocar_description/share/autocar_description//urdf
[1.127s] -- Up-to-date: /home/dliujm/um_files/rob_498_av/AutoVehicle25/audi_ws/install/autocar_description/share/autocar_description//urdf/autocar.xacro
[1.127s] -- Up-to-date: /home/dliujm/um_files/rob_498_av/AutoVehicle25/audi_ws/install/autocar_description/share/autocar_description//rviz
[1.127s] -- Up-to-date: /home/dliujm/um_files/rob_498_av/AutoVehicle25/audi_ws/install/autocar_description/share/autocar_description//rviz/view.rviz
[1.127s] -- Up-to-date: /home/dliujm/um_files/rob_498_av/AutoVehicle25/audi_ws/install/autocar_description/share/ament_index/resource_index/package_run_dependencies/autocar_description
[1.128s] -- Up-to-date: /home/dliujm/um_files/rob_498_av/AutoVehicle25/audi_ws/install/autocar_description/share/ament_index/resource_index/parent_prefix_path/autocar_description
[1.128s] -- Up-to-date: /home/dliujm/um_files/rob_498_av/AutoVehicle25/audi_ws/install/autocar_description/share/autocar_description/environment/ament_prefix_path.sh
[1.128s] -- Up-to-date: /home/dliujm/um_files/rob_498_av/AutoVehicle25/audi_ws/install/autocar_description/share/autocar_description/environment/ament_prefix_path.dsv
[1.128s] -- Up-to-date: /home/dliujm/um_files/rob_498_av/AutoVehicle25/audi_ws/install/autocar_description/share/autocar_description/environment/path.sh
[1.128s] -- Up-to-date: /home/dliujm/um_files/rob_498_av/AutoVehicle25/audi_ws/install/autocar_description/share/autocar_description/environment/path.dsv
[1.128s] -- Up-to-date: /home/dliujm/um_files/rob_498_av/AutoVehicle25/audi_ws/install/autocar_description/share/autocar_description/local_setup.bash
[1.128s] -- Up-to-date: /home/dliujm/um_files/rob_498_av/AutoVehicle25/audi_ws/install/autocar_description/share/autocar_description/local_setup.sh
[1.128s] -- Up-to-date: /home/dliujm/um_files/rob_498_av/AutoVehicle25/audi_ws/install/autocar_description/share/autocar_description/local_setup.zsh
[1.128s] -- Up-to-date: /home/dliujm/um_files/rob_498_av/AutoVehicle25/audi_ws/install/autocar_description/share/autocar_description/local_setup.dsv
[1.128s] -- Installing: /home/dliujm/um_files/rob_498_av/AutoVehicle25/audi_ws/install/autocar_description/share/autocar_description/package.dsv
[1.128s] -- Up-to-date: /home/dliujm/um_files/rob_498_av/AutoVehicle25/audi_ws/install/autocar_description/share/ament_index/resource_index/packages/autocar_description
[1.129s] -- Up-to-date: /home/dliujm/um_files/rob_498_av/AutoVehicle25/audi_ws/install/autocar_description/share/autocar_description/cmake/autocar_descriptionConfig.cmake
[1.129s] -- Up-to-date: /home/dliujm/um_files/rob_498_av/AutoVehicle25/audi_ws/install/autocar_description/share/autocar_description/cmake/autocar_descriptionConfig-version.cmake
[1.129s] -- Up-to-date: /home/dliujm/um_files/rob_498_av/AutoVehicle25/audi_ws/install/autocar_description/share/autocar_description/package.xml
[1.152s] Invoked command in '/home/dliujm/um_files/rob_498_av/AutoVehicle25/audi_ws/build/autocar_description' returned '0': CMAKE_PREFIX_PATH=${CMAKE_PREFIX_PATH}:/home/dliujm/um_files/rob_498_av/AutoVehicle25/audi_ws/install/vehicle_state_publisher:/home/dliujm/um_files/rob_498_av/AutoVehicle25/audi_ws/install/racecar_controller:/home/dliujm/ros2_ws/install/voice_command:/home/dliujm/ros2_ws/install/semantic_mapping:/home/dliujm/ros2_ws/install/semantic_labeling_demo:/home/dliujm/ros2_ws/install/racing_controller:/home/dliujm/ros2_ws/install/odom_tf_broadcaster_pkg:/home/dliujm/ros2_ws/install/lucy_hardware:/home/dliujm/ros2_ws/install/image_saver:/home/dliujm/ros2_ws/src/install/semantic_mapping:/home/dliujm/ros2_ws/src/install/semantic_labeling_demo:/home/dliujm/ros2_ws/src/install/odom_tf_broadcaster_pkg:/home/dliujm/ros2_ws/src/install/lucy_hardware:/home/dliujm/ros2_ws/src/install/image_saver:/opt/ros/humble /usr/bin/cmake --install /home/dliujm/um_files/rob_498_av/AutoVehicle25/audi_ws/build/autocar_description
