[0.029s] Invoking command in '/home/dliujm/um_files/rob_498_av/AutoVehicle25/audi_ws/build/autocar_map': CMAKE_PREFIX_PATH=${CMAKE_PREFIX_PATH}:/home/dliujm/ros2_ws/install/voice_command:/home/dliujm/ros2_ws/install/semantic_mapping:/home/dliujm/ros2_ws/install/semantic_labeling_demo:/home/dliujm/ros2_ws/install/racing_controller:/home/dliujm/ros2_ws/install/odom_tf_broadcaster_pkg:/home/dliujm/ros2_ws/install/lucy_hardware:/home/dliujm/ros2_ws/install/image_saver:/home/dliujm/ros2_ws/src/install/semantic_mapping:/home/dliujm/ros2_ws/src/install/semantic_labeling_demo:/home/dliujm/ros2_ws/src/install/odom_tf_broadcaster_pkg:/home/dliujm/ros2_ws/src/install/lucy_hardware:/home/dliujm/ros2_ws/src/install/image_saver:/opt/ros/humble /usr/bin/cmake --build /home/dliujm/um_files/rob_498_av/AutoVehicle25/audi_ws/build/autocar_map -- -j12 -l12
[0.162s] [100%] Built target bof
[0.203s] Invoked command in '/home/dliujm/um_files/rob_498_av/AutoVehicle25/audi_ws/build/autocar_map' returned '0': CMAKE_PREFIX_PATH=${CMAKE_PREFIX_PATH}:/home/dliujm/ros2_ws/install/voice_command:/home/dliujm/ros2_ws/install/semantic_mapping:/home/dliujm/ros2_ws/install/semantic_labeling_demo:/home/dliujm/ros2_ws/install/racing_controller:/home/dliujm/ros2_ws/install/odom_tf_broadcaster_pkg:/home/dliujm/ros2_ws/install/lucy_hardware:/home/dliujm/ros2_ws/install/image_saver:/home/dliujm/ros2_ws/src/install/semantic_mapping:/home/dliujm/ros2_ws/src/install/semantic_labeling_demo:/home/dliujm/ros2_ws/src/install/odom_tf_broadcaster_pkg:/home/dliujm/ros2_ws/src/install/lucy_hardware:/home/dliujm/ros2_ws/src/install/image_saver:/opt/ros/humble /usr/bin/cmake --build /home/dliujm/um_files/rob_498_av/AutoVehicle25/audi_ws/build/autocar_map -- -j12 -l12
[0.205s] Invoking command in '/home/dliujm/um_files/rob_498_av/AutoVehicle25/audi_ws/build/autocar_map': CMAKE_PREFIX_PATH=${CMAKE_PREFIX_PATH}:/home/dliujm/ros2_ws/install/voice_command:/home/dliujm/ros2_ws/install/semantic_mapping:/home/dliujm/ros2_ws/install/semantic_labeling_demo:/home/dliujm/ros2_ws/install/racing_controller:/home/dliujm/ros2_ws/install/odom_tf_broadcaster_pkg:/home/dliujm/ros2_ws/install/lucy_hardware:/home/dliujm/ros2_ws/install/image_saver:/home/dliujm/ros2_ws/src/install/semantic_mapping:/home/dliujm/ros2_ws/src/install/semantic_labeling_demo:/home/dliujm/ros2_ws/src/install/odom_tf_broadcaster_pkg:/home/dliujm/ros2_ws/src/install/lucy_hardware:/home/dliujm/ros2_ws/src/install/image_saver:/opt/ros/humble /usr/bin/cmake --install /home/dliujm/um_files/rob_498_av/AutoVehicle25/audi_ws/build/autocar_map
[0.217s] -- Install configuration: ""
[0.217s] -- Up-to-date: /home/dliujm/um_files/rob_498_av/AutoVehicle25/audi_ws/install/autocar_map/lib/autocar_map/bof
[0.217s] -- Up-to-date: /home/dliujm/um_files/rob_498_av/AutoVehicle25/audi_ws/install/autocar_map/share/ament_index/resource_index/package_run_dependencies/autocar_map
[0.217s] -- Up-to-date: /home/dliujm/um_files/rob_498_av/AutoVehicle25/audi_ws/install/autocar_map/share/ament_index/resource_index/parent_prefix_path/autocar_map
[0.217s] -- Up-to-date: /home/dliujm/um_files/rob_498_av/AutoVehicle25/audi_ws/install/autocar_map/share/autocar_map/environment/ament_prefix_path.sh
[0.217s] -- Up-to-date: /home/dliujm/um_files/rob_498_av/AutoVehicle25/audi_ws/install/autocar_map/share/autocar_map/environment/ament_prefix_path.dsv
[0.217s] -- Up-to-date: /home/dliujm/um_files/rob_498_av/AutoVehicle25/audi_ws/install/autocar_map/share/autocar_map/environment/path.sh
[0.217s] -- Up-to-date: /home/dliujm/um_files/rob_498_av/AutoVehicle25/audi_ws/install/autocar_map/share/autocar_map/environment/path.dsv
[0.217s] -- Up-to-date: /home/dliujm/um_files/rob_498_av/AutoVehicle25/audi_ws/install/autocar_map/share/autocar_map/local_setup.bash
[0.217s] -- Up-to-date: /home/dliujm/um_files/rob_498_av/AutoVehicle25/audi_ws/install/autocar_map/share/autocar_map/local_setup.sh
[0.217s] -- Up-to-date: /home/dliujm/um_files/rob_498_av/AutoVehicle25/audi_ws/install/autocar_map/share/autocar_map/local_setup.zsh
[0.217s] -- Up-to-date: /home/dliujm/um_files/rob_498_av/AutoVehicle25/audi_ws/install/autocar_map/share/autocar_map/local_setup.dsv
[0.217s] -- Installing: /home/dliujm/um_files/rob_498_av/AutoVehicle25/audi_ws/install/autocar_map/share/autocar_map/package.dsv
[0.217s] -- Up-to-date: /home/dliujm/um_files/rob_498_av/AutoVehicle25/audi_ws/install/autocar_map/share/ament_index/resource_index/packages/autocar_map
[0.217s] -- Up-to-date: /home/dliujm/um_files/rob_498_av/AutoVehicle25/audi_ws/install/autocar_map/share/autocar_map/cmake/autocar_mapConfig.cmake
[0.217s] -- Up-to-date: /home/dliujm/um_files/rob_498_av/AutoVehicle25/audi_ws/install/autocar_map/share/autocar_map/cmake/autocar_mapConfig-version.cmake
[0.218s] -- Up-to-date: /home/dliujm/um_files/rob_498_av/AutoVehicle25/audi_ws/install/autocar_map/share/autocar_map/package.xml
[0.219s] Invoked command in '/home/dliujm/um_files/rob_498_av/AutoVehicle25/audi_ws/build/autocar_map' returned '0': CMAKE_PREFIX_PATH=${CMAKE_PREFIX_PATH}:/home/dliujm/ros2_ws/install/voice_command:/home/dliujm/ros2_ws/install/semantic_mapping:/home/dliujm/ros2_ws/install/semantic_labeling_demo:/home/dliujm/ros2_ws/install/racing_controller:/home/dliujm/ros2_ws/install/odom_tf_broadcaster_pkg:/home/dliujm/ros2_ws/install/lucy_hardware:/home/dliujm/ros2_ws/install/image_saver:/home/dliujm/ros2_ws/src/install/semantic_mapping:/home/dliujm/ros2_ws/src/install/semantic_labeling_demo:/home/dliujm/ros2_ws/src/install/odom_tf_broadcaster_pkg:/home/dliujm/ros2_ws/src/install/lucy_hardware:/home/dliujm/ros2_ws/src/install/image_saver:/opt/ros/humble /usr/bin/cmake --install /home/dliujm/um_files/rob_498_av/AutoVehicle25/audi_ws/build/autocar_map
