[0.036s] Invoking command in '/home/dliujm/um_files/rob_498_av/AutoVehicle25/audi_ws/src/build/autocar_msgs': CMAKE_PREFIX_PATH=${CMAKE_PREFIX_PATH}:/home/dliujm/ros2_ws/install/voice_command:/home/dliujm/ros2_ws/install/semantic_mapping:/home/dliujm/ros2_ws/install/semantic_labeling_demo:/home/dliujm/ros2_ws/install/racing_controller:/home/dliujm/ros2_ws/install/odom_tf_broadcaster_pkg:/home/dliujm/ros2_ws/install/lucy_hardware:/home/dliujm/ros2_ws/install/image_saver:/home/dliujm/ros2_ws/src/install/semantic_mapping:/home/dliujm/ros2_ws/src/install/semantic_labeling_demo:/home/dliujm/ros2_ws/src/install/odom_tf_broadcaster_pkg:/home/dliujm/ros2_ws/src/install/lucy_hardware:/home/dliujm/ros2_ws/src/install/image_saver:/opt/ros/humble /usr/bin/cmake --build /home/dliujm/um_files/rob_498_av/AutoVehicle25/audi_ws/src/build/autocar_msgs -- -j12 -l12
[0.084s] -- Found ament_cmake: 1.3.11 (/opt/ros/humble/share/ament_cmake/cmake)
[0.262s] -- Found geometry_msgs: 4.2.4 (/opt/ros/humble/share/geometry_msgs/cmake)
[0.300s] -- Found rosidl_generator_c: 3.1.6 (/opt/ros/humble/share/rosidl_generator_c/cmake)
[0.304s] -- Found rosidl_adapter: 3.1.6 (/opt/ros/humble/share/rosidl_adapter/cmake)
[0.314s] -- Found rosidl_generator_cpp: 3.1.6 (/opt/ros/humble/share/rosidl_generator_cpp/cmake)
[0.333s] -- Using all available rosidl_typesupport_c: rosidl_typesupport_fastrtps_c;rosidl_typesupport_introspection_c
[0.348s] -- Using all available rosidl_typesupport_cpp: rosidl_typesupport_fastrtps_cpp;rosidl_typesupport_introspection_cpp
[0.391s] -- Found rosidl_default_generators: 1.2.0 (/opt/ros/humble/share/rosidl_default_generators/cmake)
[0.753s] -- Found ament_cmake_ros: 0.10.0 (/opt/ros/humble/share/ament_cmake_ros/cmake)
[1.282s] -- Using all available rosidl_typesupport_c: rosidl_typesupport_fastrtps_c;rosidl_typesupport_introspection_c
[1.520s] -- Using all available rosidl_typesupport_cpp: rosidl_typesupport_fastrtps_cpp;rosidl_typesupport_introspection_cpp
[1.564s] -- Found python_cmake_module: 0.10.0 (/opt/ros/humble/share/python_cmake_module/cmake)
[1.602s] -- Using PYTHON_EXECUTABLE: /usr/bin/python3
[1.602s] -- Using PYTHON_INCLUDE_DIRS: /usr/include/python3.10
[1.602s] -- Using PYTHON_LIBRARIES: /usr/lib/x86_64-linux-gnu/libpython3.10.so
[1.658s] -- Found ament_lint_auto: 0.12.11 (/opt/ros/humble/share/ament_lint_auto/cmake)
[1.681s] -- Added test 'copyright' to check source files copyright and LICENSE
[1.683s] -- Added test 'lint_cmake' to check CMake code style
[1.684s] -- Added test 'xmllint' to check XML markup files
[1.690s] -- Configuring done
[1.759s] -- Generating done
[1.779s] -- Build files have been written to: /home/dliujm/um_files/rob_498_av/AutoVehicle25/audi_ws/src/build/autocar_msgs
[1.836s] [  1%] [34m[1mGenerating C code for ROS interfaces[0m
[1.859s] [  3%] [34m[1mGenerating C++ code for ROS interfaces[0m
[1.891s] [  3%] Built target ament_cmake_python_copy_autocar_msgs
[2.318s] running egg_info
[2.319s] writing autocar_msgs.egg-info/PKG-INFO
[2.320s] writing dependency_links to autocar_msgs.egg-info/dependency_links.txt
[2.320s] writing top-level names to autocar_msgs.egg-info/top_level.txt
[2.325s] reading manifest file 'autocar_msgs.egg-info/SOURCES.txt'
[2.325s] writing manifest file 'autocar_msgs.egg-info/SOURCES.txt'
[2.469s] [  3%] Built target ament_cmake_python_build_autocar_msgs_egg
[2.477s] [35m[1mConsolidate compiler generated dependencies of target autocar_msgs__rosidl_generator_c[0m
[2.511s] [  9%] [32mBuilding C object CMakeFiles/autocar_msgs__rosidl_generator_c.dir/rosidl_generator_c/autocar_msgs/msg/detail/path2_d__functions.c.o[0m
[2.511s] [  9%] [32mBuilding C object CMakeFiles/autocar_msgs__rosidl_generator_c.dir/rosidl_generator_c/autocar_msgs/msg/detail/vehicle_states__functions.c.o[0m
[2.511s] [  9%] [32mBuilding C object CMakeFiles/autocar_msgs__rosidl_generator_c.dir/rosidl_generator_c/autocar_msgs/msg/detail/state2_d__functions.c.o[0m
[2.511s] [  9%] Built target autocar_msgs__cpp
[2.512s] [ 10%] [32mBuilding C object CMakeFiles/autocar_msgs__rosidl_generator_c.dir/rosidl_generator_c/autocar_msgs/msg/detail/twist2_d__functions.c.o[0m
[2.533s] [ 16%] [34m[1mGenerating C++ introspection for ROS interfaces[0m
[2.534s] [ 16%] [34m[1mGenerating C++ type support dispatch for ROS interfaces[0m
[2.534s] [ 16%] [34m[1mGenerating C++ type support for eProsima Fast-RTPS[0m
[2.662s] [ 18%] [32m[1mLinking C shared library libautocar_msgs__rosidl_generator_c.so[0m
[2.760s] [ 18%] Built target autocar_msgs__rosidl_generator_c
[2.784s] [ 20%] [34m[1mGenerating C introspection for ROS interfaces[0m
[2.784s] [ 23%] [34m[1mGenerating C type support dispatch for ROS interfaces[0m
[2.784s] [ 23%] [34m[1mGenerating C type support for eProsima Fast-RTPS[0m
[3.095s] [35m[1mConsolidate compiler generated dependencies of target autocar_msgs__rosidl_typesupport_cpp[0m
[3.138s] [ 27%] [32mBuilding CXX object CMakeFiles/autocar_msgs__rosidl_typesupport_cpp.dir/rosidl_typesupport_cpp/autocar_msgs/msg/path2_d__type_support.cpp.o[0m
[3.141s] [ 27%] [32mBuilding CXX object CMakeFiles/autocar_msgs__rosidl_typesupport_cpp.dir/rosidl_typesupport_cpp/autocar_msgs/msg/state2_d__type_support.cpp.o[0m
[3.141s] [ 29%] [32mBuilding CXX object CMakeFiles/autocar_msgs__rosidl_typesupport_cpp.dir/rosidl_typesupport_cpp/autocar_msgs/msg/vehicle_states__type_support.cpp.o[0m
[3.141s] [ 30%] [32mBuilding CXX object CMakeFiles/autocar_msgs__rosidl_typesupport_cpp.dir/rosidl_typesupport_cpp/autocar_msgs/msg/twist2_d__type_support.cpp.o[0m
[3.283s] [35m[1mConsolidate compiler generated dependencies of target autocar_msgs__rosidl_typesupport_introspection_cpp[0m
[3.334s] [ 32%] [32mBuilding CXX object CMakeFiles/autocar_msgs__rosidl_typesupport_introspection_cpp.dir/rosidl_typesupport_introspection_cpp/autocar_msgs/msg/detail/path2_d__type_support.cpp.o[0m
[3.356s] [ 34%] [32mBuilding CXX object CMakeFiles/autocar_msgs__rosidl_typesupport_introspection_cpp.dir/rosidl_typesupport_introspection_cpp/autocar_msgs/msg/detail/state2_d__type_support.cpp.o[0m
[3.393s] [ 36%] [32mBuilding CXX object CMakeFiles/autocar_msgs__rosidl_typesupport_introspection_cpp.dir/rosidl_typesupport_introspection_cpp/autocar_msgs/msg/detail/twist2_d__type_support.cpp.o[0m
[3.414s] [ 38%] [32mBuilding CXX object CMakeFiles/autocar_msgs__rosidl_typesupport_introspection_cpp.dir/rosidl_typesupport_introspection_cpp/autocar_msgs/msg/detail/vehicle_states__type_support.cpp.o[0m
[3.434s] [35m[1mConsolidate compiler generated dependencies of target autocar_msgs__rosidl_typesupport_fastrtps_cpp[0m
[3.561s] [ 40%] [32mBuilding CXX object CMakeFiles/autocar_msgs__rosidl_typesupport_fastrtps_cpp.dir/rosidl_typesupport_fastrtps_cpp/autocar_msgs/msg/detail/dds_fastrtps/path2_d__type_support.cpp.o[0m
[3.722s] [35m[1mConsolidate compiler generated dependencies of target autocar_msgs__rosidl_typesupport_c[0m
[3.779s] [ 41%] [32mBuilding CXX object CMakeFiles/autocar_msgs__rosidl_typesupport_c.dir/rosidl_typesupport_c/autocar_msgs/msg/path2_d__type_support.cpp.o[0m
[4.039s] [ 43%] [32mBuilding CXX object CMakeFiles/autocar_msgs__rosidl_typesupport_c.dir/rosidl_typesupport_c/autocar_msgs/msg/state2_d__type_support.cpp.o[0m
[4.079s] [35m[1mConsolidate compiler generated dependencies of target autocar_msgs__rosidl_typesupport_introspection_c[0m
[4.135s] [35m[1mConsolidate compiler generated dependencies of target autocar_msgs__rosidl_typesupport_fastrtps_c[0m
[4.207s] [ 45%] [32mBuilding C object CMakeFiles/autocar_msgs__rosidl_typesupport_introspection_c.dir/rosidl_typesupport_introspection_c/autocar_msgs/msg/detail/path2_d__type_support.c.o[0m
[4.230s] [ 47%] [32mBuilding CXX object CMakeFiles/autocar_msgs__rosidl_typesupport_c.dir/rosidl_typesupport_c/autocar_msgs/msg/twist2_d__type_support.cpp.o[0m
[4.253s] [ 49%] [32mBuilding CXX object CMakeFiles/autocar_msgs__rosidl_typesupport_fastrtps_c.dir/rosidl_typesupport_fastrtps_c/autocar_msgs/msg/detail/path2_d__type_support_c.cpp.o[0m
[4.375s] [ 50%] [32mBuilding C object CMakeFiles/autocar_msgs__rosidl_typesupport_introspection_c.dir/rosidl_typesupport_introspection_c/autocar_msgs/msg/detail/state2_d__type_support.c.o[0m
[4.416s] [ 52%] [32mBuilding CXX object CMakeFiles/autocar_msgs__rosidl_typesupport_c.dir/rosidl_typesupport_c/autocar_msgs/msg/vehicle_states__type_support.cpp.o[0m
[4.423s] [ 54%] [32mBuilding C object CMakeFiles/autocar_msgs__rosidl_typesupport_introspection_c.dir/rosidl_typesupport_introspection_c/autocar_msgs/msg/detail/twist2_d__type_support.c.o[0m
[4.520s] [ 56%] [32mBuilding C object CMakeFiles/autocar_msgs__rosidl_typesupport_introspection_c.dir/rosidl_typesupport_introspection_c/autocar_msgs/msg/detail/vehicle_states__type_support.c.o[0m
[4.555s] [ 58%] [32m[1mLinking CXX shared library libautocar_msgs__rosidl_typesupport_c.so[0m
[4.575s] [ 60%] [32mBuilding CXX object CMakeFiles/autocar_msgs__rosidl_typesupport_fastrtps_c.dir/rosidl_typesupport_fastrtps_c/autocar_msgs/msg/detail/state2_d__type_support_c.cpp.o[0m
[4.606s] [ 61%] [32mBuilding CXX object CMakeFiles/autocar_msgs__rosidl_typesupport_fastrtps_cpp.dir/rosidl_typesupport_fastrtps_cpp/autocar_msgs/msg/detail/dds_fastrtps/state2_d__type_support.cpp.o[0m
[4.731s] [ 63%] [32m[1mLinking CXX shared library libautocar_msgs__rosidl_typesupport_cpp.so[0m
[4.740s] [ 65%] [32mBuilding CXX object CMakeFiles/autocar_msgs__rosidl_typesupport_fastrtps_cpp.dir/rosidl_typesupport_fastrtps_cpp/autocar_msgs/msg/detail/dds_fastrtps/twist2_d__type_support.cpp.o[0m
[4.743s] [ 67%] [32m[1mLinking C shared library libautocar_msgs__rosidl_typesupport_introspection_c.so[0m
[4.950s] [ 67%] Built target autocar_msgs__rosidl_typesupport_c
[4.953s] [ 67%] Built target autocar_msgs__rosidl_typesupport_cpp
[4.979s] [ 67%] Built target autocar_msgs__rosidl_typesupport_introspection_c
[5.010s] [ 69%] [32mBuilding CXX object CMakeFiles/autocar_msgs__rosidl_typesupport_fastrtps_cpp.dir/rosidl_typesupport_fastrtps_cpp/autocar_msgs/msg/detail/dds_fastrtps/vehicle_states__type_support.cpp.o[0m
[5.038s] [ 70%] [32mBuilding CXX object CMakeFiles/autocar_msgs__rosidl_typesupport_fastrtps_c.dir/rosidl_typesupport_fastrtps_c/autocar_msgs/msg/detail/twist2_d__type_support_c.cpp.o[0m
[5.045s] [ 72%] [32mBuilding CXX object CMakeFiles/autocar_msgs__rosidl_typesupport_fastrtps_c.dir/rosidl_typesupport_fastrtps_c/autocar_msgs/msg/detail/vehicle_states__type_support_c.cpp.o[0m
[5.517s] [ 74%] [32m[1mLinking CXX shared library libautocar_msgs__rosidl_typesupport_introspection_cpp.so[0m
[5.788s] [ 74%] Built target autocar_msgs__rosidl_typesupport_introspection_cpp
[5.881s] [ 76%] [32m[1mLinking CXX shared library libautocar_msgs__rosidl_typesupport_fastrtps_c.so[0m
[5.910s] [ 78%] [32m[1mLinking CXX shared library libautocar_msgs__rosidl_typesupport_fastrtps_cpp.so[0m
[6.001s] [ 78%] Built target autocar_msgs__rosidl_typesupport_fastrtps_c
[6.020s] [ 78%] Built target autocar_msgs__rosidl_typesupport_fastrtps_cpp
[6.043s] [ 78%] Built target autocar_msgs
[6.066s] [ 80%] [34m[1mGenerating Python code for ROS interfaces[0m
[6.520s] [ 80%] Built target autocar_msgs__py
[6.539s] [35m[1mConsolidate compiler generated dependencies of target autocar_msgs__rosidl_generator_py[0m
[6.564s] [ 85%] [32mBuilding C object CMakeFiles/autocar_msgs__rosidl_generator_py.dir/rosidl_generator_py/autocar_msgs/msg/_vehicle_states_s.c.o[0m
[6.565s] [ 85%] [32mBuilding C object CMakeFiles/autocar_msgs__rosidl_generator_py.dir/rosidl_generator_py/autocar_msgs/msg/_twist2_d_s.c.o[0m
[6.565s] [ 87%] [32mBuilding C object CMakeFiles/autocar_msgs__rosidl_generator_py.dir/rosidl_generator_py/autocar_msgs/msg/_path2_d_s.c.o[0m
[6.565s] [ 87%] [32mBuilding C object CMakeFiles/autocar_msgs__rosidl_generator_py.dir/rosidl_generator_py/autocar_msgs/msg/_state2_d_s.c.o[0m
[6.733s] [ 89%] [32m[1mLinking C shared library rosidl_generator_py/autocar_msgs/libautocar_msgs__rosidl_generator_py.so[0m
[6.777s] [ 89%] Built target autocar_msgs__rosidl_generator_py
[6.789s] [35m[1mConsolidate compiler generated dependencies of target autocar_msgs__rosidl_typesupport_c__pyext[0m
[6.789s] [35m[1mConsolidate compiler generated dependencies of target autocar_msgs__rosidl_typesupport_fastrtps_c__pyext[0m
[6.789s] [35m[1mConsolidate compiler generated dependencies of target autocar_msgs__rosidl_typesupport_introspection_c__pyext[0m
[6.807s] [ 94%] [32mBuilding C object CMakeFiles/autocar_msgs__rosidl_typesupport_c__pyext.dir/rosidl_generator_py/autocar_msgs/_autocar_msgs_s.ep.rosidl_typesupport_c.c.o[0m
[6.807s] [ 94%] [32mBuilding C object CMakeFiles/autocar_msgs__rosidl_typesupport_introspection_c__pyext.dir/rosidl_generator_py/autocar_msgs/_autocar_msgs_s.ep.rosidl_typesupport_introspection_c.c.o[0m
[6.807s] [ 94%] [32mBuilding C object CMakeFiles/autocar_msgs__rosidl_typesupport_fastrtps_c__pyext.dir/rosidl_generator_py/autocar_msgs/_autocar_msgs_s.ep.rosidl_typesupport_fastrtps_c.c.o[0m
[6.931s] [100%] [32m[1mLinking C shared library rosidl_generator_py/autocar_msgs/autocar_msgs_s__rosidl_typesupport_introspection_c.cpython-310-x86_64-linux-gnu.so[0m
[6.931s] [100%] [32m[1mLinking C shared library rosidl_generator_py/autocar_msgs/autocar_msgs_s__rosidl_typesupport_c.cpython-310-x86_64-linux-gnu.so[0m
[6.931s] [100%] [32m[1mLinking C shared library rosidl_generator_py/autocar_msgs/autocar_msgs_s__rosidl_typesupport_fastrtps_c.cpython-310-x86_64-linux-gnu.so[0m
[6.982s] [100%] Built target autocar_msgs__rosidl_typesupport_c__pyext
[6.982s] [100%] Built target autocar_msgs__rosidl_typesupport_fastrtps_c__pyext
[6.982s] [100%] Built target autocar_msgs__rosidl_typesupport_introspection_c__pyext
[6.998s] Invoked command in '/home/dliujm/um_files/rob_498_av/AutoVehicle25/audi_ws/src/build/autocar_msgs' returned '0': CMAKE_PREFIX_PATH=${CMAKE_PREFIX_PATH}:/home/dliujm/ros2_ws/install/voice_command:/home/dliujm/ros2_ws/install/semantic_mapping:/home/dliujm/ros2_ws/install/semantic_labeling_demo:/home/dliujm/ros2_ws/install/racing_controller:/home/dliujm/ros2_ws/install/odom_tf_broadcaster_pkg:/home/dliujm/ros2_ws/install/lucy_hardware:/home/dliujm/ros2_ws/install/image_saver:/home/dliujm/ros2_ws/src/install/semantic_mapping:/home/dliujm/ros2_ws/src/install/semantic_labeling_demo:/home/dliujm/ros2_ws/src/install/odom_tf_broadcaster_pkg:/home/dliujm/ros2_ws/src/install/lucy_hardware:/home/dliujm/ros2_ws/src/install/image_saver:/opt/ros/humble /usr/bin/cmake --build /home/dliujm/um_files/rob_498_av/AutoVehicle25/audi_ws/src/build/autocar_msgs -- -j12 -l12
[7.000s] Invoking command in '/home/dliujm/um_files/rob_498_av/AutoVehicle25/audi_ws/src/build/autocar_msgs': CMAKE_PREFIX_PATH=${CMAKE_PREFIX_PATH}:/home/dliujm/ros2_ws/install/voice_command:/home/dliujm/ros2_ws/install/semantic_mapping:/home/dliujm/ros2_ws/install/semantic_labeling_demo:/home/dliujm/ros2_ws/install/racing_controller:/home/dliujm/ros2_ws/install/odom_tf_broadcaster_pkg:/home/dliujm/ros2_ws/install/lucy_hardware:/home/dliujm/ros2_ws/install/image_saver:/home/dliujm/ros2_ws/src/install/semantic_mapping:/home/dliujm/ros2_ws/src/install/semantic_labeling_demo:/home/dliujm/ros2_ws/src/install/odom_tf_broadcaster_pkg:/home/dliujm/ros2_ws/src/install/lucy_hardware:/home/dliujm/ros2_ws/src/install/image_saver:/opt/ros/humble /usr/bin/cmake --install /home/dliujm/um_files/rob_498_av/AutoVehicle25/audi_ws/src/build/autocar_msgs
[7.010s] -- Install configuration: ""
[7.011s] -- Installing: /home/dliujm/um_files/rob_498_av/AutoVehicle25/audi_ws/src/install/autocar_msgs/share/ament_index/resource_index/rosidl_interfaces/autocar_msgs
[7.011s] -- Up-to-date: /home/dliujm/um_files/rob_498_av/AutoVehicle25/audi_ws/src/install/autocar_msgs/include/autocar_msgs/autocar_msgs
[7.011s] -- Up-to-date: /home/dliujm/um_files/rob_498_av/AutoVehicle25/audi_ws/src/install/autocar_msgs/include/autocar_msgs/autocar_msgs/msg
[7.011s] -- Installing: /home/dliujm/um_files/rob_498_av/AutoVehicle25/audi_ws/src/install/autocar_msgs/include/autocar_msgs/autocar_msgs/msg/vehicle_states.h
[7.011s] -- Up-to-date: /home/dliujm/um_files/rob_498_av/AutoVehicle25/audi_ws/src/install/autocar_msgs/include/autocar_msgs/autocar_msgs/msg/detail
[7.011s] -- Installing: /home/dliujm/um_files/rob_498_av/AutoVehicle25/audi_ws/src/install/autocar_msgs/include/autocar_msgs/autocar_msgs/msg/detail/twist2_d__type_support.h
[7.012s] -- Installing: /home/dliujm/um_files/rob_498_av/AutoVehicle25/audi_ws/src/install/autocar_msgs/include/autocar_msgs/autocar_msgs/msg/detail/path2_d__functions.c
[7.012s] -- Installing: /home/dliujm/um_files/rob_498_av/AutoVehicle25/audi_ws/src/install/autocar_msgs/include/autocar_msgs/autocar_msgs/msg/detail/state2_d__type_support.h
[7.012s] -- Installing: /home/dliujm/um_files/rob_498_av/AutoVehicle25/audi_ws/src/install/autocar_msgs/include/autocar_msgs/autocar_msgs/msg/detail/twist2_d__functions.h
[7.012s] -- Installing: /home/dliujm/um_files/rob_498_av/AutoVehicle25/audi_ws/src/install/autocar_msgs/include/autocar_msgs/autocar_msgs/msg/detail/vehicle_states__struct.h
[7.012s] -- Installing: /home/dliujm/um_files/rob_498_av/AutoVehicle25/audi_ws/src/install/autocar_msgs/include/autocar_msgs/autocar_msgs/msg/detail/path2_d__struct.h
[7.012s] -- Installing: /home/dliujm/um_files/rob_498_av/AutoVehicle25/audi_ws/src/install/autocar_msgs/include/autocar_msgs/autocar_msgs/msg/detail/vehicle_states__functions.h
[7.013s] -- Installing: /home/dliujm/um_files/rob_498_av/AutoVehicle25/audi_ws/src/install/autocar_msgs/include/autocar_msgs/autocar_msgs/msg/detail/path2_d__type_support.h
[7.013s] -- Installing: /home/dliujm/um_files/rob_498_av/AutoVehicle25/audi_ws/src/install/autocar_msgs/include/autocar_msgs/autocar_msgs/msg/detail/state2_d__functions.h
[7.013s] -- Installing: /home/dliujm/um_files/rob_498_av/AutoVehicle25/audi_ws/src/install/autocar_msgs/include/autocar_msgs/autocar_msgs/msg/detail/vehicle_states__type_support.h
[7.013s] -- Installing: /home/dliujm/um_files/rob_498_av/AutoVehicle25/audi_ws/src/install/autocar_msgs/include/autocar_msgs/autocar_msgs/msg/detail/state2_d__functions.c
[7.013s] -- Installing: /home/dliujm/um_files/rob_498_av/AutoVehicle25/audi_ws/src/install/autocar_msgs/include/autocar_msgs/autocar_msgs/msg/detail/path2_d__functions.h
[7.014s] -- Installing: /home/dliujm/um_files/rob_498_av/AutoVehicle25/audi_ws/src/install/autocar_msgs/include/autocar_msgs/autocar_msgs/msg/detail/state2_d__struct.h
[7.014s] -- Installing: /home/dliujm/um_files/rob_498_av/AutoVehicle25/audi_ws/src/install/autocar_msgs/include/autocar_msgs/autocar_msgs/msg/detail/vehicle_states__functions.c
[7.014s] -- Installing: /home/dliujm/um_files/rob_498_av/AutoVehicle25/audi_ws/src/install/autocar_msgs/include/autocar_msgs/autocar_msgs/msg/detail/twist2_d__functions.c
[7.014s] -- Installing: /home/dliujm/um_files/rob_498_av/AutoVehicle25/audi_ws/src/install/autocar_msgs/include/autocar_msgs/autocar_msgs/msg/detail/twist2_d__struct.h
[7.014s] -- Installing: /home/dliujm/um_files/rob_498_av/AutoVehicle25/audi_ws/src/install/autocar_msgs/include/autocar_msgs/autocar_msgs/msg/state2_d.h
[7.015s] -- Installing: /home/dliujm/um_files/rob_498_av/AutoVehicle25/audi_ws/src/install/autocar_msgs/include/autocar_msgs/autocar_msgs/msg/path2_d.h
[7.015s] -- Installing: /home/dliujm/um_files/rob_498_av/AutoVehicle25/audi_ws/src/install/autocar_msgs/include/autocar_msgs/autocar_msgs/msg/twist2_d.h
[7.015s] -- Up-to-date: /home/dliujm/um_files/rob_498_av/AutoVehicle25/audi_ws/src/install/autocar_msgs/include/autocar_msgs/autocar_msgs/msg/rosidl_generator_c__visibility_control.h
[7.015s] -- Up-to-date: /home/dliujm/um_files/rob_498_av/AutoVehicle25/audi_ws/src/install/autocar_msgs/share/autocar_msgs/environment/library_path.sh
[7.015s] -- Installing: /home/dliujm/um_files/rob_498_av/AutoVehicle25/audi_ws/src/install/autocar_msgs/share/autocar_msgs/environment/library_path.dsv
[7.016s] -- Installing: /home/dliujm/um_files/rob_498_av/AutoVehicle25/audi_ws/src/install/autocar_msgs/lib/libautocar_msgs__rosidl_generator_c.so
[7.017s] -- Set runtime path of "/home/dliujm/um_files/rob_498_av/AutoVehicle25/audi_ws/src/install/autocar_msgs/lib/libautocar_msgs__rosidl_generator_c.so" to ""
[7.017s] -- Up-to-date: /home/dliujm/um_files/rob_498_av/AutoVehicle25/audi_ws/src/install/autocar_msgs/include/autocar_msgs/autocar_msgs
[7.017s] -- Up-to-date: /home/dliujm/um_files/rob_498_av/AutoVehicle25/audi_ws/src/install/autocar_msgs/include/autocar_msgs/autocar_msgs/msg
[7.017s] -- Up-to-date: /home/dliujm/um_files/rob_498_av/AutoVehicle25/audi_ws/src/install/autocar_msgs/include/autocar_msgs/autocar_msgs/msg/detail
[7.017s] -- Installing: /home/dliujm/um_files/rob_498_av/AutoVehicle25/audi_ws/src/install/autocar_msgs/include/autocar_msgs/autocar_msgs/msg/detail/vehicle_states__rosidl_typesupport_fastrtps_c.h
[7.017s] -- Installing: /home/dliujm/um_files/rob_498_av/AutoVehicle25/audi_ws/src/install/autocar_msgs/include/autocar_msgs/autocar_msgs/msg/detail/twist2_d__rosidl_typesupport_fastrtps_c.h
[7.017s] -- Installing: /home/dliujm/um_files/rob_498_av/AutoVehicle25/audi_ws/src/install/autocar_msgs/include/autocar_msgs/autocar_msgs/msg/detail/path2_d__rosidl_typesupport_fastrtps_c.h
[7.017s] -- Installing: /home/dliujm/um_files/rob_498_av/AutoVehicle25/audi_ws/src/install/autocar_msgs/include/autocar_msgs/autocar_msgs/msg/detail/state2_d__rosidl_typesupport_fastrtps_c.h
[7.018s] -- Up-to-date: /home/dliujm/um_files/rob_498_av/AutoVehicle25/audi_ws/src/install/autocar_msgs/include/autocar_msgs/autocar_msgs/msg/rosidl_typesupport_fastrtps_c__visibility_control.h
[7.018s] -- Installing: /home/dliujm/um_files/rob_498_av/AutoVehicle25/audi_ws/src/install/autocar_msgs/lib/libautocar_msgs__rosidl_typesupport_fastrtps_c.so
[7.019s] -- Set runtime path of "/home/dliujm/um_files/rob_498_av/AutoVehicle25/audi_ws/src/install/autocar_msgs/lib/libautocar_msgs__rosidl_typesupport_fastrtps_c.so" to ""
[7.019s] -- Up-to-date: /home/dliujm/um_files/rob_498_av/AutoVehicle25/audi_ws/src/install/autocar_msgs/include/autocar_msgs/autocar_msgs
[7.019s] -- Up-to-date: /home/dliujm/um_files/rob_498_av/AutoVehicle25/audi_ws/src/install/autocar_msgs/include/autocar_msgs/autocar_msgs/msg
[7.019s] -- Installing: /home/dliujm/um_files/rob_498_av/AutoVehicle25/audi_ws/src/install/autocar_msgs/include/autocar_msgs/autocar_msgs/msg/vehicle_states.hpp
[7.019s] -- Up-to-date: /home/dliujm/um_files/rob_498_av/AutoVehicle25/audi_ws/src/install/autocar_msgs/include/autocar_msgs/autocar_msgs/msg/detail
[7.019s] -- Installing: /home/dliujm/um_files/rob_498_av/AutoVehicle25/audi_ws/src/install/autocar_msgs/include/autocar_msgs/autocar_msgs/msg/detail/state2_d__builder.hpp
[7.019s] -- Installing: /home/dliujm/um_files/rob_498_av/AutoVehicle25/audi_ws/src/install/autocar_msgs/include/autocar_msgs/autocar_msgs/msg/detail/vehicle_states__struct.hpp
[7.019s] -- Installing: /home/dliujm/um_files/rob_498_av/AutoVehicle25/audi_ws/src/install/autocar_msgs/include/autocar_msgs/autocar_msgs/msg/detail/path2_d__struct.hpp
[7.020s] -- Installing: /home/dliujm/um_files/rob_498_av/AutoVehicle25/audi_ws/src/install/autocar_msgs/include/autocar_msgs/autocar_msgs/msg/detail/vehicle_states__type_support.hpp
[7.020s] -- Installing: /home/dliujm/um_files/rob_498_av/AutoVehicle25/audi_ws/src/install/autocar_msgs/include/autocar_msgs/autocar_msgs/msg/detail/twist2_d__type_support.hpp
[7.020s] -- Installing: /home/dliujm/um_files/rob_498_av/AutoVehicle25/audi_ws/src/install/autocar_msgs/include/autocar_msgs/autocar_msgs/msg/detail/state2_d__type_support.hpp
[7.020s] -- Installing: /home/dliujm/um_files/rob_498_av/AutoVehicle25/audi_ws/src/install/autocar_msgs/include/autocar_msgs/autocar_msgs/msg/detail/state2_d__traits.hpp
[7.020s] -- Installing: /home/dliujm/um_files/rob_498_av/AutoVehicle25/audi_ws/src/install/autocar_msgs/include/autocar_msgs/autocar_msgs/msg/detail/path2_d__builder.hpp
[7.020s] -- Installing: /home/dliujm/um_files/rob_498_av/AutoVehicle25/audi_ws/src/install/autocar_msgs/include/autocar_msgs/autocar_msgs/msg/detail/path2_d__traits.hpp
[7.021s] -- Installing: /home/dliujm/um_files/rob_498_av/AutoVehicle25/audi_ws/src/install/autocar_msgs/include/autocar_msgs/autocar_msgs/msg/detail/vehicle_states__traits.hpp
[7.021s] -- Installing: /home/dliujm/um_files/rob_498_av/AutoVehicle25/audi_ws/src/install/autocar_msgs/include/autocar_msgs/autocar_msgs/msg/detail/twist2_d__struct.hpp
[7.021s] -- Installing: /home/dliujm/um_files/rob_498_av/AutoVehicle25/audi_ws/src/install/autocar_msgs/include/autocar_msgs/autocar_msgs/msg/detail/state2_d__struct.hpp
[7.021s] -- Installing: /home/dliujm/um_files/rob_498_av/AutoVehicle25/audi_ws/src/install/autocar_msgs/include/autocar_msgs/autocar_msgs/msg/detail/vehicle_states__builder.hpp
[7.021s] -- Installing: /home/dliujm/um_files/rob_498_av/AutoVehicle25/audi_ws/src/install/autocar_msgs/include/autocar_msgs/autocar_msgs/msg/detail/twist2_d__traits.hpp
[7.022s] -- Installing: /home/dliujm/um_files/rob_498_av/AutoVehicle25/audi_ws/src/install/autocar_msgs/include/autocar_msgs/autocar_msgs/msg/detail/path2_d__type_support.hpp
[7.022s] -- Installing: /home/dliujm/um_files/rob_498_av/AutoVehicle25/audi_ws/src/install/autocar_msgs/include/autocar_msgs/autocar_msgs/msg/detail/twist2_d__builder.hpp
[7.022s] -- Up-to-date: /home/dliujm/um_files/rob_498_av/AutoVehicle25/audi_ws/src/install/autocar_msgs/include/autocar_msgs/autocar_msgs/msg/rosidl_generator_cpp__visibility_control.hpp
[7.022s] -- Installing: /home/dliujm/um_files/rob_498_av/AutoVehicle25/audi_ws/src/install/autocar_msgs/include/autocar_msgs/autocar_msgs/msg/path2_d.hpp
[7.022s] -- Installing: /home/dliujm/um_files/rob_498_av/AutoVehicle25/audi_ws/src/install/autocar_msgs/include/autocar_msgs/autocar_msgs/msg/state2_d.hpp
[7.022s] -- Installing: /home/dliujm/um_files/rob_498_av/AutoVehicle25/audi_ws/src/install/autocar_msgs/include/autocar_msgs/autocar_msgs/msg/twist2_d.hpp
[7.022s] -- Up-to-date: /home/dliujm/um_files/rob_498_av/AutoVehicle25/audi_ws/src/install/autocar_msgs/include/autocar_msgs/autocar_msgs
[7.023s] -- Up-to-date: /home/dliujm/um_files/rob_498_av/AutoVehicle25/audi_ws/src/install/autocar_msgs/include/autocar_msgs/autocar_msgs/msg
[7.023s] -- Up-to-date: /home/dliujm/um_files/rob_498_av/AutoVehicle25/audi_ws/src/install/autocar_msgs/include/autocar_msgs/autocar_msgs/msg/detail
[7.023s] -- Up-to-date: /home/dliujm/um_files/rob_498_av/AutoVehicle25/audi_ws/src/install/autocar_msgs/include/autocar_msgs/autocar_msgs/msg/detail/dds_fastrtps
[7.023s] -- Installing: /home/dliujm/um_files/rob_498_av/AutoVehicle25/audi_ws/src/install/autocar_msgs/include/autocar_msgs/autocar_msgs/msg/detail/path2_d__rosidl_typesupport_fastrtps_cpp.hpp
[7.023s] -- Installing: /home/dliujm/um_files/rob_498_av/AutoVehicle25/audi_ws/src/install/autocar_msgs/include/autocar_msgs/autocar_msgs/msg/detail/twist2_d__rosidl_typesupport_fastrtps_cpp.hpp
[7.023s] -- Installing: /home/dliujm/um_files/rob_498_av/AutoVehicle25/audi_ws/src/install/autocar_msgs/include/autocar_msgs/autocar_msgs/msg/detail/vehicle_states__rosidl_typesupport_fastrtps_cpp.hpp
[7.023s] -- Installing: /home/dliujm/um_files/rob_498_av/AutoVehicle25/audi_ws/src/install/autocar_msgs/include/autocar_msgs/autocar_msgs/msg/detail/state2_d__rosidl_typesupport_fastrtps_cpp.hpp
[7.024s] -- Up-to-date: /home/dliujm/um_files/rob_498_av/AutoVehicle25/audi_ws/src/install/autocar_msgs/include/autocar_msgs/autocar_msgs/msg/rosidl_typesupport_fastrtps_cpp__visibility_control.h
[7.024s] -- Installing: /home/dliujm/um_files/rob_498_av/AutoVehicle25/audi_ws/src/install/autocar_msgs/lib/libautocar_msgs__rosidl_typesupport_fastrtps_cpp.so
[7.025s] -- Set runtime path of "/home/dliujm/um_files/rob_498_av/AutoVehicle25/audi_ws/src/install/autocar_msgs/lib/libautocar_msgs__rosidl_typesupport_fastrtps_cpp.so" to ""
[7.025s] -- Up-to-date: /home/dliujm/um_files/rob_498_av/AutoVehicle25/audi_ws/src/install/autocar_msgs/include/autocar_msgs/autocar_msgs
[7.025s] -- Up-to-date: /home/dliujm/um_files/rob_498_av/AutoVehicle25/audi_ws/src/install/autocar_msgs/include/autocar_msgs/autocar_msgs/msg
[7.025s] -- Up-to-date: /home/dliujm/um_files/rob_498_av/AutoVehicle25/audi_ws/src/install/autocar_msgs/include/autocar_msgs/autocar_msgs/msg/detail
[7.025s] -- Installing: /home/dliujm/um_files/rob_498_av/AutoVehicle25/audi_ws/src/install/autocar_msgs/include/autocar_msgs/autocar_msgs/msg/detail/twist2_d__rosidl_typesupport_introspection_c.h
[7.025s] -- Installing: /home/dliujm/um_files/rob_498_av/AutoVehicle25/audi_ws/src/install/autocar_msgs/include/autocar_msgs/autocar_msgs/msg/detail/vehicle_states__type_support.c
[7.025s] -- Installing: /home/dliujm/um_files/rob_498_av/AutoVehicle25/audi_ws/src/install/autocar_msgs/include/autocar_msgs/autocar_msgs/msg/detail/path2_d__type_support.c
[7.026s] -- Installing: /home/dliujm/um_files/rob_498_av/AutoVehicle25/audi_ws/src/install/autocar_msgs/include/autocar_msgs/autocar_msgs/msg/detail/vehicle_states__rosidl_typesupport_introspection_c.h
[7.026s] -- Installing: /home/dliujm/um_files/rob_498_av/AutoVehicle25/audi_ws/src/install/autocar_msgs/include/autocar_msgs/autocar_msgs/msg/detail/state2_d__rosidl_typesupport_introspection_c.h
[7.026s] -- Installing: /home/dliujm/um_files/rob_498_av/AutoVehicle25/audi_ws/src/install/autocar_msgs/include/autocar_msgs/autocar_msgs/msg/detail/state2_d__type_support.c
[7.026s] -- Installing: /home/dliujm/um_files/rob_498_av/AutoVehicle25/audi_ws/src/install/autocar_msgs/include/autocar_msgs/autocar_msgs/msg/detail/path2_d__rosidl_typesupport_introspection_c.h
[7.026s] -- Installing: /home/dliujm/um_files/rob_498_av/AutoVehicle25/audi_ws/src/install/autocar_msgs/include/autocar_msgs/autocar_msgs/msg/detail/twist2_d__type_support.c
[7.027s] -- Up-to-date: /home/dliujm/um_files/rob_498_av/AutoVehicle25/audi_ws/src/install/autocar_msgs/include/autocar_msgs/autocar_msgs/msg/rosidl_typesupport_introspection_c__visibility_control.h
[7.027s] -- Installing: /home/dliujm/um_files/rob_498_av/AutoVehicle25/audi_ws/src/install/autocar_msgs/lib/libautocar_msgs__rosidl_typesupport_introspection_c.so
[7.027s] -- Set runtime path of "/home/dliujm/um_files/rob_498_av/AutoVehicle25/audi_ws/src/install/autocar_msgs/lib/libautocar_msgs__rosidl_typesupport_introspection_c.so" to ""
[7.028s] -- Installing: /home/dliujm/um_files/rob_498_av/AutoVehicle25/audi_ws/src/install/autocar_msgs/lib/libautocar_msgs__rosidl_typesupport_c.so
[7.028s] -- Set runtime path of "/home/dliujm/um_files/rob_498_av/AutoVehicle25/audi_ws/src/install/autocar_msgs/lib/libautocar_msgs__rosidl_typesupport_c.so" to ""
[7.028s] -- Up-to-date: /home/dliujm/um_files/rob_498_av/AutoVehicle25/audi_ws/src/install/autocar_msgs/include/autocar_msgs/autocar_msgs
[7.028s] -- Up-to-date: /home/dliujm/um_files/rob_498_av/AutoVehicle25/audi_ws/src/install/autocar_msgs/include/autocar_msgs/autocar_msgs/msg
[7.028s] -- Up-to-date: /home/dliujm/um_files/rob_498_av/AutoVehicle25/audi_ws/src/install/autocar_msgs/include/autocar_msgs/autocar_msgs/msg/detail
[7.029s] -- Installing: /home/dliujm/um_files/rob_498_av/AutoVehicle25/audi_ws/src/install/autocar_msgs/include/autocar_msgs/autocar_msgs/msg/detail/state2_d__type_support.cpp
[7.029s] -- Installing: /home/dliujm/um_files/rob_498_av/AutoVehicle25/audi_ws/src/install/autocar_msgs/include/autocar_msgs/autocar_msgs/msg/detail/state2_d__rosidl_typesupport_introspection_cpp.hpp
[7.029s] -- Installing: /home/dliujm/um_files/rob_498_av/AutoVehicle25/audi_ws/src/install/autocar_msgs/include/autocar_msgs/autocar_msgs/msg/detail/twist2_d__rosidl_typesupport_introspection_cpp.hpp
[7.029s] -- Installing: /home/dliujm/um_files/rob_498_av/AutoVehicle25/audi_ws/src/install/autocar_msgs/include/autocar_msgs/autocar_msgs/msg/detail/path2_d__type_support.cpp
[7.029s] -- Installing: /home/dliujm/um_files/rob_498_av/AutoVehicle25/audi_ws/src/install/autocar_msgs/include/autocar_msgs/autocar_msgs/msg/detail/vehicle_states__type_support.cpp
[7.029s] -- Installing: /home/dliujm/um_files/rob_498_av/AutoVehicle25/audi_ws/src/install/autocar_msgs/include/autocar_msgs/autocar_msgs/msg/detail/twist2_d__type_support.cpp
[7.030s] -- Installing: /home/dliujm/um_files/rob_498_av/AutoVehicle25/audi_ws/src/install/autocar_msgs/include/autocar_msgs/autocar_msgs/msg/detail/vehicle_states__rosidl_typesupport_introspection_cpp.hpp
[7.030s] -- Installing: /home/dliujm/um_files/rob_498_av/AutoVehicle25/audi_ws/src/install/autocar_msgs/include/autocar_msgs/autocar_msgs/msg/detail/path2_d__rosidl_typesupport_introspection_cpp.hpp
[7.030s] -- Installing: /home/dliujm/um_files/rob_498_av/AutoVehicle25/audi_ws/src/install/autocar_msgs/lib/libautocar_msgs__rosidl_typesupport_introspection_cpp.so
[7.031s] -- Set runtime path of "/home/dliujm/um_files/rob_498_av/AutoVehicle25/audi_ws/src/install/autocar_msgs/lib/libautocar_msgs__rosidl_typesupport_introspection_cpp.so" to ""
[7.031s] -- Installing: /home/dliujm/um_files/rob_498_av/AutoVehicle25/audi_ws/src/install/autocar_msgs/lib/libautocar_msgs__rosidl_typesupport_cpp.so
[7.032s] -- Set runtime path of "/home/dliujm/um_files/rob_498_av/AutoVehicle25/audi_ws/src/install/autocar_msgs/lib/libautocar_msgs__rosidl_typesupport_cpp.so" to ""
[7.032s] -- Up-to-date: /home/dliujm/um_files/rob_498_av/AutoVehicle25/audi_ws/src/install/autocar_msgs/share/autocar_msgs/environment/pythonpath.sh
[7.032s] -- Installing: /home/dliujm/um_files/rob_498_av/AutoVehicle25/audi_ws/src/install/autocar_msgs/share/autocar_msgs/environment/pythonpath.dsv
[7.032s] -- Up-to-date: /home/dliujm/um_files/rob_498_av/AutoVehicle25/audi_ws/src/install/autocar_msgs/local/lib/python3.10/dist-packages/autocar_msgs-0.0.0-py3.10.egg-info
[7.032s] -- Installing: /home/dliujm/um_files/rob_498_av/AutoVehicle25/audi_ws/src/install/autocar_msgs/local/lib/python3.10/dist-packages/autocar_msgs-0.0.0-py3.10.egg-info/top_level.txt
[7.032s] -- Installing: /home/dliujm/um_files/rob_498_av/AutoVehicle25/audi_ws/src/install/autocar_msgs/local/lib/python3.10/dist-packages/autocar_msgs-0.0.0-py3.10.egg-info/SOURCES.txt
[7.033s] -- Installing: /home/dliujm/um_files/rob_498_av/AutoVehicle25/audi_ws/src/install/autocar_msgs/local/lib/python3.10/dist-packages/autocar_msgs-0.0.0-py3.10.egg-info/dependency_links.txt
[7.033s] -- Installing: /home/dliujm/um_files/rob_498_av/AutoVehicle25/audi_ws/src/install/autocar_msgs/local/lib/python3.10/dist-packages/autocar_msgs-0.0.0-py3.10.egg-info/PKG-INFO
[7.033s] -- Up-to-date: /home/dliujm/um_files/rob_498_av/AutoVehicle25/audi_ws/src/install/autocar_msgs/local/lib/python3.10/dist-packages/autocar_msgs
[7.033s] -- Installing: /home/dliujm/um_files/rob_498_av/AutoVehicle25/audi_ws/src/install/autocar_msgs/local/lib/python3.10/dist-packages/autocar_msgs/autocar_msgs_s__rosidl_typesupport_introspection_c.cpython-310-x86_64-linux-gnu.so
[7.033s] -- Installing: /home/dliujm/um_files/rob_498_av/AutoVehicle25/audi_ws/src/install/autocar_msgs/local/lib/python3.10/dist-packages/autocar_msgs/autocar_msgs_s__rosidl_typesupport_fastrtps_c.cpython-310-x86_64-linux-gnu.so
[7.033s] -- Up-to-date: /home/dliujm/um_files/rob_498_av/AutoVehicle25/audi_ws/src/install/autocar_msgs/local/lib/python3.10/dist-packages/autocar_msgs/msg
[7.034s] -- Installing: /home/dliujm/um_files/rob_498_av/AutoVehicle25/audi_ws/src/install/autocar_msgs/local/lib/python3.10/dist-packages/autocar_msgs/msg/_vehicle_states_s.c
[7.034s] -- Installing: /home/dliujm/um_files/rob_498_av/AutoVehicle25/audi_ws/src/install/autocar_msgs/local/lib/python3.10/dist-packages/autocar_msgs/msg/_twist2_d.py
[7.034s] -- Installing: /home/dliujm/um_files/rob_498_av/AutoVehicle25/audi_ws/src/install/autocar_msgs/local/lib/python3.10/dist-packages/autocar_msgs/msg/_path2_d_s.c
[7.034s] -- Installing: /home/dliujm/um_files/rob_498_av/AutoVehicle25/audi_ws/src/install/autocar_msgs/local/lib/python3.10/dist-packages/autocar_msgs/msg/__init__.py
[7.034s] -- Installing: /home/dliujm/um_files/rob_498_av/AutoVehicle25/audi_ws/src/install/autocar_msgs/local/lib/python3.10/dist-packages/autocar_msgs/msg/_vehicle_states.py
[7.034s] -- Installing: /home/dliujm/um_files/rob_498_av/AutoVehicle25/audi_ws/src/install/autocar_msgs/local/lib/python3.10/dist-packages/autocar_msgs/msg/_state2_d.py
[7.035s] -- Installing: /home/dliujm/um_files/rob_498_av/AutoVehicle25/audi_ws/src/install/autocar_msgs/local/lib/python3.10/dist-packages/autocar_msgs/msg/_twist2_d_s.c
[7.035s] -- Installing: /home/dliujm/um_files/rob_498_av/AutoVehicle25/audi_ws/src/install/autocar_msgs/local/lib/python3.10/dist-packages/autocar_msgs/msg/_state2_d_s.c
[7.035s] -- Installing: /home/dliujm/um_files/rob_498_av/AutoVehicle25/audi_ws/src/install/autocar_msgs/local/lib/python3.10/dist-packages/autocar_msgs/msg/_path2_d.py
[7.035s] -- Installing: /home/dliujm/um_files/rob_498_av/AutoVehicle25/audi_ws/src/install/autocar_msgs/local/lib/python3.10/dist-packages/autocar_msgs/_autocar_msgs_s.ep.rosidl_typesupport_fastrtps_c.c
[7.035s] -- Installing: /home/dliujm/um_files/rob_498_av/AutoVehicle25/audi_ws/src/install/autocar_msgs/local/lib/python3.10/dist-packages/autocar_msgs/libautocar_msgs__rosidl_generator_py.so
[7.036s] -- Installing: /home/dliujm/um_files/rob_498_av/AutoVehicle25/audi_ws/src/install/autocar_msgs/local/lib/python3.10/dist-packages/autocar_msgs/_autocar_msgs_s.ep.rosidl_typesupport_c.c
[7.036s] -- Installing: /home/dliujm/um_files/rob_498_av/AutoVehicle25/audi_ws/src/install/autocar_msgs/local/lib/python3.10/dist-packages/autocar_msgs/autocar_msgs_s__rosidl_typesupport_c.cpython-310-x86_64-linux-gnu.so
[7.036s] -- Installing: /home/dliujm/um_files/rob_498_av/AutoVehicle25/audi_ws/src/install/autocar_msgs/local/lib/python3.10/dist-packages/autocar_msgs/_autocar_msgs_s.ep.rosidl_typesupport_introspection_c.c
[7.036s] -- Installing: /home/dliujm/um_files/rob_498_av/AutoVehicle25/audi_ws/src/install/autocar_msgs/local/lib/python3.10/dist-packages/autocar_msgs/__init__.py
[7.077s] Listing '/home/dliujm/um_files/rob_498_av/AutoVehicle25/audi_ws/src/install/autocar_msgs/local/lib/python3.10/dist-packages/autocar_msgs'...
[7.078s] Compiling '/home/dliujm/um_files/rob_498_av/AutoVehicle25/audi_ws/src/install/autocar_msgs/local/lib/python3.10/dist-packages/autocar_msgs/__init__.py'...
[7.078s] Listing '/home/dliujm/um_files/rob_498_av/AutoVehicle25/audi_ws/src/install/autocar_msgs/local/lib/python3.10/dist-packages/autocar_msgs/msg'...
[7.078s] Compiling '/home/dliujm/um_files/rob_498_av/AutoVehicle25/audi_ws/src/install/autocar_msgs/local/lib/python3.10/dist-packages/autocar_msgs/msg/__init__.py'...
[7.078s] Compiling '/home/dliujm/um_files/rob_498_av/AutoVehicle25/audi_ws/src/install/autocar_msgs/local/lib/python3.10/dist-packages/autocar_msgs/msg/_path2_d.py'...
[7.078s] Compiling '/home/dliujm/um_files/rob_498_av/AutoVehicle25/audi_ws/src/install/autocar_msgs/local/lib/python3.10/dist-packages/autocar_msgs/msg/_state2_d.py'...
[7.078s] Compiling '/home/dliujm/um_files/rob_498_av/AutoVehicle25/audi_ws/src/install/autocar_msgs/local/lib/python3.10/dist-packages/autocar_msgs/msg/_twist2_d.py'...
[7.078s] Compiling '/home/dliujm/um_files/rob_498_av/AutoVehicle25/audi_ws/src/install/autocar_msgs/local/lib/python3.10/dist-packages/autocar_msgs/msg/_vehicle_states.py'...
[7.083s] -- Installing: /home/dliujm/um_files/rob_498_av/AutoVehicle25/audi_ws/src/install/autocar_msgs/local/lib/python3.10/dist-packages/autocar_msgs/autocar_msgs_s__rosidl_typesupport_fastrtps_c.cpython-310-x86_64-linux-gnu.so
[7.083s] -- Set runtime path of "/home/dliujm/um_files/rob_498_av/AutoVehicle25/audi_ws/src/install/autocar_msgs/local/lib/python3.10/dist-packages/autocar_msgs/autocar_msgs_s__rosidl_typesupport_fastrtps_c.cpython-310-x86_64-linux-gnu.so" to ""
[7.083s] -- Installing: /home/dliujm/um_files/rob_498_av/AutoVehicle25/audi_ws/src/install/autocar_msgs/local/lib/python3.10/dist-packages/autocar_msgs/autocar_msgs_s__rosidl_typesupport_introspection_c.cpython-310-x86_64-linux-gnu.so
[7.084s] -- Set runtime path of "/home/dliujm/um_files/rob_498_av/AutoVehicle25/audi_ws/src/install/autocar_msgs/local/lib/python3.10/dist-packages/autocar_msgs/autocar_msgs_s__rosidl_typesupport_introspection_c.cpython-310-x86_64-linux-gnu.so" to ""
[7.084s] -- Installing: /home/dliujm/um_files/rob_498_av/AutoVehicle25/audi_ws/src/install/autocar_msgs/local/lib/python3.10/dist-packages/autocar_msgs/autocar_msgs_s__rosidl_typesupport_c.cpython-310-x86_64-linux-gnu.so
[7.084s] -- Set runtime path of "/home/dliujm/um_files/rob_498_av/AutoVehicle25/audi_ws/src/install/autocar_msgs/local/lib/python3.10/dist-packages/autocar_msgs/autocar_msgs_s__rosidl_typesupport_c.cpython-310-x86_64-linux-gnu.so" to ""
[7.085s] -- Installing: /home/dliujm/um_files/rob_498_av/AutoVehicle25/audi_ws/src/install/autocar_msgs/lib/libautocar_msgs__rosidl_generator_py.so
[7.085s] -- Set runtime path of "/home/dliujm/um_files/rob_498_av/AutoVehicle25/audi_ws/src/install/autocar_msgs/lib/libautocar_msgs__rosidl_generator_py.so" to ""
[7.086s] -- Up-to-date: /home/dliujm/um_files/rob_498_av/AutoVehicle25/audi_ws/src/install/autocar_msgs/share/autocar_msgs/msg/Path2D.idl
[7.086s] -- Up-to-date: /home/dliujm/um_files/rob_498_av/AutoVehicle25/audi_ws/src/install/autocar_msgs/share/autocar_msgs/msg/State2D.idl
[7.086s] -- Up-to-date: /home/dliujm/um_files/rob_498_av/AutoVehicle25/audi_ws/src/install/autocar_msgs/share/autocar_msgs/msg/Twist2D.idl
[7.086s] -- Installing: /home/dliujm/um_files/rob_498_av/AutoVehicle25/audi_ws/src/install/autocar_msgs/share/autocar_msgs/msg/VehicleStates.idl
[7.086s] -- Up-to-date: /home/dliujm/um_files/rob_498_av/AutoVehicle25/audi_ws/src/install/autocar_msgs/share/autocar_msgs/msg/Path2D.msg
[7.086s] -- Up-to-date: /home/dliujm/um_files/rob_498_av/AutoVehicle25/audi_ws/src/install/autocar_msgs/share/autocar_msgs/msg/State2D.msg
[7.086s] -- Up-to-date: /home/dliujm/um_files/rob_498_av/AutoVehicle25/audi_ws/src/install/autocar_msgs/share/autocar_msgs/msg/Twist2D.msg
[7.087s] -- Installing: /home/dliujm/um_files/rob_498_av/AutoVehicle25/audi_ws/src/install/autocar_msgs/share/autocar_msgs/msg/VehicleStates.msg
[7.087s] -- Up-to-date: /home/dliujm/um_files/rob_498_av/AutoVehicle25/audi_ws/src/install/autocar_msgs/share/ament_index/resource_index/package_run_dependencies/autocar_msgs
[7.087s] -- Up-to-date: /home/dliujm/um_files/rob_498_av/AutoVehicle25/audi_ws/src/install/autocar_msgs/share/ament_index/resource_index/parent_prefix_path/autocar_msgs
[7.087s] -- Up-to-date: /home/dliujm/um_files/rob_498_av/AutoVehicle25/audi_ws/src/install/autocar_msgs/share/autocar_msgs/environment/ament_prefix_path.sh
[7.087s] -- Installing: /home/dliujm/um_files/rob_498_av/AutoVehicle25/audi_ws/src/install/autocar_msgs/share/autocar_msgs/environment/ament_prefix_path.dsv
[7.088s] -- Up-to-date: /home/dliujm/um_files/rob_498_av/AutoVehicle25/audi_ws/src/install/autocar_msgs/share/autocar_msgs/environment/path.sh
[7.088s] -- Installing: /home/dliujm/um_files/rob_498_av/AutoVehicle25/audi_ws/src/install/autocar_msgs/share/autocar_msgs/environment/path.dsv
[7.088s] -- Up-to-date: /home/dliujm/um_files/rob_498_av/AutoVehicle25/audi_ws/src/install/autocar_msgs/share/autocar_msgs/local_setup.bash
[7.088s] -- Up-to-date: /home/dliujm/um_files/rob_498_av/AutoVehicle25/audi_ws/src/install/autocar_msgs/share/autocar_msgs/local_setup.sh
[7.088s] -- Up-to-date: /home/dliujm/um_files/rob_498_av/AutoVehicle25/audi_ws/src/install/autocar_msgs/share/autocar_msgs/local_setup.zsh
[7.088s] -- Installing: /home/dliujm/um_files/rob_498_av/AutoVehicle25/audi_ws/src/install/autocar_msgs/share/autocar_msgs/local_setup.dsv
[7.089s] -- Installing: /home/dliujm/um_files/rob_498_av/AutoVehicle25/audi_ws/src/install/autocar_msgs/share/autocar_msgs/package.dsv
[7.089s] -- Up-to-date: /home/dliujm/um_files/rob_498_av/AutoVehicle25/audi_ws/src/install/autocar_msgs/share/ament_index/resource_index/packages/autocar_msgs
[7.089s] -- Up-to-date: /home/dliujm/um_files/rob_498_av/AutoVehicle25/audi_ws/src/install/autocar_msgs/share/autocar_msgs/cmake/export_autocar_msgs__rosidl_generator_cExport.cmake
[7.089s] -- Up-to-date: /home/dliujm/um_files/rob_498_av/AutoVehicle25/audi_ws/src/install/autocar_msgs/share/autocar_msgs/cmake/export_autocar_msgs__rosidl_generator_cExport-noconfig.cmake
[7.090s] -- Up-to-date: /home/dliujm/um_files/rob_498_av/AutoVehicle25/audi_ws/src/install/autocar_msgs/share/autocar_msgs/cmake/export_autocar_msgs__rosidl_typesupport_fastrtps_cExport.cmake
[7.090s] -- Up-to-date: /home/dliujm/um_files/rob_498_av/AutoVehicle25/audi_ws/src/install/autocar_msgs/share/autocar_msgs/cmake/export_autocar_msgs__rosidl_typesupport_fastrtps_cExport-noconfig.cmake
[7.090s] -- Up-to-date: /home/dliujm/um_files/rob_498_av/AutoVehicle25/audi_ws/src/install/autocar_msgs/share/autocar_msgs/cmake/export_autocar_msgs__rosidl_generator_cppExport.cmake
[7.090s] -- Up-to-date: /home/dliujm/um_files/rob_498_av/AutoVehicle25/audi_ws/src/install/autocar_msgs/share/autocar_msgs/cmake/export_autocar_msgs__rosidl_typesupport_fastrtps_cppExport.cmake
[7.090s] -- Up-to-date: /home/dliujm/um_files/rob_498_av/AutoVehicle25/audi_ws/src/install/autocar_msgs/share/autocar_msgs/cmake/export_autocar_msgs__rosidl_typesupport_fastrtps_cppExport-noconfig.cmake
[7.090s] -- Up-to-date: /home/dliujm/um_files/rob_498_av/AutoVehicle25/audi_ws/src/install/autocar_msgs/share/autocar_msgs/cmake/autocar_msgs__rosidl_typesupport_introspection_cExport.cmake
[7.090s] -- Up-to-date: /home/dliujm/um_files/rob_498_av/AutoVehicle25/audi_ws/src/install/autocar_msgs/share/autocar_msgs/cmake/autocar_msgs__rosidl_typesupport_introspection_cExport-noconfig.cmake
[7.091s] -- Up-to-date: /home/dliujm/um_files/rob_498_av/AutoVehicle25/audi_ws/src/install/autocar_msgs/share/autocar_msgs/cmake/autocar_msgs__rosidl_typesupport_cExport.cmake
[7.091s] -- Up-to-date: /home/dliujm/um_files/rob_498_av/AutoVehicle25/audi_ws/src/install/autocar_msgs/share/autocar_msgs/cmake/autocar_msgs__rosidl_typesupport_cExport-noconfig.cmake
[7.091s] -- Up-to-date: /home/dliujm/um_files/rob_498_av/AutoVehicle25/audi_ws/src/install/autocar_msgs/share/autocar_msgs/cmake/autocar_msgs__rosidl_typesupport_introspection_cppExport.cmake
[7.091s] -- Up-to-date: /home/dliujm/um_files/rob_498_av/AutoVehicle25/audi_ws/src/install/autocar_msgs/share/autocar_msgs/cmake/autocar_msgs__rosidl_typesupport_introspection_cppExport-noconfig.cmake
[7.091s] -- Up-to-date: /home/dliujm/um_files/rob_498_av/AutoVehicle25/audi_ws/src/install/autocar_msgs/share/autocar_msgs/cmake/autocar_msgs__rosidl_typesupport_cppExport.cmake
[7.091s] -- Up-to-date: /home/dliujm/um_files/rob_498_av/AutoVehicle25/audi_ws/src/install/autocar_msgs/share/autocar_msgs/cmake/autocar_msgs__rosidl_typesupport_cppExport-noconfig.cmake
[7.091s] -- Up-to-date: /home/dliujm/um_files/rob_498_av/AutoVehicle25/audi_ws/src/install/autocar_msgs/share/autocar_msgs/cmake/export_autocar_msgs__rosidl_generator_pyExport.cmake
[7.092s] -- Up-to-date: /home/dliujm/um_files/rob_498_av/AutoVehicle25/audi_ws/src/install/autocar_msgs/share/autocar_msgs/cmake/export_autocar_msgs__rosidl_generator_pyExport-noconfig.cmake
[7.092s] -- Installing: /home/dliujm/um_files/rob_498_av/AutoVehicle25/audi_ws/src/install/autocar_msgs/share/autocar_msgs/cmake/rosidl_cmake-extras.cmake
[7.092s] -- Up-to-date: /home/dliujm/um_files/rob_498_av/AutoVehicle25/audi_ws/src/install/autocar_msgs/share/autocar_msgs/cmake/ament_cmake_export_dependencies-extras.cmake
[7.092s] -- Up-to-date: /home/dliujm/um_files/rob_498_av/AutoVehicle25/audi_ws/src/install/autocar_msgs/share/autocar_msgs/cmake/ament_cmake_export_include_directories-extras.cmake
[7.092s] -- Up-to-date: /home/dliujm/um_files/rob_498_av/AutoVehicle25/audi_ws/src/install/autocar_msgs/share/autocar_msgs/cmake/ament_cmake_export_libraries-extras.cmake
[7.092s] -- Up-to-date: /home/dliujm/um_files/rob_498_av/AutoVehicle25/audi_ws/src/install/autocar_msgs/share/autocar_msgs/cmake/ament_cmake_export_targets-extras.cmake
[7.092s] -- Up-to-date: /home/dliujm/um_files/rob_498_av/AutoVehicle25/audi_ws/src/install/autocar_msgs/share/autocar_msgs/cmake/rosidl_cmake_export_typesupport_targets-extras.cmake
[7.092s] -- Up-to-date: /home/dliujm/um_files/rob_498_av/AutoVehicle25/audi_ws/src/install/autocar_msgs/share/autocar_msgs/cmake/rosidl_cmake_export_typesupport_libraries-extras.cmake
[7.092s] -- Up-to-date: /home/dliujm/um_files/rob_498_av/AutoVehicle25/audi_ws/src/install/autocar_msgs/share/autocar_msgs/cmake/autocar_msgsConfig.cmake
[7.092s] -- Up-to-date: /home/dliujm/um_files/rob_498_av/AutoVehicle25/audi_ws/src/install/autocar_msgs/share/autocar_msgs/cmake/autocar_msgsConfig-version.cmake
[7.092s] -- Up-to-date: /home/dliujm/um_files/rob_498_av/AutoVehicle25/audi_ws/src/install/autocar_msgs/share/autocar_msgs/package.xml
[7.096s] Invoked command in '/home/dliujm/um_files/rob_498_av/AutoVehicle25/audi_ws/src/build/autocar_msgs' returned '0': CMAKE_PREFIX_PATH=${CMAKE_PREFIX_PATH}:/home/dliujm/ros2_ws/install/voice_command:/home/dliujm/ros2_ws/install/semantic_mapping:/home/dliujm/ros2_ws/install/semantic_labeling_demo:/home/dliujm/ros2_ws/install/racing_controller:/home/dliujm/ros2_ws/install/odom_tf_broadcaster_pkg:/home/dliujm/ros2_ws/install/lucy_hardware:/home/dliujm/ros2_ws/install/image_saver:/home/dliujm/ros2_ws/src/install/semantic_mapping:/home/dliujm/ros2_ws/src/install/semantic_labeling_demo:/home/dliujm/ros2_ws/src/install/odom_tf_broadcaster_pkg:/home/dliujm/ros2_ws/src/install/lucy_hardware:/home/dliujm/ros2_ws/src/install/image_saver:/opt/ros/humble /usr/bin/cmake --install /home/dliujm/um_files/rob_498_av/AutoVehicle25/audi_ws/src/build/autocar_msgs
