[0.030s] Invoking command in '/home/dliujm/um_files/rob_498_av/AutoVehicle25/audi_ws/build/robot_sim_bringup': CMAKE_PREFIX_PATH=${CMAKE_PREFIX_PATH}:/home/dliujm/um_files/rob_498_av/AutoVehicle25/audi_ws/install/vehicle_state_publisher:/home/dliujm/ros2_ws/install/voice_command:/home/dliujm/ros2_ws/install/semantic_mapping:/home/dliujm/ros2_ws/install/semantic_labeling_demo:/home/dliujm/ros2_ws/install/racing_controller:/home/dliujm/ros2_ws/install/odom_tf_broadcaster_pkg:/home/dliujm/ros2_ws/install/lucy_hardware:/home/dliujm/ros2_ws/install/image_saver:/home/dliujm/ros2_ws/src/install/semantic_mapping:/home/dliujm/ros2_ws/src/install/semantic_labeling_demo:/home/dliujm/ros2_ws/src/install/odom_tf_broadcaster_pkg:/home/dliujm/ros2_ws/src/install/lucy_hardware:/home/dliujm/ros2_ws/src/install/image_saver:/opt/ros/humble /usr/bin/cmake --build /home/dliujm/um_files/rob_498_av/AutoVehicle25/audi_ws/build/robot_sim_bringup -- -j12 -l12
[0.354s] Invoked command in '/home/dliujm/um_files/rob_498_av/AutoVehicle25/audi_ws/build/robot_sim_bringup' returned '0': CMAKE_PREFIX_PATH=${CMAKE_PREFIX_PATH}:/home/dliujm/um_files/rob_498_av/AutoVehicle25/audi_ws/install/vehicle_state_publisher:/home/dliujm/ros2_ws/install/voice_command:/home/dliujm/ros2_ws/install/semantic_mapping:/home/dliujm/ros2_ws/install/semantic_labeling_demo:/home/dliujm/ros2_ws/install/racing_controller:/home/dliujm/ros2_ws/install/odom_tf_broadcaster_pkg:/home/dliujm/ros2_ws/install/lucy_hardware:/home/dliujm/ros2_ws/install/image_saver:/home/dliujm/ros2_ws/src/install/semantic_mapping:/home/dliujm/ros2_ws/src/install/semantic_labeling_demo:/home/dliujm/ros2_ws/src/install/odom_tf_broadcaster_pkg:/home/dliujm/ros2_ws/src/install/lucy_hardware:/home/dliujm/ros2_ws/src/install/image_saver:/opt/ros/humble /usr/bin/cmake --build /home/dliujm/um_files/rob_498_av/AutoVehicle25/audi_ws/build/robot_sim_bringup -- -j12 -l12
[0.356s] Invoking command in '/home/dliujm/um_files/rob_498_av/AutoVehicle25/audi_ws/build/robot_sim_bringup': CMAKE_PREFIX_PATH=${CMAKE_PREFIX_PATH}:/home/dliujm/um_files/rob_498_av/AutoVehicle25/audi_ws/install/vehicle_state_publisher:/home/dliujm/ros2_ws/install/voice_command:/home/dliujm/ros2_ws/install/semantic_mapping:/home/dliujm/ros2_ws/install/semantic_labeling_demo:/home/dliujm/ros2_ws/install/racing_controller:/home/dliujm/ros2_ws/install/odom_tf_broadcaster_pkg:/home/dliujm/ros2_ws/install/lucy_hardware:/home/dliujm/ros2_ws/install/image_saver:/home/dliujm/ros2_ws/src/install/semantic_mapping:/home/dliujm/ros2_ws/src/install/semantic_labeling_demo:/home/dliujm/ros2_ws/src/install/odom_tf_broadcaster_pkg:/home/dliujm/ros2_ws/src/install/lucy_hardware:/home/dliujm/ros2_ws/src/install/image_saver:/opt/ros/humble /usr/bin/cmake --install /home/dliujm/um_files/rob_498_av/AutoVehicle25/audi_ws/build/robot_sim_bringup
[0.376s] -- Install configuration: ""
[0.376s] -- Up-to-date: /home/dliujm/um_files/rob_498_av/AutoVehicle25/audi_ws/install/robot_sim_bringup/share/robot_sim_bringup/worlds
[0.376s] -- Up-to-date: /home/dliujm/um_files/rob_498_av/AutoVehicle25/audi_ws/install/robot_sim_bringup/share/robot_sim_bringup/worlds/robotics_room.sdf
[0.376s] -- Up-to-date: /home/dliujm/um_files/rob_498_av/AutoVehicle25/audi_ws/install/robot_sim_bringup/share/robot_sim_bringup/worlds/track1_world.sdf
[0.376s] -- Up-to-date: /home/dliujm/um_files/rob_498_av/AutoVehicle25/audi_ws/install/robot_sim_bringup/share/robot_sim_bringup/worlds/vehicle_world.sdf
[0.376s] -- Up-to-date: /home/dliujm/um_files/rob_498_av/AutoVehicle25/audi_ws/install/robot_sim_bringup/share/robot_sim_bringup/worlds/block_room.sdf
[0.376s] -- Up-to-date: /home/dliujm/um_files/rob_498_av/AutoVehicle25/audi_ws/install/robot_sim_bringup/share/robot_sim_bringup/worlds/lucy_world.sdf
[0.376s] -- Up-to-date: /home/dliujm/um_files/rob_498_av/AutoVehicle25/audi_ws/install/robot_sim_bringup/share/robot_sim_bringup/worlds/line_world.sdf
[0.376s] -- Up-to-date: /home/dliujm/um_files/rob_498_av/AutoVehicle25/audi_ws/install/robot_sim_bringup/share/robot_sim_bringup//launch
[0.376s] -- Up-to-date: /home/dliujm/um_files/rob_498_av/AutoVehicle25/audi_ws/install/robot_sim_bringup/share/robot_sim_bringup//launch/__pycache__
[0.377s] -- Up-to-date: /home/dliujm/um_files/rob_498_av/AutoVehicle25/audi_ws/install/robot_sim_bringup/share/robot_sim_bringup//launch/__pycache__/bringup_lidar.launch.cpython-310.pyc
[0.377s] -- Up-to-date: /home/dliujm/um_files/rob_498_av/AutoVehicle25/audi_ws/install/robot_sim_bringup/share/robot_sim_bringup//launch/block_sim.launch.py
[0.377s] -- Up-to-date: /home/dliujm/um_files/rob_498_av/AutoVehicle25/audi_ws/install/robot_sim_bringup/share/robot_sim_bringup//launch/.vscode
[0.377s] -- Up-to-date: /home/dliujm/um_files/rob_498_av/AutoVehicle25/audi_ws/install/robot_sim_bringup/share/robot_sim_bringup//launch/.vscode/settings.json
[0.377s] -- Up-to-date: /home/dliujm/um_files/rob_498_av/AutoVehicle25/audi_ws/install/robot_sim_bringup/share/robot_sim_bringup//launch/.vscode/c_cpp_properties.json
[0.377s] -- Up-to-date: /home/dliujm/um_files/rob_498_av/AutoVehicle25/audi_ws/install/robot_sim_bringup/share/ament_index/resource_index/package_run_dependencies/robot_sim_bringup
[0.377s] -- Up-to-date: /home/dliujm/um_files/rob_498_av/AutoVehicle25/audi_ws/install/robot_sim_bringup/share/ament_index/resource_index/parent_prefix_path/robot_sim_bringup
[0.377s] -- Up-to-date: /home/dliujm/um_files/rob_498_av/AutoVehicle25/audi_ws/install/robot_sim_bringup/share/robot_sim_bringup/environment/ament_prefix_path.sh
[0.377s] -- Up-to-date: /home/dliujm/um_files/rob_498_av/AutoVehicle25/audi_ws/install/robot_sim_bringup/share/robot_sim_bringup/environment/ament_prefix_path.dsv
[0.377s] -- Up-to-date: /home/dliujm/um_files/rob_498_av/AutoVehicle25/audi_ws/install/robot_sim_bringup/share/robot_sim_bringup/environment/path.sh
[0.377s] -- Up-to-date: /home/dliujm/um_files/rob_498_av/AutoVehicle25/audi_ws/install/robot_sim_bringup/share/robot_sim_bringup/environment/path.dsv
[0.377s] -- Up-to-date: /home/dliujm/um_files/rob_498_av/AutoVehicle25/audi_ws/install/robot_sim_bringup/share/robot_sim_bringup/local_setup.bash
[0.377s] -- Up-to-date: /home/dliujm/um_files/rob_498_av/AutoVehicle25/audi_ws/install/robot_sim_bringup/share/robot_sim_bringup/local_setup.sh
[0.377s] -- Up-to-date: /home/dliujm/um_files/rob_498_av/AutoVehicle25/audi_ws/install/robot_sim_bringup/share/robot_sim_bringup/local_setup.zsh
[0.377s] -- Up-to-date: /home/dliujm/um_files/rob_498_av/AutoVehicle25/audi_ws/install/robot_sim_bringup/share/robot_sim_bringup/local_setup.dsv
[0.378s] -- Installing: /home/dliujm/um_files/rob_498_av/AutoVehicle25/audi_ws/install/robot_sim_bringup/share/robot_sim_bringup/package.dsv
[0.378s] -- Up-to-date: /home/dliujm/um_files/rob_498_av/AutoVehicle25/audi_ws/install/robot_sim_bringup/share/ament_index/resource_index/packages/robot_sim_bringup
[0.378s] -- Up-to-date: /home/dliujm/um_files/rob_498_av/AutoVehicle25/audi_ws/install/robot_sim_bringup/share/robot_sim_bringup/cmake/robot_sim_bringupConfig.cmake
[0.378s] -- Up-to-date: /home/dliujm/um_files/rob_498_av/AutoVehicle25/audi_ws/install/robot_sim_bringup/share/robot_sim_bringup/cmake/robot_sim_bringupConfig-version.cmake
[0.378s] -- Up-to-date: /home/dliujm/um_files/rob_498_av/AutoVehicle25/audi_ws/install/robot_sim_bringup/share/robot_sim_bringup/package.xml
[0.423s] Invoked command in '/home/dliujm/um_files/rob_498_av/AutoVehicle25/audi_ws/build/robot_sim_bringup' returned '0': CMAKE_PREFIX_PATH=${CMAKE_PREFIX_PATH}:/home/dliujm/um_files/rob_498_av/AutoVehicle25/audi_ws/install/vehicle_state_publisher:/home/dliujm/ros2_ws/install/voice_command:/home/dliujm/ros2_ws/install/semantic_mapping:/home/dliujm/ros2_ws/install/semantic_labeling_demo:/home/dliujm/ros2_ws/install/racing_controller:/home/dliujm/ros2_ws/install/odom_tf_broadcaster_pkg:/home/dliujm/ros2_ws/install/lucy_hardware:/home/dliujm/ros2_ws/install/image_saver:/home/dliujm/ros2_ws/src/install/semantic_mapping:/home/dliujm/ros2_ws/src/install/semantic_labeling_demo:/home/dliujm/ros2_ws/src/install/odom_tf_broadcaster_pkg:/home/dliujm/ros2_ws/src/install/lucy_hardware:/home/dliujm/ros2_ws/src/install/image_saver:/opt/ros/humble /usr/bin/cmake --install /home/dliujm/um_files/rob_498_av/AutoVehicle25/audi_ws/build/robot_sim_bringup
