-- Install configuration: ""
-- Up-to-date: /home/dliujm/um_files/rob_498_av/AutoVehicle25/audi_ws/install/robot_sim_bringup/share/robot_sim_bringup/worlds
-- Up-to-date: /home/dliujm/um_files/rob_498_av/AutoVehicle25/audi_ws/install/robot_sim_bringup/share/robot_sim_bringup/worlds/robotics_room.sdf
-- Up-to-date: /home/dliujm/um_files/rob_498_av/AutoVehicle25/audi_ws/install/robot_sim_bringup/share/robot_sim_bringup/worlds/track1_world.sdf
-- Up-to-date: /home/dliujm/um_files/rob_498_av/AutoVehicle25/audi_ws/install/robot_sim_bringup/share/robot_sim_bringup/worlds/vehicle_world.sdf
-- Up-to-date: /home/dliujm/um_files/rob_498_av/AutoVehicle25/audi_ws/install/robot_sim_bringup/share/robot_sim_bringup/worlds/block_room.sdf
-- Up-to-date: /home/dliujm/um_files/rob_498_av/AutoVehicle25/audi_ws/install/robot_sim_bringup/share/robot_sim_bringup/worlds/lucy_world.sdf
-- Up-to-date: /home/dliujm/um_files/rob_498_av/AutoVehicle25/audi_ws/install/robot_sim_bringup/share/robot_sim_bringup/worlds/line_world.sdf
-- Up-to-date: /home/dliujm/um_files/rob_498_av/AutoVehicle25/audi_ws/install/robot_sim_bringup/share/robot_sim_bringup//launch
-- Up-to-date: /home/dliujm/um_files/rob_498_av/AutoVehicle25/audi_ws/install/robot_sim_bringup/share/robot_sim_bringup//launch/__pycache__
-- Up-to-date: /home/dliujm/um_files/rob_498_av/AutoVehicle25/audi_ws/install/robot_sim_bringup/share/robot_sim_bringup//launch/__pycache__/bringup_lidar.launch.cpython-310.pyc
-- Installing: /home/dliujm/um_files/rob_498_av/AutoVehicle25/audi_ws/install/robot_sim_bringup/share/robot_sim_bringup//launch/block_sim.launch.py
-- Up-to-date: /home/dliujm/um_files/rob_498_av/AutoVehicle25/audi_ws/install/robot_sim_bringup/share/robot_sim_bringup//launch/.vscode
-- Up-to-date: /home/dliujm/um_files/rob_498_av/AutoVehicle25/audi_ws/install/robot_sim_bringup/share/robot_sim_bringup//launch/.vscode/settings.json
-- Up-to-date: /home/dliujm/um_files/rob_498_av/AutoVehicle25/audi_ws/install/robot_sim_bringup/share/robot_sim_bringup//launch/.vscode/c_cpp_properties.json
-- Up-to-date: /home/dliujm/um_files/rob_498_av/AutoVehicle25/audi_ws/install/robot_sim_bringup/share/ament_index/resource_index/package_run_dependencies/robot_sim_bringup
-- Up-to-date: /home/dliujm/um_files/rob_498_av/AutoVehicle25/audi_ws/install/robot_sim_bringup/share/ament_index/resource_index/parent_prefix_path/robot_sim_bringup
-- Up-to-date: /home/dliujm/um_files/rob_498_av/AutoVehicle25/audi_ws/install/robot_sim_bringup/share/robot_sim_bringup/environment/ament_prefix_path.sh
-- Up-to-date: /home/dliujm/um_files/rob_498_av/AutoVehicle25/audi_ws/install/robot_sim_bringup/share/robot_sim_bringup/environment/ament_prefix_path.dsv
-- Up-to-date: /home/dliujm/um_files/rob_498_av/AutoVehicle25/audi_ws/install/robot_sim_bringup/share/robot_sim_bringup/environment/path.sh
-- Up-to-date: /home/dliujm/um_files/rob_498_av/AutoVehicle25/audi_ws/install/robot_sim_bringup/share/robot_sim_bringup/environment/path.dsv
-- Up-to-date: /home/dliujm/um_files/rob_498_av/AutoVehicle25/audi_ws/install/robot_sim_bringup/share/robot_sim_bringup/local_setup.bash
-- Up-to-date: /home/dliujm/um_files/rob_498_av/AutoVehicle25/audi_ws/install/robot_sim_bringup/share/robot_sim_bringup/local_setup.sh
-- Up-to-date: /home/dliujm/um_files/rob_498_av/AutoVehicle25/audi_ws/install/robot_sim_bringup/share/robot_sim_bringup/local_setup.zsh
-- Up-to-date: /home/dliujm/um_files/rob_498_av/AutoVehicle25/audi_ws/install/robot_sim_bringup/share/robot_sim_bringup/local_setup.dsv
-- Installing: /home/dliujm/um_files/rob_498_av/AutoVehicle25/audi_ws/install/robot_sim_bringup/share/robot_sim_bringup/package.dsv
-- Up-to-date: /home/dliujm/um_files/rob_498_av/AutoVehicle25/audi_ws/install/robot_sim_bringup/share/ament_index/resource_index/packages/robot_sim_bringup
-- Up-to-date: /home/dliujm/um_files/rob_498_av/AutoVehicle25/audi_ws/install/robot_sim_bringup/share/robot_sim_bringup/cmake/robot_sim_bringupConfig.cmake
-- Up-to-date: /home/dliujm/um_files/rob_498_av/AutoVehicle25/audi_ws/install/robot_sim_bringup/share/robot_sim_bringup/cmake/robot_sim_bringupConfig-version.cmake
-- Up-to-date: /home/dliujm/um_files/rob_498_av/AutoVehicle25/audi_ws/install/robot_sim_bringup/share/robot_sim_bringup/package.xml
