[0.012s] Invoking command in '/home/dliujm/um_files/rob_498_av/AutoVehicle25/audi_ws/src/build/autocar_nav': AMENT_PREFIX_PATH=/home/dliujm/um_files/rob_498_av/AutoVehicle25/audi_ws/src/install/autocar_msgs:${AMENT_PREFIX_PATH} CMAKE_PREFIX_PATH=/home/dliujm/um_files/rob_498_av/AutoVehicle25/audi_ws/src/install/autocar_msgs:/home/dliujm/ros2_ws/install/sim_test:/home/dliujm/ros2_ws/install/robot_sim_bringup:/home/dliujm/ros2_ws/install/robot_desc:/home/dliujm/ros2_ws/install/pointcloud_to_laserscan:/home/dliujm/ros2_ws/install/custom_msg:/home/dliujm/ros2_ws/src/install/sim_test:/home/dliujm/ros2_ws/src/install/robot_sim_bringup:/home/dliujm/ros2_ws/src/install/robot_desc:/home/dliujm/ros2_ws/install/voice_command:/home/dliujm/ros2_ws/install/semantic_mapping:/home/dliujm/ros2_ws/install/semantic_labeling_demo:/home/dliujm/ros2_ws/install/racing_controller:/home/dliujm/ros2_ws/install/odom_tf_broadcaster_pkg:/home/dliujm/ros2_ws/install/lucy_hardware:/home/dliujm/ros2_ws/install/image_saver:/home/dliujm/ros2_ws/src/install/semantic_mapping:/home/dliujm/ros2_ws/src/install/semantic_labeling_demo:/home/dliujm/ros2_ws/src/install/odom_tf_broadcaster_pkg:/home/dliujm/ros2_ws/src/install/lucy_hardware:/home/dliujm/ros2_ws/src/install/image_saver:/opt/ros/humble LD_LIBRARY_PATH=/home/dliujm/um_files/rob_498_av/AutoVehicle25/audi_ws/src/install/autocar_msgs/lib:${LD_LIBRARY_PATH} PYTHONPATH=/home/dliujm/um_files/rob_498_av/AutoVehicle25/audi_ws/src/install/autocar_msgs/local/lib/python3.10/dist-packages:${PYTHONPATH} /usr/bin/cmake /home/dliujm/um_files/rob_498_av/AutoVehicle25/audi_ws/src/AutoCarROS2/autocar_nav -DCMAKE_INSTALL_PREFIX=/home/dliujm/um_files/rob_498_av/AutoVehicle25/audi_ws/src/install/autocar_nav
[0.064s] -- The C compiler identification is GNU 10.5.0
[0.121s] -- The CXX compiler identification is GNU 10.5.0
[0.128s] -- Detecting C compiler ABI info
[0.196s] -- Detecting C compiler ABI info - done
[0.202s] -- Check for working C compiler: /usr/bin/cc - skipped
[0.202s] -- Detecting C compile features
[0.202s] -- Detecting C compile features - done
[0.204s] -- Detecting CXX compiler ABI info
[0.287s] -- Detecting CXX compiler ABI info - done
[0.293s] -- Check for working CXX compiler: /usr/bin/c++ - skipped
[0.293s] -- Detecting CXX compile features
[0.293s] -- Detecting CXX compile features - done
[0.298s] -- Found ament_cmake: 1.3.11 (/opt/ros/humble/share/ament_cmake/cmake)
[0.462s] -- Found Python3: /usr/bin/python3 (found version "3.10.12") found components: Interpreter 
[0.590s] -- Found rclpy: 3.3.15 (/opt/ros/humble/share/rclpy/cmake)
[0.595s] -- Found geometry_msgs: 4.2.4 (/opt/ros/humble/share/geometry_msgs/cmake)
[0.650s] -- Found rosidl_generator_c: 3.1.6 (/opt/ros/humble/share/rosidl_generator_c/cmake)
[0.659s] -- Found rosidl_adapter: 3.1.6 (/opt/ros/humble/share/rosidl_adapter/cmake)
[0.671s] -- Found rosidl_generator_cpp: 3.1.6 (/opt/ros/humble/share/rosidl_generator_cpp/cmake)
[0.686s] -- Using all available rosidl_typesupport_c: rosidl_typesupport_fastrtps_c;rosidl_typesupport_introspection_c
[0.705s] -- Using all available rosidl_typesupport_cpp: rosidl_typesupport_fastrtps_cpp;rosidl_typesupport_introspection_cpp
[0.745s] -- Found nav_msgs: 4.2.4 (/opt/ros/humble/share/nav_msgs/cmake)
[0.762s] -- Found tf2: 0.25.12 (/opt/ros/humble/share/tf2/cmake)
[0.784s] -- Found tf2_ros: 0.25.12 (/opt/ros/humble/share/tf2_ros/cmake)
[0.867s] -- Found rmw_implementation_cmake: 6.1.2 (/opt/ros/humble/share/rmw_implementation_cmake/cmake)
[0.872s] -- Found rmw_fastrtps_cpp: 6.2.7 (/opt/ros/humble/share/rmw_fastrtps_cpp/cmake)
[0.975s] -- Found OpenSSL: /usr/lib/x86_64-linux-gnu/libcrypto.so (found version "3.0.2")  
[1.008s] -- Found FastRTPS: /opt/ros/humble/include  
[1.057s] -- Using RMW implementation 'rmw_fastrtps_cpp' as default
[1.073s] -- Looking for pthread.h
[1.147s] -- Looking for pthread.h - found
[1.147s] -- Performing Test CMAKE_HAVE_LIBC_PTHREAD
[1.221s] -- Performing Test CMAKE_HAVE_LIBC_PTHREAD - Success
[1.221s] -- Found Threads: TRUE  
[1.430s] -- Found ament_lint_auto: 0.12.11 (/opt/ros/humble/share/ament_lint_auto/cmake)
[1.531s] -- Added test 'copyright' to check source files copyright and LICENSE
[1.533s] -- Added test 'flake8' to check Python code syntax and style conventions
[1.534s] -- Added test 'lint_cmake' to check CMake code style
[1.535s] -- Added test 'pep257' to check Python code against some of the docstring style conventions in PEP 257
[1.537s] -- Added test 'xmllint' to check XML markup files
[1.538s] -- Configuring done
[1.545s] -- Generating done
[1.547s] -- Build files have been written to: /home/dliujm/um_files/rob_498_av/AutoVehicle25/audi_ws/src/build/autocar_nav
[1.563s] Invoked command in '/home/dliujm/um_files/rob_498_av/AutoVehicle25/audi_ws/src/build/autocar_nav' returned '0': AMENT_PREFIX_PATH=/home/dliujm/um_files/rob_498_av/AutoVehicle25/audi_ws/src/install/autocar_msgs:${AMENT_PREFIX_PATH} CMAKE_PREFIX_PATH=/home/dliujm/um_files/rob_498_av/AutoVehicle25/audi_ws/src/install/autocar_msgs:/home/dliujm/ros2_ws/install/sim_test:/home/dliujm/ros2_ws/install/robot_sim_bringup:/home/dliujm/ros2_ws/install/robot_desc:/home/dliujm/ros2_ws/install/pointcloud_to_laserscan:/home/dliujm/ros2_ws/install/custom_msg:/home/dliujm/ros2_ws/src/install/sim_test:/home/dliujm/ros2_ws/src/install/robot_sim_bringup:/home/dliujm/ros2_ws/src/install/robot_desc:/home/dliujm/ros2_ws/install/voice_command:/home/dliujm/ros2_ws/install/semantic_mapping:/home/dliujm/ros2_ws/install/semantic_labeling_demo:/home/dliujm/ros2_ws/install/racing_controller:/home/dliujm/ros2_ws/install/odom_tf_broadcaster_pkg:/home/dliujm/ros2_ws/install/lucy_hardware:/home/dliujm/ros2_ws/install/image_saver:/home/dliujm/ros2_ws/src/install/semantic_mapping:/home/dliujm/ros2_ws/src/install/semantic_labeling_demo:/home/dliujm/ros2_ws/src/install/odom_tf_broadcaster_pkg:/home/dliujm/ros2_ws/src/install/lucy_hardware:/home/dliujm/ros2_ws/src/install/image_saver:/opt/ros/humble LD_LIBRARY_PATH=/home/dliujm/um_files/rob_498_av/AutoVehicle25/audi_ws/src/install/autocar_msgs/lib:${LD_LIBRARY_PATH} PYTHONPATH=/home/dliujm/um_files/rob_498_av/AutoVehicle25/audi_ws/src/install/autocar_msgs/local/lib/python3.10/dist-packages:${PYTHONPATH} /usr/bin/cmake /home/dliujm/um_files/rob_498_av/AutoVehicle25/audi_ws/src/AutoCarROS2/autocar_nav -DCMAKE_INSTALL_PREFIX=/home/dliujm/um_files/rob_498_av/AutoVehicle25/audi_ws/src/install/autocar_nav
[1.565s] Invoking command in '/home/dliujm/um_files/rob_498_av/AutoVehicle25/audi_ws/src/build/autocar_nav': AMENT_PREFIX_PATH=/home/dliujm/um_files/rob_498_av/AutoVehicle25/audi_ws/src/install/autocar_msgs:${AMENT_PREFIX_PATH} CMAKE_PREFIX_PATH=/home/dliujm/um_files/rob_498_av/AutoVehicle25/audi_ws/src/install/autocar_msgs:/home/dliujm/ros2_ws/install/sim_test:/home/dliujm/ros2_ws/install/robot_sim_bringup:/home/dliujm/ros2_ws/install/robot_desc:/home/dliujm/ros2_ws/install/pointcloud_to_laserscan:/home/dliujm/ros2_ws/install/custom_msg:/home/dliujm/ros2_ws/src/install/sim_test:/home/dliujm/ros2_ws/src/install/robot_sim_bringup:/home/dliujm/ros2_ws/src/install/robot_desc:/home/dliujm/ros2_ws/install/voice_command:/home/dliujm/ros2_ws/install/semantic_mapping:/home/dliujm/ros2_ws/install/semantic_labeling_demo:/home/dliujm/ros2_ws/install/racing_controller:/home/dliujm/ros2_ws/install/odom_tf_broadcaster_pkg:/home/dliujm/ros2_ws/install/lucy_hardware:/home/dliujm/ros2_ws/install/image_saver:/home/dliujm/ros2_ws/src/install/semantic_mapping:/home/dliujm/ros2_ws/src/install/semantic_labeling_demo:/home/dliujm/ros2_ws/src/install/odom_tf_broadcaster_pkg:/home/dliujm/ros2_ws/src/install/lucy_hardware:/home/dliujm/ros2_ws/src/install/image_saver:/opt/ros/humble LD_LIBRARY_PATH=/home/dliujm/um_files/rob_498_av/AutoVehicle25/audi_ws/src/install/autocar_msgs/lib:${LD_LIBRARY_PATH} PYTHONPATH=/home/dliujm/um_files/rob_498_av/AutoVehicle25/audi_ws/src/install/autocar_msgs/local/lib/python3.10/dist-packages:${PYTHONPATH} /usr/bin/cmake --build /home/dliujm/um_files/rob_498_av/AutoVehicle25/audi_ws/src/build/autocar_nav -- -j12 -l12
[1.633s] Built target ament_cmake_python_copy_autocar_nav
[1.882s] running egg_info
[1.883s] creating autocar_nav.egg-info
[1.883s] writing autocar_nav.egg-info/PKG-INFO
[1.883s] writing dependency_links to autocar_nav.egg-info/dependency_links.txt
[1.883s] writing top-level names to autocar_nav.egg-info/top_level.txt
[1.883s] writing manifest file 'autocar_nav.egg-info/SOURCES.txt'
[1.885s] reading manifest file 'autocar_nav.egg-info/SOURCES.txt'
[1.886s] writing manifest file 'autocar_nav.egg-info/SOURCES.txt'
[1.921s] Built target ament_cmake_python_build_autocar_nav_egg
[1.933s] Invoked command in '/home/dliujm/um_files/rob_498_av/AutoVehicle25/audi_ws/src/build/autocar_nav' returned '0': AMENT_PREFIX_PATH=/home/dliujm/um_files/rob_498_av/AutoVehicle25/audi_ws/src/install/autocar_msgs:${AMENT_PREFIX_PATH} CMAKE_PREFIX_PATH=/home/dliujm/um_files/rob_498_av/AutoVehicle25/audi_ws/src/install/autocar_msgs:/home/dliujm/ros2_ws/install/sim_test:/home/dliujm/ros2_ws/install/robot_sim_bringup:/home/dliujm/ros2_ws/install/robot_desc:/home/dliujm/ros2_ws/install/pointcloud_to_laserscan:/home/dliujm/ros2_ws/install/custom_msg:/home/dliujm/ros2_ws/src/install/sim_test:/home/dliujm/ros2_ws/src/install/robot_sim_bringup:/home/dliujm/ros2_ws/src/install/robot_desc:/home/dliujm/ros2_ws/install/voice_command:/home/dliujm/ros2_ws/install/semantic_mapping:/home/dliujm/ros2_ws/install/semantic_labeling_demo:/home/dliujm/ros2_ws/install/racing_controller:/home/dliujm/ros2_ws/install/odom_tf_broadcaster_pkg:/home/dliujm/ros2_ws/install/lucy_hardware:/home/dliujm/ros2_ws/install/image_saver:/home/dliujm/ros2_ws/src/install/semantic_mapping:/home/dliujm/ros2_ws/src/install/semantic_labeling_demo:/home/dliujm/ros2_ws/src/install/odom_tf_broadcaster_pkg:/home/dliujm/ros2_ws/src/install/lucy_hardware:/home/dliujm/ros2_ws/src/install/image_saver:/opt/ros/humble LD_LIBRARY_PATH=/home/dliujm/um_files/rob_498_av/AutoVehicle25/audi_ws/src/install/autocar_msgs/lib:${LD_LIBRARY_PATH} PYTHONPATH=/home/dliujm/um_files/rob_498_av/AutoVehicle25/audi_ws/src/install/autocar_msgs/local/lib/python3.10/dist-packages:${PYTHONPATH} /usr/bin/cmake --build /home/dliujm/um_files/rob_498_av/AutoVehicle25/audi_ws/src/build/autocar_nav -- -j12 -l12
[1.935s] Invoking command in '/home/dliujm/um_files/rob_498_av/AutoVehicle25/audi_ws/src/build/autocar_nav': AMENT_PREFIX_PATH=/home/dliujm/um_files/rob_498_av/AutoVehicle25/audi_ws/src/install/autocar_msgs:${AMENT_PREFIX_PATH} CMAKE_PREFIX_PATH=/home/dliujm/um_files/rob_498_av/AutoVehicle25/audi_ws/src/install/autocar_msgs:/home/dliujm/ros2_ws/install/sim_test:/home/dliujm/ros2_ws/install/robot_sim_bringup:/home/dliujm/ros2_ws/install/robot_desc:/home/dliujm/ros2_ws/install/pointcloud_to_laserscan:/home/dliujm/ros2_ws/install/custom_msg:/home/dliujm/ros2_ws/src/install/sim_test:/home/dliujm/ros2_ws/src/install/robot_sim_bringup:/home/dliujm/ros2_ws/src/install/robot_desc:/home/dliujm/ros2_ws/install/voice_command:/home/dliujm/ros2_ws/install/semantic_mapping:/home/dliujm/ros2_ws/install/semantic_labeling_demo:/home/dliujm/ros2_ws/install/racing_controller:/home/dliujm/ros2_ws/install/odom_tf_broadcaster_pkg:/home/dliujm/ros2_ws/install/lucy_hardware:/home/dliujm/ros2_ws/install/image_saver:/home/dliujm/ros2_ws/src/install/semantic_mapping:/home/dliujm/ros2_ws/src/install/semantic_labeling_demo:/home/dliujm/ros2_ws/src/install/odom_tf_broadcaster_pkg:/home/dliujm/ros2_ws/src/install/lucy_hardware:/home/dliujm/ros2_ws/src/install/image_saver:/opt/ros/humble LD_LIBRARY_PATH=/home/dliujm/um_files/rob_498_av/AutoVehicle25/audi_ws/src/install/autocar_msgs/lib:${LD_LIBRARY_PATH} PYTHONPATH=/home/dliujm/um_files/rob_498_av/AutoVehicle25/audi_ws/src/install/autocar_msgs/local/lib/python3.10/dist-packages:${PYTHONPATH} /usr/bin/cmake --install /home/dliujm/um_files/rob_498_av/AutoVehicle25/audi_ws/src/build/autocar_nav
[1.943s] -- Install configuration: ""
[1.943s] -- Installing: /home/dliujm/um_files/rob_498_av/AutoVehicle25/audi_ws/src/install/autocar_nav/share/autocar_nav/environment/pythonpath.sh
[1.943s] -- Installing: /home/dliujm/um_files/rob_498_av/AutoVehicle25/audi_ws/src/install/autocar_nav/share/autocar_nav/environment/pythonpath.dsv
[1.944s] -- Installing: /home/dliujm/um_files/rob_498_av/AutoVehicle25/audi_ws/src/install/autocar_nav/local/lib/python3.10/dist-packages/autocar_nav-0.0.0-py3.10.egg-info
[1.944s] -- Installing: /home/dliujm/um_files/rob_498_av/AutoVehicle25/audi_ws/src/install/autocar_nav/local/lib/python3.10/dist-packages/autocar_nav-0.0.0-py3.10.egg-info/top_level.txt
[1.944s] -- Installing: /home/dliujm/um_files/rob_498_av/AutoVehicle25/audi_ws/src/install/autocar_nav/local/lib/python3.10/dist-packages/autocar_nav-0.0.0-py3.10.egg-info/SOURCES.txt
[1.944s] -- Installing: /home/dliujm/um_files/rob_498_av/AutoVehicle25/audi_ws/src/install/autocar_nav/local/lib/python3.10/dist-packages/autocar_nav-0.0.0-py3.10.egg-info/dependency_links.txt
[1.944s] -- Installing: /home/dliujm/um_files/rob_498_av/AutoVehicle25/audi_ws/src/install/autocar_nav/local/lib/python3.10/dist-packages/autocar_nav-0.0.0-py3.10.egg-info/PKG-INFO
[1.944s] -- Installing: /home/dliujm/um_files/rob_498_av/AutoVehicle25/audi_ws/src/install/autocar_nav/local/lib/python3.10/dist-packages/autocar_nav
[1.944s] -- Installing: /home/dliujm/um_files/rob_498_av/AutoVehicle25/audi_ws/src/install/autocar_nav/local/lib/python3.10/dist-packages/autocar_nav/yaw_to_quaternion.py
[1.944s] -- Installing: /home/dliujm/um_files/rob_498_av/AutoVehicle25/audi_ws/src/install/autocar_nav/local/lib/python3.10/dist-packages/autocar_nav/normalise_angle.py
[1.945s] -- Installing: /home/dliujm/um_files/rob_498_av/AutoVehicle25/audi_ws/src/install/autocar_nav/local/lib/python3.10/dist-packages/autocar_nav/__init__.py
[1.945s] -- Installing: /home/dliujm/um_files/rob_498_av/AutoVehicle25/audi_ws/src/install/autocar_nav/local/lib/python3.10/dist-packages/autocar_nav/cubic_spline_interpolator.py
[1.979s] Listing '/home/dliujm/um_files/rob_498_av/AutoVehicle25/audi_ws/src/install/autocar_nav/local/lib/python3.10/dist-packages/autocar_nav'...
[1.979s] Compiling '/home/dliujm/um_files/rob_498_av/AutoVehicle25/audi_ws/src/install/autocar_nav/local/lib/python3.10/dist-packages/autocar_nav/__init__.py'...
[1.979s] Compiling '/home/dliujm/um_files/rob_498_av/AutoVehicle25/audi_ws/src/install/autocar_nav/local/lib/python3.10/dist-packages/autocar_nav/cubic_spline_interpolator.py'...
[1.979s] Compiling '/home/dliujm/um_files/rob_498_av/AutoVehicle25/audi_ws/src/install/autocar_nav/local/lib/python3.10/dist-packages/autocar_nav/normalise_angle.py'...
[1.979s] Compiling '/home/dliujm/um_files/rob_498_av/AutoVehicle25/audi_ws/src/install/autocar_nav/local/lib/python3.10/dist-packages/autocar_nav/yaw_to_quaternion.py'...
[1.984s] -- Installing: /home/dliujm/um_files/rob_498_av/AutoVehicle25/audi_ws/src/install/autocar_nav/share/autocar_nav/config
[1.984s] -- Installing: /home/dliujm/um_files/rob_498_av/AutoVehicle25/audi_ws/src/install/autocar_nav/share/autocar_nav/config/navigation_params.yaml
[1.985s] -- Installing: /home/dliujm/um_files/rob_498_av/AutoVehicle25/audi_ws/src/install/autocar_nav/share/autocar_nav/data
[1.985s] -- Installing: /home/dliujm/um_files/rob_498_av/AutoVehicle25/audi_ws/src/install/autocar_nav/share/autocar_nav/data/waypoints.csv
[1.985s] -- Installing: /home/dliujm/um_files/rob_498_av/AutoVehicle25/audi_ws/src/install/autocar_nav/lib/autocar_nav/globalplanner.py
[1.986s] -- Installing: /home/dliujm/um_files/rob_498_av/AutoVehicle25/audi_ws/src/install/autocar_nav/lib/autocar_nav/localisation.py
[1.986s] -- Installing: /home/dliujm/um_files/rob_498_av/AutoVehicle25/audi_ws/src/install/autocar_nav/lib/autocar_nav/localplanner.py
[1.986s] -- Installing: /home/dliujm/um_files/rob_498_av/AutoVehicle25/audi_ws/src/install/autocar_nav/lib/autocar_nav/clickplanner.py
[1.986s] -- Installing: /home/dliujm/um_files/rob_498_av/AutoVehicle25/audi_ws/src/install/autocar_nav/lib/autocar_nav/tracker.py
[1.987s] -- Installing: /home/dliujm/um_files/rob_498_av/AutoVehicle25/audi_ws/src/install/autocar_nav/share/ament_index/resource_index/package_run_dependencies/autocar_nav
[1.987s] -- Installing: /home/dliujm/um_files/rob_498_av/AutoVehicle25/audi_ws/src/install/autocar_nav/share/ament_index/resource_index/parent_prefix_path/autocar_nav
[1.987s] -- Installing: /home/dliujm/um_files/rob_498_av/AutoVehicle25/audi_ws/src/install/autocar_nav/share/autocar_nav/environment/ament_prefix_path.sh
[1.987s] -- Installing: /home/dliujm/um_files/rob_498_av/AutoVehicle25/audi_ws/src/install/autocar_nav/share/autocar_nav/environment/ament_prefix_path.dsv
[1.987s] -- Installing: /home/dliujm/um_files/rob_498_av/AutoVehicle25/audi_ws/src/install/autocar_nav/share/autocar_nav/environment/path.sh
[1.988s] -- Installing: /home/dliujm/um_files/rob_498_av/AutoVehicle25/audi_ws/src/install/autocar_nav/share/autocar_nav/environment/path.dsv
[1.988s] -- Installing: /home/dliujm/um_files/rob_498_av/AutoVehicle25/audi_ws/src/install/autocar_nav/share/autocar_nav/local_setup.bash
[1.988s] -- Installing: /home/dliujm/um_files/rob_498_av/AutoVehicle25/audi_ws/src/install/autocar_nav/share/autocar_nav/local_setup.sh
[1.988s] -- Installing: /home/dliujm/um_files/rob_498_av/AutoVehicle25/audi_ws/src/install/autocar_nav/share/autocar_nav/local_setup.zsh
[1.988s] -- Installing: /home/dliujm/um_files/rob_498_av/AutoVehicle25/audi_ws/src/install/autocar_nav/share/autocar_nav/local_setup.dsv
[1.988s] -- Installing: /home/dliujm/um_files/rob_498_av/AutoVehicle25/audi_ws/src/install/autocar_nav/share/autocar_nav/package.dsv
[1.988s] -- Installing: /home/dliujm/um_files/rob_498_av/AutoVehicle25/audi_ws/src/install/autocar_nav/share/ament_index/resource_index/packages/autocar_nav
[1.989s] -- Installing: /home/dliujm/um_files/rob_498_av/AutoVehicle25/audi_ws/src/install/autocar_nav/share/autocar_nav/cmake/autocar_navConfig.cmake
[1.989s] -- Installing: /home/dliujm/um_files/rob_498_av/AutoVehicle25/audi_ws/src/install/autocar_nav/share/autocar_nav/cmake/autocar_navConfig-version.cmake
[1.989s] -- Installing: /home/dliujm/um_files/rob_498_av/AutoVehicle25/audi_ws/src/install/autocar_nav/share/autocar_nav/package.xml
[1.991s] Invoked command in '/home/dliujm/um_files/rob_498_av/AutoVehicle25/audi_ws/src/build/autocar_nav' returned '0': AMENT_PREFIX_PATH=/home/dliujm/um_files/rob_498_av/AutoVehicle25/audi_ws/src/install/autocar_msgs:${AMENT_PREFIX_PATH} CMAKE_PREFIX_PATH=/home/dliujm/um_files/rob_498_av/AutoVehicle25/audi_ws/src/install/autocar_msgs:/home/dliujm/ros2_ws/install/sim_test:/home/dliujm/ros2_ws/install/robot_sim_bringup:/home/dliujm/ros2_ws/install/robot_desc:/home/dliujm/ros2_ws/install/pointcloud_to_laserscan:/home/dliujm/ros2_ws/install/custom_msg:/home/dliujm/ros2_ws/src/install/sim_test:/home/dliujm/ros2_ws/src/install/robot_sim_bringup:/home/dliujm/ros2_ws/src/install/robot_desc:/home/dliujm/ros2_ws/install/voice_command:/home/dliujm/ros2_ws/install/semantic_mapping:/home/dliujm/ros2_ws/install/semantic_labeling_demo:/home/dliujm/ros2_ws/install/racing_controller:/home/dliujm/ros2_ws/install/odom_tf_broadcaster_pkg:/home/dliujm/ros2_ws/install/lucy_hardware:/home/dliujm/ros2_ws/install/image_saver:/home/dliujm/ros2_ws/src/install/semantic_mapping:/home/dliujm/ros2_ws/src/install/semantic_labeling_demo:/home/dliujm/ros2_ws/src/install/odom_tf_broadcaster_pkg:/home/dliujm/ros2_ws/src/install/lucy_hardware:/home/dliujm/ros2_ws/src/install/image_saver:/opt/ros/humble LD_LIBRARY_PATH=/home/dliujm/um_files/rob_498_av/AutoVehicle25/audi_ws/src/install/autocar_msgs/lib:${LD_LIBRARY_PATH} PYTHONPATH=/home/dliujm/um_files/rob_498_av/AutoVehicle25/audi_ws/src/install/autocar_msgs/local/lib/python3.10/dist-packages:${PYTHONPATH} /usr/bin/cmake --install /home/dliujm/um_files/rob_498_av/AutoVehicle25/audi_ws/src/build/autocar_nav
