[0.836s] Invoking command in '/home/dliujm/um_files/rob_498_av/AutoVehicle25/audi_ws/src/vehicle_state_publisher': PYTHONPATH=/home/dliujm/um_files/rob_498_av/AutoVehicle25/audi_ws/src/build/vehicle_state_publisher/prefix_override:/usr/lib/python3/dist-packages/colcon_core/task/python/colcon_distutils_commands:/home/dliujm/um_files/rob_498_av/AutoVehicle25/audi_ws/src/install/vehicle_state_publisher/lib/python3.10/site-packages:${PYTHONPATH} /usr/bin/python3 -W ignore:setup.py install is deprecated -W ignore:easy_install command is deprecated setup.py egg_info --egg-base ../build/vehicle_state_publisher build --build-base /home/dliujm/um_files/rob_498_av/AutoVehicle25/audi_ws/src/build/vehicle_state_publisher/build install --record /home/dliujm/um_files/rob_498_av/AutoVehicle25/audi_ws/src/build/vehicle_state_publisher/install.log --single-version-externally-managed install_data
[1.157s] running egg_info
[1.157s] creating ../build/vehicle_state_publisher/vehicle_state_publisher.egg-info
[1.157s] writing ../build/vehicle_state_publisher/vehicle_state_publisher.egg-info/PKG-INFO
[1.158s] writing dependency_links to ../build/vehicle_state_publisher/vehicle_state_publisher.egg-info/dependency_links.txt
[1.158s] writing entry points to ../build/vehicle_state_publisher/vehicle_state_publisher.egg-info/entry_points.txt
[1.158s] writing requirements to ../build/vehicle_state_publisher/vehicle_state_publisher.egg-info/requires.txt
[1.158s] writing top-level names to ../build/vehicle_state_publisher/vehicle_state_publisher.egg-info/top_level.txt
[1.159s] writing manifest file '../build/vehicle_state_publisher/vehicle_state_publisher.egg-info/SOURCES.txt'
[1.160s] reading manifest file '../build/vehicle_state_publisher/vehicle_state_publisher.egg-info/SOURCES.txt'
[1.161s] writing manifest file '../build/vehicle_state_publisher/vehicle_state_publisher.egg-info/SOURCES.txt'
[1.161s] running build
[1.161s] running build_py
[1.161s] creating /home/dliujm/um_files/rob_498_av/AutoVehicle25/audi_ws/src/build/vehicle_state_publisher/build
[1.161s] creating /home/dliujm/um_files/rob_498_av/AutoVehicle25/audi_ws/src/build/vehicle_state_publisher/build/lib
[1.162s] creating /home/dliujm/um_files/rob_498_av/AutoVehicle25/audi_ws/src/build/vehicle_state_publisher/build/lib/vehicle_state_publisher
[1.162s] copying vehicle_state_publisher/publish_states.py -> /home/dliujm/um_files/rob_498_av/AutoVehicle25/audi_ws/src/build/vehicle_state_publisher/build/lib/vehicle_state_publisher
[1.162s] copying vehicle_state_publisher/__init__.py -> /home/dliujm/um_files/rob_498_av/AutoVehicle25/audi_ws/src/build/vehicle_state_publisher/build/lib/vehicle_state_publisher
[1.162s] running install
[1.162s] running install_lib
[1.163s] creating /home/dliujm/um_files/rob_498_av/AutoVehicle25/audi_ws/src/install/vehicle_state_publisher/lib/python3.10/site-packages/vehicle_state_publisher
[1.163s] copying /home/dliujm/um_files/rob_498_av/AutoVehicle25/audi_ws/src/build/vehicle_state_publisher/build/lib/vehicle_state_publisher/publish_states.py -> /home/dliujm/um_files/rob_498_av/AutoVehicle25/audi_ws/src/install/vehicle_state_publisher/lib/python3.10/site-packages/vehicle_state_publisher
[1.163s] copying /home/dliujm/um_files/rob_498_av/AutoVehicle25/audi_ws/src/build/vehicle_state_publisher/build/lib/vehicle_state_publisher/__init__.py -> /home/dliujm/um_files/rob_498_av/AutoVehicle25/audi_ws/src/install/vehicle_state_publisher/lib/python3.10/site-packages/vehicle_state_publisher
[1.164s] byte-compiling /home/dliujm/um_files/rob_498_av/AutoVehicle25/audi_ws/src/install/vehicle_state_publisher/lib/python3.10/site-packages/vehicle_state_publisher/publish_states.py to publish_states.cpython-310.pyc
[1.165s] byte-compiling /home/dliujm/um_files/rob_498_av/AutoVehicle25/audi_ws/src/install/vehicle_state_publisher/lib/python3.10/site-packages/vehicle_state_publisher/__init__.py to __init__.cpython-310.pyc
[1.165s] running install_data
[1.165s] creating /home/dliujm/um_files/rob_498_av/AutoVehicle25/audi_ws/src/install/vehicle_state_publisher/share/ament_index
[1.165s] creating /home/dliujm/um_files/rob_498_av/AutoVehicle25/audi_ws/src/install/vehicle_state_publisher/share/ament_index/resource_index
[1.165s] creating /home/dliujm/um_files/rob_498_av/AutoVehicle25/audi_ws/src/install/vehicle_state_publisher/share/ament_index/resource_index/packages
[1.165s] copying resource/vehicle_state_publisher -> /home/dliujm/um_files/rob_498_av/AutoVehicle25/audi_ws/src/install/vehicle_state_publisher/share/ament_index/resource_index/packages
[1.165s] copying package.xml -> /home/dliujm/um_files/rob_498_av/AutoVehicle25/audi_ws/src/install/vehicle_state_publisher/share/vehicle_state_publisher
[1.166s] running install_egg_info
[1.168s] Copying ../build/vehicle_state_publisher/vehicle_state_publisher.egg-info to /home/dliujm/um_files/rob_498_av/AutoVehicle25/audi_ws/src/install/vehicle_state_publisher/lib/python3.10/site-packages/vehicle_state_publisher-0.0.0-py3.10.egg-info
[1.169s] running install_scripts
[1.196s] Installing publish_states script to /home/dliujm/um_files/rob_498_av/AutoVehicle25/audi_ws/src/install/vehicle_state_publisher/lib/vehicle_state_publisher
[1.196s] writing list of installed files to '/home/dliujm/um_files/rob_498_av/AutoVehicle25/audi_ws/src/build/vehicle_state_publisher/install.log'
[1.273s] Invoked command in '/home/dliujm/um_files/rob_498_av/AutoVehicle25/audi_ws/src/vehicle_state_publisher' returned '0': PYTHONPATH=/home/dliujm/um_files/rob_498_av/AutoVehicle25/audi_ws/src/build/vehicle_state_publisher/prefix_override:/usr/lib/python3/dist-packages/colcon_core/task/python/colcon_distutils_commands:/home/dliujm/um_files/rob_498_av/AutoVehicle25/audi_ws/src/install/vehicle_state_publisher/lib/python3.10/site-packages:${PYTHONPATH} /usr/bin/python3 -W ignore:setup.py install is deprecated -W ignore:easy_install command is deprecated setup.py egg_info --egg-base ../build/vehicle_state_publisher build --build-base /home/dliujm/um_files/rob_498_av/AutoVehicle25/audi_ws/src/build/vehicle_state_publisher/build install --record /home/dliujm/um_files/rob_498_av/AutoVehicle25/audi_ws/src/build/vehicle_state_publisher/install.log --single-version-externally-managed install_data
