[0.038s] Invoking command in '/home/dliujm/um_files/rob_498_av/AutoVehicle25/audi_ws/build/autocar_msgs': CMAKE_PREFIX_PATH=${CMAKE_PREFIX_PATH}:/home/dliujm/ros2_ws/install/voice_command:/home/dliujm/ros2_ws/install/semantic_mapping:/home/dliujm/ros2_ws/install/semantic_labeling_demo:/home/dliujm/ros2_ws/install/racing_controller:/home/dliujm/ros2_ws/install/odom_tf_broadcaster_pkg:/home/dliujm/ros2_ws/install/lucy_hardware:/home/dliujm/ros2_ws/install/image_saver:/home/dliujm/ros2_ws/src/install/semantic_mapping:/home/dliujm/ros2_ws/src/install/semantic_labeling_demo:/home/dliujm/ros2_ws/src/install/odom_tf_broadcaster_pkg:/home/dliujm/ros2_ws/src/install/lucy_hardware:/home/dliujm/ros2_ws/src/install/image_saver:/opt/ros/humble /usr/bin/cmake /home/dliujm/um_files/rob_498_av/AutoVehicle25/audi_ws/src/AutoCarROS2/autocar_msgs -DCMAKE_INSTALL_PREFIX=/home/dliujm/um_files/rob_498_av/AutoVehicle25/audi_ws/install/autocar_msgs
[0.114s] -- The C compiler identification is GNU 10.5.0
[0.195s] -- The CXX compiler identification is GNU 10.5.0
[0.203s] -- Detecting C compiler ABI info
[0.294s] -- Detecting C compiler ABI info - done
[0.301s] -- Check for working C compiler: /usr/bin/cc - skipped
[0.301s] -- Detecting C compile features
[0.302s] -- Detecting C compile features - done
[0.305s] -- Detecting CXX compiler ABI info
[0.401s] -- Detecting CXX compiler ABI info - done
[0.408s] -- Check for working CXX compiler: /usr/bin/c++ - skipped
[0.408s] -- Detecting CXX compile features
[0.409s] -- Detecting CXX compile features - done
[0.414s] -- Found ament_cmake: 1.3.11 (/opt/ros/humble/share/ament_cmake/cmake)
[0.632s] -- Found Python3: /usr/bin/python3 (found version "3.10.12") found components: Interpreter 
[0.785s] -- Found geometry_msgs: 4.2.4 (/opt/ros/humble/share/geometry_msgs/cmake)
[0.851s] -- Found rosidl_generator_c: 3.1.6 (/opt/ros/humble/share/rosidl_generator_c/cmake)
[0.861s] -- Found rosidl_adapter: 3.1.6 (/opt/ros/humble/share/rosidl_adapter/cmake)
[0.875s] -- Found rosidl_generator_cpp: 3.1.6 (/opt/ros/humble/share/rosidl_generator_cpp/cmake)
[0.892s] -- Using all available rosidl_typesupport_c: rosidl_typesupport_fastrtps_c;rosidl_typesupport_introspection_c
[0.917s] -- Using all available rosidl_typesupport_cpp: rosidl_typesupport_fastrtps_cpp;rosidl_typesupport_introspection_cpp
[0.972s] -- Found rosidl_default_generators: 1.2.0 (/opt/ros/humble/share/rosidl_default_generators/cmake)
[1.280s] -- Found ament_cmake_ros: 0.10.0 (/opt/ros/humble/share/ament_cmake_ros/cmake)
[1.690s] -- Using all available rosidl_typesupport_c: rosidl_typesupport_fastrtps_c;rosidl_typesupport_introspection_c
[1.850s] -- Using all available rosidl_typesupport_cpp: rosidl_typesupport_fastrtps_cpp;rosidl_typesupport_introspection_cpp
[1.873s] -- Found PythonInterp: /usr/bin/python3 (found suitable version "3.10.12", minimum required is "3.6") 
[1.877s] -- Found python_cmake_module: 0.10.0 (/opt/ros/humble/share/python_cmake_module/cmake)
[1.903s] -- Found PythonLibs: /usr/lib/x86_64-linux-gnu/libpython3.10.so (found suitable version "3.10.12", minimum required is "3.5") 
[1.903s] -- Using PYTHON_EXECUTABLE: /usr/bin/python3
[1.903s] -- Using PYTHON_INCLUDE_DIRS: /usr/include/python3.10
[1.903s] -- Using PYTHON_LIBRARIES: /usr/lib/x86_64-linux-gnu/libpython3.10.so
[1.926s] -- Found PythonExtra: .so  
[1.991s] -- Found ament_lint_auto: 0.12.11 (/opt/ros/humble/share/ament_lint_auto/cmake)
[2.031s] -- Added test 'copyright' to check source files copyright and LICENSE
[2.033s] -- Added test 'lint_cmake' to check CMake code style
[2.034s] -- Added test 'xmllint' to check XML markup files
[2.037s] -- Configuring done
[2.070s] -- Generating done
[2.081s] -- Build files have been written to: /home/dliujm/um_files/rob_498_av/AutoVehicle25/audi_ws/build/autocar_msgs
[2.095s] Invoked command in '/home/dliujm/um_files/rob_498_av/AutoVehicle25/audi_ws/build/autocar_msgs' returned '0': CMAKE_PREFIX_PATH=${CMAKE_PREFIX_PATH}:/home/dliujm/ros2_ws/install/voice_command:/home/dliujm/ros2_ws/install/semantic_mapping:/home/dliujm/ros2_ws/install/semantic_labeling_demo:/home/dliujm/ros2_ws/install/racing_controller:/home/dliujm/ros2_ws/install/odom_tf_broadcaster_pkg:/home/dliujm/ros2_ws/install/lucy_hardware:/home/dliujm/ros2_ws/install/image_saver:/home/dliujm/ros2_ws/src/install/semantic_mapping:/home/dliujm/ros2_ws/src/install/semantic_labeling_demo:/home/dliujm/ros2_ws/src/install/odom_tf_broadcaster_pkg:/home/dliujm/ros2_ws/src/install/lucy_hardware:/home/dliujm/ros2_ws/src/install/image_saver:/opt/ros/humble /usr/bin/cmake /home/dliujm/um_files/rob_498_av/AutoVehicle25/audi_ws/src/AutoCarROS2/autocar_msgs -DCMAKE_INSTALL_PREFIX=/home/dliujm/um_files/rob_498_av/AutoVehicle25/audi_ws/install/autocar_msgs
[2.097s] Invoking command in '/home/dliujm/um_files/rob_498_av/AutoVehicle25/audi_ws/build/autocar_msgs': CMAKE_PREFIX_PATH=${CMAKE_PREFIX_PATH}:/home/dliujm/ros2_ws/install/voice_command:/home/dliujm/ros2_ws/install/semantic_mapping:/home/dliujm/ros2_ws/install/semantic_labeling_demo:/home/dliujm/ros2_ws/install/racing_controller:/home/dliujm/ros2_ws/install/odom_tf_broadcaster_pkg:/home/dliujm/ros2_ws/install/lucy_hardware:/home/dliujm/ros2_ws/install/image_saver:/home/dliujm/ros2_ws/src/install/semantic_mapping:/home/dliujm/ros2_ws/src/install/semantic_labeling_demo:/home/dliujm/ros2_ws/src/install/odom_tf_broadcaster_pkg:/home/dliujm/ros2_ws/src/install/lucy_hardware:/home/dliujm/ros2_ws/src/install/image_saver:/opt/ros/humble /usr/bin/cmake --build /home/dliujm/um_files/rob_498_av/AutoVehicle25/audi_ws/build/autocar_msgs -- -j12 -l12
[2.141s] [  2%] [34m[1mGenerating C code for ROS interfaces[0m
[2.153s] [  4%] [34m[1mGenerating C++ code for ROS interfaces[0m
[2.163s] [  4%] Built target ament_cmake_python_copy_autocar_msgs
[2.468s] running egg_info
[2.468s] creating autocar_msgs.egg-info
[2.469s] writing autocar_msgs.egg-info/PKG-INFO
[2.469s] writing dependency_links to autocar_msgs.egg-info/dependency_links.txt
[2.469s] writing top-level names to autocar_msgs.egg-info/top_level.txt
[2.469s] writing manifest file 'autocar_msgs.egg-info/SOURCES.txt'
[2.471s] reading manifest file 'autocar_msgs.egg-info/SOURCES.txt'
[2.472s] writing manifest file 'autocar_msgs.egg-info/SOURCES.txt'
[2.518s] [  4%] Built target autocar_msgs__cpp
[2.530s] [  6%] [34m[1mGenerating C++ type support dispatch for ROS interfaces[0m
[2.530s] [  8%] [34m[1mGenerating C++ type support for eProsima Fast-RTPS[0m
[2.530s] [ 10%] [34m[1mGenerating C++ introspection for ROS interfaces[0m
[2.548s] [ 12%] [32mBuilding C object CMakeFiles/autocar_msgs__rosidl_generator_c.dir/rosidl_generator_c/autocar_msgs/msg/detail/path2_d__functions.c.o[0m
[2.548s] [ 14%] [32mBuilding C object CMakeFiles/autocar_msgs__rosidl_generator_c.dir/rosidl_generator_c/autocar_msgs/msg/detail/twist2_d__functions.c.o[0m
[2.549s] [ 17%] [32mBuilding C object CMakeFiles/autocar_msgs__rosidl_generator_c.dir/rosidl_generator_c/autocar_msgs/msg/detail/state2_d__functions.c.o[0m
[2.561s] [ 17%] Built target ament_cmake_python_build_autocar_msgs_egg
[2.622s] [ 19%] [32m[1mLinking C shared library libautocar_msgs__rosidl_generator_c.so[0m
[2.674s] [ 19%] Built target autocar_msgs__rosidl_generator_c
[2.687s] [ 23%] [34m[1mGenerating C introspection for ROS interfaces[0m
[2.688s] [ 23%] [34m[1mGenerating C type support for eProsima Fast-RTPS[0m
[2.690s] [ 25%] [34m[1mGenerating C type support dispatch for ROS interfaces[0m
[2.901s] [ 29%] [32mBuilding CXX object CMakeFiles/autocar_msgs__rosidl_typesupport_introspection_cpp.dir/rosidl_typesupport_introspection_cpp/autocar_msgs/msg/detail/state2_d__type_support.cpp.o[0m
[2.902s] [ 29%] [32mBuilding CXX object CMakeFiles/autocar_msgs__rosidl_typesupport_introspection_cpp.dir/rosidl_typesupport_introspection_cpp/autocar_msgs/msg/detail/path2_d__type_support.cpp.o[0m
[2.902s] [ 31%] [32mBuilding CXX object CMakeFiles/autocar_msgs__rosidl_typesupport_introspection_cpp.dir/rosidl_typesupport_introspection_cpp/autocar_msgs/msg/detail/twist2_d__type_support.cpp.o[0m
[2.923s] [ 38%] [32mBuilding CXX object CMakeFiles/autocar_msgs__rosidl_typesupport_cpp.dir/rosidl_typesupport_cpp/autocar_msgs/msg/state2_d__type_support.cpp.o[0m
[2.924s] [ 38%] [32mBuilding CXX object CMakeFiles/autocar_msgs__rosidl_typesupport_cpp.dir/rosidl_typesupport_cpp/autocar_msgs/msg/twist2_d__type_support.cpp.o[0m
[2.924s] [ 38%] [32mBuilding CXX object CMakeFiles/autocar_msgs__rosidl_typesupport_cpp.dir/rosidl_typesupport_cpp/autocar_msgs/msg/path2_d__type_support.cpp.o[0m
[3.047s] [ 40%] [32mBuilding CXX object CMakeFiles/autocar_msgs__rosidl_typesupport_fastrtps_cpp.dir/rosidl_typesupport_fastrtps_cpp/autocar_msgs/msg/detail/dds_fastrtps/path2_d__type_support.cpp.o[0m
[3.049s] [ 42%] [32mBuilding CXX object CMakeFiles/autocar_msgs__rosidl_typesupport_fastrtps_cpp.dir/rosidl_typesupport_fastrtps_cpp/autocar_msgs/msg/detail/dds_fastrtps/twist2_d__type_support.cpp.o[0m
[3.060s] [ 44%] [32mBuilding CXX object CMakeFiles/autocar_msgs__rosidl_typesupport_fastrtps_cpp.dir/rosidl_typesupport_fastrtps_cpp/autocar_msgs/msg/detail/dds_fastrtps/state2_d__type_support.cpp.o[0m
[3.287s] [ 46%] [32mBuilding CXX object CMakeFiles/autocar_msgs__rosidl_typesupport_c.dir/rosidl_typesupport_c/autocar_msgs/msg/path2_d__type_support.cpp.o[0m
[3.413s] [ 48%] [32mBuilding CXX object CMakeFiles/autocar_msgs__rosidl_typesupport_c.dir/rosidl_typesupport_c/autocar_msgs/msg/state2_d__type_support.cpp.o[0m
[3.437s] [ 51%] [32mBuilding C object CMakeFiles/autocar_msgs__rosidl_typesupport_introspection_c.dir/rosidl_typesupport_introspection_c/autocar_msgs/msg/detail/path2_d__type_support.c.o[0m
[3.453s] [ 53%] [32mBuilding C object CMakeFiles/autocar_msgs__rosidl_typesupport_introspection_c.dir/rosidl_typesupport_introspection_c/autocar_msgs/msg/detail/state2_d__type_support.c.o[0m
[3.486s] [ 55%] [32mBuilding CXX object CMakeFiles/autocar_msgs__rosidl_typesupport_c.dir/rosidl_typesupport_c/autocar_msgs/msg/twist2_d__type_support.cpp.o[0m
[3.523s] [ 57%] [32mBuilding C object CMakeFiles/autocar_msgs__rosidl_typesupport_introspection_c.dir/rosidl_typesupport_introspection_c/autocar_msgs/msg/detail/twist2_d__type_support.c.o[0m
[3.523s] [ 59%] [32m[1mLinking CXX shared library libautocar_msgs__rosidl_typesupport_cpp.so[0m
[3.524s] [ 61%] [32mBuilding CXX object CMakeFiles/autocar_msgs__rosidl_typesupport_fastrtps_c.dir/rosidl_typesupport_fastrtps_c/autocar_msgs/msg/detail/path2_d__type_support_c.cpp.o[0m
[3.551s] [ 63%] [32mBuilding CXX object CMakeFiles/autocar_msgs__rosidl_typesupport_fastrtps_c.dir/rosidl_typesupport_fastrtps_c/autocar_msgs/msg/detail/state2_d__type_support_c.cpp.o[0m
[3.581s] [ 65%] [32mBuilding CXX object CMakeFiles/autocar_msgs__rosidl_typesupport_fastrtps_c.dir/rosidl_typesupport_fastrtps_c/autocar_msgs/msg/detail/twist2_d__type_support_c.cpp.o[0m
[3.608s] [ 68%] [32m[1mLinking CXX shared library libautocar_msgs__rosidl_typesupport_c.so[0m
[3.650s] [ 70%] [32m[1mLinking C shared library libautocar_msgs__rosidl_typesupport_introspection_c.so[0m
[3.661s] [ 70%] Built target autocar_msgs__rosidl_typesupport_cpp
[3.755s] [ 70%] Built target autocar_msgs__rosidl_typesupport_introspection_c
[3.757s] [ 70%] Built target autocar_msgs__rosidl_typesupport_c
[3.829s] [ 72%] [32m[1mLinking CXX shared library libautocar_msgs__rosidl_typesupport_introspection_cpp.so[0m
[3.920s] [ 74%] [32m[1mLinking CXX shared library libautocar_msgs__rosidl_typesupport_fastrtps_cpp.so[0m
[4.031s] [ 74%] Built target autocar_msgs__rosidl_typesupport_introspection_cpp
[4.130s] [ 74%] Built target autocar_msgs__rosidl_typesupport_fastrtps_cpp
[4.156s] [ 76%] [32m[1mLinking CXX shared library libautocar_msgs__rosidl_typesupport_fastrtps_c.so[0m
[4.232s] [ 76%] Built target autocar_msgs__rosidl_typesupport_fastrtps_c
[4.254s] [ 76%] Built target autocar_msgs
[4.278s] [ 78%] [34m[1mGenerating Python code for ROS interfaces[0m
[4.653s] [ 78%] Built target autocar_msgs__py
[4.673s] [ 85%] [32mBuilding C object CMakeFiles/autocar_msgs__rosidl_generator_py.dir/rosidl_generator_py/autocar_msgs/msg/_twist2_d_s.c.o[0m
[4.673s] [ 85%] [32mBuilding C object CMakeFiles/autocar_msgs__rosidl_generator_py.dir/rosidl_generator_py/autocar_msgs/msg/_state2_d_s.c.o[0m
[4.673s] [ 85%] [32mBuilding C object CMakeFiles/autocar_msgs__rosidl_generator_py.dir/rosidl_generator_py/autocar_msgs/msg/_path2_d_s.c.o[0m
[4.775s] [ 87%] [32m[1mLinking C shared library rosidl_generator_py/autocar_msgs/libautocar_msgs__rosidl_generator_py.so[0m
[4.819s] [ 87%] Built target autocar_msgs__rosidl_generator_py
[4.841s] [ 93%] [32mBuilding C object CMakeFiles/autocar_msgs__rosidl_typesupport_fastrtps_c__pyext.dir/rosidl_generator_py/autocar_msgs/_autocar_msgs_s.ep.rosidl_typesupport_fastrtps_c.c.o[0m
[4.841s] [ 93%] [32mBuilding C object CMakeFiles/autocar_msgs__rosidl_typesupport_c__pyext.dir/rosidl_generator_py/autocar_msgs/_autocar_msgs_s.ep.rosidl_typesupport_c.c.o[0m
[4.841s] [ 93%] [32mBuilding C object CMakeFiles/autocar_msgs__rosidl_typesupport_introspection_c__pyext.dir/rosidl_generator_py/autocar_msgs/_autocar_msgs_s.ep.rosidl_typesupport_introspection_c.c.o[0m
[4.945s] [100%] [32m[1mLinking C shared library rosidl_generator_py/autocar_msgs/autocar_msgs_s__rosidl_typesupport_introspection_c.cpython-310-x86_64-linux-gnu.so[0m
[4.946s] [100%] [32m[1mLinking C shared library rosidl_generator_py/autocar_msgs/autocar_msgs_s__rosidl_typesupport_fastrtps_c.cpython-310-x86_64-linux-gnu.so[0m
[4.946s] [100%] [32m[1mLinking C shared library rosidl_generator_py/autocar_msgs/autocar_msgs_s__rosidl_typesupport_c.cpython-310-x86_64-linux-gnu.so[0m
[4.994s] [100%] Built target autocar_msgs__rosidl_typesupport_introspection_c__pyext
[4.995s] [100%] Built target autocar_msgs__rosidl_typesupport_c__pyext
[4.995s] [100%] Built target autocar_msgs__rosidl_typesupport_fastrtps_c__pyext
[5.007s] Invoked command in '/home/dliujm/um_files/rob_498_av/AutoVehicle25/audi_ws/build/autocar_msgs' returned '0': CMAKE_PREFIX_PATH=${CMAKE_PREFIX_PATH}:/home/dliujm/ros2_ws/install/voice_command:/home/dliujm/ros2_ws/install/semantic_mapping:/home/dliujm/ros2_ws/install/semantic_labeling_demo:/home/dliujm/ros2_ws/install/racing_controller:/home/dliujm/ros2_ws/install/odom_tf_broadcaster_pkg:/home/dliujm/ros2_ws/install/lucy_hardware:/home/dliujm/ros2_ws/install/image_saver:/home/dliujm/ros2_ws/src/install/semantic_mapping:/home/dliujm/ros2_ws/src/install/semantic_labeling_demo:/home/dliujm/ros2_ws/src/install/odom_tf_broadcaster_pkg:/home/dliujm/ros2_ws/src/install/lucy_hardware:/home/dliujm/ros2_ws/src/install/image_saver:/opt/ros/humble /usr/bin/cmake --build /home/dliujm/um_files/rob_498_av/AutoVehicle25/audi_ws/build/autocar_msgs -- -j12 -l12
[5.009s] Invoking command in '/home/dliujm/um_files/rob_498_av/AutoVehicle25/audi_ws/build/autocar_msgs': CMAKE_PREFIX_PATH=${CMAKE_PREFIX_PATH}:/home/dliujm/ros2_ws/install/voice_command:/home/dliujm/ros2_ws/install/semantic_mapping:/home/dliujm/ros2_ws/install/semantic_labeling_demo:/home/dliujm/ros2_ws/install/racing_controller:/home/dliujm/ros2_ws/install/odom_tf_broadcaster_pkg:/home/dliujm/ros2_ws/install/lucy_hardware:/home/dliujm/ros2_ws/install/image_saver:/home/dliujm/ros2_ws/src/install/semantic_mapping:/home/dliujm/ros2_ws/src/install/semantic_labeling_demo:/home/dliujm/ros2_ws/src/install/odom_tf_broadcaster_pkg:/home/dliujm/ros2_ws/src/install/lucy_hardware:/home/dliujm/ros2_ws/src/install/image_saver:/opt/ros/humble /usr/bin/cmake --install /home/dliujm/um_files/rob_498_av/AutoVehicle25/audi_ws/build/autocar_msgs
[5.017s] -- Install configuration: ""
[5.017s] -- Installing: /home/dliujm/um_files/rob_498_av/AutoVehicle25/audi_ws/install/autocar_msgs/share/ament_index/resource_index/rosidl_interfaces/autocar_msgs
[5.017s] -- Installing: /home/dliujm/um_files/rob_498_av/AutoVehicle25/audi_ws/install/autocar_msgs/include/autocar_msgs/autocar_msgs
[5.017s] -- Installing: /home/dliujm/um_files/rob_498_av/AutoVehicle25/audi_ws/install/autocar_msgs/include/autocar_msgs/autocar_msgs/msg
[5.018s] -- Installing: /home/dliujm/um_files/rob_498_av/AutoVehicle25/audi_ws/install/autocar_msgs/include/autocar_msgs/autocar_msgs/msg/detail
[5.018s] -- Installing: /home/dliujm/um_files/rob_498_av/AutoVehicle25/audi_ws/install/autocar_msgs/include/autocar_msgs/autocar_msgs/msg/detail/twist2_d__type_support.h
[5.018s] -- Installing: /home/dliujm/um_files/rob_498_av/AutoVehicle25/audi_ws/install/autocar_msgs/include/autocar_msgs/autocar_msgs/msg/detail/path2_d__functions.c
[5.018s] -- Installing: /home/dliujm/um_files/rob_498_av/AutoVehicle25/audi_ws/install/autocar_msgs/include/autocar_msgs/autocar_msgs/msg/detail/state2_d__type_support.h
[5.018s] -- Installing: /home/dliujm/um_files/rob_498_av/AutoVehicle25/audi_ws/install/autocar_msgs/include/autocar_msgs/autocar_msgs/msg/detail/twist2_d__functions.h
[5.018s] -- Installing: /home/dliujm/um_files/rob_498_av/AutoVehicle25/audi_ws/install/autocar_msgs/include/autocar_msgs/autocar_msgs/msg/detail/path2_d__struct.h
[5.019s] -- Installing: /home/dliujm/um_files/rob_498_av/AutoVehicle25/audi_ws/install/autocar_msgs/include/autocar_msgs/autocar_msgs/msg/detail/path2_d__type_support.h
[5.019s] -- Installing: /home/dliujm/um_files/rob_498_av/AutoVehicle25/audi_ws/install/autocar_msgs/include/autocar_msgs/autocar_msgs/msg/detail/state2_d__functions.h
[5.019s] -- Installing: /home/dliujm/um_files/rob_498_av/AutoVehicle25/audi_ws/install/autocar_msgs/include/autocar_msgs/autocar_msgs/msg/detail/state2_d__functions.c
[5.019s] -- Installing: /home/dliujm/um_files/rob_498_av/AutoVehicle25/audi_ws/install/autocar_msgs/include/autocar_msgs/autocar_msgs/msg/detail/path2_d__functions.h
[5.019s] -- Installing: /home/dliujm/um_files/rob_498_av/AutoVehicle25/audi_ws/install/autocar_msgs/include/autocar_msgs/autocar_msgs/msg/detail/state2_d__struct.h
[5.019s] -- Installing: /home/dliujm/um_files/rob_498_av/AutoVehicle25/audi_ws/install/autocar_msgs/include/autocar_msgs/autocar_msgs/msg/detail/twist2_d__functions.c
[5.019s] -- Installing: /home/dliujm/um_files/rob_498_av/AutoVehicle25/audi_ws/install/autocar_msgs/include/autocar_msgs/autocar_msgs/msg/detail/twist2_d__struct.h
[5.019s] -- Installing: /home/dliujm/um_files/rob_498_av/AutoVehicle25/audi_ws/install/autocar_msgs/include/autocar_msgs/autocar_msgs/msg/state2_d.h
[5.020s] -- Installing: /home/dliujm/um_files/rob_498_av/AutoVehicle25/audi_ws/install/autocar_msgs/include/autocar_msgs/autocar_msgs/msg/path2_d.h
[5.020s] -- Installing: /home/dliujm/um_files/rob_498_av/AutoVehicle25/audi_ws/install/autocar_msgs/include/autocar_msgs/autocar_msgs/msg/twist2_d.h
[5.020s] -- Installing: /home/dliujm/um_files/rob_498_av/AutoVehicle25/audi_ws/install/autocar_msgs/include/autocar_msgs/autocar_msgs/msg/rosidl_generator_c__visibility_control.h
[5.020s] -- Installing: /home/dliujm/um_files/rob_498_av/AutoVehicle25/audi_ws/install/autocar_msgs/share/autocar_msgs/environment/library_path.sh
[5.020s] -- Installing: /home/dliujm/um_files/rob_498_av/AutoVehicle25/audi_ws/install/autocar_msgs/share/autocar_msgs/environment/library_path.dsv
[5.020s] -- Installing: /home/dliujm/um_files/rob_498_av/AutoVehicle25/audi_ws/install/autocar_msgs/lib/libautocar_msgs__rosidl_generator_c.so
[5.021s] -- Set runtime path of "/home/dliujm/um_files/rob_498_av/AutoVehicle25/audi_ws/install/autocar_msgs/lib/libautocar_msgs__rosidl_generator_c.so" to ""
[5.021s] -- Up-to-date: /home/dliujm/um_files/rob_498_av/AutoVehicle25/audi_ws/install/autocar_msgs/include/autocar_msgs/autocar_msgs
[5.021s] -- Up-to-date: /home/dliujm/um_files/rob_498_av/AutoVehicle25/audi_ws/install/autocar_msgs/include/autocar_msgs/autocar_msgs/msg
[5.021s] -- Up-to-date: /home/dliujm/um_files/rob_498_av/AutoVehicle25/audi_ws/install/autocar_msgs/include/autocar_msgs/autocar_msgs/msg/detail
[5.021s] -- Installing: /home/dliujm/um_files/rob_498_av/AutoVehicle25/audi_ws/install/autocar_msgs/include/autocar_msgs/autocar_msgs/msg/detail/twist2_d__rosidl_typesupport_fastrtps_c.h
[5.021s] -- Installing: /home/dliujm/um_files/rob_498_av/AutoVehicle25/audi_ws/install/autocar_msgs/include/autocar_msgs/autocar_msgs/msg/detail/path2_d__rosidl_typesupport_fastrtps_c.h
[5.021s] -- Installing: /home/dliujm/um_files/rob_498_av/AutoVehicle25/audi_ws/install/autocar_msgs/include/autocar_msgs/autocar_msgs/msg/detail/state2_d__rosidl_typesupport_fastrtps_c.h
[5.021s] -- Installing: /home/dliujm/um_files/rob_498_av/AutoVehicle25/audi_ws/install/autocar_msgs/include/autocar_msgs/autocar_msgs/msg/rosidl_typesupport_fastrtps_c__visibility_control.h
[5.022s] -- Installing: /home/dliujm/um_files/rob_498_av/AutoVehicle25/audi_ws/install/autocar_msgs/lib/libautocar_msgs__rosidl_typesupport_fastrtps_c.so
[5.022s] -- Set runtime path of "/home/dliujm/um_files/rob_498_av/AutoVehicle25/audi_ws/install/autocar_msgs/lib/libautocar_msgs__rosidl_typesupport_fastrtps_c.so" to ""
[5.022s] -- Up-to-date: /home/dliujm/um_files/rob_498_av/AutoVehicle25/audi_ws/install/autocar_msgs/include/autocar_msgs/autocar_msgs
[5.022s] -- Up-to-date: /home/dliujm/um_files/rob_498_av/AutoVehicle25/audi_ws/install/autocar_msgs/include/autocar_msgs/autocar_msgs/msg
[5.022s] -- Up-to-date: /home/dliujm/um_files/rob_498_av/AutoVehicle25/audi_ws/install/autocar_msgs/include/autocar_msgs/autocar_msgs/msg/detail
[5.022s] -- Installing: /home/dliujm/um_files/rob_498_av/AutoVehicle25/audi_ws/install/autocar_msgs/include/autocar_msgs/autocar_msgs/msg/detail/state2_d__builder.hpp
[5.022s] -- Installing: /home/dliujm/um_files/rob_498_av/AutoVehicle25/audi_ws/install/autocar_msgs/include/autocar_msgs/autocar_msgs/msg/detail/path2_d__struct.hpp
[5.022s] -- Installing: /home/dliujm/um_files/rob_498_av/AutoVehicle25/audi_ws/install/autocar_msgs/include/autocar_msgs/autocar_msgs/msg/detail/twist2_d__type_support.hpp
[5.023s] -- Installing: /home/dliujm/um_files/rob_498_av/AutoVehicle25/audi_ws/install/autocar_msgs/include/autocar_msgs/autocar_msgs/msg/detail/state2_d__type_support.hpp
[5.023s] -- Installing: /home/dliujm/um_files/rob_498_av/AutoVehicle25/audi_ws/install/autocar_msgs/include/autocar_msgs/autocar_msgs/msg/detail/state2_d__traits.hpp
[5.023s] -- Installing: /home/dliujm/um_files/rob_498_av/AutoVehicle25/audi_ws/install/autocar_msgs/include/autocar_msgs/autocar_msgs/msg/detail/path2_d__builder.hpp
[5.023s] -- Installing: /home/dliujm/um_files/rob_498_av/AutoVehicle25/audi_ws/install/autocar_msgs/include/autocar_msgs/autocar_msgs/msg/detail/path2_d__traits.hpp
[5.023s] -- Installing: /home/dliujm/um_files/rob_498_av/AutoVehicle25/audi_ws/install/autocar_msgs/include/autocar_msgs/autocar_msgs/msg/detail/twist2_d__struct.hpp
[5.023s] -- Installing: /home/dliujm/um_files/rob_498_av/AutoVehicle25/audi_ws/install/autocar_msgs/include/autocar_msgs/autocar_msgs/msg/detail/state2_d__struct.hpp
[5.023s] -- Installing: /home/dliujm/um_files/rob_498_av/AutoVehicle25/audi_ws/install/autocar_msgs/include/autocar_msgs/autocar_msgs/msg/detail/twist2_d__traits.hpp
[5.024s] -- Installing: /home/dliujm/um_files/rob_498_av/AutoVehicle25/audi_ws/install/autocar_msgs/include/autocar_msgs/autocar_msgs/msg/detail/path2_d__type_support.hpp
[5.024s] -- Installing: /home/dliujm/um_files/rob_498_av/AutoVehicle25/audi_ws/install/autocar_msgs/include/autocar_msgs/autocar_msgs/msg/detail/twist2_d__builder.hpp
[5.024s] -- Installing: /home/dliujm/um_files/rob_498_av/AutoVehicle25/audi_ws/install/autocar_msgs/include/autocar_msgs/autocar_msgs/msg/rosidl_generator_cpp__visibility_control.hpp
[5.024s] -- Installing: /home/dliujm/um_files/rob_498_av/AutoVehicle25/audi_ws/install/autocar_msgs/include/autocar_msgs/autocar_msgs/msg/path2_d.hpp
[5.024s] -- Installing: /home/dliujm/um_files/rob_498_av/AutoVehicle25/audi_ws/install/autocar_msgs/include/autocar_msgs/autocar_msgs/msg/state2_d.hpp
[5.024s] -- Installing: /home/dliujm/um_files/rob_498_av/AutoVehicle25/audi_ws/install/autocar_msgs/include/autocar_msgs/autocar_msgs/msg/twist2_d.hpp
[5.024s] -- Up-to-date: /home/dliujm/um_files/rob_498_av/AutoVehicle25/audi_ws/install/autocar_msgs/include/autocar_msgs/autocar_msgs
[5.024s] -- Up-to-date: /home/dliujm/um_files/rob_498_av/AutoVehicle25/audi_ws/install/autocar_msgs/include/autocar_msgs/autocar_msgs/msg
[5.025s] -- Up-to-date: /home/dliujm/um_files/rob_498_av/AutoVehicle25/audi_ws/install/autocar_msgs/include/autocar_msgs/autocar_msgs/msg/detail
[5.025s] -- Installing: /home/dliujm/um_files/rob_498_av/AutoVehicle25/audi_ws/install/autocar_msgs/include/autocar_msgs/autocar_msgs/msg/detail/dds_fastrtps
[5.025s] -- Installing: /home/dliujm/um_files/rob_498_av/AutoVehicle25/audi_ws/install/autocar_msgs/include/autocar_msgs/autocar_msgs/msg/detail/path2_d__rosidl_typesupport_fastrtps_cpp.hpp
[5.025s] -- Installing: /home/dliujm/um_files/rob_498_av/AutoVehicle25/audi_ws/install/autocar_msgs/include/autocar_msgs/autocar_msgs/msg/detail/twist2_d__rosidl_typesupport_fastrtps_cpp.hpp
[5.025s] -- Installing: /home/dliujm/um_files/rob_498_av/AutoVehicle25/audi_ws/install/autocar_msgs/include/autocar_msgs/autocar_msgs/msg/detail/state2_d__rosidl_typesupport_fastrtps_cpp.hpp
[5.025s] -- Installing: /home/dliujm/um_files/rob_498_av/AutoVehicle25/audi_ws/install/autocar_msgs/include/autocar_msgs/autocar_msgs/msg/rosidl_typesupport_fastrtps_cpp__visibility_control.h
[5.025s] -- Installing: /home/dliujm/um_files/rob_498_av/AutoVehicle25/audi_ws/install/autocar_msgs/lib/libautocar_msgs__rosidl_typesupport_fastrtps_cpp.so
[5.026s] -- Set runtime path of "/home/dliujm/um_files/rob_498_av/AutoVehicle25/audi_ws/install/autocar_msgs/lib/libautocar_msgs__rosidl_typesupport_fastrtps_cpp.so" to ""
[5.026s] -- Up-to-date: /home/dliujm/um_files/rob_498_av/AutoVehicle25/audi_ws/install/autocar_msgs/include/autocar_msgs/autocar_msgs
[5.026s] -- Up-to-date: /home/dliujm/um_files/rob_498_av/AutoVehicle25/audi_ws/install/autocar_msgs/include/autocar_msgs/autocar_msgs/msg
[5.026s] -- Up-to-date: /home/dliujm/um_files/rob_498_av/AutoVehicle25/audi_ws/install/autocar_msgs/include/autocar_msgs/autocar_msgs/msg/detail
[5.026s] -- Installing: /home/dliujm/um_files/rob_498_av/AutoVehicle25/audi_ws/install/autocar_msgs/include/autocar_msgs/autocar_msgs/msg/detail/twist2_d__rosidl_typesupport_introspection_c.h
[5.026s] -- Installing: /home/dliujm/um_files/rob_498_av/AutoVehicle25/audi_ws/install/autocar_msgs/include/autocar_msgs/autocar_msgs/msg/detail/path2_d__type_support.c
[5.026s] -- Installing: /home/dliujm/um_files/rob_498_av/AutoVehicle25/audi_ws/install/autocar_msgs/include/autocar_msgs/autocar_msgs/msg/detail/state2_d__rosidl_typesupport_introspection_c.h
[5.026s] -- Installing: /home/dliujm/um_files/rob_498_av/AutoVehicle25/audi_ws/install/autocar_msgs/include/autocar_msgs/autocar_msgs/msg/detail/state2_d__type_support.c
[5.026s] -- Installing: /home/dliujm/um_files/rob_498_av/AutoVehicle25/audi_ws/install/autocar_msgs/include/autocar_msgs/autocar_msgs/msg/detail/path2_d__rosidl_typesupport_introspection_c.h
[5.026s] -- Installing: /home/dliujm/um_files/rob_498_av/AutoVehicle25/audi_ws/install/autocar_msgs/include/autocar_msgs/autocar_msgs/msg/detail/twist2_d__type_support.c
[5.026s] -- Installing: /home/dliujm/um_files/rob_498_av/AutoVehicle25/audi_ws/install/autocar_msgs/include/autocar_msgs/autocar_msgs/msg/rosidl_typesupport_introspection_c__visibility_control.h
[5.027s] -- Installing: /home/dliujm/um_files/rob_498_av/AutoVehicle25/audi_ws/install/autocar_msgs/lib/libautocar_msgs__rosidl_typesupport_introspection_c.so
[5.027s] -- Set runtime path of "/home/dliujm/um_files/rob_498_av/AutoVehicle25/audi_ws/install/autocar_msgs/lib/libautocar_msgs__rosidl_typesupport_introspection_c.so" to ""
[5.027s] -- Installing: /home/dliujm/um_files/rob_498_av/AutoVehicle25/audi_ws/install/autocar_msgs/lib/libautocar_msgs__rosidl_typesupport_c.so
[5.027s] -- Set runtime path of "/home/dliujm/um_files/rob_498_av/AutoVehicle25/audi_ws/install/autocar_msgs/lib/libautocar_msgs__rosidl_typesupport_c.so" to ""
[5.027s] -- Up-to-date: /home/dliujm/um_files/rob_498_av/AutoVehicle25/audi_ws/install/autocar_msgs/include/autocar_msgs/autocar_msgs
[5.027s] -- Up-to-date: /home/dliujm/um_files/rob_498_av/AutoVehicle25/audi_ws/install/autocar_msgs/include/autocar_msgs/autocar_msgs/msg
[5.027s] -- Up-to-date: /home/dliujm/um_files/rob_498_av/AutoVehicle25/audi_ws/install/autocar_msgs/include/autocar_msgs/autocar_msgs/msg/detail
[5.028s] -- Installing: /home/dliujm/um_files/rob_498_av/AutoVehicle25/audi_ws/install/autocar_msgs/include/autocar_msgs/autocar_msgs/msg/detail/state2_d__type_support.cpp
[5.028s] -- Installing: /home/dliujm/um_files/rob_498_av/AutoVehicle25/audi_ws/install/autocar_msgs/include/autocar_msgs/autocar_msgs/msg/detail/state2_d__rosidl_typesupport_introspection_cpp.hpp
[5.028s] -- Installing: /home/dliujm/um_files/rob_498_av/AutoVehicle25/audi_ws/install/autocar_msgs/include/autocar_msgs/autocar_msgs/msg/detail/twist2_d__rosidl_typesupport_introspection_cpp.hpp
[5.028s] -- Installing: /home/dliujm/um_files/rob_498_av/AutoVehicle25/audi_ws/install/autocar_msgs/include/autocar_msgs/autocar_msgs/msg/detail/path2_d__type_support.cpp
[5.028s] -- Installing: /home/dliujm/um_files/rob_498_av/AutoVehicle25/audi_ws/install/autocar_msgs/include/autocar_msgs/autocar_msgs/msg/detail/twist2_d__type_support.cpp
[5.028s] -- Installing: /home/dliujm/um_files/rob_498_av/AutoVehicle25/audi_ws/install/autocar_msgs/include/autocar_msgs/autocar_msgs/msg/detail/path2_d__rosidl_typesupport_introspection_cpp.hpp
[5.028s] -- Installing: /home/dliujm/um_files/rob_498_av/AutoVehicle25/audi_ws/install/autocar_msgs/lib/libautocar_msgs__rosidl_typesupport_introspection_cpp.so
[5.029s] -- Set runtime path of "/home/dliujm/um_files/rob_498_av/AutoVehicle25/audi_ws/install/autocar_msgs/lib/libautocar_msgs__rosidl_typesupport_introspection_cpp.so" to ""
[5.029s] -- Installing: /home/dliujm/um_files/rob_498_av/AutoVehicle25/audi_ws/install/autocar_msgs/lib/libautocar_msgs__rosidl_typesupport_cpp.so
[5.029s] -- Set runtime path of "/home/dliujm/um_files/rob_498_av/AutoVehicle25/audi_ws/install/autocar_msgs/lib/libautocar_msgs__rosidl_typesupport_cpp.so" to ""
[5.029s] -- Installing: /home/dliujm/um_files/rob_498_av/AutoVehicle25/audi_ws/install/autocar_msgs/share/autocar_msgs/environment/pythonpath.sh
[5.029s] -- Installing: /home/dliujm/um_files/rob_498_av/AutoVehicle25/audi_ws/install/autocar_msgs/share/autocar_msgs/environment/pythonpath.dsv
[5.029s] -- Installing: /home/dliujm/um_files/rob_498_av/AutoVehicle25/audi_ws/install/autocar_msgs/local/lib/python3.10/dist-packages/autocar_msgs-0.0.0-py3.10.egg-info
[5.030s] -- Installing: /home/dliujm/um_files/rob_498_av/AutoVehicle25/audi_ws/install/autocar_msgs/local/lib/python3.10/dist-packages/autocar_msgs-0.0.0-py3.10.egg-info/top_level.txt
[5.030s] -- Installing: /home/dliujm/um_files/rob_498_av/AutoVehicle25/audi_ws/install/autocar_msgs/local/lib/python3.10/dist-packages/autocar_msgs-0.0.0-py3.10.egg-info/SOURCES.txt
[5.030s] -- Installing: /home/dliujm/um_files/rob_498_av/AutoVehicle25/audi_ws/install/autocar_msgs/local/lib/python3.10/dist-packages/autocar_msgs-0.0.0-py3.10.egg-info/dependency_links.txt
[5.030s] -- Installing: /home/dliujm/um_files/rob_498_av/AutoVehicle25/audi_ws/install/autocar_msgs/local/lib/python3.10/dist-packages/autocar_msgs-0.0.0-py3.10.egg-info/PKG-INFO
[5.030s] -- Installing: /home/dliujm/um_files/rob_498_av/AutoVehicle25/audi_ws/install/autocar_msgs/local/lib/python3.10/dist-packages/autocar_msgs
[5.030s] -- Installing: /home/dliujm/um_files/rob_498_av/AutoVehicle25/audi_ws/install/autocar_msgs/local/lib/python3.10/dist-packages/autocar_msgs/autocar_msgs_s__rosidl_typesupport_introspection_c.cpython-310-x86_64-linux-gnu.so
[5.030s] -- Installing: /home/dliujm/um_files/rob_498_av/AutoVehicle25/audi_ws/install/autocar_msgs/local/lib/python3.10/dist-packages/autocar_msgs/autocar_msgs_s__rosidl_typesupport_fastrtps_c.cpython-310-x86_64-linux-gnu.so
[5.030s] -- Installing: /home/dliujm/um_files/rob_498_av/AutoVehicle25/audi_ws/install/autocar_msgs/local/lib/python3.10/dist-packages/autocar_msgs/msg
[5.031s] -- Installing: /home/dliujm/um_files/rob_498_av/AutoVehicle25/audi_ws/install/autocar_msgs/local/lib/python3.10/dist-packages/autocar_msgs/msg/_twist2_d.py
[5.031s] -- Installing: /home/dliujm/um_files/rob_498_av/AutoVehicle25/audi_ws/install/autocar_msgs/local/lib/python3.10/dist-packages/autocar_msgs/msg/_path2_d_s.c
[5.031s] -- Installing: /home/dliujm/um_files/rob_498_av/AutoVehicle25/audi_ws/install/autocar_msgs/local/lib/python3.10/dist-packages/autocar_msgs/msg/__init__.py
[5.031s] -- Installing: /home/dliujm/um_files/rob_498_av/AutoVehicle25/audi_ws/install/autocar_msgs/local/lib/python3.10/dist-packages/autocar_msgs/msg/_state2_d.py
[5.031s] -- Installing: /home/dliujm/um_files/rob_498_av/AutoVehicle25/audi_ws/install/autocar_msgs/local/lib/python3.10/dist-packages/autocar_msgs/msg/_twist2_d_s.c
[5.031s] -- Installing: /home/dliujm/um_files/rob_498_av/AutoVehicle25/audi_ws/install/autocar_msgs/local/lib/python3.10/dist-packages/autocar_msgs/msg/_state2_d_s.c
[5.031s] -- Installing: /home/dliujm/um_files/rob_498_av/AutoVehicle25/audi_ws/install/autocar_msgs/local/lib/python3.10/dist-packages/autocar_msgs/msg/_path2_d.py
[5.031s] -- Installing: /home/dliujm/um_files/rob_498_av/AutoVehicle25/audi_ws/install/autocar_msgs/local/lib/python3.10/dist-packages/autocar_msgs/_autocar_msgs_s.ep.rosidl_typesupport_fastrtps_c.c
[5.032s] -- Installing: /home/dliujm/um_files/rob_498_av/AutoVehicle25/audi_ws/install/autocar_msgs/local/lib/python3.10/dist-packages/autocar_msgs/libautocar_msgs__rosidl_generator_py.so
[5.032s] -- Installing: /home/dliujm/um_files/rob_498_av/AutoVehicle25/audi_ws/install/autocar_msgs/local/lib/python3.10/dist-packages/autocar_msgs/_autocar_msgs_s.ep.rosidl_typesupport_c.c
[5.032s] -- Installing: /home/dliujm/um_files/rob_498_av/AutoVehicle25/audi_ws/install/autocar_msgs/local/lib/python3.10/dist-packages/autocar_msgs/autocar_msgs_s__rosidl_typesupport_c.cpython-310-x86_64-linux-gnu.so
[5.032s] -- Installing: /home/dliujm/um_files/rob_498_av/AutoVehicle25/audi_ws/install/autocar_msgs/local/lib/python3.10/dist-packages/autocar_msgs/_autocar_msgs_s.ep.rosidl_typesupport_introspection_c.c
[5.032s] -- Installing: /home/dliujm/um_files/rob_498_av/AutoVehicle25/audi_ws/install/autocar_msgs/local/lib/python3.10/dist-packages/autocar_msgs/__init__.py
[5.069s] Listing '/home/dliujm/um_files/rob_498_av/AutoVehicle25/audi_ws/install/autocar_msgs/local/lib/python3.10/dist-packages/autocar_msgs'...
[5.069s] Compiling '/home/dliujm/um_files/rob_498_av/AutoVehicle25/audi_ws/install/autocar_msgs/local/lib/python3.10/dist-packages/autocar_msgs/__init__.py'...
[5.069s] Listing '/home/dliujm/um_files/rob_498_av/AutoVehicle25/audi_ws/install/autocar_msgs/local/lib/python3.10/dist-packages/autocar_msgs/msg'...
[5.069s] Compiling '/home/dliujm/um_files/rob_498_av/AutoVehicle25/audi_ws/install/autocar_msgs/local/lib/python3.10/dist-packages/autocar_msgs/msg/__init__.py'...
[5.070s] Compiling '/home/dliujm/um_files/rob_498_av/AutoVehicle25/audi_ws/install/autocar_msgs/local/lib/python3.10/dist-packages/autocar_msgs/msg/_path2_d.py'...
[5.070s] Compiling '/home/dliujm/um_files/rob_498_av/AutoVehicle25/audi_ws/install/autocar_msgs/local/lib/python3.10/dist-packages/autocar_msgs/msg/_state2_d.py'...
[5.070s] Compiling '/home/dliujm/um_files/rob_498_av/AutoVehicle25/audi_ws/install/autocar_msgs/local/lib/python3.10/dist-packages/autocar_msgs/msg/_twist2_d.py'...
[5.074s] -- Installing: /home/dliujm/um_files/rob_498_av/AutoVehicle25/audi_ws/install/autocar_msgs/local/lib/python3.10/dist-packages/autocar_msgs/autocar_msgs_s__rosidl_typesupport_fastrtps_c.cpython-310-x86_64-linux-gnu.so
[5.075s] -- Set runtime path of "/home/dliujm/um_files/rob_498_av/AutoVehicle25/audi_ws/install/autocar_msgs/local/lib/python3.10/dist-packages/autocar_msgs/autocar_msgs_s__rosidl_typesupport_fastrtps_c.cpython-310-x86_64-linux-gnu.so" to ""
[5.075s] -- Installing: /home/dliujm/um_files/rob_498_av/AutoVehicle25/audi_ws/install/autocar_msgs/local/lib/python3.10/dist-packages/autocar_msgs/autocar_msgs_s__rosidl_typesupport_introspection_c.cpython-310-x86_64-linux-gnu.so
[5.075s] -- Set runtime path of "/home/dliujm/um_files/rob_498_av/AutoVehicle25/audi_ws/install/autocar_msgs/local/lib/python3.10/dist-packages/autocar_msgs/autocar_msgs_s__rosidl_typesupport_introspection_c.cpython-310-x86_64-linux-gnu.so" to ""
[5.075s] -- Installing: /home/dliujm/um_files/rob_498_av/AutoVehicle25/audi_ws/install/autocar_msgs/local/lib/python3.10/dist-packages/autocar_msgs/autocar_msgs_s__rosidl_typesupport_c.cpython-310-x86_64-linux-gnu.so
[5.076s] -- Set runtime path of "/home/dliujm/um_files/rob_498_av/AutoVehicle25/audi_ws/install/autocar_msgs/local/lib/python3.10/dist-packages/autocar_msgs/autocar_msgs_s__rosidl_typesupport_c.cpython-310-x86_64-linux-gnu.so" to ""
[5.076s] -- Installing: /home/dliujm/um_files/rob_498_av/AutoVehicle25/audi_ws/install/autocar_msgs/lib/libautocar_msgs__rosidl_generator_py.so
[5.076s] -- Set runtime path of "/home/dliujm/um_files/rob_498_av/AutoVehicle25/audi_ws/install/autocar_msgs/lib/libautocar_msgs__rosidl_generator_py.so" to ""
[5.076s] -- Installing: /home/dliujm/um_files/rob_498_av/AutoVehicle25/audi_ws/install/autocar_msgs/share/autocar_msgs/msg/Path2D.idl
[5.076s] -- Installing: /home/dliujm/um_files/rob_498_av/AutoVehicle25/audi_ws/install/autocar_msgs/share/autocar_msgs/msg/State2D.idl
[5.076s] -- Installing: /home/dliujm/um_files/rob_498_av/AutoVehicle25/audi_ws/install/autocar_msgs/share/autocar_msgs/msg/Twist2D.idl
[5.076s] -- Installing: /home/dliujm/um_files/rob_498_av/AutoVehicle25/audi_ws/install/autocar_msgs/share/autocar_msgs/msg/Path2D.msg
[5.077s] -- Installing: /home/dliujm/um_files/rob_498_av/AutoVehicle25/audi_ws/install/autocar_msgs/share/autocar_msgs/msg/State2D.msg
[5.077s] -- Installing: /home/dliujm/um_files/rob_498_av/AutoVehicle25/audi_ws/install/autocar_msgs/share/autocar_msgs/msg/Twist2D.msg
[5.077s] -- Installing: /home/dliujm/um_files/rob_498_av/AutoVehicle25/audi_ws/install/autocar_msgs/share/ament_index/resource_index/package_run_dependencies/autocar_msgs
[5.077s] -- Installing: /home/dliujm/um_files/rob_498_av/AutoVehicle25/audi_ws/install/autocar_msgs/share/ament_index/resource_index/parent_prefix_path/autocar_msgs
[5.077s] -- Installing: /home/dliujm/um_files/rob_498_av/AutoVehicle25/audi_ws/install/autocar_msgs/share/autocar_msgs/environment/ament_prefix_path.sh
[5.077s] -- Installing: /home/dliujm/um_files/rob_498_av/AutoVehicle25/audi_ws/install/autocar_msgs/share/autocar_msgs/environment/ament_prefix_path.dsv
[5.078s] -- Installing: /home/dliujm/um_files/rob_498_av/AutoVehicle25/audi_ws/install/autocar_msgs/share/autocar_msgs/environment/path.sh
[5.078s] -- Installing: /home/dliujm/um_files/rob_498_av/AutoVehicle25/audi_ws/install/autocar_msgs/share/autocar_msgs/environment/path.dsv
[5.078s] -- Installing: /home/dliujm/um_files/rob_498_av/AutoVehicle25/audi_ws/install/autocar_msgs/share/autocar_msgs/local_setup.bash
[5.078s] -- Installing: /home/dliujm/um_files/rob_498_av/AutoVehicle25/audi_ws/install/autocar_msgs/share/autocar_msgs/local_setup.sh
[5.078s] -- Installing: /home/dliujm/um_files/rob_498_av/AutoVehicle25/audi_ws/install/autocar_msgs/share/autocar_msgs/local_setup.zsh
[5.078s] -- Installing: /home/dliujm/um_files/rob_498_av/AutoVehicle25/audi_ws/install/autocar_msgs/share/autocar_msgs/local_setup.dsv
[5.078s] -- Installing: /home/dliujm/um_files/rob_498_av/AutoVehicle25/audi_ws/install/autocar_msgs/share/autocar_msgs/package.dsv
[5.079s] -- Installing: /home/dliujm/um_files/rob_498_av/AutoVehicle25/audi_ws/install/autocar_msgs/share/ament_index/resource_index/packages/autocar_msgs
[5.079s] -- Installing: /home/dliujm/um_files/rob_498_av/AutoVehicle25/audi_ws/install/autocar_msgs/share/autocar_msgs/cmake/export_autocar_msgs__rosidl_generator_cExport.cmake
[5.079s] -- Installing: /home/dliujm/um_files/rob_498_av/AutoVehicle25/audi_ws/install/autocar_msgs/share/autocar_msgs/cmake/export_autocar_msgs__rosidl_generator_cExport-noconfig.cmake
[5.079s] -- Installing: /home/dliujm/um_files/rob_498_av/AutoVehicle25/audi_ws/install/autocar_msgs/share/autocar_msgs/cmake/export_autocar_msgs__rosidl_typesupport_fastrtps_cExport.cmake
[5.079s] -- Installing: /home/dliujm/um_files/rob_498_av/AutoVehicle25/audi_ws/install/autocar_msgs/share/autocar_msgs/cmake/export_autocar_msgs__rosidl_typesupport_fastrtps_cExport-noconfig.cmake
[5.080s] -- Installing: /home/dliujm/um_files/rob_498_av/AutoVehicle25/audi_ws/install/autocar_msgs/share/autocar_msgs/cmake/export_autocar_msgs__rosidl_generator_cppExport.cmake
[5.080s] -- Installing: /home/dliujm/um_files/rob_498_av/AutoVehicle25/audi_ws/install/autocar_msgs/share/autocar_msgs/cmake/export_autocar_msgs__rosidl_typesupport_fastrtps_cppExport.cmake
[5.080s] -- Installing: /home/dliujm/um_files/rob_498_av/AutoVehicle25/audi_ws/install/autocar_msgs/share/autocar_msgs/cmake/export_autocar_msgs__rosidl_typesupport_fastrtps_cppExport-noconfig.cmake
[5.080s] -- Installing: /home/dliujm/um_files/rob_498_av/AutoVehicle25/audi_ws/install/autocar_msgs/share/autocar_msgs/cmake/autocar_msgs__rosidl_typesupport_introspection_cExport.cmake
[5.080s] -- Installing: /home/dliujm/um_files/rob_498_av/AutoVehicle25/audi_ws/install/autocar_msgs/share/autocar_msgs/cmake/autocar_msgs__rosidl_typesupport_introspection_cExport-noconfig.cmake
[5.080s] -- Installing: /home/dliujm/um_files/rob_498_av/AutoVehicle25/audi_ws/install/autocar_msgs/share/autocar_msgs/cmake/autocar_msgs__rosidl_typesupport_cExport.cmake
[5.080s] -- Installing: /home/dliujm/um_files/rob_498_av/AutoVehicle25/audi_ws/install/autocar_msgs/share/autocar_msgs/cmake/autocar_msgs__rosidl_typesupport_cExport-noconfig.cmake
[5.081s] -- Installing: /home/dliujm/um_files/rob_498_av/AutoVehicle25/audi_ws/install/autocar_msgs/share/autocar_msgs/cmake/autocar_msgs__rosidl_typesupport_introspection_cppExport.cmake
[5.081s] -- Installing: /home/dliujm/um_files/rob_498_av/AutoVehicle25/audi_ws/install/autocar_msgs/share/autocar_msgs/cmake/autocar_msgs__rosidl_typesupport_introspection_cppExport-noconfig.cmake
[5.081s] -- Installing: /home/dliujm/um_files/rob_498_av/AutoVehicle25/audi_ws/install/autocar_msgs/share/autocar_msgs/cmake/autocar_msgs__rosidl_typesupport_cppExport.cmake
[5.081s] -- Installing: /home/dliujm/um_files/rob_498_av/AutoVehicle25/audi_ws/install/autocar_msgs/share/autocar_msgs/cmake/autocar_msgs__rosidl_typesupport_cppExport-noconfig.cmake
[5.081s] -- Installing: /home/dliujm/um_files/rob_498_av/AutoVehicle25/audi_ws/install/autocar_msgs/share/autocar_msgs/cmake/export_autocar_msgs__rosidl_generator_pyExport.cmake
[5.081s] -- Installing: /home/dliujm/um_files/rob_498_av/AutoVehicle25/audi_ws/install/autocar_msgs/share/autocar_msgs/cmake/export_autocar_msgs__rosidl_generator_pyExport-noconfig.cmake
[5.081s] -- Installing: /home/dliujm/um_files/rob_498_av/AutoVehicle25/audi_ws/install/autocar_msgs/share/autocar_msgs/cmake/rosidl_cmake-extras.cmake
[5.082s] -- Installing: /home/dliujm/um_files/rob_498_av/AutoVehicle25/audi_ws/install/autocar_msgs/share/autocar_msgs/cmake/ament_cmake_export_dependencies-extras.cmake
[5.082s] -- Installing: /home/dliujm/um_files/rob_498_av/AutoVehicle25/audi_ws/install/autocar_msgs/share/autocar_msgs/cmake/ament_cmake_export_include_directories-extras.cmake
[5.082s] -- Installing: /home/dliujm/um_files/rob_498_av/AutoVehicle25/audi_ws/install/autocar_msgs/share/autocar_msgs/cmake/ament_cmake_export_libraries-extras.cmake
[5.082s] -- Installing: /home/dliujm/um_files/rob_498_av/AutoVehicle25/audi_ws/install/autocar_msgs/share/autocar_msgs/cmake/ament_cmake_export_targets-extras.cmake
[5.082s] -- Installing: /home/dliujm/um_files/rob_498_av/AutoVehicle25/audi_ws/install/autocar_msgs/share/autocar_msgs/cmake/rosidl_cmake_export_typesupport_targets-extras.cmake
[5.082s] -- Installing: /home/dliujm/um_files/rob_498_av/AutoVehicle25/audi_ws/install/autocar_msgs/share/autocar_msgs/cmake/rosidl_cmake_export_typesupport_libraries-extras.cmake
[5.083s] -- Installing: /home/dliujm/um_files/rob_498_av/AutoVehicle25/audi_ws/install/autocar_msgs/share/autocar_msgs/cmake/autocar_msgsConfig.cmake
[5.083s] -- Installing: /home/dliujm/um_files/rob_498_av/AutoVehicle25/audi_ws/install/autocar_msgs/share/autocar_msgs/cmake/autocar_msgsConfig-version.cmake
[5.083s] -- Installing: /home/dliujm/um_files/rob_498_av/AutoVehicle25/audi_ws/install/autocar_msgs/share/autocar_msgs/package.xml
[5.086s] Invoked command in '/home/dliujm/um_files/rob_498_av/AutoVehicle25/audi_ws/build/autocar_msgs' returned '0': CMAKE_PREFIX_PATH=${CMAKE_PREFIX_PATH}:/home/dliujm/ros2_ws/install/voice_command:/home/dliujm/ros2_ws/install/semantic_mapping:/home/dliujm/ros2_ws/install/semantic_labeling_demo:/home/dliujm/ros2_ws/install/racing_controller:/home/dliujm/ros2_ws/install/odom_tf_broadcaster_pkg:/home/dliujm/ros2_ws/install/lucy_hardware:/home/dliujm/ros2_ws/install/image_saver:/home/dliujm/ros2_ws/src/install/semantic_mapping:/home/dliujm/ros2_ws/src/install/semantic_labeling_demo:/home/dliujm/ros2_ws/src/install/odom_tf_broadcaster_pkg:/home/dliujm/ros2_ws/src/install/lucy_hardware:/home/dliujm/ros2_ws/src/install/image_saver:/opt/ros/humble /usr/bin/cmake --install /home/dliujm/um_files/rob_498_av/AutoVehicle25/audi_ws/build/autocar_msgs
