[0.896s] Invoking command in '/home/fishros/AutoVehicle25/audi_ws/src/vehicle_state_publisher': PYTHONPATH=/home/fishros/AutoVehicle25/audi_ws/build/vehicle_state_publisher/prefix_override:/usr/lib/python3/dist-packages/colcon_core/task/python/colcon_distutils_commands:/home/fishros/AutoVehicle25/audi_ws/install/vehicle_state_publisher/lib/python3.10/site-packages:${PYTHONPATH} /usr/bin/python3 -W ignore:setup.py install is deprecated -W ignore:easy_install command is deprecated setup.py egg_info --egg-base ../../build/vehicle_state_publisher build --build-base /home/fishros/AutoVehicle25/audi_ws/build/vehicle_state_publisher/build install --record /home/fishros/AutoVehicle25/audi_ws/build/vehicle_state_publisher/install.log --single-version-externally-managed install_data
[1.122s] running egg_info
[1.122s] creating ../../build/vehicle_state_publisher/vehicle_state_publisher.egg-info
[1.122s] writing ../../build/vehicle_state_publisher/vehicle_state_publisher.egg-info/PKG-INFO
[1.122s] writing dependency_links to ../../build/vehicle_state_publisher/vehicle_state_publisher.egg-info/dependency_links.txt
[1.122s] writing entry points to ../../build/vehicle_state_publisher/vehicle_state_publisher.egg-info/entry_points.txt
[1.123s] writing requirements to ../../build/vehicle_state_publisher/vehicle_state_publisher.egg-info/requires.txt
[1.123s] writing top-level names to ../../build/vehicle_state_publisher/vehicle_state_publisher.egg-info/top_level.txt
[1.123s] writing manifest file '../../build/vehicle_state_publisher/vehicle_state_publisher.egg-info/SOURCES.txt'
[1.124s] reading manifest file '../../build/vehicle_state_publisher/vehicle_state_publisher.egg-info/SOURCES.txt'
[1.125s] writing manifest file '../../build/vehicle_state_publisher/vehicle_state_publisher.egg-info/SOURCES.txt'
[1.125s] running build
[1.125s] running build_py
[1.125s] creating /home/fishros/AutoVehicle25/audi_ws/build/vehicle_state_publisher/build
[1.125s] creating /home/fishros/AutoVehicle25/audi_ws/build/vehicle_state_publisher/build/lib
[1.125s] creating /home/fishros/AutoVehicle25/audi_ws/build/vehicle_state_publisher/build/lib/vehicle_state_publisher
[1.126s] copying vehicle_state_publisher/publish_states.py -> /home/fishros/AutoVehicle25/audi_ws/build/vehicle_state_publisher/build/lib/vehicle_state_publisher
[1.126s] copying vehicle_state_publisher/__init__.py -> /home/fishros/AutoVehicle25/audi_ws/build/vehicle_state_publisher/build/lib/vehicle_state_publisher
[1.126s] running install
[1.126s] running install_lib
[1.126s] creating /home/fishros/AutoVehicle25/audi_ws/install/vehicle_state_publisher/lib/python3.10/site-packages/vehicle_state_publisher
[1.126s] copying /home/fishros/AutoVehicle25/audi_ws/build/vehicle_state_publisher/build/lib/vehicle_state_publisher/publish_states.py -> /home/fishros/AutoVehicle25/audi_ws/install/vehicle_state_publisher/lib/python3.10/site-packages/vehicle_state_publisher
[1.126s] copying /home/fishros/AutoVehicle25/audi_ws/build/vehicle_state_publisher/build/lib/vehicle_state_publisher/__init__.py -> /home/fishros/AutoVehicle25/audi_ws/install/vehicle_state_publisher/lib/python3.10/site-packages/vehicle_state_publisher
[1.127s] byte-compiling /home/fishros/AutoVehicle25/audi_ws/install/vehicle_state_publisher/lib/python3.10/site-packages/vehicle_state_publisher/publish_states.py to publish_states.cpython-310.pyc
[1.127s] byte-compiling /home/fishros/AutoVehicle25/audi_ws/install/vehicle_state_publisher/lib/python3.10/site-packages/vehicle_state_publisher/__init__.py to __init__.cpython-310.pyc
[1.127s] running install_data
[1.128s] creating /home/fishros/AutoVehicle25/audi_ws/install/vehicle_state_publisher/share/ament_index
[1.128s] creating /home/fishros/AutoVehicle25/audi_ws/install/vehicle_state_publisher/share/ament_index/resource_index
[1.128s] creating /home/fishros/AutoVehicle25/audi_ws/install/vehicle_state_publisher/share/ament_index/resource_index/packages
[1.128s] copying resource/vehicle_state_publisher -> /home/fishros/AutoVehicle25/audi_ws/install/vehicle_state_publisher/share/ament_index/resource_index/packages
[1.128s] copying package.xml -> /home/fishros/AutoVehicle25/audi_ws/install/vehicle_state_publisher/share/vehicle_state_publisher
[1.128s] running install_egg_info
[1.129s] Copying ../../build/vehicle_state_publisher/vehicle_state_publisher.egg-info to /home/fishros/AutoVehicle25/audi_ws/install/vehicle_state_publisher/lib/python3.10/site-packages/vehicle_state_publisher-0.0.0-py3.10.egg-info
[1.130s] running install_scripts
[1.145s] Installing publish_states script to /home/fishros/AutoVehicle25/audi_ws/install/vehicle_state_publisher/lib/vehicle_state_publisher
[1.145s] writing list of installed files to '/home/fishros/AutoVehicle25/audi_ws/build/vehicle_state_publisher/install.log'
[1.184s] Invoked command in '/home/fishros/AutoVehicle25/audi_ws/src/vehicle_state_publisher' returned '0': PYTHONPATH=/home/fishros/AutoVehicle25/audi_ws/build/vehicle_state_publisher/prefix_override:/usr/lib/python3/dist-packages/colcon_core/task/python/colcon_distutils_commands:/home/fishros/AutoVehicle25/audi_ws/install/vehicle_state_publisher/lib/python3.10/site-packages:${PYTHONPATH} /usr/bin/python3 -W ignore:setup.py install is deprecated -W ignore:easy_install command is deprecated setup.py egg_info --egg-base ../../build/vehicle_state_publisher build --build-base /home/fishros/AutoVehicle25/audi_ws/build/vehicle_state_publisher/build install --record /home/fishros/AutoVehicle25/audi_ws/build/vehicle_state_publisher/install.log --single-version-externally-managed install_data
