[0.006s] Invoking command in '/home/fishros/AutoVehicle25/audi_ws/build/open_loop': CMAKE_PREFIX_PATH=${CMAKE_PREFIX_PATH}:/opt/ros/humble CONDA_PROMPT_MODIFIER=(AV) PS1=(AV) %(?, ,%{$fg[red]%}FAIL%{$reset_color%}
)
%{$fg[magenta]%}%n%{$reset_color%}@%{$fg[yellow]%}%m%{$reset_color%}: %{$fg_bold[blue]%}%~%{$reset_color%}$(git_prompt_info)
➜ /usr/bin/cmake /home/fishros/AutoVehicle25/audi_ws/src/open_loop -DCMAKE_INSTALL_PREFIX=/home/fishros/AutoVehicle25/audi_ws/install/open_loop
[0.013s] -- Found ament_cmake: 1.3.11 (/opt/ros/humble/share/ament_cmake/cmake)
[0.088s] -- Found rclpy: 3.3.15 (/opt/ros/humble/share/rclpy/cmake)
[0.141s] -- Configuring done
[0.142s] -- Generating done
[0.143s] -- Build files have been written to: /home/fishros/AutoVehicle25/audi_ws/build/open_loop
[0.145s] Invoked command in '/home/fishros/AutoVehicle25/audi_ws/build/open_loop' returned '0': CMAKE_PREFIX_PATH=${CMAKE_PREFIX_PATH}:/opt/ros/humble CONDA_PROMPT_MODIFIER=(AV) PS1=(AV) %(?, ,%{$fg[red]%}FAIL%{$reset_color%}
)
%{$fg[magenta]%}%n%{$reset_color%}@%{$fg[yellow]%}%m%{$reset_color%}: %{$fg_bold[blue]%}%~%{$reset_color%}$(git_prompt_info)
➜ /usr/bin/cmake /home/fishros/AutoVehicle25/audi_ws/src/open_loop -DCMAKE_INSTALL_PREFIX=/home/fishros/AutoVehicle25/audi_ws/install/open_loop
[0.146s] Invoking command in '/home/fishros/AutoVehicle25/audi_ws/build/open_loop': CMAKE_PREFIX_PATH=${CMAKE_PREFIX_PATH}:/opt/ros/humble CONDA_PROMPT_MODIFIER=(AV) PS1=(AV) %(?, ,%{$fg[red]%}FAIL%{$reset_color%}
)
%{$fg[magenta]%}%n%{$reset_color%}@%{$fg[yellow]%}%m%{$reset_color%}: %{$fg_bold[blue]%}%~%{$reset_color%}$(git_prompt_info)
➜ /usr/bin/cmake --build /home/fishros/AutoVehicle25/audi_ws/build/open_loop -- -j16 -l16
[0.165s] Invoked command in '/home/fishros/AutoVehicle25/audi_ws/build/open_loop' returned '0': CMAKE_PREFIX_PATH=${CMAKE_PREFIX_PATH}:/opt/ros/humble CONDA_PROMPT_MODIFIER=(AV) PS1=(AV) %(?, ,%{$fg[red]%}FAIL%{$reset_color%}
)
%{$fg[magenta]%}%n%{$reset_color%}@%{$fg[yellow]%}%m%{$reset_color%}: %{$fg_bold[blue]%}%~%{$reset_color%}$(git_prompt_info)
➜ /usr/bin/cmake --build /home/fishros/AutoVehicle25/audi_ws/build/open_loop -- -j16 -l16
[0.170s] Invoking command in '/home/fishros/AutoVehicle25/audi_ws/build/open_loop': CMAKE_PREFIX_PATH=${CMAKE_PREFIX_PATH}:/opt/ros/humble CONDA_PROMPT_MODIFIER=(AV) PS1=(AV) %(?, ,%{$fg[red]%}FAIL%{$reset_color%}
)
%{$fg[magenta]%}%n%{$reset_color%}@%{$fg[yellow]%}%m%{$reset_color%}: %{$fg_bold[blue]%}%~%{$reset_color%}$(git_prompt_info)
➜ /usr/bin/cmake --install /home/fishros/AutoVehicle25/audi_ws/build/open_loop
[0.173s] -- Install configuration: ""
[0.173s] -- Installing: /home/fishros/AutoVehicle25/audi_ws/install/open_loop/lib/open_loop/controller.py
[0.173s] -- Installing: /home/fishros/AutoVehicle25/audi_ws/install/open_loop/share/open_loop/launch
[0.173s] -- Installing: /home/fishros/AutoVehicle25/audi_ws/install/open_loop/share/open_loop/launch/simulation_launch.py
[0.173s] -- Installing: /home/fishros/AutoVehicle25/audi_ws/install/open_loop/share/open_loop/models
[0.174s] -- Installing: /home/fishros/AutoVehicle25/audi_ws/install/open_loop/share/open_loop/models/hatchback
[0.174s] -- Installing: /home/fishros/AutoVehicle25/audi_ws/install/open_loop/share/open_loop/models/hatchback/model.sdf
[0.174s] -- Installing: /home/fishros/AutoVehicle25/audi_ws/install/open_loop/share/open_loop/models/hatchback/thumbnails
[0.174s] -- Installing: /home/fishros/AutoVehicle25/audi_ws/install/open_loop/share/open_loop/models/hatchback/thumbnails/4.png
[0.174s] -- Installing: /home/fishros/AutoVehicle25/audi_ws/install/open_loop/share/open_loop/models/hatchback/thumbnails/5.png
[0.174s] -- Installing: /home/fishros/AutoVehicle25/audi_ws/install/open_loop/share/open_loop/models/hatchback/thumbnails/3.png
[0.174s] -- Installing: /home/fishros/AutoVehicle25/audi_ws/install/open_loop/share/open_loop/models/hatchback/thumbnails/1.png
[0.174s] -- Installing: /home/fishros/AutoVehicle25/audi_ws/install/open_loop/share/open_loop/models/hatchback/thumbnails/2.png
[0.174s] -- Installing: /home/fishros/AutoVehicle25/audi_ws/install/open_loop/share/open_loop/models/hatchback/materials
[0.174s] -- Installing: /home/fishros/AutoVehicle25/audi_ws/install/open_loop/share/open_loop/models/hatchback/materials/textures
[0.174s] -- Installing: /home/fishros/AutoVehicle25/audi_ws/install/open_loop/share/open_loop/models/hatchback/materials/textures/wheels3.png
[0.174s] -- Installing: /home/fishros/AutoVehicle25/audi_ws/install/open_loop/share/open_loop/models/hatchback/materials/textures/hatchback.png
[0.174s] -- Installing: /home/fishros/AutoVehicle25/audi_ws/install/open_loop/share/open_loop/models/hatchback/meshes
[0.174s] -- Installing: /home/fishros/AutoVehicle25/audi_ws/install/open_loop/share/open_loop/models/hatchback/meshes/hatchback.mtl
[0.175s] -- Installing: /home/fishros/AutoVehicle25/audi_ws/install/open_loop/share/open_loop/models/hatchback/meshes/hatchback.obj
[0.175s] -- Installing: /home/fishros/AutoVehicle25/audi_ws/install/open_loop/share/open_loop/models/hatchback/model.config
[0.175s] -- Installing: /home/fishros/AutoVehicle25/audi_ws/install/open_loop/share/ament_index/resource_index/package_run_dependencies/open_loop
[0.175s] -- Installing: /home/fishros/AutoVehicle25/audi_ws/install/open_loop/share/ament_index/resource_index/parent_prefix_path/open_loop
[0.175s] -- Installing: /home/fishros/AutoVehicle25/audi_ws/install/open_loop/share/open_loop/environment/ament_prefix_path.sh
[0.175s] -- Installing: /home/fishros/AutoVehicle25/audi_ws/install/open_loop/share/open_loop/environment/ament_prefix_path.dsv
[0.175s] -- Installing: /home/fishros/AutoVehicle25/audi_ws/install/open_loop/share/open_loop/environment/path.sh
[0.175s] -- Installing: /home/fishros/AutoVehicle25/audi_ws/install/open_loop/share/open_loop/environment/path.dsv
[0.175s] -- Installing: /home/fishros/AutoVehicle25/audi_ws/install/open_loop/share/open_loop/local_setup.bash
[0.175s] -- Installing: /home/fishros/AutoVehicle25/audi_ws/install/open_loop/share/open_loop/local_setup.sh
[0.175s] -- Installing: /home/fishros/AutoVehicle25/audi_ws/install/open_loop/share/open_loop/local_setup.zsh
[0.175s] -- Installing: /home/fishros/AutoVehicle25/audi_ws/install/open_loop/share/open_loop/local_setup.dsv
[0.175s] -- Installing: /home/fishros/AutoVehicle25/audi_ws/install/open_loop/share/open_loop/package.dsv
[0.175s] -- Installing: /home/fishros/AutoVehicle25/audi_ws/install/open_loop/share/ament_index/resource_index/packages/open_loop
[0.175s] -- Installing: /home/fishros/AutoVehicle25/audi_ws/install/open_loop/share/open_loop/cmake/open_loopConfig.cmake
[0.176s] -- Installing: /home/fishros/AutoVehicle25/audi_ws/install/open_loop/share/open_loop/cmake/open_loopConfig-version.cmake
[0.176s] -- Installing: /home/fishros/AutoVehicle25/audi_ws/install/open_loop/share/open_loop/package.xml
[0.177s] Invoked command in '/home/fishros/AutoVehicle25/audi_ws/build/open_loop' returned '0': CMAKE_PREFIX_PATH=${CMAKE_PREFIX_PATH}:/opt/ros/humble CONDA_PROMPT_MODIFIER=(AV) PS1=(AV) %(?, ,%{$fg[red]%}FAIL%{$reset_color%}
)
%{$fg[magenta]%}%n%{$reset_color%}@%{$fg[yellow]%}%m%{$reset_color%}: %{$fg_bold[blue]%}%~%{$reset_color%}$(git_prompt_info)
➜ /usr/bin/cmake --install /home/fishros/AutoVehicle25/audi_ws/build/open_loop
