[0.065s] DEBUG:colcon:Command line arguments: ['/usr/bin/colcon', 'build']
[0.065s] DEBUG:colcon:Parsed command line arguments: Namespace(log_base=None, log_level=None, verb_name='build', build_base='build', install_base='install', merge_install=False, symlink_install=False, test_result_base=None, continue_on_error=False, executor='parallel', parallel_workers=16, event_handlers=None, ignore_user_meta=False, metas=['./colcon.meta'], base_paths=['.'], packages_ignore=None, packages_ignore_regex=None, paths=None, packages_up_to=None, packages_up_to_regex=None, packages_above=None, packages_above_and_dependencies=None, packages_above_depth=None, packages_select_by_dep=None, packages_skip_by_dep=None, packages_skip_up_to=None, packages_select_build_failed=False, packages_skip_build_finished=False, packages_select_test_failures=False, packages_skip_test_passed=False, packages_select=None, packages_skip=None, packages_select_regex=None, packages_skip_regex=None, packages_start=None, packages_end=None, allow_overriding=[], cmake_args=None, cmake_target=None, cmake_target_skip_unavailable=False, cmake_clean_cache=False, cmake_clean_first=False, cmake_force_configure=False, ament_cmake_args=None, catkin_cmake_args=None, catkin_skip_building_tests=False, mixin_files=None, mixin=None, verb_parser=<colcon_mixin.mixin.mixin_argument.MixinArgumentDecorator object at 0x78a59b446fb0>, verb_extension=<colcon_core.verb.build.BuildVerb object at 0x78a59b54be80>, main=<bound method BuildVerb.main of <colcon_core.verb.build.BuildVerb object at 0x78a59b54be80>>, mixin_verb=('build',))
[0.190s] Level 1:colcon.colcon_core.package_discovery:discover_packages(colcon_meta) check parameters
[0.190s] Level 1:colcon.colcon_core.package_discovery:discover_packages(recursive) check parameters
[0.190s] Level 1:colcon.colcon_core.package_discovery:discover_packages(ignore) check parameters
[0.190s] Level 1:colcon.colcon_core.package_discovery:discover_packages(path) check parameters
[0.190s] Level 1:colcon.colcon_core.package_discovery:discover_packages(colcon_meta) discover
[0.190s] Level 1:colcon.colcon_core.package_discovery:discover_packages(recursive) discover
[0.190s] INFO:colcon.colcon_core.package_discovery:Crawling recursively for packages in '/home/dliujm/um_files/rob_498_av/AVAudi/audi_ws'
[0.190s] Level 1:colcon.colcon_core.package_identification:_identify(.) by extensions ['ignore', 'ignore_ament_install']
[0.190s] Level 1:colcon.colcon_core.package_identification:_identify(.) by extension 'ignore'
[0.190s] Level 1:colcon.colcon_core.package_identification:_identify(.) by extension 'ignore_ament_install'
[0.190s] Level 1:colcon.colcon_core.package_identification:_identify(.) by extensions ['colcon_pkg']
[0.190s] Level 1:colcon.colcon_core.package_identification:_identify(.) by extension 'colcon_pkg'
[0.190s] Level 1:colcon.colcon_core.package_identification:_identify(.) by extensions ['colcon_meta']
[0.190s] Level 1:colcon.colcon_core.package_identification:_identify(.) by extension 'colcon_meta'
[0.190s] Level 1:colcon.colcon_core.package_identification:_identify(.) by extensions ['ros']
[0.190s] Level 1:colcon.colcon_core.package_identification:_identify(.) by extension 'ros'
[0.201s] Level 1:colcon.colcon_core.package_identification:_identify(.) by extensions ['cmake', 'python']
[0.201s] Level 1:colcon.colcon_core.package_identification:_identify(.) by extension 'cmake'
[0.202s] Level 1:colcon.colcon_core.package_identification:_identify(.) by extension 'python'
[0.202s] Level 1:colcon.colcon_core.package_identification:_identify(.) by extensions ['python_setup_py']
[0.202s] Level 1:colcon.colcon_core.package_identification:_identify(.) by extension 'python_setup_py'
[0.202s] Level 1:colcon.colcon_core.package_identification:_identify(build) by extensions ['ignore', 'ignore_ament_install']
[0.202s] Level 1:colcon.colcon_core.package_identification:_identify(build) by extension 'ignore'
[0.202s] Level 1:colcon.colcon_core.package_identification:_identify(build) ignored
[0.202s] Level 1:colcon.colcon_core.package_identification:_identify(install) by extensions ['ignore', 'ignore_ament_install']
[0.202s] Level 1:colcon.colcon_core.package_identification:_identify(install) by extension 'ignore'
[0.202s] Level 1:colcon.colcon_core.package_identification:_identify(install) ignored
[0.202s] Level 1:colcon.colcon_core.package_identification:_identify(log) by extensions ['ignore', 'ignore_ament_install']
[0.202s] Level 1:colcon.colcon_core.package_identification:_identify(log) by extension 'ignore'
[0.202s] Level 1:colcon.colcon_core.package_identification:_identify(log) ignored
[0.202s] Level 1:colcon.colcon_core.package_identification:_identify(src) by extensions ['ignore', 'ignore_ament_install']
[0.202s] Level 1:colcon.colcon_core.package_identification:_identify(src) by extension 'ignore'
[0.202s] Level 1:colcon.colcon_core.package_identification:_identify(src) by extension 'ignore_ament_install'
[0.202s] Level 1:colcon.colcon_core.package_identification:_identify(src) by extensions ['colcon_pkg']
[0.202s] Level 1:colcon.colcon_core.package_identification:_identify(src) by extension 'colcon_pkg'
[0.202s] Level 1:colcon.colcon_core.package_identification:_identify(src) by extensions ['colcon_meta']
[0.202s] Level 1:colcon.colcon_core.package_identification:_identify(src) by extension 'colcon_meta'
[0.202s] Level 1:colcon.colcon_core.package_identification:_identify(src) by extensions ['ros']
[0.202s] Level 1:colcon.colcon_core.package_identification:_identify(src) by extension 'ros'
[0.202s] Level 1:colcon.colcon_core.package_identification:_identify(src) by extensions ['cmake', 'python']
[0.202s] Level 1:colcon.colcon_core.package_identification:_identify(src) by extension 'cmake'
[0.202s] Level 1:colcon.colcon_core.package_identification:_identify(src) by extension 'python'
[0.202s] Level 1:colcon.colcon_core.package_identification:_identify(src) by extensions ['python_setup_py']
[0.202s] Level 1:colcon.colcon_core.package_identification:_identify(src) by extension 'python_setup_py'
[0.203s] Level 1:colcon.colcon_core.package_identification:_identify(src/open_loop) by extensions ['ignore', 'ignore_ament_install']
[0.203s] Level 1:colcon.colcon_core.package_identification:_identify(src/open_loop) by extension 'ignore'
[0.203s] Level 1:colcon.colcon_core.package_identification:_identify(src/open_loop) by extension 'ignore_ament_install'
[0.203s] Level 1:colcon.colcon_core.package_identification:_identify(src/open_loop) by extensions ['colcon_pkg']
[0.203s] Level 1:colcon.colcon_core.package_identification:_identify(src/open_loop) by extension 'colcon_pkg'
[0.203s] Level 1:colcon.colcon_core.package_identification:_identify(src/open_loop) by extensions ['colcon_meta']
[0.203s] Level 1:colcon.colcon_core.package_identification:_identify(src/open_loop) by extension 'colcon_meta'
[0.203s] Level 1:colcon.colcon_core.package_identification:_identify(src/open_loop) by extensions ['ros']
[0.203s] Level 1:colcon.colcon_core.package_identification:_identify(src/open_loop) by extension 'ros'
[0.204s] DEBUG:colcon.colcon_core.package_identification:Package 'src/open_loop' with type 'ros.ament_cmake' and name 'open_loop'
[0.204s] Level 1:colcon.colcon_core.package_discovery:discover_packages(recursive) using defaults
[0.204s] Level 1:colcon.colcon_core.package_discovery:discover_packages(ignore) discover
[0.204s] Level 1:colcon.colcon_core.package_discovery:discover_packages(ignore) using defaults
[0.204s] Level 1:colcon.colcon_core.package_discovery:discover_packages(path) discover
[0.204s] Level 1:colcon.colcon_core.package_discovery:discover_packages(path) using defaults
[0.216s] Level 1:colcon.colcon_core.package_discovery:discover_packages(prefix_path) check parameters
[0.216s] Level 1:colcon.colcon_core.package_discovery:discover_packages(prefix_path) discover
[0.217s] DEBUG:colcon.colcon_installed_package_information.package_discovery:Found 1 installed packages in /home/dliujm/um_files/rob_498_av/AVAudi/audi_ws/install
[0.218s] DEBUG:colcon.colcon_installed_package_information.package_discovery:Found 366 installed packages in /opt/ros/humble
[0.219s] Level 1:colcon.colcon_core.package_discovery:discover_packages(prefix_path) using defaults
[0.244s] Level 5:colcon.colcon_core.verb:set package 'open_loop' build argument 'cmake_args' from command line to 'None'
[0.244s] Level 5:colcon.colcon_core.verb:set package 'open_loop' build argument 'cmake_target' from command line to 'None'
[0.244s] Level 5:colcon.colcon_core.verb:set package 'open_loop' build argument 'cmake_target_skip_unavailable' from command line to 'False'
[0.244s] Level 5:colcon.colcon_core.verb:set package 'open_loop' build argument 'cmake_clean_cache' from command line to 'False'
[0.244s] Level 5:colcon.colcon_core.verb:set package 'open_loop' build argument 'cmake_clean_first' from command line to 'False'
[0.244s] Level 5:colcon.colcon_core.verb:set package 'open_loop' build argument 'cmake_force_configure' from command line to 'False'
[0.244s] Level 5:colcon.colcon_core.verb:set package 'open_loop' build argument 'ament_cmake_args' from command line to 'None'
[0.244s] Level 5:colcon.colcon_core.verb:set package 'open_loop' build argument 'catkin_cmake_args' from command line to 'None'
[0.244s] Level 5:colcon.colcon_core.verb:set package 'open_loop' build argument 'catkin_skip_building_tests' from command line to 'False'
[0.244s] DEBUG:colcon.colcon_core.verb:Building package 'open_loop' with the following arguments: {'ament_cmake_args': None, 'build_base': '/home/dliujm/um_files/rob_498_av/AVAudi/audi_ws/build/open_loop', 'catkin_cmake_args': None, 'catkin_skip_building_tests': False, 'cmake_args': None, 'cmake_clean_cache': False, 'cmake_clean_first': False, 'cmake_force_configure': False, 'cmake_target': None, 'cmake_target_skip_unavailable': False, 'install_base': '/home/dliujm/um_files/rob_498_av/AVAudi/audi_ws/install/open_loop', 'merge_install': False, 'path': '/home/dliujm/um_files/rob_498_av/AVAudi/audi_ws/src/open_loop', 'symlink_install': False, 'test_result_base': None}
[0.245s] INFO:colcon.colcon_core.executor:Executing jobs using 'parallel' executor
[0.245s] DEBUG:colcon.colcon_parallel_executor.executor.parallel:run_until_complete
[0.245s] INFO:colcon.colcon_ros.task.ament_cmake.build:Building ROS package in '/home/dliujm/um_files/rob_498_av/AVAudi/audi_ws/src/open_loop' with build type 'ament_cmake'
[0.245s] INFO:colcon.colcon_cmake.task.cmake.build:Building CMake package in '/home/dliujm/um_files/rob_498_av/AVAudi/audi_ws/src/open_loop'
[0.246s] INFO:colcon.colcon_core.plugin_system:Skipping extension 'colcon_core.shell.bat': Not used on non-Windows systems
[0.247s] INFO:colcon.colcon_core.shell:Skip shell extension 'powershell' for command environment: Not usable outside of PowerShell
[0.247s] DEBUG:colcon.colcon_core.shell:Skip shell extension 'dsv' for command environment
[0.252s] DEBUG:colcon.colcon_core.event_handler.log_command:Invoking command in '/home/dliujm/um_files/rob_498_av/AVAudi/audi_ws/build/open_loop': CMAKE_PREFIX_PATH=${CMAKE_PREFIX_PATH}:/opt/ros/humble /usr/bin/cmake --build /home/dliujm/um_files/rob_498_av/AVAudi/audi_ws/build/open_loop -- -j16 -l16
[0.272s] DEBUG:colcon.colcon_core.event_handler.log_command:Invoked command in '/home/dliujm/um_files/rob_498_av/AVAudi/audi_ws/build/open_loop' returned '0': CMAKE_PREFIX_PATH=${CMAKE_PREFIX_PATH}:/opt/ros/humble /usr/bin/cmake --build /home/dliujm/um_files/rob_498_av/AVAudi/audi_ws/build/open_loop -- -j16 -l16
[0.278s] DEBUG:colcon.colcon_core.event_handler.log_command:Invoking command in '/home/dliujm/um_files/rob_498_av/AVAudi/audi_ws/build/open_loop': CMAKE_PREFIX_PATH=${CMAKE_PREFIX_PATH}:/opt/ros/humble /usr/bin/cmake --install /home/dliujm/um_files/rob_498_av/AVAudi/audi_ws/build/open_loop
[0.284s] Level 1:colcon.colcon_core.environment:create_environment_scripts_only(open_loop)
[0.284s] DEBUG:colcon.colcon_core.event_handler.log_command:Invoked command in '/home/dliujm/um_files/rob_498_av/AVAudi/audi_ws/build/open_loop' returned '0': CMAKE_PREFIX_PATH=${CMAKE_PREFIX_PATH}:/opt/ros/humble /usr/bin/cmake --install /home/dliujm/um_files/rob_498_av/AVAudi/audi_ws/build/open_loop
[0.285s] Level 1:colcon.colcon_core.environment:checking '/home/dliujm/um_files/rob_498_av/AVAudi/audi_ws/install/open_loop' for CMake module files
[0.285s] Level 1:colcon.colcon_core.environment:checking '/home/dliujm/um_files/rob_498_av/AVAudi/audi_ws/install/open_loop' for CMake config files
[0.286s] Level 1:colcon.colcon_core.shell:create_environment_hook('open_loop', 'cmake_prefix_path')
[0.286s] INFO:colcon.colcon_core.shell:Creating environment hook '/home/dliujm/um_files/rob_498_av/AVAudi/audi_ws/install/open_loop/share/open_loop/hook/cmake_prefix_path.ps1'
[0.286s] INFO:colcon.colcon_core.shell:Creating environment descriptor '/home/dliujm/um_files/rob_498_av/AVAudi/audi_ws/install/open_loop/share/open_loop/hook/cmake_prefix_path.dsv'
[0.286s] INFO:colcon.colcon_core.shell:Creating environment hook '/home/dliujm/um_files/rob_498_av/AVAudi/audi_ws/install/open_loop/share/open_loop/hook/cmake_prefix_path.sh'
[0.287s] Level 1:colcon.colcon_core.environment:checking '/home/dliujm/um_files/rob_498_av/AVAudi/audi_ws/install/open_loop/lib'
[0.287s] Level 1:colcon.colcon_core.environment:checking '/home/dliujm/um_files/rob_498_av/AVAudi/audi_ws/install/open_loop/bin'
[0.287s] Level 1:colcon.colcon_core.environment:checking '/home/dliujm/um_files/rob_498_av/AVAudi/audi_ws/install/open_loop/lib/pkgconfig/open_loop.pc'
[0.287s] Level 1:colcon.colcon_core.environment:checking '/home/dliujm/um_files/rob_498_av/AVAudi/audi_ws/install/open_loop/lib/python3.10/site-packages'
[0.287s] Level 1:colcon.colcon_core.environment:checking '/home/dliujm/um_files/rob_498_av/AVAudi/audi_ws/install/open_loop/bin'
[0.287s] INFO:colcon.colcon_core.shell:Creating package script '/home/dliujm/um_files/rob_498_av/AVAudi/audi_ws/install/open_loop/share/open_loop/package.ps1'
[0.288s] INFO:colcon.colcon_core.shell:Creating package descriptor '/home/dliujm/um_files/rob_498_av/AVAudi/audi_ws/install/open_loop/share/open_loop/package.dsv'
[0.288s] INFO:colcon.colcon_core.shell:Creating package script '/home/dliujm/um_files/rob_498_av/AVAudi/audi_ws/install/open_loop/share/open_loop/package.sh'
[0.289s] INFO:colcon.colcon_core.shell:Creating package script '/home/dliujm/um_files/rob_498_av/AVAudi/audi_ws/install/open_loop/share/open_loop/package.bash'
[0.289s] INFO:colcon.colcon_core.shell:Creating package script '/home/dliujm/um_files/rob_498_av/AVAudi/audi_ws/install/open_loop/share/open_loop/package.zsh'
[0.289s] Level 1:colcon.colcon_core.environment:create_file_with_runtime_dependencies(/home/dliujm/um_files/rob_498_av/AVAudi/audi_ws/install/open_loop/share/colcon-core/packages/open_loop)
[0.290s] Level 1:colcon.colcon_core.environment:create_environment_scripts_only(open_loop)
[0.290s] Level 1:colcon.colcon_core.environment:checking '/home/dliujm/um_files/rob_498_av/AVAudi/audi_ws/install/open_loop' for CMake module files
[0.290s] Level 1:colcon.colcon_core.environment:checking '/home/dliujm/um_files/rob_498_av/AVAudi/audi_ws/install/open_loop' for CMake config files
[0.290s] Level 1:colcon.colcon_core.shell:create_environment_hook('open_loop', 'cmake_prefix_path')
[0.290s] INFO:colcon.colcon_core.shell:Creating environment hook '/home/dliujm/um_files/rob_498_av/AVAudi/audi_ws/install/open_loop/share/open_loop/hook/cmake_prefix_path.ps1'
[0.291s] INFO:colcon.colcon_core.shell:Creating environment descriptor '/home/dliujm/um_files/rob_498_av/AVAudi/audi_ws/install/open_loop/share/open_loop/hook/cmake_prefix_path.dsv'
[0.291s] INFO:colcon.colcon_core.shell:Creating environment hook '/home/dliujm/um_files/rob_498_av/AVAudi/audi_ws/install/open_loop/share/open_loop/hook/cmake_prefix_path.sh'
[0.291s] Level 1:colcon.colcon_core.environment:checking '/home/dliujm/um_files/rob_498_av/AVAudi/audi_ws/install/open_loop/lib'
[0.291s] Level 1:colcon.colcon_core.environment:checking '/home/dliujm/um_files/rob_498_av/AVAudi/audi_ws/install/open_loop/bin'
[0.291s] Level 1:colcon.colcon_core.environment:checking '/home/dliujm/um_files/rob_498_av/AVAudi/audi_ws/install/open_loop/lib/pkgconfig/open_loop.pc'
[0.291s] Level 1:colcon.colcon_core.environment:checking '/home/dliujm/um_files/rob_498_av/AVAudi/audi_ws/install/open_loop/lib/python3.10/site-packages'
[0.291s] Level 1:colcon.colcon_core.environment:checking '/home/dliujm/um_files/rob_498_av/AVAudi/audi_ws/install/open_loop/bin'
[0.292s] INFO:colcon.colcon_core.shell:Creating package script '/home/dliujm/um_files/rob_498_av/AVAudi/audi_ws/install/open_loop/share/open_loop/package.ps1'
[0.292s] INFO:colcon.colcon_core.shell:Creating package descriptor '/home/dliujm/um_files/rob_498_av/AVAudi/audi_ws/install/open_loop/share/open_loop/package.dsv'
[0.292s] INFO:colcon.colcon_core.shell:Creating package script '/home/dliujm/um_files/rob_498_av/AVAudi/audi_ws/install/open_loop/share/open_loop/package.sh'
[0.292s] INFO:colcon.colcon_core.shell:Creating package script '/home/dliujm/um_files/rob_498_av/AVAudi/audi_ws/install/open_loop/share/open_loop/package.bash'
[0.293s] INFO:colcon.colcon_core.shell:Creating package script '/home/dliujm/um_files/rob_498_av/AVAudi/audi_ws/install/open_loop/share/open_loop/package.zsh'
[0.293s] Level 1:colcon.colcon_core.environment:create_file_with_runtime_dependencies(/home/dliujm/um_files/rob_498_av/AVAudi/audi_ws/install/open_loop/share/colcon-core/packages/open_loop)
[0.293s] DEBUG:colcon.colcon_parallel_executor.executor.parallel:closing loop
[0.293s] DEBUG:colcon.colcon_parallel_executor.executor.parallel:loop closed
[0.293s] DEBUG:colcon.colcon_parallel_executor.executor.parallel:run_until_complete finished with '0'
[0.293s] DEBUG:colcon.colcon_core.event_reactor:joining thread
[0.296s] INFO:colcon.colcon_core.plugin_system:Skipping extension 'colcon_notification.desktop_notification.terminal_notifier': Not used on non-Darwin systems
[0.296s] INFO:colcon.colcon_core.plugin_system:Skipping extension 'colcon_notification.desktop_notification.win32': Not used on non-Windows systems
[0.296s] INFO:colcon.colcon_notification.desktop_notification:Sending desktop notification using 'notify2'
[0.303s] DEBUG:colcon.colcon_core.event_reactor:joined thread
[0.303s] INFO:colcon.colcon_core.shell:Creating prefix script '/home/dliujm/um_files/rob_498_av/AVAudi/audi_ws/install/local_setup.ps1'
[0.303s] INFO:colcon.colcon_core.shell:Creating prefix util module '/home/dliujm/um_files/rob_498_av/AVAudi/audi_ws/install/_local_setup_util_ps1.py'
[0.304s] INFO:colcon.colcon_core.shell:Creating prefix chain script '/home/dliujm/um_files/rob_498_av/AVAudi/audi_ws/install/setup.ps1'
[0.305s] INFO:colcon.colcon_core.shell:Creating prefix script '/home/dliujm/um_files/rob_498_av/AVAudi/audi_ws/install/local_setup.sh'
[0.305s] INFO:colcon.colcon_core.shell:Creating prefix util module '/home/dliujm/um_files/rob_498_av/AVAudi/audi_ws/install/_local_setup_util_sh.py'
[0.306s] INFO:colcon.colcon_core.shell:Creating prefix chain script '/home/dliujm/um_files/rob_498_av/AVAudi/audi_ws/install/setup.sh'
[0.306s] INFO:colcon.colcon_core.shell:Creating prefix script '/home/dliujm/um_files/rob_498_av/AVAudi/audi_ws/install/local_setup.bash'
[0.307s] INFO:colcon.colcon_core.shell:Creating prefix chain script '/home/dliujm/um_files/rob_498_av/AVAudi/audi_ws/install/setup.bash'
[0.307s] INFO:colcon.colcon_core.shell:Creating prefix script '/home/dliujm/um_files/rob_498_av/AVAudi/audi_ws/install/local_setup.zsh'
[0.307s] INFO:colcon.colcon_core.shell:Creating prefix chain script '/home/dliujm/um_files/rob_498_av/AVAudi/audi_ws/install/setup.zsh'
