[0.049s] Invoking command in '/home/dliujm/um_files/rob_498_av/AutoVehicle25/audi_ws/build/autocar_msgs': CMAKE_PREFIX_PATH=${CMAKE_PREFIX_PATH}:/home/dliujm/um_files/rob_498_av/AutoVehicle25/audi_ws/install/racecar_controller:/home/dliujm/um_files/rob_498_av/AutoVehicle25/audi_ws/install/vehicle_state_publisher:/home/dliujm/ros2_ws/install/voice_command:/home/dliujm/ros2_ws/install/semantic_mapping:/home/dliujm/ros2_ws/install/semantic_labeling_demo:/home/dliujm/ros2_ws/install/racing_controller:/home/dliujm/ros2_ws/install/odom_tf_broadcaster_pkg:/home/dliujm/ros2_ws/install/lucy_hardware:/home/dliujm/ros2_ws/install/image_saver:/home/dliujm/ros2_ws/src/install/semantic_mapping:/home/dliujm/ros2_ws/src/install/semantic_labeling_demo:/home/dliujm/ros2_ws/src/install/odom_tf_broadcaster_pkg:/home/dliujm/ros2_ws/src/install/lucy_hardware:/home/dliujm/ros2_ws/src/install/image_saver:/opt/ros/humble /usr/bin/cmake --build /home/dliujm/um_files/rob_498_av/AutoVehicle25/audi_ws/build/autocar_msgs -- -j12 -l12
[0.363s] [  1%] Built target autocar_msgs__cpp
[0.363s] [ 12%] Built target autocar_msgs__rosidl_generator_c
[0.364s] [ 12%] Built target ament_cmake_python_copy_autocar_msgs
[0.364s] [ 23%] Built target autocar_msgs__rosidl_typesupport_cpp
[0.364s] [ 43%] Built target autocar_msgs__rosidl_typesupport_fastrtps_cpp
[0.364s] [ 45%] Built target autocar_msgs__rosidl_typesupport_introspection_cpp
[0.364s] [ 67%] Built target autocar_msgs__rosidl_typesupport_introspection_c
[0.364s] [ 67%] Built target autocar_msgs__rosidl_typesupport_c
[0.364s] [ 78%] Built target autocar_msgs__rosidl_typesupport_fastrtps_c
[0.365s] [ 78%] Built target autocar_msgs
[0.365s] [ 80%] Built target autocar_msgs__py
[0.365s] [ 89%] Built target autocar_msgs__rosidl_generator_py
[0.365s] [100%] Built target autocar_msgs__rosidl_typesupport_fastrtps_c__pyext
[0.365s] [100%] Built target autocar_msgs__rosidl_typesupport_c__pyext
[0.365s] [100%] Built target autocar_msgs__rosidl_typesupport_introspection_c__pyext
[0.446s] running egg_info
[0.447s] writing autocar_msgs.egg-info/PKG-INFO
[0.447s] writing dependency_links to autocar_msgs.egg-info/dependency_links.txt
[0.447s] writing top-level names to autocar_msgs.egg-info/top_level.txt
[0.449s] reading manifest file 'autocar_msgs.egg-info/SOURCES.txt'
[0.450s] writing manifest file 'autocar_msgs.egg-info/SOURCES.txt'
[0.474s] [100%] Built target ament_cmake_python_build_autocar_msgs_egg
[0.681s] Invoked command in '/home/dliujm/um_files/rob_498_av/AutoVehicle25/audi_ws/build/autocar_msgs' returned '0': CMAKE_PREFIX_PATH=${CMAKE_PREFIX_PATH}:/home/dliujm/um_files/rob_498_av/AutoVehicle25/audi_ws/install/racecar_controller:/home/dliujm/um_files/rob_498_av/AutoVehicle25/audi_ws/install/vehicle_state_publisher:/home/dliujm/ros2_ws/install/voice_command:/home/dliujm/ros2_ws/install/semantic_mapping:/home/dliujm/ros2_ws/install/semantic_labeling_demo:/home/dliujm/ros2_ws/install/racing_controller:/home/dliujm/ros2_ws/install/odom_tf_broadcaster_pkg:/home/dliujm/ros2_ws/install/lucy_hardware:/home/dliujm/ros2_ws/install/image_saver:/home/dliujm/ros2_ws/src/install/semantic_mapping:/home/dliujm/ros2_ws/src/install/semantic_labeling_demo:/home/dliujm/ros2_ws/src/install/odom_tf_broadcaster_pkg:/home/dliujm/ros2_ws/src/install/lucy_hardware:/home/dliujm/ros2_ws/src/install/image_saver:/opt/ros/humble /usr/bin/cmake --build /home/dliujm/um_files/rob_498_av/AutoVehicle25/audi_ws/build/autocar_msgs -- -j12 -l12
[0.683s] Invoking command in '/home/dliujm/um_files/rob_498_av/AutoVehicle25/audi_ws/build/autocar_msgs': CMAKE_PREFIX_PATH=${CMAKE_PREFIX_PATH}:/home/dliujm/um_files/rob_498_av/AutoVehicle25/audi_ws/install/racecar_controller:/home/dliujm/um_files/rob_498_av/AutoVehicle25/audi_ws/install/vehicle_state_publisher:/home/dliujm/ros2_ws/install/voice_command:/home/dliujm/ros2_ws/install/semantic_mapping:/home/dliujm/ros2_ws/install/semantic_labeling_demo:/home/dliujm/ros2_ws/install/racing_controller:/home/dliujm/ros2_ws/install/odom_tf_broadcaster_pkg:/home/dliujm/ros2_ws/install/lucy_hardware:/home/dliujm/ros2_ws/install/image_saver:/home/dliujm/ros2_ws/src/install/semantic_mapping:/home/dliujm/ros2_ws/src/install/semantic_labeling_demo:/home/dliujm/ros2_ws/src/install/odom_tf_broadcaster_pkg:/home/dliujm/ros2_ws/src/install/lucy_hardware:/home/dliujm/ros2_ws/src/install/image_saver:/opt/ros/humble /usr/bin/cmake --install /home/dliujm/um_files/rob_498_av/AutoVehicle25/audi_ws/build/autocar_msgs
[0.697s] -- Install configuration: ""
[0.697s] -- Up-to-date: /home/dliujm/um_files/rob_498_av/AutoVehicle25/audi_ws/install/autocar_msgs/share/ament_index/resource_index/rosidl_interfaces/autocar_msgs
[0.697s] -- Up-to-date: /home/dliujm/um_files/rob_498_av/AutoVehicle25/audi_ws/install/autocar_msgs/include/autocar_msgs/autocar_msgs
[0.698s] -- Up-to-date: /home/dliujm/um_files/rob_498_av/AutoVehicle25/audi_ws/install/autocar_msgs/include/autocar_msgs/autocar_msgs/msg
[0.698s] -- Up-to-date: /home/dliujm/um_files/rob_498_av/AutoVehicle25/audi_ws/install/autocar_msgs/include/autocar_msgs/autocar_msgs/msg/vehicle_states.h
[0.698s] -- Up-to-date: /home/dliujm/um_files/rob_498_av/AutoVehicle25/audi_ws/install/autocar_msgs/include/autocar_msgs/autocar_msgs/msg/detail
[0.698s] -- Up-to-date: /home/dliujm/um_files/rob_498_av/AutoVehicle25/audi_ws/install/autocar_msgs/include/autocar_msgs/autocar_msgs/msg/detail/twist2_d__type_support.h
[0.698s] -- Up-to-date: /home/dliujm/um_files/rob_498_av/AutoVehicle25/audi_ws/install/autocar_msgs/include/autocar_msgs/autocar_msgs/msg/detail/path2_d__functions.c
[0.698s] -- Up-to-date: /home/dliujm/um_files/rob_498_av/AutoVehicle25/audi_ws/install/autocar_msgs/include/autocar_msgs/autocar_msgs/msg/detail/state2_d__type_support.h
[0.698s] -- Up-to-date: /home/dliujm/um_files/rob_498_av/AutoVehicle25/audi_ws/install/autocar_msgs/include/autocar_msgs/autocar_msgs/msg/detail/twist2_d__functions.h
[0.698s] -- Up-to-date: /home/dliujm/um_files/rob_498_av/AutoVehicle25/audi_ws/install/autocar_msgs/include/autocar_msgs/autocar_msgs/msg/detail/vehicle_states__struct.h
[0.698s] -- Up-to-date: /home/dliujm/um_files/rob_498_av/AutoVehicle25/audi_ws/install/autocar_msgs/include/autocar_msgs/autocar_msgs/msg/detail/path2_d__struct.h
[0.698s] -- Up-to-date: /home/dliujm/um_files/rob_498_av/AutoVehicle25/audi_ws/install/autocar_msgs/include/autocar_msgs/autocar_msgs/msg/detail/vehicle_states__functions.h
[0.698s] -- Up-to-date: /home/dliujm/um_files/rob_498_av/AutoVehicle25/audi_ws/install/autocar_msgs/include/autocar_msgs/autocar_msgs/msg/detail/path2_d__type_support.h
[0.698s] -- Up-to-date: /home/dliujm/um_files/rob_498_av/AutoVehicle25/audi_ws/install/autocar_msgs/include/autocar_msgs/autocar_msgs/msg/detail/state2_d__functions.h
[0.698s] -- Up-to-date: /home/dliujm/um_files/rob_498_av/AutoVehicle25/audi_ws/install/autocar_msgs/include/autocar_msgs/autocar_msgs/msg/detail/vehicle_states__type_support.h
[0.698s] -- Up-to-date: /home/dliujm/um_files/rob_498_av/AutoVehicle25/audi_ws/install/autocar_msgs/include/autocar_msgs/autocar_msgs/msg/detail/state2_d__functions.c
[0.698s] -- Up-to-date: /home/dliujm/um_files/rob_498_av/AutoVehicle25/audi_ws/install/autocar_msgs/include/autocar_msgs/autocar_msgs/msg/detail/path2_d__functions.h
[0.699s] -- Up-to-date: /home/dliujm/um_files/rob_498_av/AutoVehicle25/audi_ws/install/autocar_msgs/include/autocar_msgs/autocar_msgs/msg/detail/state2_d__struct.h
[0.699s] -- Up-to-date: /home/dliujm/um_files/rob_498_av/AutoVehicle25/audi_ws/install/autocar_msgs/include/autocar_msgs/autocar_msgs/msg/detail/vehicle_states__functions.c
[0.699s] -- Up-to-date: /home/dliujm/um_files/rob_498_av/AutoVehicle25/audi_ws/install/autocar_msgs/include/autocar_msgs/autocar_msgs/msg/detail/twist2_d__functions.c
[0.699s] -- Up-to-date: /home/dliujm/um_files/rob_498_av/AutoVehicle25/audi_ws/install/autocar_msgs/include/autocar_msgs/autocar_msgs/msg/detail/twist2_d__struct.h
[0.699s] -- Up-to-date: /home/dliujm/um_files/rob_498_av/AutoVehicle25/audi_ws/install/autocar_msgs/include/autocar_msgs/autocar_msgs/msg/state2_d.h
[0.699s] -- Up-to-date: /home/dliujm/um_files/rob_498_av/AutoVehicle25/audi_ws/install/autocar_msgs/include/autocar_msgs/autocar_msgs/msg/path2_d.h
[0.699s] -- Up-to-date: /home/dliujm/um_files/rob_498_av/AutoVehicle25/audi_ws/install/autocar_msgs/include/autocar_msgs/autocar_msgs/msg/twist2_d.h
[0.699s] -- Up-to-date: /home/dliujm/um_files/rob_498_av/AutoVehicle25/audi_ws/install/autocar_msgs/include/autocar_msgs/autocar_msgs/msg/rosidl_generator_c__visibility_control.h
[0.699s] -- Up-to-date: /home/dliujm/um_files/rob_498_av/AutoVehicle25/audi_ws/install/autocar_msgs/share/autocar_msgs/environment/library_path.sh
[0.699s] -- Up-to-date: /home/dliujm/um_files/rob_498_av/AutoVehicle25/audi_ws/install/autocar_msgs/share/autocar_msgs/environment/library_path.dsv
[0.699s] -- Up-to-date: /home/dliujm/um_files/rob_498_av/AutoVehicle25/audi_ws/install/autocar_msgs/lib/libautocar_msgs__rosidl_generator_c.so
[0.699s] -- Up-to-date: /home/dliujm/um_files/rob_498_av/AutoVehicle25/audi_ws/install/autocar_msgs/include/autocar_msgs/autocar_msgs
[0.699s] -- Up-to-date: /home/dliujm/um_files/rob_498_av/AutoVehicle25/audi_ws/install/autocar_msgs/include/autocar_msgs/autocar_msgs/msg
[0.699s] -- Up-to-date: /home/dliujm/um_files/rob_498_av/AutoVehicle25/audi_ws/install/autocar_msgs/include/autocar_msgs/autocar_msgs/msg/detail
[0.700s] -- Up-to-date: /home/dliujm/um_files/rob_498_av/AutoVehicle25/audi_ws/install/autocar_msgs/include/autocar_msgs/autocar_msgs/msg/detail/vehicle_states__rosidl_typesupport_fastrtps_c.h
[0.700s] -- Up-to-date: /home/dliujm/um_files/rob_498_av/AutoVehicle25/audi_ws/install/autocar_msgs/include/autocar_msgs/autocar_msgs/msg/detail/twist2_d__rosidl_typesupport_fastrtps_c.h
[0.700s] -- Up-to-date: /home/dliujm/um_files/rob_498_av/AutoVehicle25/audi_ws/install/autocar_msgs/include/autocar_msgs/autocar_msgs/msg/detail/path2_d__rosidl_typesupport_fastrtps_c.h
[0.700s] -- Up-to-date: /home/dliujm/um_files/rob_498_av/AutoVehicle25/audi_ws/install/autocar_msgs/include/autocar_msgs/autocar_msgs/msg/detail/state2_d__rosidl_typesupport_fastrtps_c.h
[0.700s] -- Up-to-date: /home/dliujm/um_files/rob_498_av/AutoVehicle25/audi_ws/install/autocar_msgs/include/autocar_msgs/autocar_msgs/msg/rosidl_typesupport_fastrtps_c__visibility_control.h
[0.700s] -- Up-to-date: /home/dliujm/um_files/rob_498_av/AutoVehicle25/audi_ws/install/autocar_msgs/lib/libautocar_msgs__rosidl_typesupport_fastrtps_c.so
[0.700s] -- Up-to-date: /home/dliujm/um_files/rob_498_av/AutoVehicle25/audi_ws/install/autocar_msgs/include/autocar_msgs/autocar_msgs
[0.700s] -- Up-to-date: /home/dliujm/um_files/rob_498_av/AutoVehicle25/audi_ws/install/autocar_msgs/include/autocar_msgs/autocar_msgs/msg
[0.700s] -- Up-to-date: /home/dliujm/um_files/rob_498_av/AutoVehicle25/audi_ws/install/autocar_msgs/include/autocar_msgs/autocar_msgs/msg/vehicle_states.hpp
[0.700s] -- Up-to-date: /home/dliujm/um_files/rob_498_av/AutoVehicle25/audi_ws/install/autocar_msgs/include/autocar_msgs/autocar_msgs/msg/detail
[0.700s] -- Up-to-date: /home/dliujm/um_files/rob_498_av/AutoVehicle25/audi_ws/install/autocar_msgs/include/autocar_msgs/autocar_msgs/msg/detail/state2_d__builder.hpp
[0.700s] -- Up-to-date: /home/dliujm/um_files/rob_498_av/AutoVehicle25/audi_ws/install/autocar_msgs/include/autocar_msgs/autocar_msgs/msg/detail/vehicle_states__struct.hpp
[0.700s] -- Up-to-date: /home/dliujm/um_files/rob_498_av/AutoVehicle25/audi_ws/install/autocar_msgs/include/autocar_msgs/autocar_msgs/msg/detail/path2_d__struct.hpp
[0.700s] -- Up-to-date: /home/dliujm/um_files/rob_498_av/AutoVehicle25/audi_ws/install/autocar_msgs/include/autocar_msgs/autocar_msgs/msg/detail/vehicle_states__type_support.hpp
[0.700s] -- Up-to-date: /home/dliujm/um_files/rob_498_av/AutoVehicle25/audi_ws/install/autocar_msgs/include/autocar_msgs/autocar_msgs/msg/detail/twist2_d__type_support.hpp
[0.701s] -- Up-to-date: /home/dliujm/um_files/rob_498_av/AutoVehicle25/audi_ws/install/autocar_msgs/include/autocar_msgs/autocar_msgs/msg/detail/state2_d__type_support.hpp
[0.701s] -- Up-to-date: /home/dliujm/um_files/rob_498_av/AutoVehicle25/audi_ws/install/autocar_msgs/include/autocar_msgs/autocar_msgs/msg/detail/state2_d__traits.hpp
[0.701s] -- Up-to-date: /home/dliujm/um_files/rob_498_av/AutoVehicle25/audi_ws/install/autocar_msgs/include/autocar_msgs/autocar_msgs/msg/detail/path2_d__builder.hpp
[0.701s] -- Up-to-date: /home/dliujm/um_files/rob_498_av/AutoVehicle25/audi_ws/install/autocar_msgs/include/autocar_msgs/autocar_msgs/msg/detail/path2_d__traits.hpp
[0.701s] -- Up-to-date: /home/dliujm/um_files/rob_498_av/AutoVehicle25/audi_ws/install/autocar_msgs/include/autocar_msgs/autocar_msgs/msg/detail/vehicle_states__traits.hpp
[0.701s] -- Up-to-date: /home/dliujm/um_files/rob_498_av/AutoVehicle25/audi_ws/install/autocar_msgs/include/autocar_msgs/autocar_msgs/msg/detail/twist2_d__struct.hpp
[0.701s] -- Up-to-date: /home/dliujm/um_files/rob_498_av/AutoVehicle25/audi_ws/install/autocar_msgs/include/autocar_msgs/autocar_msgs/msg/detail/state2_d__struct.hpp
[0.701s] -- Up-to-date: /home/dliujm/um_files/rob_498_av/AutoVehicle25/audi_ws/install/autocar_msgs/include/autocar_msgs/autocar_msgs/msg/detail/vehicle_states__builder.hpp
[0.701s] -- Up-to-date: /home/dliujm/um_files/rob_498_av/AutoVehicle25/audi_ws/install/autocar_msgs/include/autocar_msgs/autocar_msgs/msg/detail/twist2_d__traits.hpp
[0.701s] -- Up-to-date: /home/dliujm/um_files/rob_498_av/AutoVehicle25/audi_ws/install/autocar_msgs/include/autocar_msgs/autocar_msgs/msg/detail/path2_d__type_support.hpp
[0.701s] -- Up-to-date: /home/dliujm/um_files/rob_498_av/AutoVehicle25/audi_ws/install/autocar_msgs/include/autocar_msgs/autocar_msgs/msg/detail/twist2_d__builder.hpp
[0.701s] -- Up-to-date: /home/dliujm/um_files/rob_498_av/AutoVehicle25/audi_ws/install/autocar_msgs/include/autocar_msgs/autocar_msgs/msg/rosidl_generator_cpp__visibility_control.hpp
[0.701s] -- Up-to-date: /home/dliujm/um_files/rob_498_av/AutoVehicle25/audi_ws/install/autocar_msgs/include/autocar_msgs/autocar_msgs/msg/path2_d.hpp
[0.701s] -- Up-to-date: /home/dliujm/um_files/rob_498_av/AutoVehicle25/audi_ws/install/autocar_msgs/include/autocar_msgs/autocar_msgs/msg/state2_d.hpp
[0.701s] -- Up-to-date: /home/dliujm/um_files/rob_498_av/AutoVehicle25/audi_ws/install/autocar_msgs/include/autocar_msgs/autocar_msgs/msg/twist2_d.hpp
[0.702s] -- Up-to-date: /home/dliujm/um_files/rob_498_av/AutoVehicle25/audi_ws/install/autocar_msgs/include/autocar_msgs/autocar_msgs
[0.702s] -- Up-to-date: /home/dliujm/um_files/rob_498_av/AutoVehicle25/audi_ws/install/autocar_msgs/include/autocar_msgs/autocar_msgs/msg
[0.702s] -- Up-to-date: /home/dliujm/um_files/rob_498_av/AutoVehicle25/audi_ws/install/autocar_msgs/include/autocar_msgs/autocar_msgs/msg/detail
[0.702s] -- Up-to-date: /home/dliujm/um_files/rob_498_av/AutoVehicle25/audi_ws/install/autocar_msgs/include/autocar_msgs/autocar_msgs/msg/detail/dds_fastrtps
[0.702s] -- Up-to-date: /home/dliujm/um_files/rob_498_av/AutoVehicle25/audi_ws/install/autocar_msgs/include/autocar_msgs/autocar_msgs/msg/detail/path2_d__rosidl_typesupport_fastrtps_cpp.hpp
[0.702s] -- Up-to-date: /home/dliujm/um_files/rob_498_av/AutoVehicle25/audi_ws/install/autocar_msgs/include/autocar_msgs/autocar_msgs/msg/detail/twist2_d__rosidl_typesupport_fastrtps_cpp.hpp
[0.702s] -- Up-to-date: /home/dliujm/um_files/rob_498_av/AutoVehicle25/audi_ws/install/autocar_msgs/include/autocar_msgs/autocar_msgs/msg/detail/vehicle_states__rosidl_typesupport_fastrtps_cpp.hpp
[0.702s] -- Up-to-date: /home/dliujm/um_files/rob_498_av/AutoVehicle25/audi_ws/install/autocar_msgs/include/autocar_msgs/autocar_msgs/msg/detail/state2_d__rosidl_typesupport_fastrtps_cpp.hpp
[0.702s] -- Up-to-date: /home/dliujm/um_files/rob_498_av/AutoVehicle25/audi_ws/install/autocar_msgs/include/autocar_msgs/autocar_msgs/msg/rosidl_typesupport_fastrtps_cpp__visibility_control.h
[0.702s] -- Up-to-date: /home/dliujm/um_files/rob_498_av/AutoVehicle25/audi_ws/install/autocar_msgs/lib/libautocar_msgs__rosidl_typesupport_fastrtps_cpp.so
[0.702s] -- Up-to-date: /home/dliujm/um_files/rob_498_av/AutoVehicle25/audi_ws/install/autocar_msgs/include/autocar_msgs/autocar_msgs
[0.702s] -- Up-to-date: /home/dliujm/um_files/rob_498_av/AutoVehicle25/audi_ws/install/autocar_msgs/include/autocar_msgs/autocar_msgs/msg
[0.702s] -- Up-to-date: /home/dliujm/um_files/rob_498_av/AutoVehicle25/audi_ws/install/autocar_msgs/include/autocar_msgs/autocar_msgs/msg/detail
[0.702s] -- Up-to-date: /home/dliujm/um_files/rob_498_av/AutoVehicle25/audi_ws/install/autocar_msgs/include/autocar_msgs/autocar_msgs/msg/detail/twist2_d__rosidl_typesupport_introspection_c.h
[0.702s] -- Up-to-date: /home/dliujm/um_files/rob_498_av/AutoVehicle25/audi_ws/install/autocar_msgs/include/autocar_msgs/autocar_msgs/msg/detail/vehicle_states__type_support.c
[0.702s] -- Up-to-date: /home/dliujm/um_files/rob_498_av/AutoVehicle25/audi_ws/install/autocar_msgs/include/autocar_msgs/autocar_msgs/msg/detail/path2_d__type_support.c
[0.703s] -- Up-to-date: /home/dliujm/um_files/rob_498_av/AutoVehicle25/audi_ws/install/autocar_msgs/include/autocar_msgs/autocar_msgs/msg/detail/vehicle_states__rosidl_typesupport_introspection_c.h
[0.703s] -- Up-to-date: /home/dliujm/um_files/rob_498_av/AutoVehicle25/audi_ws/install/autocar_msgs/include/autocar_msgs/autocar_msgs/msg/detail/state2_d__rosidl_typesupport_introspection_c.h
[0.703s] -- Up-to-date: /home/dliujm/um_files/rob_498_av/AutoVehicle25/audi_ws/install/autocar_msgs/include/autocar_msgs/autocar_msgs/msg/detail/state2_d__type_support.c
[0.703s] -- Up-to-date: /home/dliujm/um_files/rob_498_av/AutoVehicle25/audi_ws/install/autocar_msgs/include/autocar_msgs/autocar_msgs/msg/detail/path2_d__rosidl_typesupport_introspection_c.h
[0.703s] -- Up-to-date: /home/dliujm/um_files/rob_498_av/AutoVehicle25/audi_ws/install/autocar_msgs/include/autocar_msgs/autocar_msgs/msg/detail/twist2_d__type_support.c
[0.703s] -- Up-to-date: /home/dliujm/um_files/rob_498_av/AutoVehicle25/audi_ws/install/autocar_msgs/include/autocar_msgs/autocar_msgs/msg/rosidl_typesupport_introspection_c__visibility_control.h
[0.703s] -- Up-to-date: /home/dliujm/um_files/rob_498_av/AutoVehicle25/audi_ws/install/autocar_msgs/lib/libautocar_msgs__rosidl_typesupport_introspection_c.so
[0.703s] -- Up-to-date: /home/dliujm/um_files/rob_498_av/AutoVehicle25/audi_ws/install/autocar_msgs/lib/libautocar_msgs__rosidl_typesupport_c.so
[0.703s] -- Up-to-date: /home/dliujm/um_files/rob_498_av/AutoVehicle25/audi_ws/install/autocar_msgs/include/autocar_msgs/autocar_msgs
[0.703s] -- Up-to-date: /home/dliujm/um_files/rob_498_av/AutoVehicle25/audi_ws/install/autocar_msgs/include/autocar_msgs/autocar_msgs/msg
[0.703s] -- Up-to-date: /home/dliujm/um_files/rob_498_av/AutoVehicle25/audi_ws/install/autocar_msgs/include/autocar_msgs/autocar_msgs/msg/detail
[0.703s] -- Up-to-date: /home/dliujm/um_files/rob_498_av/AutoVehicle25/audi_ws/install/autocar_msgs/include/autocar_msgs/autocar_msgs/msg/detail/state2_d__type_support.cpp
[0.703s] -- Up-to-date: /home/dliujm/um_files/rob_498_av/AutoVehicle25/audi_ws/install/autocar_msgs/include/autocar_msgs/autocar_msgs/msg/detail/state2_d__rosidl_typesupport_introspection_cpp.hpp
[0.703s] -- Up-to-date: /home/dliujm/um_files/rob_498_av/AutoVehicle25/audi_ws/install/autocar_msgs/include/autocar_msgs/autocar_msgs/msg/detail/twist2_d__rosidl_typesupport_introspection_cpp.hpp
[0.703s] -- Up-to-date: /home/dliujm/um_files/rob_498_av/AutoVehicle25/audi_ws/install/autocar_msgs/include/autocar_msgs/autocar_msgs/msg/detail/path2_d__type_support.cpp
[0.703s] -- Up-to-date: /home/dliujm/um_files/rob_498_av/AutoVehicle25/audi_ws/install/autocar_msgs/include/autocar_msgs/autocar_msgs/msg/detail/vehicle_states__type_support.cpp
[0.703s] -- Up-to-date: /home/dliujm/um_files/rob_498_av/AutoVehicle25/audi_ws/install/autocar_msgs/include/autocar_msgs/autocar_msgs/msg/detail/twist2_d__type_support.cpp
[0.703s] -- Up-to-date: /home/dliujm/um_files/rob_498_av/AutoVehicle25/audi_ws/install/autocar_msgs/include/autocar_msgs/autocar_msgs/msg/detail/vehicle_states__rosidl_typesupport_introspection_cpp.hpp
[0.704s] -- Up-to-date: /home/dliujm/um_files/rob_498_av/AutoVehicle25/audi_ws/install/autocar_msgs/include/autocar_msgs/autocar_msgs/msg/detail/path2_d__rosidl_typesupport_introspection_cpp.hpp
[0.704s] -- Up-to-date: /home/dliujm/um_files/rob_498_av/AutoVehicle25/audi_ws/install/autocar_msgs/lib/libautocar_msgs__rosidl_typesupport_introspection_cpp.so
[0.704s] -- Up-to-date: /home/dliujm/um_files/rob_498_av/AutoVehicle25/audi_ws/install/autocar_msgs/lib/libautocar_msgs__rosidl_typesupport_cpp.so
[0.704s] -- Up-to-date: /home/dliujm/um_files/rob_498_av/AutoVehicle25/audi_ws/install/autocar_msgs/share/autocar_msgs/environment/pythonpath.sh
[0.704s] -- Up-to-date: /home/dliujm/um_files/rob_498_av/AutoVehicle25/audi_ws/install/autocar_msgs/share/autocar_msgs/environment/pythonpath.dsv
[0.704s] -- Up-to-date: /home/dliujm/um_files/rob_498_av/AutoVehicle25/audi_ws/install/autocar_msgs/local/lib/python3.10/dist-packages/autocar_msgs-0.0.0-py3.10.egg-info
[0.704s] -- Installing: /home/dliujm/um_files/rob_498_av/AutoVehicle25/audi_ws/install/autocar_msgs/local/lib/python3.10/dist-packages/autocar_msgs-0.0.0-py3.10.egg-info/top_level.txt
[0.704s] -- Installing: /home/dliujm/um_files/rob_498_av/AutoVehicle25/audi_ws/install/autocar_msgs/local/lib/python3.10/dist-packages/autocar_msgs-0.0.0-py3.10.egg-info/SOURCES.txt
[0.704s] -- Installing: /home/dliujm/um_files/rob_498_av/AutoVehicle25/audi_ws/install/autocar_msgs/local/lib/python3.10/dist-packages/autocar_msgs-0.0.0-py3.10.egg-info/dependency_links.txt
[0.704s] -- Installing: /home/dliujm/um_files/rob_498_av/AutoVehicle25/audi_ws/install/autocar_msgs/local/lib/python3.10/dist-packages/autocar_msgs-0.0.0-py3.10.egg-info/PKG-INFO
[0.704s] -- Up-to-date: /home/dliujm/um_files/rob_498_av/AutoVehicle25/audi_ws/install/autocar_msgs/local/lib/python3.10/dist-packages/autocar_msgs
[0.704s] -- Up-to-date: /home/dliujm/um_files/rob_498_av/AutoVehicle25/audi_ws/install/autocar_msgs/local/lib/python3.10/dist-packages/autocar_msgs/autocar_msgs_s__rosidl_typesupport_introspection_c.cpython-310-x86_64-linux-gnu.so
[0.704s] -- Up-to-date: /home/dliujm/um_files/rob_498_av/AutoVehicle25/audi_ws/install/autocar_msgs/local/lib/python3.10/dist-packages/autocar_msgs/autocar_msgs_s__rosidl_typesupport_fastrtps_c.cpython-310-x86_64-linux-gnu.so
[0.704s] -- Up-to-date: /home/dliujm/um_files/rob_498_av/AutoVehicle25/audi_ws/install/autocar_msgs/local/lib/python3.10/dist-packages/autocar_msgs/msg
[0.704s] -- Up-to-date: /home/dliujm/um_files/rob_498_av/AutoVehicle25/audi_ws/install/autocar_msgs/local/lib/python3.10/dist-packages/autocar_msgs/msg/_vehicle_states_s.c
[0.704s] -- Up-to-date: /home/dliujm/um_files/rob_498_av/AutoVehicle25/audi_ws/install/autocar_msgs/local/lib/python3.10/dist-packages/autocar_msgs/msg/_twist2_d.py
[0.705s] -- Up-to-date: /home/dliujm/um_files/rob_498_av/AutoVehicle25/audi_ws/install/autocar_msgs/local/lib/python3.10/dist-packages/autocar_msgs/msg/_path2_d_s.c
[0.705s] -- Up-to-date: /home/dliujm/um_files/rob_498_av/AutoVehicle25/audi_ws/install/autocar_msgs/local/lib/python3.10/dist-packages/autocar_msgs/msg/__init__.py
[0.705s] -- Up-to-date: /home/dliujm/um_files/rob_498_av/AutoVehicle25/audi_ws/install/autocar_msgs/local/lib/python3.10/dist-packages/autocar_msgs/msg/_vehicle_states.py
[0.705s] -- Up-to-date: /home/dliujm/um_files/rob_498_av/AutoVehicle25/audi_ws/install/autocar_msgs/local/lib/python3.10/dist-packages/autocar_msgs/msg/_state2_d.py
[0.705s] -- Up-to-date: /home/dliujm/um_files/rob_498_av/AutoVehicle25/audi_ws/install/autocar_msgs/local/lib/python3.10/dist-packages/autocar_msgs/msg/_twist2_d_s.c
[0.705s] -- Up-to-date: /home/dliujm/um_files/rob_498_av/AutoVehicle25/audi_ws/install/autocar_msgs/local/lib/python3.10/dist-packages/autocar_msgs/msg/_state2_d_s.c
[0.705s] -- Up-to-date: /home/dliujm/um_files/rob_498_av/AutoVehicle25/audi_ws/install/autocar_msgs/local/lib/python3.10/dist-packages/autocar_msgs/msg/_path2_d.py
[0.705s] -- Up-to-date: /home/dliujm/um_files/rob_498_av/AutoVehicle25/audi_ws/install/autocar_msgs/local/lib/python3.10/dist-packages/autocar_msgs/_autocar_msgs_s.ep.rosidl_typesupport_fastrtps_c.c
[0.705s] -- Up-to-date: /home/dliujm/um_files/rob_498_av/AutoVehicle25/audi_ws/install/autocar_msgs/local/lib/python3.10/dist-packages/autocar_msgs/libautocar_msgs__rosidl_generator_py.so
[0.705s] -- Up-to-date: /home/dliujm/um_files/rob_498_av/AutoVehicle25/audi_ws/install/autocar_msgs/local/lib/python3.10/dist-packages/autocar_msgs/_autocar_msgs_s.ep.rosidl_typesupport_c.c
[0.705s] -- Up-to-date: /home/dliujm/um_files/rob_498_av/AutoVehicle25/audi_ws/install/autocar_msgs/local/lib/python3.10/dist-packages/autocar_msgs/autocar_msgs_s__rosidl_typesupport_c.cpython-310-x86_64-linux-gnu.so
[0.705s] -- Up-to-date: /home/dliujm/um_files/rob_498_av/AutoVehicle25/audi_ws/install/autocar_msgs/local/lib/python3.10/dist-packages/autocar_msgs/_autocar_msgs_s.ep.rosidl_typesupport_introspection_c.c
[0.705s] -- Up-to-date: /home/dliujm/um_files/rob_498_av/AutoVehicle25/audi_ws/install/autocar_msgs/local/lib/python3.10/dist-packages/autocar_msgs/__init__.py
[0.748s] Listing '/home/dliujm/um_files/rob_498_av/AutoVehicle25/audi_ws/install/autocar_msgs/local/lib/python3.10/dist-packages/autocar_msgs'...
[0.748s] Listing '/home/dliujm/um_files/rob_498_av/AutoVehicle25/audi_ws/install/autocar_msgs/local/lib/python3.10/dist-packages/autocar_msgs/msg'...
[0.753s] -- Up-to-date: /home/dliujm/um_files/rob_498_av/AutoVehicle25/audi_ws/install/autocar_msgs/local/lib/python3.10/dist-packages/autocar_msgs/autocar_msgs_s__rosidl_typesupport_fastrtps_c.cpython-310-x86_64-linux-gnu.so
[0.753s] -- Up-to-date: /home/dliujm/um_files/rob_498_av/AutoVehicle25/audi_ws/install/autocar_msgs/local/lib/python3.10/dist-packages/autocar_msgs/autocar_msgs_s__rosidl_typesupport_introspection_c.cpython-310-x86_64-linux-gnu.so
[0.754s] -- Up-to-date: /home/dliujm/um_files/rob_498_av/AutoVehicle25/audi_ws/install/autocar_msgs/local/lib/python3.10/dist-packages/autocar_msgs/autocar_msgs_s__rosidl_typesupport_c.cpython-310-x86_64-linux-gnu.so
[0.754s] -- Up-to-date: /home/dliujm/um_files/rob_498_av/AutoVehicle25/audi_ws/install/autocar_msgs/lib/libautocar_msgs__rosidl_generator_py.so
[0.755s] -- Up-to-date: /home/dliujm/um_files/rob_498_av/AutoVehicle25/audi_ws/install/autocar_msgs/share/autocar_msgs/msg/Path2D.idl
[0.755s] -- Up-to-date: /home/dliujm/um_files/rob_498_av/AutoVehicle25/audi_ws/install/autocar_msgs/share/autocar_msgs/msg/State2D.idl
[0.755s] -- Up-to-date: /home/dliujm/um_files/rob_498_av/AutoVehicle25/audi_ws/install/autocar_msgs/share/autocar_msgs/msg/Twist2D.idl
[0.755s] -- Up-to-date: /home/dliujm/um_files/rob_498_av/AutoVehicle25/audi_ws/install/autocar_msgs/share/autocar_msgs/msg/VehicleStates.idl
[0.755s] -- Up-to-date: /home/dliujm/um_files/rob_498_av/AutoVehicle25/audi_ws/install/autocar_msgs/share/autocar_msgs/msg/Path2D.msg
[0.755s] -- Up-to-date: /home/dliujm/um_files/rob_498_av/AutoVehicle25/audi_ws/install/autocar_msgs/share/autocar_msgs/msg/State2D.msg
[0.755s] -- Up-to-date: /home/dliujm/um_files/rob_498_av/AutoVehicle25/audi_ws/install/autocar_msgs/share/autocar_msgs/msg/Twist2D.msg
[0.755s] -- Up-to-date: /home/dliujm/um_files/rob_498_av/AutoVehicle25/audi_ws/install/autocar_msgs/share/autocar_msgs/msg/VehicleStates.msg
[0.755s] -- Up-to-date: /home/dliujm/um_files/rob_498_av/AutoVehicle25/audi_ws/install/autocar_msgs/share/ament_index/resource_index/package_run_dependencies/autocar_msgs
[0.755s] -- Up-to-date: /home/dliujm/um_files/rob_498_av/AutoVehicle25/audi_ws/install/autocar_msgs/share/ament_index/resource_index/parent_prefix_path/autocar_msgs
[0.755s] -- Up-to-date: /home/dliujm/um_files/rob_498_av/AutoVehicle25/audi_ws/install/autocar_msgs/share/autocar_msgs/environment/ament_prefix_path.sh
[0.756s] -- Up-to-date: /home/dliujm/um_files/rob_498_av/AutoVehicle25/audi_ws/install/autocar_msgs/share/autocar_msgs/environment/ament_prefix_path.dsv
[0.756s] -- Up-to-date: /home/dliujm/um_files/rob_498_av/AutoVehicle25/audi_ws/install/autocar_msgs/share/autocar_msgs/environment/path.sh
[0.756s] -- Up-to-date: /home/dliujm/um_files/rob_498_av/AutoVehicle25/audi_ws/install/autocar_msgs/share/autocar_msgs/environment/path.dsv
[0.756s] -- Up-to-date: /home/dliujm/um_files/rob_498_av/AutoVehicle25/audi_ws/install/autocar_msgs/share/autocar_msgs/local_setup.bash
[0.756s] -- Up-to-date: /home/dliujm/um_files/rob_498_av/AutoVehicle25/audi_ws/install/autocar_msgs/share/autocar_msgs/local_setup.sh
[0.756s] -- Up-to-date: /home/dliujm/um_files/rob_498_av/AutoVehicle25/audi_ws/install/autocar_msgs/share/autocar_msgs/local_setup.zsh
[0.756s] -- Up-to-date: /home/dliujm/um_files/rob_498_av/AutoVehicle25/audi_ws/install/autocar_msgs/share/autocar_msgs/local_setup.dsv
[0.756s] -- Installing: /home/dliujm/um_files/rob_498_av/AutoVehicle25/audi_ws/install/autocar_msgs/share/autocar_msgs/package.dsv
[0.756s] -- Up-to-date: /home/dliujm/um_files/rob_498_av/AutoVehicle25/audi_ws/install/autocar_msgs/share/ament_index/resource_index/packages/autocar_msgs
[0.758s] -- Up-to-date: /home/dliujm/um_files/rob_498_av/AutoVehicle25/audi_ws/install/autocar_msgs/share/autocar_msgs/cmake/export_autocar_msgs__rosidl_generator_cExport.cmake
[0.758s] -- Up-to-date: /home/dliujm/um_files/rob_498_av/AutoVehicle25/audi_ws/install/autocar_msgs/share/autocar_msgs/cmake/export_autocar_msgs__rosidl_generator_cExport-noconfig.cmake
[0.758s] -- Up-to-date: /home/dliujm/um_files/rob_498_av/AutoVehicle25/audi_ws/install/autocar_msgs/share/autocar_msgs/cmake/export_autocar_msgs__rosidl_typesupport_fastrtps_cExport.cmake
[0.758s] -- Up-to-date: /home/dliujm/um_files/rob_498_av/AutoVehicle25/audi_ws/install/autocar_msgs/share/autocar_msgs/cmake/export_autocar_msgs__rosidl_typesupport_fastrtps_cExport-noconfig.cmake
[0.759s] -- Up-to-date: /home/dliujm/um_files/rob_498_av/AutoVehicle25/audi_ws/install/autocar_msgs/share/autocar_msgs/cmake/export_autocar_msgs__rosidl_generator_cppExport.cmake
[0.759s] -- Up-to-date: /home/dliujm/um_files/rob_498_av/AutoVehicle25/audi_ws/install/autocar_msgs/share/autocar_msgs/cmake/export_autocar_msgs__rosidl_typesupport_fastrtps_cppExport.cmake
[0.759s] -- Up-to-date: /home/dliujm/um_files/rob_498_av/AutoVehicle25/audi_ws/install/autocar_msgs/share/autocar_msgs/cmake/export_autocar_msgs__rosidl_typesupport_fastrtps_cppExport-noconfig.cmake
[0.760s] -- Up-to-date: /home/dliujm/um_files/rob_498_av/AutoVehicle25/audi_ws/install/autocar_msgs/share/autocar_msgs/cmake/autocar_msgs__rosidl_typesupport_introspection_cExport.cmake
[0.760s] -- Up-to-date: /home/dliujm/um_files/rob_498_av/AutoVehicle25/audi_ws/install/autocar_msgs/share/autocar_msgs/cmake/autocar_msgs__rosidl_typesupport_introspection_cExport-noconfig.cmake
[0.760s] -- Up-to-date: /home/dliujm/um_files/rob_498_av/AutoVehicle25/audi_ws/install/autocar_msgs/share/autocar_msgs/cmake/autocar_msgs__rosidl_typesupport_cExport.cmake
[0.760s] -- Up-to-date: /home/dliujm/um_files/rob_498_av/AutoVehicle25/audi_ws/install/autocar_msgs/share/autocar_msgs/cmake/autocar_msgs__rosidl_typesupport_cExport-noconfig.cmake
[0.760s] -- Up-to-date: /home/dliujm/um_files/rob_498_av/AutoVehicle25/audi_ws/install/autocar_msgs/share/autocar_msgs/cmake/autocar_msgs__rosidl_typesupport_introspection_cppExport.cmake
[0.760s] -- Up-to-date: /home/dliujm/um_files/rob_498_av/AutoVehicle25/audi_ws/install/autocar_msgs/share/autocar_msgs/cmake/autocar_msgs__rosidl_typesupport_introspection_cppExport-noconfig.cmake
[0.761s] -- Up-to-date: /home/dliujm/um_files/rob_498_av/AutoVehicle25/audi_ws/install/autocar_msgs/share/autocar_msgs/cmake/autocar_msgs__rosidl_typesupport_cppExport.cmake
[0.761s] -- Up-to-date: /home/dliujm/um_files/rob_498_av/AutoVehicle25/audi_ws/install/autocar_msgs/share/autocar_msgs/cmake/autocar_msgs__rosidl_typesupport_cppExport-noconfig.cmake
[0.761s] -- Up-to-date: /home/dliujm/um_files/rob_498_av/AutoVehicle25/audi_ws/install/autocar_msgs/share/autocar_msgs/cmake/export_autocar_msgs__rosidl_generator_pyExport.cmake
[0.761s] -- Up-to-date: /home/dliujm/um_files/rob_498_av/AutoVehicle25/audi_ws/install/autocar_msgs/share/autocar_msgs/cmake/export_autocar_msgs__rosidl_generator_pyExport-noconfig.cmake
[0.761s] -- Up-to-date: /home/dliujm/um_files/rob_498_av/AutoVehicle25/audi_ws/install/autocar_msgs/share/autocar_msgs/cmake/rosidl_cmake-extras.cmake
[0.761s] -- Up-to-date: /home/dliujm/um_files/rob_498_av/AutoVehicle25/audi_ws/install/autocar_msgs/share/autocar_msgs/cmake/ament_cmake_export_dependencies-extras.cmake
[0.762s] -- Up-to-date: /home/dliujm/um_files/rob_498_av/AutoVehicle25/audi_ws/install/autocar_msgs/share/autocar_msgs/cmake/ament_cmake_export_include_directories-extras.cmake
[0.762s] -- Up-to-date: /home/dliujm/um_files/rob_498_av/AutoVehicle25/audi_ws/install/autocar_msgs/share/autocar_msgs/cmake/ament_cmake_export_libraries-extras.cmake
[0.762s] -- Up-to-date: /home/dliujm/um_files/rob_498_av/AutoVehicle25/audi_ws/install/autocar_msgs/share/autocar_msgs/cmake/ament_cmake_export_targets-extras.cmake
[0.762s] -- Up-to-date: /home/dliujm/um_files/rob_498_av/AutoVehicle25/audi_ws/install/autocar_msgs/share/autocar_msgs/cmake/rosidl_cmake_export_typesupport_targets-extras.cmake
[0.762s] -- Up-to-date: /home/dliujm/um_files/rob_498_av/AutoVehicle25/audi_ws/install/autocar_msgs/share/autocar_msgs/cmake/rosidl_cmake_export_typesupport_libraries-extras.cmake
[0.762s] -- Up-to-date: /home/dliujm/um_files/rob_498_av/AutoVehicle25/audi_ws/install/autocar_msgs/share/autocar_msgs/cmake/autocar_msgsConfig.cmake
[0.762s] -- Up-to-date: /home/dliujm/um_files/rob_498_av/AutoVehicle25/audi_ws/install/autocar_msgs/share/autocar_msgs/cmake/autocar_msgsConfig-version.cmake
[0.762s] -- Up-to-date: /home/dliujm/um_files/rob_498_av/AutoVehicle25/audi_ws/install/autocar_msgs/share/autocar_msgs/package.xml
[0.765s] Invoked command in '/home/dliujm/um_files/rob_498_av/AutoVehicle25/audi_ws/build/autocar_msgs' returned '0': CMAKE_PREFIX_PATH=${CMAKE_PREFIX_PATH}:/home/dliujm/um_files/rob_498_av/AutoVehicle25/audi_ws/install/racecar_controller:/home/dliujm/um_files/rob_498_av/AutoVehicle25/audi_ws/install/vehicle_state_publisher:/home/dliujm/ros2_ws/install/voice_command:/home/dliujm/ros2_ws/install/semantic_mapping:/home/dliujm/ros2_ws/install/semantic_labeling_demo:/home/dliujm/ros2_ws/install/racing_controller:/home/dliujm/ros2_ws/install/odom_tf_broadcaster_pkg:/home/dliujm/ros2_ws/install/lucy_hardware:/home/dliujm/ros2_ws/install/image_saver:/home/dliujm/ros2_ws/src/install/semantic_mapping:/home/dliujm/ros2_ws/src/install/semantic_labeling_demo:/home/dliujm/ros2_ws/src/install/odom_tf_broadcaster_pkg:/home/dliujm/ros2_ws/src/install/lucy_hardware:/home/dliujm/ros2_ws/src/install/image_saver:/opt/ros/humble /usr/bin/cmake --install /home/dliujm/um_files/rob_498_av/AutoVehicle25/audi_ws/build/autocar_msgs
