[1.658s] Invoking command in '/home/dliujm/um_files/rob_498_av/AutoVehicle25/audi_ws/src/simulation_files': PYTHONPATH=/home/dliujm/um_files/rob_498_av/AutoVehicle25/audi_ws/build/racecar_controller/prefix_override:/usr/lib/python3/dist-packages/colcon_core/task/python/colcon_distutils_commands:/home/dliujm/um_files/rob_498_av/AutoVehicle25/audi_ws/install/racecar_controller/lib/python3.10/site-packages:${PYTHONPATH} /usr/bin/python3 -W ignore:setup.py install is deprecated -W ignore:easy_install command is deprecated setup.py egg_info --egg-base ../../build/racecar_controller build --build-base /home/dliujm/um_files/rob_498_av/AutoVehicle25/audi_ws/build/racecar_controller/build install --record /home/dliujm/um_files/rob_498_av/AutoVehicle25/audi_ws/build/racecar_controller/install.log --single-version-externally-managed install_data
[2.031s] running egg_info
[2.032s] writing ../../build/racecar_controller/racecar_controller.egg-info/PKG-INFO
[2.032s] writing dependency_links to ../../build/racecar_controller/racecar_controller.egg-info/dependency_links.txt
[2.033s] writing entry points to ../../build/racecar_controller/racecar_controller.egg-info/entry_points.txt
[2.033s] writing requirements to ../../build/racecar_controller/racecar_controller.egg-info/requires.txt
[2.033s] writing top-level names to ../../build/racecar_controller/racecar_controller.egg-info/top_level.txt
[2.036s] reading manifest file '../../build/racecar_controller/racecar_controller.egg-info/SOURCES.txt'
[2.037s] writing manifest file '../../build/racecar_controller/racecar_controller.egg-info/SOURCES.txt'
[2.037s] running build
[2.037s] running build_py
[2.037s] copying simulation_files/simulation.py -> /home/dliujm/um_files/rob_498_av/AutoVehicle25/audi_ws/build/racecar_controller/build/lib/simulation_files
[2.038s] copying simulation_files/longtitudinal.py -> /home/dliujm/um_files/rob_498_av/AutoVehicle25/audi_ws/build/racecar_controller/build/lib/simulation_files
[2.038s] running install
[2.039s] running install_lib
[2.040s] copying /home/dliujm/um_files/rob_498_av/AutoVehicle25/audi_ws/build/racecar_controller/build/lib/simulation_files/simulation.py -> /home/dliujm/um_files/rob_498_av/AutoVehicle25/audi_ws/install/racecar_controller/lib/python3.10/site-packages/simulation_files
[2.040s] copying /home/dliujm/um_files/rob_498_av/AutoVehicle25/audi_ws/build/racecar_controller/build/lib/simulation_files/longtitudinal.py -> /home/dliujm/um_files/rob_498_av/AutoVehicle25/audi_ws/install/racecar_controller/lib/python3.10/site-packages/simulation_files
[2.041s] byte-compiling /home/dliujm/um_files/rob_498_av/AutoVehicle25/audi_ws/install/racecar_controller/lib/python3.10/site-packages/simulation_files/simulation.py to simulation.cpython-310.pyc
[2.043s] byte-compiling /home/dliujm/um_files/rob_498_av/AutoVehicle25/audi_ws/install/racecar_controller/lib/python3.10/site-packages/simulation_files/longtitudinal.py to longtitudinal.cpython-310.pyc
[2.044s] running install_data
[2.044s] running install_egg_info
[2.047s] removing '/home/dliujm/um_files/rob_498_av/AutoVehicle25/audi_ws/install/racecar_controller/lib/python3.10/site-packages/racecar_controller-0.0.0-py3.10.egg-info' (and everything under it)
[2.047s] Copying ../../build/racecar_controller/racecar_controller.egg-info to /home/dliujm/um_files/rob_498_av/AutoVehicle25/audi_ws/install/racecar_controller/lib/python3.10/site-packages/racecar_controller-0.0.0-py3.10.egg-info
[2.048s] running install_scripts
[2.076s] Installing simulation script to /home/dliujm/um_files/rob_498_av/AutoVehicle25/audi_ws/install/racecar_controller/lib/racecar_controller
[2.077s] writing list of installed files to '/home/dliujm/um_files/rob_498_av/AutoVehicle25/audi_ws/build/racecar_controller/install.log'
[2.138s] Invoked command in '/home/dliujm/um_files/rob_498_av/AutoVehicle25/audi_ws/src/simulation_files' returned '0': PYTHONPATH=/home/dliujm/um_files/rob_498_av/AutoVehicle25/audi_ws/build/racecar_controller/prefix_override:/usr/lib/python3/dist-packages/colcon_core/task/python/colcon_distutils_commands:/home/dliujm/um_files/rob_498_av/AutoVehicle25/audi_ws/install/racecar_controller/lib/python3.10/site-packages:${PYTHONPATH} /usr/bin/python3 -W ignore:setup.py install is deprecated -W ignore:easy_install command is deprecated setup.py egg_info --egg-base ../../build/racecar_controller build --build-base /home/dliujm/um_files/rob_498_av/AutoVehicle25/audi_ws/build/racecar_controller/build install --record /home/dliujm/um_files/rob_498_av/AutoVehicle25/audi_ws/build/racecar_controller/install.log --single-version-externally-managed install_data
