[0.016s] Invoking command in '/home/fishros/AutoVehicle25/audi_ws/build/autocar_gazebo': CMAKE_PREFIX_PATH=${CMAKE_PREFIX_PATH}:/home/fishros/AutoVehicle25/audi_ws/install/vehicle_state_publisher:/home/fishros/AutoVehicle25/audi_ws/install/racecar_controller:/opt/ros/humble /usr/bin/cmake /home/fishros/AutoVehicle25/audi_ws/src/AutoCarROS2/autocar_gazebo -DCMAKE_INSTALL_PREFIX=/home/fishros/AutoVehicle25/audi_ws/install/autocar_gazebo
[0.248s] -- The C compiler identification is GNU 11.4.0
[0.248s] -- The CXX compiler identification is GNU 11.4.0
[0.248s] -- Detecting C compiler ABI info
[0.248s] -- Detecting C compiler ABI info - done
[0.249s] -- Check for working C compiler: /usr/bin/cc - skipped
[0.249s] -- Detecting C compile features
[0.249s] -- Detecting C compile features - done
[0.249s] -- Detecting CXX compiler ABI info
[0.249s] -- Detecting CXX compiler ABI info - done
[0.249s] -- Check for working CXX compiler: /usr/bin/c++ - skipped
[0.249s] -- Detecting CXX compile features
[0.249s] -- Detecting CXX compile features - done
[0.249s] -- Found ament_cmake: 1.3.11 (/opt/ros/humble/share/ament_cmake/cmake)
[0.316s] -- Found Python3: /usr/bin/python3 (found version "3.10.12") found components: Interpreter 
[0.382s] -- Found ament_lint_auto: 0.12.12 (/opt/ros/humble/share/ament_lint_auto/cmake)
[0.451s] -- Added test 'copyright' to check source files copyright and LICENSE
[0.453s] -- Added test 'lint_cmake' to check CMake code style
[0.454s] -- Added test 'xmllint' to check XML markup files
[0.455s] -- Configuring done
[0.458s] -- Generating done
[0.459s] -- Build files have been written to: /home/fishros/AutoVehicle25/audi_ws/build/autocar_gazebo
[0.485s] Invoked command in '/home/fishros/AutoVehicle25/audi_ws/build/autocar_gazebo' returned '0': CMAKE_PREFIX_PATH=${CMAKE_PREFIX_PATH}:/home/fishros/AutoVehicle25/audi_ws/install/vehicle_state_publisher:/home/fishros/AutoVehicle25/audi_ws/install/racecar_controller:/opt/ros/humble /usr/bin/cmake /home/fishros/AutoVehicle25/audi_ws/src/AutoCarROS2/autocar_gazebo -DCMAKE_INSTALL_PREFIX=/home/fishros/AutoVehicle25/audi_ws/install/autocar_gazebo
[0.486s] Invoking command in '/home/fishros/AutoVehicle25/audi_ws/build/autocar_gazebo': CMAKE_PREFIX_PATH=${CMAKE_PREFIX_PATH}:/home/fishros/AutoVehicle25/audi_ws/install/vehicle_state_publisher:/home/fishros/AutoVehicle25/audi_ws/install/racecar_controller:/opt/ros/humble /usr/bin/cmake --build /home/fishros/AutoVehicle25/audi_ws/build/autocar_gazebo -- -j16 -l16
[0.514s] Invoked command in '/home/fishros/AutoVehicle25/audi_ws/build/autocar_gazebo' returned '0': CMAKE_PREFIX_PATH=${CMAKE_PREFIX_PATH}:/home/fishros/AutoVehicle25/audi_ws/install/vehicle_state_publisher:/home/fishros/AutoVehicle25/audi_ws/install/racecar_controller:/opt/ros/humble /usr/bin/cmake --build /home/fishros/AutoVehicle25/audi_ws/build/autocar_gazebo -- -j16 -l16
[0.522s] Invoking command in '/home/fishros/AutoVehicle25/audi_ws/build/autocar_gazebo': CMAKE_PREFIX_PATH=${CMAKE_PREFIX_PATH}:/home/fishros/AutoVehicle25/audi_ws/install/vehicle_state_publisher:/home/fishros/AutoVehicle25/audi_ws/install/racecar_controller:/opt/ros/humble /usr/bin/cmake --install /home/fishros/AutoVehicle25/audi_ws/build/autocar_gazebo
[0.528s] -- Install configuration: ""
[0.528s] -- Installing: /home/fishros/AutoVehicle25/audi_ws/install/autocar_gazebo/share/autocar_gazebo/worlds
[0.528s] -- Installing: /home/fishros/AutoVehicle25/audi_ws/install/autocar_gazebo/share/autocar_gazebo/worlds/empty.world
[0.528s] -- Installing: /home/fishros/AutoVehicle25/audi_ws/install/autocar_gazebo/share/autocar_gazebo/worlds/autocar.world
[0.528s] -- Installing: /home/fishros/AutoVehicle25/audi_ws/install/autocar_gazebo/share/autocar_gazebo/worlds/autocar_spawn.world
[0.528s] -- Installing: /home/fishros/AutoVehicle25/audi_ws/install/autocar_gazebo/share/autocar_gazebo/worlds/populated_road.world
[0.528s] -- Installing: /home/fishros/AutoVehicle25/audi_ws/install/autocar_gazebo/share/autocar_gazebo/worlds/autocar_city.world
[0.528s] -- Installing: /home/fishros/AutoVehicle25/audi_ws/install/autocar_gazebo/share/autocar_gazebo/worlds/road.world
[0.528s] -- Installing: /home/fishros/AutoVehicle25/audi_ws/install/autocar_gazebo/share/autocar_gazebo/worlds/slippery_test.world
[0.528s] -- Up-to-date: /home/fishros/.gazebo/models/autocar
[0.529s] -- Up-to-date: /home/fishros/.gazebo/models/autocar/model.sdf
[0.529s] -- Up-to-date: /home/fishros/.gazebo/models/autocar/meshes
[0.529s] -- Up-to-date: /home/fishros/.gazebo/models/autocar/meshes/burger_base.dae
[0.529s] -- Up-to-date: /home/fishros/.gazebo/models/autocar/meshes/br_1.stl
[0.529s] -- Up-to-date: /home/fishros/.gazebo/models/autocar/meshes/fr_1.stl
[0.529s] -- Up-to-date: /home/fishros/.gazebo/models/autocar/meshes/spoiler.stl
[0.529s] -- Up-to-date: /home/fishros/.gazebo/models/autocar/meshes/tire.dae
[0.529s] -- Up-to-date: /home/fishros/.gazebo/models/autocar/meshes/hokuyo.dae
[0.529s] -- Up-to-date: /home/fishros/.gazebo/models/autocar/meshes/fl_1.stl
[0.529s] -- Up-to-date: /home/fishros/.gazebo/models/autocar/meshes/chassis_link.stl
[0.529s] -- Up-to-date: /home/fishros/.gazebo/models/autocar/meshes/bl_1.stl
[0.529s] -- Up-to-date: /home/fishros/.gazebo/models/autocar/meshes/lds.dae
[0.529s] -- Up-to-date: /home/fishros/.gazebo/models/autocar/model.config
[0.529s] -- Installing: /home/fishros/AutoVehicle25/audi_ws/install/autocar_gazebo/share/ament_index/resource_index/package_run_dependencies/autocar_gazebo
[0.529s] -- Installing: /home/fishros/AutoVehicle25/audi_ws/install/autocar_gazebo/share/ament_index/resource_index/parent_prefix_path/autocar_gazebo
[0.530s] -- Installing: /home/fishros/AutoVehicle25/audi_ws/install/autocar_gazebo/share/autocar_gazebo/environment/ament_prefix_path.sh
[0.530s] -- Installing: /home/fishros/AutoVehicle25/audi_ws/install/autocar_gazebo/share/autocar_gazebo/environment/ament_prefix_path.dsv
[0.530s] -- Installing: /home/fishros/AutoVehicle25/audi_ws/install/autocar_gazebo/share/autocar_gazebo/environment/path.sh
[0.530s] -- Installing: /home/fishros/AutoVehicle25/audi_ws/install/autocar_gazebo/share/autocar_gazebo/environment/path.dsv
[0.530s] -- Installing: /home/fishros/AutoVehicle25/audi_ws/install/autocar_gazebo/share/autocar_gazebo/local_setup.bash
[0.530s] -- Installing: /home/fishros/AutoVehicle25/audi_ws/install/autocar_gazebo/share/autocar_gazebo/local_setup.sh
[0.530s] -- Installing: /home/fishros/AutoVehicle25/audi_ws/install/autocar_gazebo/share/autocar_gazebo/local_setup.zsh
[0.530s] -- Installing: /home/fishros/AutoVehicle25/audi_ws/install/autocar_gazebo/share/autocar_gazebo/local_setup.dsv
[0.530s] -- Installing: /home/fishros/AutoVehicle25/audi_ws/install/autocar_gazebo/share/autocar_gazebo/package.dsv
[0.530s] -- Installing: /home/fishros/AutoVehicle25/audi_ws/install/autocar_gazebo/share/ament_index/resource_index/packages/autocar_gazebo
[0.530s] -- Installing: /home/fishros/AutoVehicle25/audi_ws/install/autocar_gazebo/share/autocar_gazebo/cmake/autocar_gazeboConfig.cmake
[0.530s] -- Installing: /home/fishros/AutoVehicle25/audi_ws/install/autocar_gazebo/share/autocar_gazebo/cmake/autocar_gazeboConfig-version.cmake
[0.530s] -- Installing: /home/fishros/AutoVehicle25/audi_ws/install/autocar_gazebo/share/autocar_gazebo/package.xml
[0.532s] Invoked command in '/home/fishros/AutoVehicle25/audi_ws/build/autocar_gazebo' returned '0': CMAKE_PREFIX_PATH=${CMAKE_PREFIX_PATH}:/home/fishros/AutoVehicle25/audi_ws/install/vehicle_state_publisher:/home/fishros/AutoVehicle25/audi_ws/install/racecar_controller:/opt/ros/humble /usr/bin/cmake --install /home/fishros/AutoVehicle25/audi_ws/build/autocar_gazebo
