[0.006s] Invoking command in '/home/fishros/AutoVehicle25/audi_ws/build/autocar_nav': CMAKE_PREFIX_PATH=/home/fishros/AutoVehicle25/audi_ws/install/autocar_msgs:/home/fishros/AutoVehicle25/audi_ws/install/launches:/home/fishros/AutoVehicle25/audi_ws/install/autocar_nav:/home/fishros/AutoVehicle25/audi_ws/install/autocar_map:/home/fishros/AutoVehicle25/audi_ws/install/autocar_gazebo:/home/fishros/AutoVehicle25/audi_ws/install/autocar_description:/home/fishros/AutoVehicle25/audi_ws/install/vehicle_state_publisher:/home/fishros/AutoVehicle25/audi_ws/install/racecar_controller:/opt/ros/humble LD_LIBRARY_PATH=/home/fishros/AutoVehicle25/audi_ws/install/autocar_msgs/lib:/usr/lib/x86_64-linux-gnu/gazebo-11/plugins:/opt/ros/humble/opt/rviz_ogre_vendor/lib:/opt/ros/humble/lib/x86_64-linux-gnu:/opt/ros/humble/lib:/usr/local/cuda-12.6/lib64:/usr/lib/x86_64-linux-gnu/gazebo-11/plugins /usr/bin/cmake /home/fishros/AutoVehicle25/audi_ws/src/AutoCarROS2/autocar_nav -DCMAKE_INSTALL_PREFIX=/home/fishros/AutoVehicle25/audi_ws/install/autocar_nav
[0.039s] -- The C compiler identification is GNU 11.4.0
[0.073s] -- The CXX compiler identification is GNU 11.4.0
[0.078s] -- Detecting C compiler ABI info
[0.122s] -- Detecting C compiler ABI info - done
[0.128s] -- Check for working C compiler: /usr/bin/cc - skipped
[0.128s] -- Detecting C compile features
[0.128s] -- Detecting C compile features - done
[0.130s] -- Detecting CXX compiler ABI info
[0.181s] -- Detecting CXX compiler ABI info - done
[0.186s] -- Check for working CXX compiler: /usr/bin/c++ - skipped
[0.186s] -- Detecting CXX compile features
[0.187s] -- Detecting CXX compile features - done
[0.188s] -- Found ament_cmake: 1.3.11 (/opt/ros/humble/share/ament_cmake/cmake)
[0.294s] -- Found Python3: /usr/bin/python3 (found version "3.10.12") found components: Interpreter 
[0.362s] -- Found rclpy: 3.3.16 (/opt/ros/humble/share/rclpy/cmake)
[0.363s] -- Found geometry_msgs: 4.8.0 (/opt/ros/humble/share/geometry_msgs/cmake)
[0.389s] -- Found rosidl_generator_c: 3.1.6 (/opt/ros/humble/share/rosidl_generator_c/cmake)
[0.393s] -- Found rosidl_adapter: 3.1.6 (/opt/ros/humble/share/rosidl_adapter/cmake)
[0.399s] -- Found rosidl_generator_cpp: 3.1.6 (/opt/ros/humble/share/rosidl_generator_cpp/cmake)
[0.407s] -- Using all available rosidl_typesupport_c: rosidl_typesupport_fastrtps_c;rosidl_typesupport_introspection_c
[0.418s] -- Using all available rosidl_typesupport_cpp: rosidl_typesupport_fastrtps_cpp;rosidl_typesupport_introspection_cpp
[0.445s] -- Found nav_msgs: 4.8.0 (/opt/ros/humble/share/nav_msgs/cmake)
[0.456s] -- Found tf2: 0.25.12 (/opt/ros/humble/share/tf2/cmake)
[0.463s] -- Found tf2_ros: 0.25.12 (/opt/ros/humble/share/tf2_ros/cmake)
[0.508s] -- Found rmw_implementation_cmake: 6.1.2 (/opt/ros/humble/share/rmw_implementation_cmake/cmake)
[0.511s] -- Found rmw_fastrtps_cpp: 6.2.7 (/opt/ros/humble/share/rmw_fastrtps_cpp/cmake)
[0.570s] -- Found OpenSSL: /usr/lib/x86_64-linux-gnu/libcrypto.so (found version "3.0.2")  
[0.589s] -- Found FastRTPS: /opt/ros/humble/include  
[0.617s] -- Using RMW implementation 'rmw_fastrtps_cpp' as default
[0.623s] -- Looking for pthread.h
[0.670s] -- Looking for pthread.h - found
[0.670s] -- Performing Test CMAKE_HAVE_LIBC_PTHREAD
[0.716s] -- Performing Test CMAKE_HAVE_LIBC_PTHREAD - Success
[0.717s] -- Found Threads: TRUE  
[0.841s] -- Found ament_lint_auto: 0.12.12 (/opt/ros/humble/share/ament_lint_auto/cmake)
[0.897s] -- Added test 'copyright' to check source files copyright and LICENSE
[0.898s] -- Added test 'flake8' to check Python code syntax and style conventions
[0.899s] -- Added test 'lint_cmake' to check CMake code style
[0.899s] -- Added test 'pep257' to check Python code against some of the docstring style conventions in PEP 257
[0.900s] -- Added test 'xmllint' to check XML markup files
[0.900s] -- Configuring done
[0.904s] -- Generating done
[0.906s] -- Build files have been written to: /home/fishros/AutoVehicle25/audi_ws/build/autocar_nav
[0.913s] Invoked command in '/home/fishros/AutoVehicle25/audi_ws/build/autocar_nav' returned '0': CMAKE_PREFIX_PATH=/home/fishros/AutoVehicle25/audi_ws/install/autocar_msgs:/home/fishros/AutoVehicle25/audi_ws/install/launches:/home/fishros/AutoVehicle25/audi_ws/install/autocar_nav:/home/fishros/AutoVehicle25/audi_ws/install/autocar_map:/home/fishros/AutoVehicle25/audi_ws/install/autocar_gazebo:/home/fishros/AutoVehicle25/audi_ws/install/autocar_description:/home/fishros/AutoVehicle25/audi_ws/install/vehicle_state_publisher:/home/fishros/AutoVehicle25/audi_ws/install/racecar_controller:/opt/ros/humble LD_LIBRARY_PATH=/home/fishros/AutoVehicle25/audi_ws/install/autocar_msgs/lib:/usr/lib/x86_64-linux-gnu/gazebo-11/plugins:/opt/ros/humble/opt/rviz_ogre_vendor/lib:/opt/ros/humble/lib/x86_64-linux-gnu:/opt/ros/humble/lib:/usr/local/cuda-12.6/lib64:/usr/lib/x86_64-linux-gnu/gazebo-11/plugins /usr/bin/cmake /home/fishros/AutoVehicle25/audi_ws/src/AutoCarROS2/autocar_nav -DCMAKE_INSTALL_PREFIX=/home/fishros/AutoVehicle25/audi_ws/install/autocar_nav
[0.913s] Invoking command in '/home/fishros/AutoVehicle25/audi_ws/build/autocar_nav': CMAKE_PREFIX_PATH=/home/fishros/AutoVehicle25/audi_ws/install/autocar_msgs:/home/fishros/AutoVehicle25/audi_ws/install/launches:/home/fishros/AutoVehicle25/audi_ws/install/autocar_nav:/home/fishros/AutoVehicle25/audi_ws/install/autocar_map:/home/fishros/AutoVehicle25/audi_ws/install/autocar_gazebo:/home/fishros/AutoVehicle25/audi_ws/install/autocar_description:/home/fishros/AutoVehicle25/audi_ws/install/vehicle_state_publisher:/home/fishros/AutoVehicle25/audi_ws/install/racecar_controller:/opt/ros/humble LD_LIBRARY_PATH=/home/fishros/AutoVehicle25/audi_ws/install/autocar_msgs/lib:/usr/lib/x86_64-linux-gnu/gazebo-11/plugins:/opt/ros/humble/opt/rviz_ogre_vendor/lib:/opt/ros/humble/lib/x86_64-linux-gnu:/opt/ros/humble/lib:/usr/local/cuda-12.6/lib64:/usr/lib/x86_64-linux-gnu/gazebo-11/plugins /usr/bin/cmake --build /home/fishros/AutoVehicle25/audi_ws/build/autocar_nav -- -j16 -l16
[0.956s] Built target ament_cmake_python_copy_autocar_nav
[1.146s] running egg_info
[1.146s] creating autocar_nav.egg-info
[1.146s] writing autocar_nav.egg-info/PKG-INFO
[1.147s] writing dependency_links to autocar_nav.egg-info/dependency_links.txt
[1.147s] writing top-level names to autocar_nav.egg-info/top_level.txt
[1.147s] writing manifest file 'autocar_nav.egg-info/SOURCES.txt'
[1.148s] reading manifest file 'autocar_nav.egg-info/SOURCES.txt'
[1.149s] writing manifest file 'autocar_nav.egg-info/SOURCES.txt'
[1.168s] Built target ament_cmake_python_build_autocar_nav_egg
[1.175s] Invoked command in '/home/fishros/AutoVehicle25/audi_ws/build/autocar_nav' returned '0': CMAKE_PREFIX_PATH=/home/fishros/AutoVehicle25/audi_ws/install/autocar_msgs:/home/fishros/AutoVehicle25/audi_ws/install/launches:/home/fishros/AutoVehicle25/audi_ws/install/autocar_nav:/home/fishros/AutoVehicle25/audi_ws/install/autocar_map:/home/fishros/AutoVehicle25/audi_ws/install/autocar_gazebo:/home/fishros/AutoVehicle25/audi_ws/install/autocar_description:/home/fishros/AutoVehicle25/audi_ws/install/vehicle_state_publisher:/home/fishros/AutoVehicle25/audi_ws/install/racecar_controller:/opt/ros/humble LD_LIBRARY_PATH=/home/fishros/AutoVehicle25/audi_ws/install/autocar_msgs/lib:/usr/lib/x86_64-linux-gnu/gazebo-11/plugins:/opt/ros/humble/opt/rviz_ogre_vendor/lib:/opt/ros/humble/lib/x86_64-linux-gnu:/opt/ros/humble/lib:/usr/local/cuda-12.6/lib64:/usr/lib/x86_64-linux-gnu/gazebo-11/plugins /usr/bin/cmake --build /home/fishros/AutoVehicle25/audi_ws/build/autocar_nav -- -j16 -l16
[1.176s] Invoking command in '/home/fishros/AutoVehicle25/audi_ws/build/autocar_nav': CMAKE_PREFIX_PATH=/home/fishros/AutoVehicle25/audi_ws/install/autocar_msgs:/home/fishros/AutoVehicle25/audi_ws/install/launches:/home/fishros/AutoVehicle25/audi_ws/install/autocar_nav:/home/fishros/AutoVehicle25/audi_ws/install/autocar_map:/home/fishros/AutoVehicle25/audi_ws/install/autocar_gazebo:/home/fishros/AutoVehicle25/audi_ws/install/autocar_description:/home/fishros/AutoVehicle25/audi_ws/install/vehicle_state_publisher:/home/fishros/AutoVehicle25/audi_ws/install/racecar_controller:/opt/ros/humble LD_LIBRARY_PATH=/home/fishros/AutoVehicle25/audi_ws/install/autocar_msgs/lib:/usr/lib/x86_64-linux-gnu/gazebo-11/plugins:/opt/ros/humble/opt/rviz_ogre_vendor/lib:/opt/ros/humble/lib/x86_64-linux-gnu:/opt/ros/humble/lib:/usr/local/cuda-12.6/lib64:/usr/lib/x86_64-linux-gnu/gazebo-11/plugins /usr/bin/cmake --install /home/fishros/AutoVehicle25/audi_ws/build/autocar_nav
[1.182s] -- Install configuration: ""
[1.182s] -- Installing: /home/fishros/AutoVehicle25/audi_ws/install/autocar_nav/share/autocar_nav/environment/pythonpath.sh
[1.182s] -- Installing: /home/fishros/AutoVehicle25/audi_ws/install/autocar_nav/share/autocar_nav/environment/pythonpath.dsv
[1.182s] -- Installing: /home/fishros/AutoVehicle25/audi_ws/install/autocar_nav/local/lib/python3.10/dist-packages/autocar_nav-0.0.0-py3.10.egg-info
[1.182s] -- Installing: /home/fishros/AutoVehicle25/audi_ws/install/autocar_nav/local/lib/python3.10/dist-packages/autocar_nav-0.0.0-py3.10.egg-info/dependency_links.txt
[1.182s] -- Installing: /home/fishros/AutoVehicle25/audi_ws/install/autocar_nav/local/lib/python3.10/dist-packages/autocar_nav-0.0.0-py3.10.egg-info/SOURCES.txt
[1.182s] -- Installing: /home/fishros/AutoVehicle25/audi_ws/install/autocar_nav/local/lib/python3.10/dist-packages/autocar_nav-0.0.0-py3.10.egg-info/top_level.txt
[1.182s] -- Installing: /home/fishros/AutoVehicle25/audi_ws/install/autocar_nav/local/lib/python3.10/dist-packages/autocar_nav-0.0.0-py3.10.egg-info/PKG-INFO
[1.182s] -- Installing: /home/fishros/AutoVehicle25/audi_ws/install/autocar_nav/local/lib/python3.10/dist-packages/autocar_nav
[1.182s] -- Installing: /home/fishros/AutoVehicle25/audi_ws/install/autocar_nav/local/lib/python3.10/dist-packages/autocar_nav/normalise_angle.py
[1.182s] -- Installing: /home/fishros/AutoVehicle25/audi_ws/install/autocar_nav/local/lib/python3.10/dist-packages/autocar_nav/yaw_to_quaternion.py
[1.182s] -- Installing: /home/fishros/AutoVehicle25/audi_ws/install/autocar_nav/local/lib/python3.10/dist-packages/autocar_nav/cubic_spline_interpolator.py
[1.182s] -- Installing: /home/fishros/AutoVehicle25/audi_ws/install/autocar_nav/local/lib/python3.10/dist-packages/autocar_nav/__init__.py
[1.207s] Listing '/home/fishros/AutoVehicle25/audi_ws/install/autocar_nav/local/lib/python3.10/dist-packages/autocar_nav'...
[1.207s] Compiling '/home/fishros/AutoVehicle25/audi_ws/install/autocar_nav/local/lib/python3.10/dist-packages/autocar_nav/__init__.py'...
[1.207s] Compiling '/home/fishros/AutoVehicle25/audi_ws/install/autocar_nav/local/lib/python3.10/dist-packages/autocar_nav/cubic_spline_interpolator.py'...
[1.207s] Compiling '/home/fishros/AutoVehicle25/audi_ws/install/autocar_nav/local/lib/python3.10/dist-packages/autocar_nav/normalise_angle.py'...
[1.207s] Compiling '/home/fishros/AutoVehicle25/audi_ws/install/autocar_nav/local/lib/python3.10/dist-packages/autocar_nav/yaw_to_quaternion.py'...
[1.210s] -- Installing: /home/fishros/AutoVehicle25/audi_ws/install/autocar_nav/share/autocar_nav/config
[1.210s] -- Installing: /home/fishros/AutoVehicle25/audi_ws/install/autocar_nav/share/autocar_nav/config/navigation_params.yaml
[1.210s] -- Installing: /home/fishros/AutoVehicle25/audi_ws/install/autocar_nav/share/autocar_nav/data
[1.210s] -- Installing: /home/fishros/AutoVehicle25/audi_ws/install/autocar_nav/share/autocar_nav/data/waypoints.csv
[1.210s] -- Installing: /home/fishros/AutoVehicle25/audi_ws/install/autocar_nav/lib/autocar_nav/globalplanner.py
[1.210s] -- Installing: /home/fishros/AutoVehicle25/audi_ws/install/autocar_nav/lib/autocar_nav/localisation.py
[1.210s] -- Installing: /home/fishros/AutoVehicle25/audi_ws/install/autocar_nav/lib/autocar_nav/localplanner.py
[1.210s] -- Installing: /home/fishros/AutoVehicle25/audi_ws/install/autocar_nav/lib/autocar_nav/clickplanner.py
[1.211s] -- Installing: /home/fishros/AutoVehicle25/audi_ws/install/autocar_nav/lib/autocar_nav/tracker.py
[1.211s] -- Installing: /home/fishros/AutoVehicle25/audi_ws/install/autocar_nav/share/ament_index/resource_index/package_run_dependencies/autocar_nav
[1.211s] -- Installing: /home/fishros/AutoVehicle25/audi_ws/install/autocar_nav/share/ament_index/resource_index/parent_prefix_path/autocar_nav
[1.211s] -- Installing: /home/fishros/AutoVehicle25/audi_ws/install/autocar_nav/share/autocar_nav/environment/ament_prefix_path.sh
[1.211s] -- Installing: /home/fishros/AutoVehicle25/audi_ws/install/autocar_nav/share/autocar_nav/environment/ament_prefix_path.dsv
[1.211s] -- Installing: /home/fishros/AutoVehicle25/audi_ws/install/autocar_nav/share/autocar_nav/environment/path.sh
[1.211s] -- Installing: /home/fishros/AutoVehicle25/audi_ws/install/autocar_nav/share/autocar_nav/environment/path.dsv
[1.211s] -- Installing: /home/fishros/AutoVehicle25/audi_ws/install/autocar_nav/share/autocar_nav/local_setup.bash
[1.211s] -- Installing: /home/fishros/AutoVehicle25/audi_ws/install/autocar_nav/share/autocar_nav/local_setup.sh
[1.211s] -- Installing: /home/fishros/AutoVehicle25/audi_ws/install/autocar_nav/share/autocar_nav/local_setup.zsh
[1.211s] -- Installing: /home/fishros/AutoVehicle25/audi_ws/install/autocar_nav/share/autocar_nav/local_setup.dsv
[1.211s] -- Installing: /home/fishros/AutoVehicle25/audi_ws/install/autocar_nav/share/autocar_nav/package.dsv
[1.211s] -- Installing: /home/fishros/AutoVehicle25/audi_ws/install/autocar_nav/share/ament_index/resource_index/packages/autocar_nav
[1.211s] -- Installing: /home/fishros/AutoVehicle25/audi_ws/install/autocar_nav/share/autocar_nav/cmake/autocar_navConfig.cmake
[1.212s] -- Installing: /home/fishros/AutoVehicle25/audi_ws/install/autocar_nav/share/autocar_nav/cmake/autocar_navConfig-version.cmake
[1.212s] -- Installing: /home/fishros/AutoVehicle25/audi_ws/install/autocar_nav/share/autocar_nav/package.xml
[1.213s] Invoked command in '/home/fishros/AutoVehicle25/audi_ws/build/autocar_nav' returned '0': CMAKE_PREFIX_PATH=/home/fishros/AutoVehicle25/audi_ws/install/autocar_msgs:/home/fishros/AutoVehicle25/audi_ws/install/launches:/home/fishros/AutoVehicle25/audi_ws/install/autocar_nav:/home/fishros/AutoVehicle25/audi_ws/install/autocar_map:/home/fishros/AutoVehicle25/audi_ws/install/autocar_gazebo:/home/fishros/AutoVehicle25/audi_ws/install/autocar_description:/home/fishros/AutoVehicle25/audi_ws/install/vehicle_state_publisher:/home/fishros/AutoVehicle25/audi_ws/install/racecar_controller:/opt/ros/humble LD_LIBRARY_PATH=/home/fishros/AutoVehicle25/audi_ws/install/autocar_msgs/lib:/usr/lib/x86_64-linux-gnu/gazebo-11/plugins:/opt/ros/humble/opt/rviz_ogre_vendor/lib:/opt/ros/humble/lib/x86_64-linux-gnu:/opt/ros/humble/lib:/usr/local/cuda-12.6/lib64:/usr/lib/x86_64-linux-gnu/gazebo-11/plugins /usr/bin/cmake --install /home/fishros/AutoVehicle25/audi_ws/build/autocar_nav
