[0.015s] Invoking command in '/home/fishros/AutoVehicle25/audi_ws/build/launches': CMAKE_PREFIX_PATH=${CMAKE_PREFIX_PATH}:/home/fishros/AutoVehicle25/audi_ws/install/vehicle_state_publisher:/home/fishros/AutoVehicle25/audi_ws/install/racecar_controller:/opt/ros/humble /usr/bin/cmake /home/fishros/AutoVehicle25/audi_ws/src/AutoCarROS2/launches -DCMAKE_INSTALL_PREFIX=/home/fishros/AutoVehicle25/audi_ws/install/launches
[0.246s] -- The C compiler identification is GNU 11.4.0
[0.246s] -- The CXX compiler identification is GNU 11.4.0
[0.246s] -- Detecting C compiler ABI info
[0.246s] -- Detecting C compiler ABI info - done
[0.246s] -- Check for working C compiler: /usr/bin/cc - skipped
[0.247s] -- Detecting C compile features
[0.247s] -- Detecting C compile features - done
[0.247s] -- Detecting CXX compiler ABI info
[0.247s] -- Detecting CXX compiler ABI info - done
[0.247s] -- Check for working CXX compiler: /usr/bin/c++ - skipped
[0.247s] -- Detecting CXX compile features
[0.247s] -- Detecting CXX compile features - done
[0.247s] -- Found ament_cmake: 1.3.11 (/opt/ros/humble/share/ament_cmake/cmake)
[0.320s] -- Found Python3: /usr/bin/python3 (found version "3.10.12") found components: Interpreter 
[0.392s] -- Found ament_lint_auto: 0.12.12 (/opt/ros/humble/share/ament_lint_auto/cmake)
[0.456s] -- Added test 'copyright' to check source files copyright and LICENSE
[0.457s] -- Added test 'flake8' to check Python code syntax and style conventions
[0.458s] -- Added test 'lint_cmake' to check CMake code style
[0.458s] -- Added test 'pep257' to check Python code against some of the docstring style conventions in PEP 257
[0.459s] -- Added test 'xmllint' to check XML markup files
[0.460s] -- Configuring done
[0.462s] -- Generating done
[0.464s] -- Build files have been written to: /home/fishros/AutoVehicle25/audi_ws/build/launches
[0.484s] Invoked command in '/home/fishros/AutoVehicle25/audi_ws/build/launches' returned '0': CMAKE_PREFIX_PATH=${CMAKE_PREFIX_PATH}:/home/fishros/AutoVehicle25/audi_ws/install/vehicle_state_publisher:/home/fishros/AutoVehicle25/audi_ws/install/racecar_controller:/opt/ros/humble /usr/bin/cmake /home/fishros/AutoVehicle25/audi_ws/src/AutoCarROS2/launches -DCMAKE_INSTALL_PREFIX=/home/fishros/AutoVehicle25/audi_ws/install/launches
[0.485s] Invoking command in '/home/fishros/AutoVehicle25/audi_ws/build/launches': CMAKE_PREFIX_PATH=${CMAKE_PREFIX_PATH}:/home/fishros/AutoVehicle25/audi_ws/install/vehicle_state_publisher:/home/fishros/AutoVehicle25/audi_ws/install/racecar_controller:/opt/ros/humble /usr/bin/cmake --build /home/fishros/AutoVehicle25/audi_ws/build/launches -- -j16 -l16
[0.521s] Invoked command in '/home/fishros/AutoVehicle25/audi_ws/build/launches' returned '0': CMAKE_PREFIX_PATH=${CMAKE_PREFIX_PATH}:/home/fishros/AutoVehicle25/audi_ws/install/vehicle_state_publisher:/home/fishros/AutoVehicle25/audi_ws/install/racecar_controller:/opt/ros/humble /usr/bin/cmake --build /home/fishros/AutoVehicle25/audi_ws/build/launches -- -j16 -l16
[0.523s] Invoking command in '/home/fishros/AutoVehicle25/audi_ws/build/launches': CMAKE_PREFIX_PATH=${CMAKE_PREFIX_PATH}:/home/fishros/AutoVehicle25/audi_ws/install/vehicle_state_publisher:/home/fishros/AutoVehicle25/audi_ws/install/racecar_controller:/opt/ros/humble /usr/bin/cmake --install /home/fishros/AutoVehicle25/audi_ws/build/launches
[0.529s] -- Install configuration: ""
[0.529s] -- Installing: /home/fishros/AutoVehicle25/audi_ws/install/launches/share/launches/launch
[0.529s] -- Installing: /home/fishros/AutoVehicle25/audi_ws/install/launches/share/launches/launch/default_launch.py
[0.529s] -- Installing: /home/fishros/AutoVehicle25/audi_ws/install/launches/share/launches/launch/click_launch.py
[0.529s] -- Installing: /home/fishros/AutoVehicle25/audi_ws/install/launches/share/launches/launch/slippery_launch.py
[0.529s] -- Installing: /home/fishros/AutoVehicle25/audi_ws/install/launches/share/ament_index/resource_index/package_run_dependencies/launches
[0.529s] -- Installing: /home/fishros/AutoVehicle25/audi_ws/install/launches/share/ament_index/resource_index/parent_prefix_path/launches
[0.529s] -- Installing: /home/fishros/AutoVehicle25/audi_ws/install/launches/share/launches/environment/ament_prefix_path.sh
[0.530s] -- Installing: /home/fishros/AutoVehicle25/audi_ws/install/launches/share/launches/environment/ament_prefix_path.dsv
[0.530s] -- Installing: /home/fishros/AutoVehicle25/audi_ws/install/launches/share/launches/environment/path.sh
[0.530s] -- Installing: /home/fishros/AutoVehicle25/audi_ws/install/launches/share/launches/environment/path.dsv
[0.530s] -- Installing: /home/fishros/AutoVehicle25/audi_ws/install/launches/share/launches/local_setup.bash
[0.530s] -- Installing: /home/fishros/AutoVehicle25/audi_ws/install/launches/share/launches/local_setup.sh
[0.530s] -- Installing: /home/fishros/AutoVehicle25/audi_ws/install/launches/share/launches/local_setup.zsh
[0.530s] -- Installing: /home/fishros/AutoVehicle25/audi_ws/install/launches/share/launches/local_setup.dsv
[0.530s] -- Installing: /home/fishros/AutoVehicle25/audi_ws/install/launches/share/launches/package.dsv
[0.531s] -- Installing: /home/fishros/AutoVehicle25/audi_ws/install/launches/share/ament_index/resource_index/packages/launches
[0.531s] -- Installing: /home/fishros/AutoVehicle25/audi_ws/install/launches/share/launches/cmake/launchesConfig.cmake
[0.531s] -- Installing: /home/fishros/AutoVehicle25/audi_ws/install/launches/share/launches/cmake/launchesConfig-version.cmake
[0.531s] -- Installing: /home/fishros/AutoVehicle25/audi_ws/install/launches/share/launches/package.xml
[0.552s] Invoked command in '/home/fishros/AutoVehicle25/audi_ws/build/launches' returned '0': CMAKE_PREFIX_PATH=${CMAKE_PREFIX_PATH}:/home/fishros/AutoVehicle25/audi_ws/install/vehicle_state_publisher:/home/fishros/AutoVehicle25/audi_ws/install/racecar_controller:/opt/ros/humble /usr/bin/cmake --install /home/fishros/AutoVehicle25/audi_ws/build/launches
