-- Install configuration: ""
-- Installing: /home/dliujm/um_files/rob_498_av/AutoVehicle25/audi_ws/install/robot_desc/share/robot_desc/models
-- Installing: /home/dliujm/um_files/rob_498_av/AutoVehicle25/audi_ws/install/robot_desc/share/robot_desc/models/lucy
-- Installing: /home/dliujm/um_files/rob_498_av/AutoVehicle25/audi_ws/install/robot_desc/share/robot_desc/models/lucy/lucy.sdf
-- Installing: /home/dliujm/um_files/rob_498_av/AutoVehicle25/audi_ws/install/robot_desc/share/robot_desc/models/lucy/model.config
-- Installing: /home/dliujm/um_files/rob_498_av/AutoVehicle25/audi_ws/install/robot_desc/share/ament_index/resource_index/package_run_dependencies/robot_desc
-- Installing: /home/dliujm/um_files/rob_498_av/AutoVehicle25/audi_ws/install/robot_desc/share/ament_index/resource_index/parent_prefix_path/robot_desc
-- Installing: /home/dliujm/um_files/rob_498_av/AutoVehicle25/audi_ws/install/robot_desc/share/robot_desc/environment/ament_prefix_path.sh
-- Installing: /home/dliujm/um_files/rob_498_av/AutoVehicle25/audi_ws/install/robot_desc/share/robot_desc/environment/ament_prefix_path.dsv
-- Installing: /home/dliujm/um_files/rob_498_av/AutoVehicle25/audi_ws/install/robot_desc/share/robot_desc/environment/path.sh
-- Installing: /home/dliujm/um_files/rob_498_av/AutoVehicle25/audi_ws/install/robot_desc/share/robot_desc/environment/path.dsv
-- Installing: /home/dliujm/um_files/rob_498_av/AutoVehicle25/audi_ws/install/robot_desc/share/robot_desc/local_setup.bash
-- Installing: /home/dliujm/um_files/rob_498_av/AutoVehicle25/audi_ws/install/robot_desc/share/robot_desc/local_setup.sh
-- Installing: /home/dliujm/um_files/rob_498_av/AutoVehicle25/audi_ws/install/robot_desc/share/robot_desc/local_setup.zsh
-- Installing: /home/dliujm/um_files/rob_498_av/AutoVehicle25/audi_ws/install/robot_desc/share/robot_desc/local_setup.dsv
-- Installing: /home/dliujm/um_files/rob_498_av/AutoVehicle25/audi_ws/install/robot_desc/share/robot_desc/package.dsv
-- Installing: /home/dliujm/um_files/rob_498_av/AutoVehicle25/audi_ws/install/robot_desc/share/ament_index/resource_index/packages/robot_desc
-- Installing: /home/dliujm/um_files/rob_498_av/AutoVehicle25/audi_ws/install/robot_desc/share/robot_desc/cmake/robot_descConfig.cmake
-- Installing: /home/dliujm/um_files/rob_498_av/AutoVehicle25/audi_ws/install/robot_desc/share/robot_desc/cmake/robot_descConfig-version.cmake
-- Installing: /home/dliujm/um_files/rob_498_av/AutoVehicle25/audi_ws/install/robot_desc/share/robot_desc/package.xml
