/home/fishros/AutoVehicle25/audi_ws/install/racecar_controller/lib/python3.10/site-packages/simulation_files/constants.py
/home/fishros/AutoVehicle25/audi_ws/install/racecar_controller/lib/python3.10/site-packages/simulation_files/simulation.py
/home/fishros/AutoVehicle25/audi_ws/install/racecar_controller/lib/python3.10/site-packages/simulation_files/lateral.py
/home/fishros/AutoVehicle25/audi_ws/install/racecar_controller/lib/python3.10/site-packages/simulation_files/path.py
/home/fishros/AutoVehicle25/audi_ws/install/racecar_controller/lib/python3.10/site-packages/simulation_files/math_stuff.py
/home/fishros/AutoVehicle25/audi_ws/install/racecar_controller/lib/python3.10/site-packages/simulation_files/get_track.py
/home/fishros/AutoVehicle25/audi_ws/install/racecar_controller/lib/python3.10/site-packages/simulation_files/__init__.py
/home/fishros/AutoVehicle25/audi_ws/install/racecar_controller/lib/python3.10/site-packages/simulation_files/longtitudinal.py
/home/fishros/AutoVehicle25/audi_ws/install/racecar_controller/lib/python3.10/site-packages/simulation_files/__pycache__/constants.cpython-310.pyc
/home/fishros/AutoVehicle25/audi_ws/install/racecar_controller/lib/python3.10/site-packages/simulation_files/__pycache__/simulation.cpython-310.pyc
/home/fishros/AutoVehicle25/audi_ws/install/racecar_controller/lib/python3.10/site-packages/simulation_files/__pycache__/lateral.cpython-310.pyc
/home/fishros/AutoVehicle25/audi_ws/install/racecar_controller/lib/python3.10/site-packages/simulation_files/__pycache__/path.cpython-310.pyc
/home/fishros/AutoVehicle25/audi_ws/install/racecar_controller/lib/python3.10/site-packages/simulation_files/__pycache__/math_stuff.cpython-310.pyc
/home/fishros/AutoVehicle25/audi_ws/install/racecar_controller/lib/python3.10/site-packages/simulation_files/__pycache__/get_track.cpython-310.pyc
/home/fishros/AutoVehicle25/audi_ws/install/racecar_controller/lib/python3.10/site-packages/simulation_files/__pycache__/__init__.cpython-310.pyc
/home/fishros/AutoVehicle25/audi_ws/install/racecar_controller/lib/python3.10/site-packages/simulation_files/__pycache__/longtitudinal.cpython-310.pyc
/home/fishros/AutoVehicle25/audi_ws/install/racecar_controller/share/ament_index/resource_index/packages/racecar_controller
/home/fishros/AutoVehicle25/audi_ws/install/racecar_controller/share/racecar_controller/package.xml
/home/fishros/AutoVehicle25/audi_ws/install/racecar_controller/share/racecar_controller/track_info/s.csv
/home/fishros/AutoVehicle25/audi_ws/install/racecar_controller/share/racecar_controller/track_info/MCP_track.csv
/home/fishros/AutoVehicle25/audi_ws/install/racecar_controller/share/racecar_controller/track_info/vel_prof.csv
/home/fishros/AutoVehicle25/audi_ws/install/racecar_controller/share/racecar_controller/track_info/MPC_track.csv
/home/fishros/AutoVehicle25/audi_ws/install/racecar_controller/lib/python3.10/site-packages/racecar_controller-0.0.0-py3.10.egg-info/entry_points.txt
/home/fishros/AutoVehicle25/audi_ws/install/racecar_controller/lib/python3.10/site-packages/racecar_controller-0.0.0-py3.10.egg-info/dependency_links.txt
/home/fishros/AutoVehicle25/audi_ws/install/racecar_controller/lib/python3.10/site-packages/racecar_controller-0.0.0-py3.10.egg-info/SOURCES.txt
/home/fishros/AutoVehicle25/audi_ws/install/racecar_controller/lib/python3.10/site-packages/racecar_controller-0.0.0-py3.10.egg-info/top_level.txt
/home/fishros/AutoVehicle25/audi_ws/install/racecar_controller/lib/python3.10/site-packages/racecar_controller-0.0.0-py3.10.egg-info/PKG-INFO
/home/fishros/AutoVehicle25/audi_ws/install/racecar_controller/lib/python3.10/site-packages/racecar_controller-0.0.0-py3.10.egg-info/requires.txt
/home/fishros/AutoVehicle25/audi_ws/install/racecar_controller/lib/python3.10/site-packages/racecar_controller-0.0.0-py3.10.egg-info/zip-safe
/home/fishros/AutoVehicle25/audi_ws/install/racecar_controller/lib/racecar_controller/simulation
