[0.021s] Invoking command in '/home/fishros/AutoVehicle25/audi_ws/build/autocar_map': CMAKE_PREFIX_PATH=${CMAKE_PREFIX_PATH}:/home/fishros/AutoVehicle25/audi_ws/install/vehicle_state_publisher:/home/fishros/AutoVehicle25/audi_ws/install/racecar_controller:/opt/ros/humble /usr/bin/cmake /home/fishros/AutoVehicle25/audi_ws/src/AutoCarROS2/autocar_map -DCMAKE_INSTALL_PREFIX=/home/fishros/AutoVehicle25/audi_ws/install/autocar_map
[0.278s] -- The C compiler identification is GNU 11.4.0
[0.278s] -- The CXX compiler identification is GNU 11.4.0
[0.278s] -- Detecting C compiler ABI info
[0.278s] -- Detecting C compiler ABI info - done
[0.278s] -- Check for working C compiler: /usr/bin/cc - skipped
[0.278s] -- Detecting C compile features
[0.278s] -- Detecting C compile features - done
[0.278s] -- Detecting CXX compiler ABI info
[0.280s] -- Detecting CXX compiler ABI info - done
[0.287s] -- Check for working CXX compiler: /usr/bin/c++ - skipped
[0.287s] -- Detecting CXX compile features
[0.288s] -- Detecting CXX compile features - done
[0.290s] -- Found ament_cmake: 1.3.11 (/opt/ros/humble/share/ament_cmake/cmake)
[0.424s] -- Found Python3: /usr/bin/python3 (found version "3.10.12") found components: Interpreter 
[0.499s] -- Found rclcpp: 16.0.12 (/opt/ros/humble/share/rclcpp/cmake)
[0.531s] -- Found rosidl_generator_c: 3.1.6 (/opt/ros/humble/share/rosidl_generator_c/cmake)
[0.535s] -- Found rosidl_adapter: 3.1.6 (/opt/ros/humble/share/rosidl_adapter/cmake)
[0.541s] -- Found rosidl_generator_cpp: 3.1.6 (/opt/ros/humble/share/rosidl_generator_cpp/cmake)
[0.550s] -- Using all available rosidl_typesupport_c: rosidl_typesupport_fastrtps_c;rosidl_typesupport_introspection_c
[0.564s] -- Using all available rosidl_typesupport_cpp: rosidl_typesupport_fastrtps_cpp;rosidl_typesupport_introspection_cpp
[0.616s] -- Found rmw_implementation_cmake: 6.1.2 (/opt/ros/humble/share/rmw_implementation_cmake/cmake)
[0.619s] -- Found rmw_fastrtps_cpp: 6.2.7 (/opt/ros/humble/share/rmw_fastrtps_cpp/cmake)
[0.690s] -- Found OpenSSL: /usr/lib/x86_64-linux-gnu/libcrypto.so (found version "3.0.2")  
[0.711s] -- Found FastRTPS: /opt/ros/humble/include  
[0.742s] -- Using RMW implementation 'rmw_fastrtps_cpp' as default
[0.750s] -- Looking for pthread.h
[0.803s] -- Looking for pthread.h - found
[0.804s] -- Performing Test CMAKE_HAVE_LIBC_PTHREAD
[0.871s] -- Performing Test CMAKE_HAVE_LIBC_PTHREAD - Success
[0.872s] -- Found Threads: TRUE  
[0.927s] -- Found nav_msgs: 4.8.0 (/opt/ros/humble/share/nav_msgs/cmake)
[0.957s] -- Found tf2: 0.25.12 (/opt/ros/humble/share/tf2/cmake)
[0.969s] -- Found tf2_ros: 0.25.12 (/opt/ros/humble/share/tf2_ros/cmake)
[1.064s] -- Found sensor_msgs: 4.8.0 (/opt/ros/humble/share/sensor_msgs/cmake)
[1.132s] -- Configuring done
[1.142s] -- Generating done
[1.145s] -- Build files have been written to: /home/fishros/AutoVehicle25/audi_ws/build/autocar_map
[1.154s] Invoked command in '/home/fishros/AutoVehicle25/audi_ws/build/autocar_map' returned '0': CMAKE_PREFIX_PATH=${CMAKE_PREFIX_PATH}:/home/fishros/AutoVehicle25/audi_ws/install/vehicle_state_publisher:/home/fishros/AutoVehicle25/audi_ws/install/racecar_controller:/opt/ros/humble /usr/bin/cmake /home/fishros/AutoVehicle25/audi_ws/src/AutoCarROS2/autocar_map -DCMAKE_INSTALL_PREFIX=/home/fishros/AutoVehicle25/audi_ws/install/autocar_map
[1.155s] Invoking command in '/home/fishros/AutoVehicle25/audi_ws/build/autocar_map': CMAKE_PREFIX_PATH=${CMAKE_PREFIX_PATH}:/home/fishros/AutoVehicle25/audi_ws/install/vehicle_state_publisher:/home/fishros/AutoVehicle25/audi_ws/install/racecar_controller:/opt/ros/humble /usr/bin/cmake --build /home/fishros/AutoVehicle25/audi_ws/build/autocar_map -- -j16 -l16
[1.200s] [ 50%] [32mBuilding CXX object CMakeFiles/bof.dir/src/bof.cpp.o[0m
[9.771s] [100%] [32m[1mLinking CXX executable bof[0m
[10.103s] [100%] Built target bof
[10.109s] Invoked command in '/home/fishros/AutoVehicle25/audi_ws/build/autocar_map' returned '0': CMAKE_PREFIX_PATH=${CMAKE_PREFIX_PATH}:/home/fishros/AutoVehicle25/audi_ws/install/vehicle_state_publisher:/home/fishros/AutoVehicle25/audi_ws/install/racecar_controller:/opt/ros/humble /usr/bin/cmake --build /home/fishros/AutoVehicle25/audi_ws/build/autocar_map -- -j16 -l16
[10.110s] Invoking command in '/home/fishros/AutoVehicle25/audi_ws/build/autocar_map': CMAKE_PREFIX_PATH=${CMAKE_PREFIX_PATH}:/home/fishros/AutoVehicle25/audi_ws/install/vehicle_state_publisher:/home/fishros/AutoVehicle25/audi_ws/install/racecar_controller:/opt/ros/humble /usr/bin/cmake --install /home/fishros/AutoVehicle25/audi_ws/build/autocar_map
[10.115s] -- Install configuration: ""
[10.115s] -- Installing: /home/fishros/AutoVehicle25/audi_ws/install/autocar_map/lib/autocar_map/bof
[10.117s] -- Set runtime path of "/home/fishros/AutoVehicle25/audi_ws/install/autocar_map/lib/autocar_map/bof" to ""
[10.117s] -- Installing: /home/fishros/AutoVehicle25/audi_ws/install/autocar_map/share/ament_index/resource_index/package_run_dependencies/autocar_map
[10.117s] -- Installing: /home/fishros/AutoVehicle25/audi_ws/install/autocar_map/share/ament_index/resource_index/parent_prefix_path/autocar_map
[10.117s] -- Installing: /home/fishros/AutoVehicle25/audi_ws/install/autocar_map/share/autocar_map/environment/ament_prefix_path.sh
[10.117s] -- Installing: /home/fishros/AutoVehicle25/audi_ws/install/autocar_map/share/autocar_map/environment/ament_prefix_path.dsv
[10.117s] -- Installing: /home/fishros/AutoVehicle25/audi_ws/install/autocar_map/share/autocar_map/environment/path.sh
[10.118s] -- Installing: /home/fishros/AutoVehicle25/audi_ws/install/autocar_map/share/autocar_map/environment/path.dsv
[10.118s] -- Installing: /home/fishros/AutoVehicle25/audi_ws/install/autocar_map/share/autocar_map/local_setup.bash
[10.118s] -- Installing: /home/fishros/AutoVehicle25/audi_ws/install/autocar_map/share/autocar_map/local_setup.sh
[10.118s] -- Installing: /home/fishros/AutoVehicle25/audi_ws/install/autocar_map/share/autocar_map/local_setup.zsh
[10.118s] -- Installing: /home/fishros/AutoVehicle25/audi_ws/install/autocar_map/share/autocar_map/local_setup.dsv
[10.118s] -- Installing: /home/fishros/AutoVehicle25/audi_ws/install/autocar_map/share/autocar_map/package.dsv
[10.118s] -- Installing: /home/fishros/AutoVehicle25/audi_ws/install/autocar_map/share/ament_index/resource_index/packages/autocar_map
[10.118s] -- Installing: /home/fishros/AutoVehicle25/audi_ws/install/autocar_map/share/autocar_map/cmake/autocar_mapConfig.cmake
[10.118s] -- Installing: /home/fishros/AutoVehicle25/audi_ws/install/autocar_map/share/autocar_map/cmake/autocar_mapConfig-version.cmake
[10.118s] -- Installing: /home/fishros/AutoVehicle25/audi_ws/install/autocar_map/share/autocar_map/package.xml
[10.119s] Invoked command in '/home/fishros/AutoVehicle25/audi_ws/build/autocar_map' returned '0': CMAKE_PREFIX_PATH=${CMAKE_PREFIX_PATH}:/home/fishros/AutoVehicle25/audi_ws/install/vehicle_state_publisher:/home/fishros/AutoVehicle25/audi_ws/install/racecar_controller:/opt/ros/humble /usr/bin/cmake --install /home/fishros/AutoVehicle25/audi_ws/build/autocar_map
