[1.365s] Invoking command in '/home/dliujm/um_files/rob_498_av/AutoVehicle25/audi_ws/src/simulation_files': PYTHONPATH=/home/dliujm/um_files/rob_498_av/AutoVehicle25/audi_ws/build/racecar_controller/prefix_override:/usr/lib/python3/dist-packages/colcon_core/task/python/colcon_distutils_commands:/home/dliujm/um_files/rob_498_av/AutoVehicle25/audi_ws/install/racecar_controller/lib/python3.10/site-packages:${PYTHONPATH} /usr/bin/python3 -W ignore:setup.py install is deprecated -W ignore:easy_install command is deprecated setup.py egg_info --egg-base ../../build/racecar_controller build --build-base /home/dliujm/um_files/rob_498_av/AutoVehicle25/audi_ws/build/racecar_controller/build install --record /home/dliujm/um_files/rob_498_av/AutoVehicle25/audi_ws/build/racecar_controller/install.log --single-version-externally-managed install_data
[1.693s] running egg_info
[1.693s] writing ../../build/racecar_controller/racecar_controller.egg-info/PKG-INFO
[1.694s] writing dependency_links to ../../build/racecar_controller/racecar_controller.egg-info/dependency_links.txt
[1.694s] writing entry points to ../../build/racecar_controller/racecar_controller.egg-info/entry_points.txt
[1.694s] writing requirements to ../../build/racecar_controller/racecar_controller.egg-info/requires.txt
[1.694s] writing top-level names to ../../build/racecar_controller/racecar_controller.egg-info/top_level.txt
[1.698s] reading manifest file '../../build/racecar_controller/racecar_controller.egg-info/SOURCES.txt'
[1.699s] writing manifest file '../../build/racecar_controller/racecar_controller.egg-info/SOURCES.txt'
[1.699s] running build
[1.699s] running build_py
[1.700s] copying simulation_files/longtitudinal.py -> /home/dliujm/um_files/rob_498_av/AutoVehicle25/audi_ws/build/racecar_controller/build/lib/simulation_files
[1.700s] running install
[1.701s] running install_lib
[1.702s] copying /home/dliujm/um_files/rob_498_av/AutoVehicle25/audi_ws/build/racecar_controller/build/lib/simulation_files/longtitudinal.py -> /home/dliujm/um_files/rob_498_av/AutoVehicle25/audi_ws/install/racecar_controller/lib/python3.10/site-packages/simulation_files
[1.703s] byte-compiling /home/dliujm/um_files/rob_498_av/AutoVehicle25/audi_ws/install/racecar_controller/lib/python3.10/site-packages/simulation_files/longtitudinal.py to longtitudinal.cpython-310.pyc
[1.704s] running install_data
[1.704s] running install_egg_info
[1.707s] removing '/home/dliujm/um_files/rob_498_av/AutoVehicle25/audi_ws/install/racecar_controller/lib/python3.10/site-packages/racecar_controller-0.0.0-py3.10.egg-info' (and everything under it)
[1.707s] Copying ../../build/racecar_controller/racecar_controller.egg-info to /home/dliujm/um_files/rob_498_av/AutoVehicle25/audi_ws/install/racecar_controller/lib/python3.10/site-packages/racecar_controller-0.0.0-py3.10.egg-info
[1.708s] running install_scripts
[1.734s] Installing simulation script to /home/dliujm/um_files/rob_498_av/AutoVehicle25/audi_ws/install/racecar_controller/lib/racecar_controller
[1.734s] writing list of installed files to '/home/dliujm/um_files/rob_498_av/AutoVehicle25/audi_ws/build/racecar_controller/install.log'
[1.782s] Invoked command in '/home/dliujm/um_files/rob_498_av/AutoVehicle25/audi_ws/src/simulation_files' returned '0': PYTHONPATH=/home/dliujm/um_files/rob_498_av/AutoVehicle25/audi_ws/build/racecar_controller/prefix_override:/usr/lib/python3/dist-packages/colcon_core/task/python/colcon_distutils_commands:/home/dliujm/um_files/rob_498_av/AutoVehicle25/audi_ws/install/racecar_controller/lib/python3.10/site-packages:${PYTHONPATH} /usr/bin/python3 -W ignore:setup.py install is deprecated -W ignore:easy_install command is deprecated setup.py egg_info --egg-base ../../build/racecar_controller build --build-base /home/dliujm/um_files/rob_498_av/AutoVehicle25/audi_ws/build/racecar_controller/build install --record /home/dliujm/um_files/rob_498_av/AutoVehicle25/audi_ws/build/racecar_controller/install.log --single-version-externally-managed install_data
