[0.026s] Invoking command in '/home/dliujm/um_files/rob_498_av/AutoVehicle25/audi_ws/src/build/autocar_map': CMAKE_PREFIX_PATH=${CMAKE_PREFIX_PATH}:/home/dliujm/ros2_ws/install/voice_command:/home/dliujm/ros2_ws/install/semantic_mapping:/home/dliujm/ros2_ws/install/semantic_labeling_demo:/home/dliujm/ros2_ws/install/racing_controller:/home/dliujm/ros2_ws/install/odom_tf_broadcaster_pkg:/home/dliujm/ros2_ws/install/lucy_hardware:/home/dliujm/ros2_ws/install/image_saver:/home/dliujm/ros2_ws/src/install/semantic_mapping:/home/dliujm/ros2_ws/src/install/semantic_labeling_demo:/home/dliujm/ros2_ws/src/install/odom_tf_broadcaster_pkg:/home/dliujm/ros2_ws/src/install/lucy_hardware:/home/dliujm/ros2_ws/src/install/image_saver:/opt/ros/humble /usr/bin/cmake /home/dliujm/um_files/rob_498_av/AutoVehicle25/audi_ws/src/AutoCarROS2/autocar_map -DCMAKE_INSTALL_PREFIX=/home/dliujm/um_files/rob_498_av/AutoVehicle25/audi_ws/src/install/autocar_map
[0.175s] -- The C compiler identification is GNU 10.5.0
[0.272s] -- The CXX compiler identification is GNU 10.5.0
[0.281s] -- Detecting C compiler ABI info
[0.380s] -- Detecting C compiler ABI info - done
[0.389s] -- Check for working C compiler: /usr/bin/cc - skipped
[0.390s] -- Detecting C compile features
[0.390s] -- Detecting C compile features - done
[0.395s] -- Detecting CXX compiler ABI info
[0.504s] -- Detecting CXX compiler ABI info - done
[0.511s] -- Check for working CXX compiler: /usr/bin/c++ - skipped
[0.512s] -- Detecting CXX compile features
[0.513s] -- Detecting CXX compile features - done
[0.521s] -- Found ament_cmake: 1.3.11 (/opt/ros/humble/share/ament_cmake/cmake)
[0.751s] -- Found Python3: /usr/bin/python3 (found version "3.10.12") found components: Interpreter 
[0.931s] -- Found rclcpp: 16.0.11 (/opt/ros/humble/share/rclcpp/cmake)
[1.022s] -- Found rosidl_generator_c: 3.1.6 (/opt/ros/humble/share/rosidl_generator_c/cmake)
[1.034s] -- Found rosidl_adapter: 3.1.6 (/opt/ros/humble/share/rosidl_adapter/cmake)
[1.051s] -- Found rosidl_generator_cpp: 3.1.6 (/opt/ros/humble/share/rosidl_generator_cpp/cmake)
[1.074s] -- Using all available rosidl_typesupport_c: rosidl_typesupport_fastrtps_c;rosidl_typesupport_introspection_c
[1.105s] -- Using all available rosidl_typesupport_cpp: rosidl_typesupport_fastrtps_cpp;rosidl_typesupport_introspection_cpp
[1.200s] -- Found rmw_implementation_cmake: 6.1.2 (/opt/ros/humble/share/rmw_implementation_cmake/cmake)
[1.206s] -- Found rmw_fastrtps_cpp: 6.2.7 (/opt/ros/humble/share/rmw_fastrtps_cpp/cmake)
[1.330s] -- Found OpenSSL: /usr/lib/x86_64-linux-gnu/libcrypto.so (found version "3.0.2")  
[1.366s] -- Found FastRTPS: /opt/ros/humble/include  
[1.417s] -- Using RMW implementation 'rmw_fastrtps_cpp' as default
[1.435s] -- Looking for pthread.h
[1.521s] -- Looking for pthread.h - found
[1.521s] -- Performing Test CMAKE_HAVE_LIBC_PTHREAD
[1.596s] -- Performing Test CMAKE_HAVE_LIBC_PTHREAD - Success
[1.597s] -- Found Threads: TRUE  
[1.668s] -- Found nav_msgs: 4.2.4 (/opt/ros/humble/share/nav_msgs/cmake)
[1.702s] -- Found tf2: 0.25.12 (/opt/ros/humble/share/tf2/cmake)
[1.720s] -- Found tf2_ros: 0.25.12 (/opt/ros/humble/share/tf2_ros/cmake)
[1.848s] -- Found sensor_msgs: 4.2.4 (/opt/ros/humble/share/sensor_msgs/cmake)
[1.934s] -- Configuring done
[1.946s] -- Generating done
[1.950s] -- Build files have been written to: /home/dliujm/um_files/rob_498_av/AutoVehicle25/audi_ws/src/build/autocar_map
[1.970s] Invoked command in '/home/dliujm/um_files/rob_498_av/AutoVehicle25/audi_ws/src/build/autocar_map' returned '0': CMAKE_PREFIX_PATH=${CMAKE_PREFIX_PATH}:/home/dliujm/ros2_ws/install/voice_command:/home/dliujm/ros2_ws/install/semantic_mapping:/home/dliujm/ros2_ws/install/semantic_labeling_demo:/home/dliujm/ros2_ws/install/racing_controller:/home/dliujm/ros2_ws/install/odom_tf_broadcaster_pkg:/home/dliujm/ros2_ws/install/lucy_hardware:/home/dliujm/ros2_ws/install/image_saver:/home/dliujm/ros2_ws/src/install/semantic_mapping:/home/dliujm/ros2_ws/src/install/semantic_labeling_demo:/home/dliujm/ros2_ws/src/install/odom_tf_broadcaster_pkg:/home/dliujm/ros2_ws/src/install/lucy_hardware:/home/dliujm/ros2_ws/src/install/image_saver:/opt/ros/humble /usr/bin/cmake /home/dliujm/um_files/rob_498_av/AutoVehicle25/audi_ws/src/AutoCarROS2/autocar_map -DCMAKE_INSTALL_PREFIX=/home/dliujm/um_files/rob_498_av/AutoVehicle25/audi_ws/src/install/autocar_map
[1.972s] Invoking command in '/home/dliujm/um_files/rob_498_av/AutoVehicle25/audi_ws/src/build/autocar_map': CMAKE_PREFIX_PATH=${CMAKE_PREFIX_PATH}:/home/dliujm/ros2_ws/install/voice_command:/home/dliujm/ros2_ws/install/semantic_mapping:/home/dliujm/ros2_ws/install/semantic_labeling_demo:/home/dliujm/ros2_ws/install/racing_controller:/home/dliujm/ros2_ws/install/odom_tf_broadcaster_pkg:/home/dliujm/ros2_ws/install/lucy_hardware:/home/dliujm/ros2_ws/install/image_saver:/home/dliujm/ros2_ws/src/install/semantic_mapping:/home/dliujm/ros2_ws/src/install/semantic_labeling_demo:/home/dliujm/ros2_ws/src/install/odom_tf_broadcaster_pkg:/home/dliujm/ros2_ws/src/install/lucy_hardware:/home/dliujm/ros2_ws/src/install/image_saver:/opt/ros/humble /usr/bin/cmake --build /home/dliujm/um_files/rob_498_av/AutoVehicle25/audi_ws/src/build/autocar_map -- -j12 -l12
[2.028s] [ 50%] [32mBuilding CXX object CMakeFiles/bof.dir/src/bof.cpp.o[0m
[14.301s] [100%] [32m[1mLinking CXX executable bof[0m
[14.803s] [100%] Built target bof
[14.815s] Invoked command in '/home/dliujm/um_files/rob_498_av/AutoVehicle25/audi_ws/src/build/autocar_map' returned '0': CMAKE_PREFIX_PATH=${CMAKE_PREFIX_PATH}:/home/dliujm/ros2_ws/install/voice_command:/home/dliujm/ros2_ws/install/semantic_mapping:/home/dliujm/ros2_ws/install/semantic_labeling_demo:/home/dliujm/ros2_ws/install/racing_controller:/home/dliujm/ros2_ws/install/odom_tf_broadcaster_pkg:/home/dliujm/ros2_ws/install/lucy_hardware:/home/dliujm/ros2_ws/install/image_saver:/home/dliujm/ros2_ws/src/install/semantic_mapping:/home/dliujm/ros2_ws/src/install/semantic_labeling_demo:/home/dliujm/ros2_ws/src/install/odom_tf_broadcaster_pkg:/home/dliujm/ros2_ws/src/install/lucy_hardware:/home/dliujm/ros2_ws/src/install/image_saver:/opt/ros/humble /usr/bin/cmake --build /home/dliujm/um_files/rob_498_av/AutoVehicle25/audi_ws/src/build/autocar_map -- -j12 -l12
[14.816s] Invoking command in '/home/dliujm/um_files/rob_498_av/AutoVehicle25/audi_ws/src/build/autocar_map': CMAKE_PREFIX_PATH=${CMAKE_PREFIX_PATH}:/home/dliujm/ros2_ws/install/voice_command:/home/dliujm/ros2_ws/install/semantic_mapping:/home/dliujm/ros2_ws/install/semantic_labeling_demo:/home/dliujm/ros2_ws/install/racing_controller:/home/dliujm/ros2_ws/install/odom_tf_broadcaster_pkg:/home/dliujm/ros2_ws/install/lucy_hardware:/home/dliujm/ros2_ws/install/image_saver:/home/dliujm/ros2_ws/src/install/semantic_mapping:/home/dliujm/ros2_ws/src/install/semantic_labeling_demo:/home/dliujm/ros2_ws/src/install/odom_tf_broadcaster_pkg:/home/dliujm/ros2_ws/src/install/lucy_hardware:/home/dliujm/ros2_ws/src/install/image_saver:/opt/ros/humble /usr/bin/cmake --install /home/dliujm/um_files/rob_498_av/AutoVehicle25/audi_ws/src/build/autocar_map
[14.824s] -- Install configuration: ""
[14.824s] -- Installing: /home/dliujm/um_files/rob_498_av/AutoVehicle25/audi_ws/src/install/autocar_map/lib/autocar_map/bof
[14.830s] -- Set runtime path of "/home/dliujm/um_files/rob_498_av/AutoVehicle25/audi_ws/src/install/autocar_map/lib/autocar_map/bof" to ""
[14.830s] -- Installing: /home/dliujm/um_files/rob_498_av/AutoVehicle25/audi_ws/src/install/autocar_map/share/ament_index/resource_index/package_run_dependencies/autocar_map
[14.830s] -- Installing: /home/dliujm/um_files/rob_498_av/AutoVehicle25/audi_ws/src/install/autocar_map/share/ament_index/resource_index/parent_prefix_path/autocar_map
[14.830s] -- Installing: /home/dliujm/um_files/rob_498_av/AutoVehicle25/audi_ws/src/install/autocar_map/share/autocar_map/environment/ament_prefix_path.sh
[14.830s] -- Installing: /home/dliujm/um_files/rob_498_av/AutoVehicle25/audi_ws/src/install/autocar_map/share/autocar_map/environment/ament_prefix_path.dsv
[14.831s] -- Installing: /home/dliujm/um_files/rob_498_av/AutoVehicle25/audi_ws/src/install/autocar_map/share/autocar_map/environment/path.sh
[14.831s] -- Installing: /home/dliujm/um_files/rob_498_av/AutoVehicle25/audi_ws/src/install/autocar_map/share/autocar_map/environment/path.dsv
[14.831s] -- Installing: /home/dliujm/um_files/rob_498_av/AutoVehicle25/audi_ws/src/install/autocar_map/share/autocar_map/local_setup.bash
[14.831s] -- Installing: /home/dliujm/um_files/rob_498_av/AutoVehicle25/audi_ws/src/install/autocar_map/share/autocar_map/local_setup.sh
[14.831s] -- Installing: /home/dliujm/um_files/rob_498_av/AutoVehicle25/audi_ws/src/install/autocar_map/share/autocar_map/local_setup.zsh
[14.831s] -- Installing: /home/dliujm/um_files/rob_498_av/AutoVehicle25/audi_ws/src/install/autocar_map/share/autocar_map/local_setup.dsv
[14.831s] -- Installing: /home/dliujm/um_files/rob_498_av/AutoVehicle25/audi_ws/src/install/autocar_map/share/autocar_map/package.dsv
[14.832s] -- Installing: /home/dliujm/um_files/rob_498_av/AutoVehicle25/audi_ws/src/install/autocar_map/share/ament_index/resource_index/packages/autocar_map
[14.832s] -- Installing: /home/dliujm/um_files/rob_498_av/AutoVehicle25/audi_ws/src/install/autocar_map/share/autocar_map/cmake/autocar_mapConfig.cmake
[14.832s] -- Installing: /home/dliujm/um_files/rob_498_av/AutoVehicle25/audi_ws/src/install/autocar_map/share/autocar_map/cmake/autocar_mapConfig-version.cmake
[14.832s] -- Installing: /home/dliujm/um_files/rob_498_av/AutoVehicle25/audi_ws/src/install/autocar_map/share/autocar_map/package.xml
[14.834s] Invoked command in '/home/dliujm/um_files/rob_498_av/AutoVehicle25/audi_ws/src/build/autocar_map' returned '0': CMAKE_PREFIX_PATH=${CMAKE_PREFIX_PATH}:/home/dliujm/ros2_ws/install/voice_command:/home/dliujm/ros2_ws/install/semantic_mapping:/home/dliujm/ros2_ws/install/semantic_labeling_demo:/home/dliujm/ros2_ws/install/racing_controller:/home/dliujm/ros2_ws/install/odom_tf_broadcaster_pkg:/home/dliujm/ros2_ws/install/lucy_hardware:/home/dliujm/ros2_ws/install/image_saver:/home/dliujm/ros2_ws/src/install/semantic_mapping:/home/dliujm/ros2_ws/src/install/semantic_labeling_demo:/home/dliujm/ros2_ws/src/install/odom_tf_broadcaster_pkg:/home/dliujm/ros2_ws/src/install/lucy_hardware:/home/dliujm/ros2_ws/src/install/image_saver:/opt/ros/humble /usr/bin/cmake --install /home/dliujm/um_files/rob_498_av/AutoVehicle25/audi_ws/src/build/autocar_map
