In file included from [01m[K/home/dliujm/um_files/rob_498_av/AutoVehicle25/audi_ws/build/autocar_msgs/rosidl_generator_c/autocar_msgs/msg/detail/vehicle_states__functions.h:19[m[K,
                 from [01m[K/home/dliujm/um_files/rob_498_av/AutoVehicle25/audi_ws/build/autocar_msgs/rosidl_generator_c/autocar_msgs/msg/detail/vehicle_states__functions.c:4[m[K:
[01m[K/home/dliujm/um_files/rob_498_av/AutoVehicle25/audi_ws/build/autocar_msgs/rosidl_generator_c/autocar_msgs/msg/detail/vehicle_states__struct.h:22:10:[m[K [01;31m[Kfatal error: [m[Kautocar_msgs/msg/detail/time__struct.h: No such file or directory
   22 | #include [01;31m[K"autocar_msgs/msg/detail/time__struct.h"[m[K
      |          [01;31m[K^~~~~~~~~~~~~~~~~~~~~~~~~~~~~~~~~~~~~~~~[m[K
compilation terminated.
gmake[2]: *** [CMakeFiles/autocar_msgs__rosidl_generator_c.dir/build.make:257: CMakeFiles/autocar_msgs__rosidl_generator_c.dir/rosidl_generator_c/autocar_msgs/msg/detail/vehicle_states__functions.c.o] Error 1
gmake[2]: *** Waiting for unfinished jobs....
gmake[1]: *** [CMakeFiles/Makefile2:213: CMakeFiles/autocar_msgs__rosidl_generator_c.dir/all] Error 2
gmake[1]: *** Waiting for unfinished jobs....
In file included from [01m[K/home/dliujm/um_files/rob_498_av/AutoVehicle25/audi_ws/build/autocar_msgs/rosidl_typesupport_cpp/autocar_msgs/msg/vehicle_states__type_support.cpp:7[m[K:
[01m[K/home/dliujm/um_files/rob_498_av/AutoVehicle25/audi_ws/build/autocar_msgs/rosidl_generator_cpp/autocar_msgs/msg/detail/vehicle_states__struct.hpp:20:10:[m[K [01;31m[Kfatal error: [m[Kautocar_msgs/msg/detail/time__struct.hpp: No such file or directory
   20 | #include [01;31m[K"autocar_msgs/msg/detail/time__struct.hpp"[m[K
      |          [01;31m[K^~~~~~~~~~~~~~~~~~~~~~~~~~~~~~~~~~~~~~~~~~[m[K
compilation terminated.
gmake[2]: *** [CMakeFiles/autocar_msgs__rosidl_typesupport_cpp.dir/build.make:202: CMakeFiles/autocar_msgs__rosidl_typesupport_cpp.dir/rosidl_typesupport_cpp/autocar_msgs/msg/vehicle_states__type_support.cpp.o] Error 1
gmake[2]: *** Waiting for unfinished jobs....
In file included from [01m[K/home/dliujm/um_files/rob_498_av/AutoVehicle25/audi_ws/build/autocar_msgs/rosidl_typesupport_introspection_cpp/autocar_msgs/msg/detail/vehicle_states__type_support.cpp:12[m[K:
[01m[K/home/dliujm/um_files/rob_498_av/AutoVehicle25/audi_ws/build/autocar_msgs/rosidl_generator_cpp/autocar_msgs/msg/detail/vehicle_states__struct.hpp:20:10:[m[K [01;31m[Kfatal error: [m[Kautocar_msgs/msg/detail/time__struct.hpp: No such file or directory
   20 | #include [01;31m[K"autocar_msgs/msg/detail/time__struct.hpp"[m[K
      |          [01;31m[K^~~~~~~~~~~~~~~~~~~~~~~~~~~~~~~~~~~~~~~~~~[m[K
compilation terminated.
gmake[2]: *** [CMakeFiles/autocar_msgs__rosidl_typesupport_introspection_cpp.dir/build.make:216: CMakeFiles/autocar_msgs__rosidl_typesupport_introspection_cpp.dir/rosidl_typesupport_introspection_cpp/autocar_msgs/msg/detail/vehicle_states__type_support.cpp.o] Error 1
gmake[2]: *** Waiting for unfinished jobs....
In file included from [01m[K/home/dliujm/um_files/rob_498_av/AutoVehicle25/audi_ws/build/autocar_msgs/rosidl_typesupport_fastrtps_cpp/autocar_msgs/msg/detail/vehicle_states__rosidl_typesupport_fastrtps_cpp.hpp:11[m[K,
                 from [01m[K/home/dliujm/um_files/rob_498_av/AutoVehicle25/audi_ws/build/autocar_msgs/rosidl_typesupport_fastrtps_cpp/autocar_msgs/msg/detail/dds_fastrtps/vehicle_states__type_support.cpp:4[m[K:
[01m[K/home/dliujm/um_files/rob_498_av/AutoVehicle25/audi_ws/build/autocar_msgs/rosidl_generator_cpp/autocar_msgs/msg/detail/vehicle_states__struct.hpp:20:10:[m[K [01;31m[Kfatal error: [m[Kautocar_msgs/msg/detail/time__struct.hpp: No such file or directory
   20 | #include [01;31m[K"autocar_msgs/msg/detail/time__struct.hpp"[m[K
      |          [01;31m[K^~~~~~~~~~~~~~~~~~~~~~~~~~~~~~~~~~~~~~~~~~[m[K
compilation terminated.
gmake[2]: *** [CMakeFiles/autocar_msgs__rosidl_typesupport_fastrtps_cpp.dir/build.make:216: CMakeFiles/autocar_msgs__rosidl_typesupport_fastrtps_cpp.dir/rosidl_typesupport_fastrtps_cpp/autocar_msgs/msg/detail/dds_fastrtps/vehicle_states__type_support.cpp.o] Error 1
gmake[2]: *** Waiting for unfinished jobs....
gmake[1]: *** [CMakeFiles/Makefile2:395: CMakeFiles/autocar_msgs__rosidl_typesupport_cpp.dir/all] Error 2
gmake[1]: *** [CMakeFiles/Makefile2:369: CMakeFiles/autocar_msgs__rosidl_typesupport_introspection_cpp.dir/all] Error 2
gmake[1]: *** [CMakeFiles/Makefile2:291: CMakeFiles/autocar_msgs__rosidl_typesupport_fastrtps_cpp.dir/all] Error 2
gmake: *** [Makefile:146: all] Error 2
