[0.035s] Invoking command in '/home/dliujm/um_files/rob_498_av/AutoVehicle25/audi_ws/build/autocar_msgs': CMAKE_PREFIX_PATH=${CMAKE_PREFIX_PATH}:/home/dliujm/ros2_ws/install/voice_command:/home/dliujm/ros2_ws/install/semantic_mapping:/home/dliujm/ros2_ws/install/semantic_labeling_demo:/home/dliujm/ros2_ws/install/racing_controller:/home/dliujm/ros2_ws/install/odom_tf_broadcaster_pkg:/home/dliujm/ros2_ws/install/lucy_hardware:/home/dliujm/ros2_ws/install/image_saver:/home/dliujm/ros2_ws/src/install/semantic_mapping:/home/dliujm/ros2_ws/src/install/semantic_labeling_demo:/home/dliujm/ros2_ws/src/install/odom_tf_broadcaster_pkg:/home/dliujm/ros2_ws/src/install/lucy_hardware:/home/dliujm/ros2_ws/src/install/image_saver:/opt/ros/humble /usr/bin/cmake --build /home/dliujm/um_files/rob_498_av/AutoVehicle25/audi_ws/build/autocar_msgs -- -j12 -l12
[0.073s] -- Found ament_cmake: 1.3.11 (/opt/ros/humble/share/ament_cmake/cmake)
[0.234s] -- Found geometry_msgs: 4.2.4 (/opt/ros/humble/share/geometry_msgs/cmake)
[0.275s] -- Found rosidl_generator_c: 3.1.6 (/opt/ros/humble/share/rosidl_generator_c/cmake)
[0.278s] -- Found rosidl_adapter: 3.1.6 (/opt/ros/humble/share/rosidl_adapter/cmake)
[0.286s] -- Found rosidl_generator_cpp: 3.1.6 (/opt/ros/humble/share/rosidl_generator_cpp/cmake)
[0.299s] -- Using all available rosidl_typesupport_c: rosidl_typesupport_fastrtps_c;rosidl_typesupport_introspection_c
[0.314s] -- Using all available rosidl_typesupport_cpp: rosidl_typesupport_fastrtps_cpp;rosidl_typesupport_introspection_cpp
[0.355s] -- Found rosidl_default_generators: 1.2.0 (/opt/ros/humble/share/rosidl_default_generators/cmake)
[0.680s] -- Found ament_cmake_ros: 0.10.0 (/opt/ros/humble/share/ament_cmake_ros/cmake)
[1.102s] -- Using all available rosidl_typesupport_c: rosidl_typesupport_fastrtps_c;rosidl_typesupport_introspection_c
[1.260s] -- Using all available rosidl_typesupport_cpp: rosidl_typesupport_fastrtps_cpp;rosidl_typesupport_introspection_cpp
[1.285s] -- Found python_cmake_module: 0.10.0 (/opt/ros/humble/share/python_cmake_module/cmake)
[1.309s] -- Using PYTHON_EXECUTABLE: /usr/bin/python3
[1.310s] -- Using PYTHON_INCLUDE_DIRS: /usr/include/python3.10
[1.310s] -- Using PYTHON_LIBRARIES: /usr/lib/x86_64-linux-gnu/libpython3.10.so
[1.349s] -- Found ament_lint_auto: 0.12.11 (/opt/ros/humble/share/ament_lint_auto/cmake)
[1.367s] -- Added test 'copyright' to check source files copyright and LICENSE
[1.369s] -- Added test 'lint_cmake' to check CMake code style
[1.370s] -- Added test 'xmllint' to check XML markup files
[1.373s] -- Configuring done
[1.416s] -- Generating done
[1.426s] -- Build files have been written to: /home/dliujm/um_files/rob_498_av/AutoVehicle25/audi_ws/build/autocar_msgs
[1.456s] [  1%] [34m[1mGenerating C code for ROS interfaces[0m
[1.466s] [  3%] [34m[1mGenerating C++ code for ROS interfaces[0m
[1.478s] [  3%] Built target ament_cmake_python_copy_autocar_msgs
[1.766s] running egg_info
[1.767s] writing autocar_msgs.egg-info/PKG-INFO
[1.767s] writing dependency_links to autocar_msgs.egg-info/dependency_links.txt
[1.767s] writing top-level names to autocar_msgs.egg-info/top_level.txt
[1.770s] reading manifest file 'autocar_msgs.egg-info/SOURCES.txt'
[1.770s] writing manifest file 'autocar_msgs.egg-info/SOURCES.txt'
[1.816s] [  3%] Built target ament_cmake_python_build_autocar_msgs_egg
[1.861s] [  3%] Built target autocar_msgs__cpp
[1.874s] [  9%] [34m[1mGenerating C++ type support dispatch for ROS interfaces[0m
[1.875s] [  9%] [34m[1mGenerating C++ type support for eProsima Fast-RTPS[0m
[1.875s] [  9%] [34m[1mGenerating C++ introspection for ROS interfaces[0m
[1.876s] [35m[1mConsolidate compiler generated dependencies of target autocar_msgs__rosidl_generator_c[0m
[1.893s] [ 14%] [32mBuilding C object CMakeFiles/autocar_msgs__rosidl_generator_c.dir/rosidl_generator_c/autocar_msgs/msg/detail/twist2_d__functions.c.o[0m
[1.893s] [ 14%] [32mBuilding C object CMakeFiles/autocar_msgs__rosidl_generator_c.dir/rosidl_generator_c/autocar_msgs/msg/detail/state2_d__functions.c.o[0m
[1.893s] [ 14%] [32mBuilding C object CMakeFiles/autocar_msgs__rosidl_generator_c.dir/rosidl_generator_c/autocar_msgs/msg/detail/path2_d__functions.c.o[0m
[1.895s] [ 16%] [32mBuilding C object CMakeFiles/autocar_msgs__rosidl_generator_c.dir/rosidl_generator_c/autocar_msgs/msg/detail/vehicle_states__functions.c.o[0m
[1.940s] In file included from [01m[K/home/dliujm/um_files/rob_498_av/AutoVehicle25/audi_ws/build/autocar_msgs/rosidl_generator_c/autocar_msgs/msg/detail/vehicle_states__functions.h:19[m[K,
[1.940s]                  from [01m[K/home/dliujm/um_files/rob_498_av/AutoVehicle25/audi_ws/build/autocar_msgs/rosidl_generator_c/autocar_msgs/msg/detail/vehicle_states__functions.c:4[m[K:
[1.940s] [01m[K/home/dliujm/um_files/rob_498_av/AutoVehicle25/audi_ws/build/autocar_msgs/rosidl_generator_c/autocar_msgs/msg/detail/vehicle_states__struct.h:22:10:[m[K [01;31m[Kfatal error: [m[Kautocar_msgs/msg/detail/time__struct.h: No such file or directory
[1.940s]    22 | #include [01;31m[K"autocar_msgs/msg/detail/time__struct.h"[m[K
[1.940s]       |          [01;31m[K^~~~~~~~~~~~~~~~~~~~~~~~~~~~~~~~~~~~~~~~[m[K
[1.940s] compilation terminated.
[1.943s] gmake[2]: *** [CMakeFiles/autocar_msgs__rosidl_generator_c.dir/build.make:257: CMakeFiles/autocar_msgs__rosidl_generator_c.dir/rosidl_generator_c/autocar_msgs/msg/detail/vehicle_states__functions.c.o] Error 1
[1.943s] gmake[2]: *** Waiting for unfinished jobs....
[1.987s] gmake[1]: *** [CMakeFiles/Makefile2:213: CMakeFiles/autocar_msgs__rosidl_generator_c.dir/all] Error 2
[1.987s] gmake[1]: *** Waiting for unfinished jobs....
[2.174s] [35m[1mConsolidate compiler generated dependencies of target autocar_msgs__rosidl_typesupport_cpp[0m
[2.197s] [ 18%] [32mBuilding CXX object CMakeFiles/autocar_msgs__rosidl_typesupport_cpp.dir/rosidl_typesupport_cpp/autocar_msgs/msg/state2_d__type_support.cpp.o[0m
[2.198s] [ 20%] [32mBuilding CXX object CMakeFiles/autocar_msgs__rosidl_typesupport_cpp.dir/rosidl_typesupport_cpp/autocar_msgs/msg/path2_d__type_support.cpp.o[0m
[2.198s] [ 23%] [32mBuilding CXX object CMakeFiles/autocar_msgs__rosidl_typesupport_cpp.dir/rosidl_typesupport_cpp/autocar_msgs/msg/vehicle_states__type_support.cpp.o[0m
[2.198s] [ 23%] [32mBuilding CXX object CMakeFiles/autocar_msgs__rosidl_typesupport_cpp.dir/rosidl_typesupport_cpp/autocar_msgs/msg/twist2_d__type_support.cpp.o[0m
[2.216s] [35m[1mConsolidate compiler generated dependencies of target autocar_msgs__rosidl_typesupport_introspection_cpp[0m
[2.239s] [ 30%] [32mBuilding CXX object CMakeFiles/autocar_msgs__rosidl_typesupport_introspection_cpp.dir/rosidl_typesupport_introspection_cpp/autocar_msgs/msg/detail/state2_d__type_support.cpp.o[0m
[2.240s] [ 30%] [32mBuilding CXX object CMakeFiles/autocar_msgs__rosidl_typesupport_introspection_cpp.dir/rosidl_typesupport_introspection_cpp/autocar_msgs/msg/detail/vehicle_states__type_support.cpp.o[0m
[2.240s] [ 30%] [32mBuilding CXX object CMakeFiles/autocar_msgs__rosidl_typesupport_introspection_cpp.dir/rosidl_typesupport_introspection_cpp/autocar_msgs/msg/detail/twist2_d__type_support.cpp.o[0m
[2.240s] [ 30%] [32mBuilding CXX object CMakeFiles/autocar_msgs__rosidl_typesupport_introspection_cpp.dir/rosidl_typesupport_introspection_cpp/autocar_msgs/msg/detail/path2_d__type_support.cpp.o[0m
[2.284s] [35m[1mConsolidate compiler generated dependencies of target autocar_msgs__rosidl_typesupport_fastrtps_cpp[0m
[2.313s] [ 32%] [32mBuilding CXX object CMakeFiles/autocar_msgs__rosidl_typesupport_fastrtps_cpp.dir/rosidl_typesupport_fastrtps_cpp/autocar_msgs/msg/detail/dds_fastrtps/twist2_d__type_support.cpp.o[0m
[2.313s] [ 34%] [32mBuilding CXX object CMakeFiles/autocar_msgs__rosidl_typesupport_fastrtps_cpp.dir/rosidl_typesupport_fastrtps_cpp/autocar_msgs/msg/detail/dds_fastrtps/path2_d__type_support.cpp.o[0m
[2.313s] [ 36%] [32mBuilding CXX object CMakeFiles/autocar_msgs__rosidl_typesupport_fastrtps_cpp.dir/rosidl_typesupport_fastrtps_cpp/autocar_msgs/msg/detail/dds_fastrtps/state2_d__type_support.cpp.o[0m
[2.318s] [ 38%] [32mBuilding CXX object CMakeFiles/autocar_msgs__rosidl_typesupport_fastrtps_cpp.dir/rosidl_typesupport_fastrtps_cpp/autocar_msgs/msg/detail/dds_fastrtps/vehicle_states__type_support.cpp.o[0m
[2.328s] In file included from [01m[K/home/dliujm/um_files/rob_498_av/AutoVehicle25/audi_ws/build/autocar_msgs/rosidl_typesupport_cpp/autocar_msgs/msg/vehicle_states__type_support.cpp:7[m[K:
[2.328s] [01m[K/home/dliujm/um_files/rob_498_av/AutoVehicle25/audi_ws/build/autocar_msgs/rosidl_generator_cpp/autocar_msgs/msg/detail/vehicle_states__struct.hpp:20:10:[m[K [01;31m[Kfatal error: [m[Kautocar_msgs/msg/detail/time__struct.hpp: No such file or directory
[2.328s]    20 | #include [01;31m[K"autocar_msgs/msg/detail/time__struct.hpp"[m[K
[2.328s]       |          [01;31m[K^~~~~~~~~~~~~~~~~~~~~~~~~~~~~~~~~~~~~~~~~~[m[K
[2.328s] compilation terminated.
[2.339s] gmake[2]: *** [CMakeFiles/autocar_msgs__rosidl_typesupport_cpp.dir/build.make:202: CMakeFiles/autocar_msgs__rosidl_typesupport_cpp.dir/rosidl_typesupport_cpp/autocar_msgs/msg/vehicle_states__type_support.cpp.o] Error 1
[2.339s] gmake[2]: *** Waiting for unfinished jobs....
[2.366s] In file included from [01m[K/home/dliujm/um_files/rob_498_av/AutoVehicle25/audi_ws/build/autocar_msgs/rosidl_typesupport_introspection_cpp/autocar_msgs/msg/detail/vehicle_states__type_support.cpp:12[m[K:
[2.366s] [01m[K/home/dliujm/um_files/rob_498_av/AutoVehicle25/audi_ws/build/autocar_msgs/rosidl_generator_cpp/autocar_msgs/msg/detail/vehicle_states__struct.hpp:20:10:[m[K [01;31m[Kfatal error: [m[Kautocar_msgs/msg/detail/time__struct.hpp: No such file or directory
[2.366s]    20 | #include [01;31m[K"autocar_msgs/msg/detail/time__struct.hpp"[m[K
[2.366s]       |          [01;31m[K^~~~~~~~~~~~~~~~~~~~~~~~~~~~~~~~~~~~~~~~~~[m[K
[2.367s] compilation terminated.
[2.369s] gmake[2]: *** [CMakeFiles/autocar_msgs__rosidl_typesupport_introspection_cpp.dir/build.make:216: CMakeFiles/autocar_msgs__rosidl_typesupport_introspection_cpp.dir/rosidl_typesupport_introspection_cpp/autocar_msgs/msg/detail/vehicle_states__type_support.cpp.o] Error 1
[2.369s] gmake[2]: *** Waiting for unfinished jobs....
[2.430s] In file included from [01m[K/home/dliujm/um_files/rob_498_av/AutoVehicle25/audi_ws/build/autocar_msgs/rosidl_typesupport_fastrtps_cpp/autocar_msgs/msg/detail/vehicle_states__rosidl_typesupport_fastrtps_cpp.hpp:11[m[K,
[2.430s]                  from [01m[K/home/dliujm/um_files/rob_498_av/AutoVehicle25/audi_ws/build/autocar_msgs/rosidl_typesupport_fastrtps_cpp/autocar_msgs/msg/detail/dds_fastrtps/vehicle_states__type_support.cpp:4[m[K:
[2.431s] [01m[K/home/dliujm/um_files/rob_498_av/AutoVehicle25/audi_ws/build/autocar_msgs/rosidl_generator_cpp/autocar_msgs/msg/detail/vehicle_states__struct.hpp:20:10:[m[K [01;31m[Kfatal error: [m[Kautocar_msgs/msg/detail/time__struct.hpp: No such file or directory
[2.431s]    20 | #include [01;31m[K"autocar_msgs/msg/detail/time__struct.hpp"[m[K
[2.431s]       |          [01;31m[K^~~~~~~~~~~~~~~~~~~~~~~~~~~~~~~~~~~~~~~~~~[m[K
[2.431s] compilation terminated.
[2.435s] gmake[2]: *** [CMakeFiles/autocar_msgs__rosidl_typesupport_fastrtps_cpp.dir/build.make:216: CMakeFiles/autocar_msgs__rosidl_typesupport_fastrtps_cpp.dir/rosidl_typesupport_fastrtps_cpp/autocar_msgs/msg/detail/dds_fastrtps/vehicle_states__type_support.cpp.o] Error 1
[2.436s] gmake[2]: *** Waiting for unfinished jobs....
[2.699s] gmake[1]: *** [CMakeFiles/Makefile2:395: CMakeFiles/autocar_msgs__rosidl_typesupport_cpp.dir/all] Error 2
[2.917s] gmake[1]: *** [CMakeFiles/Makefile2:369: CMakeFiles/autocar_msgs__rosidl_typesupport_introspection_cpp.dir/all] Error 2
[2.956s] gmake[1]: *** [CMakeFiles/Makefile2:291: CMakeFiles/autocar_msgs__rosidl_typesupport_fastrtps_cpp.dir/all] Error 2
[2.956s] gmake: *** [Makefile:146: all] Error 2
[2.959s] Invoked command in '/home/dliujm/um_files/rob_498_av/AutoVehicle25/audi_ws/build/autocar_msgs' returned '2': CMAKE_PREFIX_PATH=${CMAKE_PREFIX_PATH}:/home/dliujm/ros2_ws/install/voice_command:/home/dliujm/ros2_ws/install/semantic_mapping:/home/dliujm/ros2_ws/install/semantic_labeling_demo:/home/dliujm/ros2_ws/install/racing_controller:/home/dliujm/ros2_ws/install/odom_tf_broadcaster_pkg:/home/dliujm/ros2_ws/install/lucy_hardware:/home/dliujm/ros2_ws/install/image_saver:/home/dliujm/ros2_ws/src/install/semantic_mapping:/home/dliujm/ros2_ws/src/install/semantic_labeling_demo:/home/dliujm/ros2_ws/src/install/odom_tf_broadcaster_pkg:/home/dliujm/ros2_ws/src/install/lucy_hardware:/home/dliujm/ros2_ws/src/install/image_saver:/opt/ros/humble /usr/bin/cmake --build /home/dliujm/um_files/rob_498_av/AutoVehicle25/audi_ws/build/autocar_msgs -- -j12 -l12
