-- Install configuration: ""
-- Installing: /home/dliujm/um_files/rob_498_av/AutoVehicle25/audi_ws/install/robot_sim_bringup/share/robot_sim_bringup/worlds
-- Installing: /home/dliujm/um_files/rob_498_av/AutoVehicle25/audi_ws/install/robot_sim_bringup/share/robot_sim_bringup/worlds/robotics_room.sdf
-- Installing: /home/dliujm/um_files/rob_498_av/AutoVehicle25/audi_ws/install/robot_sim_bringup/share/robot_sim_bringup/worlds/block_room.sdf
-- Installing: /home/dliujm/um_files/rob_498_av/AutoVehicle25/audi_ws/install/robot_sim_bringup/share/robot_sim_bringup/worlds/lucy_world.sdf
-- Installing: /home/dliujm/um_files/rob_498_av/AutoVehicle25/audi_ws/install/robot_sim_bringup/share/robot_sim_bringup//launch
-- Installing: /home/dliujm/um_files/rob_498_av/AutoVehicle25/audi_ws/install/robot_sim_bringup/share/robot_sim_bringup//launch/__pycache__
-- Installing: /home/dliujm/um_files/rob_498_av/AutoVehicle25/audi_ws/install/robot_sim_bringup/share/robot_sim_bringup//launch/__pycache__/bringup_lidar.launch.cpython-310.pyc
-- Installing: /home/dliujm/um_files/rob_498_av/AutoVehicle25/audi_ws/install/robot_sim_bringup/share/robot_sim_bringup//launch/block_sim.launch.py
-- Installing: /home/dliujm/um_files/rob_498_av/AutoVehicle25/audi_ws/install/robot_sim_bringup/share/robot_sim_bringup//launch/.vscode
-- Installing: /home/dliujm/um_files/rob_498_av/AutoVehicle25/audi_ws/install/robot_sim_bringup/share/robot_sim_bringup//launch/.vscode/settings.json
-- Installing: /home/dliujm/um_files/rob_498_av/AutoVehicle25/audi_ws/install/robot_sim_bringup/share/robot_sim_bringup//launch/.vscode/c_cpp_properties.json
-- Installing: /home/dliujm/um_files/rob_498_av/AutoVehicle25/audi_ws/install/robot_sim_bringup/share/ament_index/resource_index/package_run_dependencies/robot_sim_bringup
-- Installing: /home/dliujm/um_files/rob_498_av/AutoVehicle25/audi_ws/install/robot_sim_bringup/share/ament_index/resource_index/parent_prefix_path/robot_sim_bringup
-- Installing: /home/dliujm/um_files/rob_498_av/AutoVehicle25/audi_ws/install/robot_sim_bringup/share/robot_sim_bringup/environment/ament_prefix_path.sh
-- Installing: /home/dliujm/um_files/rob_498_av/AutoVehicle25/audi_ws/install/robot_sim_bringup/share/robot_sim_bringup/environment/ament_prefix_path.dsv
-- Installing: /home/dliujm/um_files/rob_498_av/AutoVehicle25/audi_ws/install/robot_sim_bringup/share/robot_sim_bringup/environment/path.sh
-- Installing: /home/dliujm/um_files/rob_498_av/AutoVehicle25/audi_ws/install/robot_sim_bringup/share/robot_sim_bringup/environment/path.dsv
-- Installing: /home/dliujm/um_files/rob_498_av/AutoVehicle25/audi_ws/install/robot_sim_bringup/share/robot_sim_bringup/local_setup.bash
-- Installing: /home/dliujm/um_files/rob_498_av/AutoVehicle25/audi_ws/install/robot_sim_bringup/share/robot_sim_bringup/local_setup.sh
-- Installing: /home/dliujm/um_files/rob_498_av/AutoVehicle25/audi_ws/install/robot_sim_bringup/share/robot_sim_bringup/local_setup.zsh
-- Installing: /home/dliujm/um_files/rob_498_av/AutoVehicle25/audi_ws/install/robot_sim_bringup/share/robot_sim_bringup/local_setup.dsv
-- Installing: /home/dliujm/um_files/rob_498_av/AutoVehicle25/audi_ws/install/robot_sim_bringup/share/robot_sim_bringup/package.dsv
-- Installing: /home/dliujm/um_files/rob_498_av/AutoVehicle25/audi_ws/install/robot_sim_bringup/share/ament_index/resource_index/packages/robot_sim_bringup
-- Installing: /home/dliujm/um_files/rob_498_av/AutoVehicle25/audi_ws/install/robot_sim_bringup/share/robot_sim_bringup/cmake/robot_sim_bringupConfig.cmake
-- Installing: /home/dliujm/um_files/rob_498_av/AutoVehicle25/audi_ws/install/robot_sim_bringup/share/robot_sim_bringup/cmake/robot_sim_bringupConfig-version.cmake
-- Installing: /home/dliujm/um_files/rob_498_av/AutoVehicle25/audi_ws/install/robot_sim_bringup/share/robot_sim_bringup/package.xml
