[0.040s] Invoking command in '/home/dliujm/um_files/rob_498_av/AutoVehicle25/audi_ws/src/build/autocar_msgs': CMAKE_PREFIX_PATH=${CMAKE_PREFIX_PATH}:/home/dliujm/ros2_ws/install/voice_command:/home/dliujm/ros2_ws/install/semantic_mapping:/home/dliujm/ros2_ws/install/semantic_labeling_demo:/home/dliujm/ros2_ws/install/racing_controller:/home/dliujm/ros2_ws/install/odom_tf_broadcaster_pkg:/home/dliujm/ros2_ws/install/lucy_hardware:/home/dliujm/ros2_ws/install/image_saver:/home/dliujm/ros2_ws/src/install/semantic_mapping:/home/dliujm/ros2_ws/src/install/semantic_labeling_demo:/home/dliujm/ros2_ws/src/install/odom_tf_broadcaster_pkg:/home/dliujm/ros2_ws/src/install/lucy_hardware:/home/dliujm/ros2_ws/src/install/image_saver:/opt/ros/humble /usr/bin/cmake /home/dliujm/um_files/rob_498_av/AutoVehicle25/audi_ws/src/AutoCarROS2/autocar_msgs -DCMAKE_INSTALL_PREFIX=/home/dliujm/um_files/rob_498_av/AutoVehicle25/audi_ws/src/install/autocar_msgs
[0.188s] -- The C compiler identification is GNU 10.5.0
[0.291s] -- The CXX compiler identification is GNU 10.5.0
[0.300s] -- Detecting C compiler ABI info
[0.399s] -- Detecting C compiler ABI info - done
[0.405s] -- Check for working C compiler: /usr/bin/cc - skipped
[0.406s] -- Detecting C compile features
[0.406s] -- Detecting C compile features - done
[0.411s] -- Detecting CXX compiler ABI info
[0.524s] -- Detecting CXX compiler ABI info - done
[0.531s] -- Check for working CXX compiler: /usr/bin/c++ - skipped
[0.532s] -- Detecting CXX compile features
[0.532s] -- Detecting CXX compile features - done
[0.541s] -- Found ament_cmake: 1.3.11 (/opt/ros/humble/share/ament_cmake/cmake)
[0.771s] -- Found Python3: /usr/bin/python3 (found version "3.10.12") found components: Interpreter 
[0.950s] -- Found geometry_msgs: 4.2.4 (/opt/ros/humble/share/geometry_msgs/cmake)
[1.042s] -- Found rosidl_generator_c: 3.1.6 (/opt/ros/humble/share/rosidl_generator_c/cmake)
[1.054s] -- Found rosidl_adapter: 3.1.6 (/opt/ros/humble/share/rosidl_adapter/cmake)
[1.071s] -- Found rosidl_generator_cpp: 3.1.6 (/opt/ros/humble/share/rosidl_generator_cpp/cmake)
[1.094s] -- Using all available rosidl_typesupport_c: rosidl_typesupport_fastrtps_c;rosidl_typesupport_introspection_c
[1.125s] -- Using all available rosidl_typesupport_cpp: rosidl_typesupport_fastrtps_cpp;rosidl_typesupport_introspection_cpp
[1.191s] -- Found rosidl_default_generators: 1.2.0 (/opt/ros/humble/share/rosidl_default_generators/cmake)
[1.502s] -- Found ament_cmake_ros: 0.10.0 (/opt/ros/humble/share/ament_cmake_ros/cmake)
[1.922s] -- Using all available rosidl_typesupport_c: rosidl_typesupport_fastrtps_c;rosidl_typesupport_introspection_c
[2.085s] -- Using all available rosidl_typesupport_cpp: rosidl_typesupport_fastrtps_cpp;rosidl_typesupport_introspection_cpp
[2.109s] -- Found PythonInterp: /usr/bin/python3 (found suitable version "3.10.12", minimum required is "3.6") 
[2.113s] -- Found python_cmake_module: 0.10.0 (/opt/ros/humble/share/python_cmake_module/cmake)
[2.148s] -- Found PythonLibs: /usr/lib/x86_64-linux-gnu/libpython3.10.so (found suitable version "3.10.12", minimum required is "3.5") 
[2.148s] -- Using PYTHON_EXECUTABLE: /usr/bin/python3
[2.148s] -- Using PYTHON_INCLUDE_DIRS: /usr/include/python3.10
[2.148s] -- Using PYTHON_LIBRARIES: /usr/lib/x86_64-linux-gnu/libpython3.10.so
[2.175s] -- Found PythonExtra: .so  
[2.241s] -- Found ament_lint_auto: 0.12.11 (/opt/ros/humble/share/ament_lint_auto/cmake)
[2.280s] -- Added test 'copyright' to check source files copyright and LICENSE
[2.282s] -- Added test 'lint_cmake' to check CMake code style
[2.283s] -- Added test 'xmllint' to check XML markup files
[2.286s] -- Configuring done
[2.324s] -- Generating done
[2.335s] -- Build files have been written to: /home/dliujm/um_files/rob_498_av/AutoVehicle25/audi_ws/src/build/autocar_msgs
[2.347s] Invoked command in '/home/dliujm/um_files/rob_498_av/AutoVehicle25/audi_ws/src/build/autocar_msgs' returned '0': CMAKE_PREFIX_PATH=${CMAKE_PREFIX_PATH}:/home/dliujm/ros2_ws/install/voice_command:/home/dliujm/ros2_ws/install/semantic_mapping:/home/dliujm/ros2_ws/install/semantic_labeling_demo:/home/dliujm/ros2_ws/install/racing_controller:/home/dliujm/ros2_ws/install/odom_tf_broadcaster_pkg:/home/dliujm/ros2_ws/install/lucy_hardware:/home/dliujm/ros2_ws/install/image_saver:/home/dliujm/ros2_ws/src/install/semantic_mapping:/home/dliujm/ros2_ws/src/install/semantic_labeling_demo:/home/dliujm/ros2_ws/src/install/odom_tf_broadcaster_pkg:/home/dliujm/ros2_ws/src/install/lucy_hardware:/home/dliujm/ros2_ws/src/install/image_saver:/opt/ros/humble /usr/bin/cmake /home/dliujm/um_files/rob_498_av/AutoVehicle25/audi_ws/src/AutoCarROS2/autocar_msgs -DCMAKE_INSTALL_PREFIX=/home/dliujm/um_files/rob_498_av/AutoVehicle25/audi_ws/src/install/autocar_msgs
[2.349s] Invoking command in '/home/dliujm/um_files/rob_498_av/AutoVehicle25/audi_ws/src/build/autocar_msgs': CMAKE_PREFIX_PATH=${CMAKE_PREFIX_PATH}:/home/dliujm/ros2_ws/install/voice_command:/home/dliujm/ros2_ws/install/semantic_mapping:/home/dliujm/ros2_ws/install/semantic_labeling_demo:/home/dliujm/ros2_ws/install/racing_controller:/home/dliujm/ros2_ws/install/odom_tf_broadcaster_pkg:/home/dliujm/ros2_ws/install/lucy_hardware:/home/dliujm/ros2_ws/install/image_saver:/home/dliujm/ros2_ws/src/install/semantic_mapping:/home/dliujm/ros2_ws/src/install/semantic_labeling_demo:/home/dliujm/ros2_ws/src/install/odom_tf_broadcaster_pkg:/home/dliujm/ros2_ws/src/install/lucy_hardware:/home/dliujm/ros2_ws/src/install/image_saver:/opt/ros/humble /usr/bin/cmake --build /home/dliujm/um_files/rob_498_av/AutoVehicle25/audi_ws/src/build/autocar_msgs -- -j12 -l12
[2.393s] [  2%] [34m[1mGenerating C code for ROS interfaces[0m
[2.403s] [  4%] [34m[1mGenerating C++ code for ROS interfaces[0m
[2.412s] [  4%] Built target ament_cmake_python_copy_autocar_msgs
[2.724s] running egg_info
[2.725s] creating autocar_msgs.egg-info
[2.725s] writing autocar_msgs.egg-info/PKG-INFO
[2.726s] writing dependency_links to autocar_msgs.egg-info/dependency_links.txt
[2.726s] writing top-level names to autocar_msgs.egg-info/top_level.txt
[2.726s] writing manifest file 'autocar_msgs.egg-info/SOURCES.txt'
[2.731s] reading manifest file 'autocar_msgs.egg-info/SOURCES.txt'
[2.731s] writing manifest file 'autocar_msgs.egg-info/SOURCES.txt'
[2.775s] [  4%] Built target autocar_msgs__cpp
[2.789s] [ 10%] [34m[1mGenerating C++ introspection for ROS interfaces[0m
[2.789s] [ 10%] [34m[1mGenerating C++ type support for eProsima Fast-RTPS[0m
[2.789s] [ 10%] [34m[1mGenerating C++ type support dispatch for ROS interfaces[0m
[2.803s] [ 12%] [32mBuilding C object CMakeFiles/autocar_msgs__rosidl_generator_c.dir/rosidl_generator_c/autocar_msgs/msg/detail/path2_d__functions.c.o[0m
[2.806s] [ 17%] [32mBuilding C object CMakeFiles/autocar_msgs__rosidl_generator_c.dir/rosidl_generator_c/autocar_msgs/msg/detail/state2_d__functions.c.o[0m
[2.807s] [ 17%] [32mBuilding C object CMakeFiles/autocar_msgs__rosidl_generator_c.dir/rosidl_generator_c/autocar_msgs/msg/detail/twist2_d__functions.c.o[0m
[2.836s] [ 17%] Built target ament_cmake_python_build_autocar_msgs_egg
[2.891s] [ 19%] [32m[1mLinking C shared library libautocar_msgs__rosidl_generator_c.so[0m
[2.949s] [ 19%] Built target autocar_msgs__rosidl_generator_c
[2.966s] [ 21%] [34m[1mGenerating C introspection for ROS interfaces[0m
[2.967s] [ 23%] [34m[1mGenerating C type support for eProsima Fast-RTPS[0m
[2.967s] [ 25%] [34m[1mGenerating C type support dispatch for ROS interfaces[0m
[3.203s] [ 29%] [32mBuilding CXX object CMakeFiles/autocar_msgs__rosidl_typesupport_cpp.dir/rosidl_typesupport_cpp/autocar_msgs/msg/twist2_d__type_support.cpp.o[0m
[3.203s] [ 29%] [32mBuilding CXX object CMakeFiles/autocar_msgs__rosidl_typesupport_cpp.dir/rosidl_typesupport_cpp/autocar_msgs/msg/path2_d__type_support.cpp.o[0m
[3.203s] [ 31%] [32mBuilding CXX object CMakeFiles/autocar_msgs__rosidl_typesupport_cpp.dir/rosidl_typesupport_cpp/autocar_msgs/msg/state2_d__type_support.cpp.o[0m
[3.298s] [ 38%] [32mBuilding CXX object CMakeFiles/autocar_msgs__rosidl_typesupport_introspection_cpp.dir/rosidl_typesupport_introspection_cpp/autocar_msgs/msg/detail/path2_d__type_support.cpp.o[0m
[3.298s] [ 38%] [32mBuilding CXX object CMakeFiles/autocar_msgs__rosidl_typesupport_introspection_cpp.dir/rosidl_typesupport_introspection_cpp/autocar_msgs/msg/detail/state2_d__type_support.cpp.o[0m
[3.300s] [ 38%] [32mBuilding CXX object CMakeFiles/autocar_msgs__rosidl_typesupport_introspection_cpp.dir/rosidl_typesupport_introspection_cpp/autocar_msgs/msg/detail/twist2_d__type_support.cpp.o[0m
[3.339s] [ 40%] [32mBuilding CXX object CMakeFiles/autocar_msgs__rosidl_typesupport_fastrtps_cpp.dir/rosidl_typesupport_fastrtps_cpp/autocar_msgs/msg/detail/dds_fastrtps/path2_d__type_support.cpp.o[0m
[3.339s] [ 42%] [32mBuilding CXX object CMakeFiles/autocar_msgs__rosidl_typesupport_fastrtps_cpp.dir/rosidl_typesupport_fastrtps_cpp/autocar_msgs/msg/detail/dds_fastrtps/state2_d__type_support.cpp.o[0m
[3.352s] [ 44%] [32mBuilding CXX object CMakeFiles/autocar_msgs__rosidl_typesupport_fastrtps_cpp.dir/rosidl_typesupport_fastrtps_cpp/autocar_msgs/msg/detail/dds_fastrtps/twist2_d__type_support.cpp.o[0m
[3.644s] [ 46%] [32mBuilding CXX object CMakeFiles/autocar_msgs__rosidl_typesupport_c.dir/rosidl_typesupport_c/autocar_msgs/msg/path2_d__type_support.cpp.o[0m
[3.766s] [ 48%] [32mBuilding CXX object CMakeFiles/autocar_msgs__rosidl_typesupport_fastrtps_c.dir/rosidl_typesupport_fastrtps_c/autocar_msgs/msg/detail/path2_d__type_support_c.cpp.o[0m
[3.771s] [ 51%] [32mBuilding CXX object CMakeFiles/autocar_msgs__rosidl_typesupport_c.dir/rosidl_typesupport_c/autocar_msgs/msg/state2_d__type_support.cpp.o[0m
[3.787s] [ 53%] [32mBuilding CXX object CMakeFiles/autocar_msgs__rosidl_typesupport_c.dir/rosidl_typesupport_c/autocar_msgs/msg/twist2_d__type_support.cpp.o[0m
[3.857s] [ 55%] [32mBuilding CXX object CMakeFiles/autocar_msgs__rosidl_typesupport_fastrtps_c.dir/rosidl_typesupport_fastrtps_c/autocar_msgs/msg/detail/state2_d__type_support_c.cpp.o[0m
[3.862s] [ 57%] [32mBuilding C object CMakeFiles/autocar_msgs__rosidl_typesupport_introspection_c.dir/rosidl_typesupport_introspection_c/autocar_msgs/msg/detail/path2_d__type_support.c.o[0m
[3.869s] [ 59%] [32mBuilding C object CMakeFiles/autocar_msgs__rosidl_typesupport_introspection_c.dir/rosidl_typesupport_introspection_c/autocar_msgs/msg/detail/state2_d__type_support.c.o[0m
[3.873s] [ 61%] [32m[1mLinking CXX shared library libautocar_msgs__rosidl_typesupport_c.so[0m
[3.877s] [ 63%] [32m[1mLinking CXX shared library libautocar_msgs__rosidl_typesupport_cpp.so[0m
[4.004s] [ 65%] [32mBuilding CXX object CMakeFiles/autocar_msgs__rosidl_typesupport_fastrtps_c.dir/rosidl_typesupport_fastrtps_c/autocar_msgs/msg/detail/twist2_d__type_support_c.cpp.o[0m
[4.023s] [ 68%] [32mBuilding C object CMakeFiles/autocar_msgs__rosidl_typesupport_introspection_c.dir/rosidl_typesupport_introspection_c/autocar_msgs/msg/detail/twist2_d__type_support.c.o[0m
[4.066s] [ 68%] Built target autocar_msgs__rosidl_typesupport_c
[4.109s] [ 68%] Built target autocar_msgs__rosidl_typesupport_cpp
[4.136s] [ 70%] [32m[1mLinking C shared library libautocar_msgs__rosidl_typesupport_introspection_c.so[0m
[4.224s] [ 70%] Built target autocar_msgs__rosidl_typesupport_introspection_c
[4.279s] [ 72%] [32m[1mLinking CXX shared library libautocar_msgs__rosidl_typesupport_introspection_cpp.so[0m
[4.348s] [ 74%] [32m[1mLinking CXX shared library libautocar_msgs__rosidl_typesupport_fastrtps_cpp.so[0m
[4.428s] [ 74%] Built target autocar_msgs__rosidl_typesupport_introspection_cpp
[4.473s] [ 74%] Built target autocar_msgs__rosidl_typesupport_fastrtps_cpp
[4.509s] [ 76%] [32m[1mLinking CXX shared library libautocar_msgs__rosidl_typesupport_fastrtps_c.so[0m
[4.591s] [ 76%] Built target autocar_msgs__rosidl_typesupport_fastrtps_c
[4.613s] [ 76%] Built target autocar_msgs
[4.636s] [ 78%] [34m[1mGenerating Python code for ROS interfaces[0m
[5.052s] [ 78%] Built target autocar_msgs__py
[5.084s] [ 82%] [32mBuilding C object CMakeFiles/autocar_msgs__rosidl_generator_py.dir/rosidl_generator_py/autocar_msgs/msg/_state2_d_s.c.o[0m
[5.084s] [ 82%] [32mBuilding C object CMakeFiles/autocar_msgs__rosidl_generator_py.dir/rosidl_generator_py/autocar_msgs/msg/_path2_d_s.c.o[0m
[5.085s] [ 85%] [32mBuilding C object CMakeFiles/autocar_msgs__rosidl_generator_py.dir/rosidl_generator_py/autocar_msgs/msg/_twist2_d_s.c.o[0m
[5.231s] [ 87%] [32m[1mLinking C shared library rosidl_generator_py/autocar_msgs/libautocar_msgs__rosidl_generator_py.so[0m
[5.278s] [ 87%] Built target autocar_msgs__rosidl_generator_py
[5.303s] [ 93%] [32mBuilding C object CMakeFiles/autocar_msgs__rosidl_typesupport_fastrtps_c__pyext.dir/rosidl_generator_py/autocar_msgs/_autocar_msgs_s.ep.rosidl_typesupport_fastrtps_c.c.o[0m
[5.304s] [ 93%] [32mBuilding C object CMakeFiles/autocar_msgs__rosidl_typesupport_c__pyext.dir/rosidl_generator_py/autocar_msgs/_autocar_msgs_s.ep.rosidl_typesupport_c.c.o[0m
[5.304s] [ 93%] [32mBuilding C object CMakeFiles/autocar_msgs__rosidl_typesupport_introspection_c__pyext.dir/rosidl_generator_py/autocar_msgs/_autocar_msgs_s.ep.rosidl_typesupport_introspection_c.c.o[0m
[5.412s] [ 95%] [32m[1mLinking C shared library rosidl_generator_py/autocar_msgs/autocar_msgs_s__rosidl_typesupport_c.cpython-310-x86_64-linux-gnu.so[0m
[5.414s] [100%] [32m[1mLinking C shared library rosidl_generator_py/autocar_msgs/autocar_msgs_s__rosidl_typesupport_introspection_c.cpython-310-x86_64-linux-gnu.so[0m
[5.414s] [100%] [32m[1mLinking C shared library rosidl_generator_py/autocar_msgs/autocar_msgs_s__rosidl_typesupport_fastrtps_c.cpython-310-x86_64-linux-gnu.so[0m
[5.461s] [100%] Built target autocar_msgs__rosidl_typesupport_c__pyext
[5.461s] [100%] Built target autocar_msgs__rosidl_typesupport_fastrtps_c__pyext
[5.461s] [100%] Built target autocar_msgs__rosidl_typesupport_introspection_c__pyext
[5.475s] Invoked command in '/home/dliujm/um_files/rob_498_av/AutoVehicle25/audi_ws/src/build/autocar_msgs' returned '0': CMAKE_PREFIX_PATH=${CMAKE_PREFIX_PATH}:/home/dliujm/ros2_ws/install/voice_command:/home/dliujm/ros2_ws/install/semantic_mapping:/home/dliujm/ros2_ws/install/semantic_labeling_demo:/home/dliujm/ros2_ws/install/racing_controller:/home/dliujm/ros2_ws/install/odom_tf_broadcaster_pkg:/home/dliujm/ros2_ws/install/lucy_hardware:/home/dliujm/ros2_ws/install/image_saver:/home/dliujm/ros2_ws/src/install/semantic_mapping:/home/dliujm/ros2_ws/src/install/semantic_labeling_demo:/home/dliujm/ros2_ws/src/install/odom_tf_broadcaster_pkg:/home/dliujm/ros2_ws/src/install/lucy_hardware:/home/dliujm/ros2_ws/src/install/image_saver:/opt/ros/humble /usr/bin/cmake --build /home/dliujm/um_files/rob_498_av/AutoVehicle25/audi_ws/src/build/autocar_msgs -- -j12 -l12
[5.477s] Invoking command in '/home/dliujm/um_files/rob_498_av/AutoVehicle25/audi_ws/src/build/autocar_msgs': CMAKE_PREFIX_PATH=${CMAKE_PREFIX_PATH}:/home/dliujm/ros2_ws/install/voice_command:/home/dliujm/ros2_ws/install/semantic_mapping:/home/dliujm/ros2_ws/install/semantic_labeling_demo:/home/dliujm/ros2_ws/install/racing_controller:/home/dliujm/ros2_ws/install/odom_tf_broadcaster_pkg:/home/dliujm/ros2_ws/install/lucy_hardware:/home/dliujm/ros2_ws/install/image_saver:/home/dliujm/ros2_ws/src/install/semantic_mapping:/home/dliujm/ros2_ws/src/install/semantic_labeling_demo:/home/dliujm/ros2_ws/src/install/odom_tf_broadcaster_pkg:/home/dliujm/ros2_ws/src/install/lucy_hardware:/home/dliujm/ros2_ws/src/install/image_saver:/opt/ros/humble /usr/bin/cmake --install /home/dliujm/um_files/rob_498_av/AutoVehicle25/audi_ws/src/build/autocar_msgs
[5.486s] -- Install configuration: ""
[5.486s] -- Installing: /home/dliujm/um_files/rob_498_av/AutoVehicle25/audi_ws/src/install/autocar_msgs/share/ament_index/resource_index/rosidl_interfaces/autocar_msgs
[5.486s] -- Installing: /home/dliujm/um_files/rob_498_av/AutoVehicle25/audi_ws/src/install/autocar_msgs/include/autocar_msgs/autocar_msgs
[5.486s] -- Installing: /home/dliujm/um_files/rob_498_av/AutoVehicle25/audi_ws/src/install/autocar_msgs/include/autocar_msgs/autocar_msgs/msg
[5.487s] -- Installing: /home/dliujm/um_files/rob_498_av/AutoVehicle25/audi_ws/src/install/autocar_msgs/include/autocar_msgs/autocar_msgs/msg/detail
[5.487s] -- Installing: /home/dliujm/um_files/rob_498_av/AutoVehicle25/audi_ws/src/install/autocar_msgs/include/autocar_msgs/autocar_msgs/msg/detail/twist2_d__type_support.h
[5.487s] -- Installing: /home/dliujm/um_files/rob_498_av/AutoVehicle25/audi_ws/src/install/autocar_msgs/include/autocar_msgs/autocar_msgs/msg/detail/path2_d__functions.c
[5.487s] -- Installing: /home/dliujm/um_files/rob_498_av/AutoVehicle25/audi_ws/src/install/autocar_msgs/include/autocar_msgs/autocar_msgs/msg/detail/state2_d__type_support.h
[5.487s] -- Installing: /home/dliujm/um_files/rob_498_av/AutoVehicle25/audi_ws/src/install/autocar_msgs/include/autocar_msgs/autocar_msgs/msg/detail/twist2_d__functions.h
[5.487s] -- Installing: /home/dliujm/um_files/rob_498_av/AutoVehicle25/audi_ws/src/install/autocar_msgs/include/autocar_msgs/autocar_msgs/msg/detail/path2_d__struct.h
[5.487s] -- Installing: /home/dliujm/um_files/rob_498_av/AutoVehicle25/audi_ws/src/install/autocar_msgs/include/autocar_msgs/autocar_msgs/msg/detail/path2_d__type_support.h
[5.488s] -- Installing: /home/dliujm/um_files/rob_498_av/AutoVehicle25/audi_ws/src/install/autocar_msgs/include/autocar_msgs/autocar_msgs/msg/detail/state2_d__functions.h
[5.488s] -- Installing: /home/dliujm/um_files/rob_498_av/AutoVehicle25/audi_ws/src/install/autocar_msgs/include/autocar_msgs/autocar_msgs/msg/detail/state2_d__functions.c
[5.488s] -- Installing: /home/dliujm/um_files/rob_498_av/AutoVehicle25/audi_ws/src/install/autocar_msgs/include/autocar_msgs/autocar_msgs/msg/detail/path2_d__functions.h
[5.488s] -- Installing: /home/dliujm/um_files/rob_498_av/AutoVehicle25/audi_ws/src/install/autocar_msgs/include/autocar_msgs/autocar_msgs/msg/detail/state2_d__struct.h
[5.488s] -- Installing: /home/dliujm/um_files/rob_498_av/AutoVehicle25/audi_ws/src/install/autocar_msgs/include/autocar_msgs/autocar_msgs/msg/detail/twist2_d__functions.c
[5.488s] -- Installing: /home/dliujm/um_files/rob_498_av/AutoVehicle25/audi_ws/src/install/autocar_msgs/include/autocar_msgs/autocar_msgs/msg/detail/twist2_d__struct.h
[5.488s] -- Installing: /home/dliujm/um_files/rob_498_av/AutoVehicle25/audi_ws/src/install/autocar_msgs/include/autocar_msgs/autocar_msgs/msg/state2_d.h
[5.488s] -- Installing: /home/dliujm/um_files/rob_498_av/AutoVehicle25/audi_ws/src/install/autocar_msgs/include/autocar_msgs/autocar_msgs/msg/path2_d.h
[5.489s] -- Installing: /home/dliujm/um_files/rob_498_av/AutoVehicle25/audi_ws/src/install/autocar_msgs/include/autocar_msgs/autocar_msgs/msg/twist2_d.h
[5.489s] -- Installing: /home/dliujm/um_files/rob_498_av/AutoVehicle25/audi_ws/src/install/autocar_msgs/include/autocar_msgs/autocar_msgs/msg/rosidl_generator_c__visibility_control.h
[5.489s] -- Installing: /home/dliujm/um_files/rob_498_av/AutoVehicle25/audi_ws/src/install/autocar_msgs/share/autocar_msgs/environment/library_path.sh
[5.489s] -- Installing: /home/dliujm/um_files/rob_498_av/AutoVehicle25/audi_ws/src/install/autocar_msgs/share/autocar_msgs/environment/library_path.dsv
[5.489s] -- Installing: /home/dliujm/um_files/rob_498_av/AutoVehicle25/audi_ws/src/install/autocar_msgs/lib/libautocar_msgs__rosidl_generator_c.so
[5.490s] -- Set runtime path of "/home/dliujm/um_files/rob_498_av/AutoVehicle25/audi_ws/src/install/autocar_msgs/lib/libautocar_msgs__rosidl_generator_c.so" to ""
[5.490s] -- Up-to-date: /home/dliujm/um_files/rob_498_av/AutoVehicle25/audi_ws/src/install/autocar_msgs/include/autocar_msgs/autocar_msgs
[5.490s] -- Up-to-date: /home/dliujm/um_files/rob_498_av/AutoVehicle25/audi_ws/src/install/autocar_msgs/include/autocar_msgs/autocar_msgs/msg
[5.490s] -- Up-to-date: /home/dliujm/um_files/rob_498_av/AutoVehicle25/audi_ws/src/install/autocar_msgs/include/autocar_msgs/autocar_msgs/msg/detail
[5.490s] -- Installing: /home/dliujm/um_files/rob_498_av/AutoVehicle25/audi_ws/src/install/autocar_msgs/include/autocar_msgs/autocar_msgs/msg/detail/twist2_d__rosidl_typesupport_fastrtps_c.h
[5.490s] -- Installing: /home/dliujm/um_files/rob_498_av/AutoVehicle25/audi_ws/src/install/autocar_msgs/include/autocar_msgs/autocar_msgs/msg/detail/path2_d__rosidl_typesupport_fastrtps_c.h
[5.490s] -- Installing: /home/dliujm/um_files/rob_498_av/AutoVehicle25/audi_ws/src/install/autocar_msgs/include/autocar_msgs/autocar_msgs/msg/detail/state2_d__rosidl_typesupport_fastrtps_c.h
[5.490s] -- Installing: /home/dliujm/um_files/rob_498_av/AutoVehicle25/audi_ws/src/install/autocar_msgs/include/autocar_msgs/autocar_msgs/msg/rosidl_typesupport_fastrtps_c__visibility_control.h
[5.490s] -- Installing: /home/dliujm/um_files/rob_498_av/AutoVehicle25/audi_ws/src/install/autocar_msgs/lib/libautocar_msgs__rosidl_typesupport_fastrtps_c.so
[5.491s] -- Set runtime path of "/home/dliujm/um_files/rob_498_av/AutoVehicle25/audi_ws/src/install/autocar_msgs/lib/libautocar_msgs__rosidl_typesupport_fastrtps_c.so" to ""
[5.491s] -- Up-to-date: /home/dliujm/um_files/rob_498_av/AutoVehicle25/audi_ws/src/install/autocar_msgs/include/autocar_msgs/autocar_msgs
[5.491s] -- Up-to-date: /home/dliujm/um_files/rob_498_av/AutoVehicle25/audi_ws/src/install/autocar_msgs/include/autocar_msgs/autocar_msgs/msg
[5.491s] -- Up-to-date: /home/dliujm/um_files/rob_498_av/AutoVehicle25/audi_ws/src/install/autocar_msgs/include/autocar_msgs/autocar_msgs/msg/detail
[5.491s] -- Installing: /home/dliujm/um_files/rob_498_av/AutoVehicle25/audi_ws/src/install/autocar_msgs/include/autocar_msgs/autocar_msgs/msg/detail/state2_d__builder.hpp
[5.491s] -- Installing: /home/dliujm/um_files/rob_498_av/AutoVehicle25/audi_ws/src/install/autocar_msgs/include/autocar_msgs/autocar_msgs/msg/detail/path2_d__struct.hpp
[5.491s] -- Installing: /home/dliujm/um_files/rob_498_av/AutoVehicle25/audi_ws/src/install/autocar_msgs/include/autocar_msgs/autocar_msgs/msg/detail/twist2_d__type_support.hpp
[5.491s] -- Installing: /home/dliujm/um_files/rob_498_av/AutoVehicle25/audi_ws/src/install/autocar_msgs/include/autocar_msgs/autocar_msgs/msg/detail/state2_d__type_support.hpp
[5.492s] -- Installing: /home/dliujm/um_files/rob_498_av/AutoVehicle25/audi_ws/src/install/autocar_msgs/include/autocar_msgs/autocar_msgs/msg/detail/state2_d__traits.hpp
[5.492s] -- Installing: /home/dliujm/um_files/rob_498_av/AutoVehicle25/audi_ws/src/install/autocar_msgs/include/autocar_msgs/autocar_msgs/msg/detail/path2_d__builder.hpp
[5.492s] -- Installing: /home/dliujm/um_files/rob_498_av/AutoVehicle25/audi_ws/src/install/autocar_msgs/include/autocar_msgs/autocar_msgs/msg/detail/path2_d__traits.hpp
[5.492s] -- Installing: /home/dliujm/um_files/rob_498_av/AutoVehicle25/audi_ws/src/install/autocar_msgs/include/autocar_msgs/autocar_msgs/msg/detail/twist2_d__struct.hpp
[5.492s] -- Installing: /home/dliujm/um_files/rob_498_av/AutoVehicle25/audi_ws/src/install/autocar_msgs/include/autocar_msgs/autocar_msgs/msg/detail/state2_d__struct.hpp
[5.492s] -- Installing: /home/dliujm/um_files/rob_498_av/AutoVehicle25/audi_ws/src/install/autocar_msgs/include/autocar_msgs/autocar_msgs/msg/detail/twist2_d__traits.hpp
[5.493s] -- Installing: /home/dliujm/um_files/rob_498_av/AutoVehicle25/audi_ws/src/install/autocar_msgs/include/autocar_msgs/autocar_msgs/msg/detail/path2_d__type_support.hpp
[5.493s] -- Installing: /home/dliujm/um_files/rob_498_av/AutoVehicle25/audi_ws/src/install/autocar_msgs/include/autocar_msgs/autocar_msgs/msg/detail/twist2_d__builder.hpp
[5.493s] -- Installing: /home/dliujm/um_files/rob_498_av/AutoVehicle25/audi_ws/src/install/autocar_msgs/include/autocar_msgs/autocar_msgs/msg/rosidl_generator_cpp__visibility_control.hpp
[5.493s] -- Installing: /home/dliujm/um_files/rob_498_av/AutoVehicle25/audi_ws/src/install/autocar_msgs/include/autocar_msgs/autocar_msgs/msg/path2_d.hpp
[5.493s] -- Installing: /home/dliujm/um_files/rob_498_av/AutoVehicle25/audi_ws/src/install/autocar_msgs/include/autocar_msgs/autocar_msgs/msg/state2_d.hpp
[5.493s] -- Installing: /home/dliujm/um_files/rob_498_av/AutoVehicle25/audi_ws/src/install/autocar_msgs/include/autocar_msgs/autocar_msgs/msg/twist2_d.hpp
[5.493s] -- Up-to-date: /home/dliujm/um_files/rob_498_av/AutoVehicle25/audi_ws/src/install/autocar_msgs/include/autocar_msgs/autocar_msgs
[5.493s] -- Up-to-date: /home/dliujm/um_files/rob_498_av/AutoVehicle25/audi_ws/src/install/autocar_msgs/include/autocar_msgs/autocar_msgs/msg
[5.494s] -- Up-to-date: /home/dliujm/um_files/rob_498_av/AutoVehicle25/audi_ws/src/install/autocar_msgs/include/autocar_msgs/autocar_msgs/msg/detail
[5.494s] -- Installing: /home/dliujm/um_files/rob_498_av/AutoVehicle25/audi_ws/src/install/autocar_msgs/include/autocar_msgs/autocar_msgs/msg/detail/dds_fastrtps
[5.494s] -- Installing: /home/dliujm/um_files/rob_498_av/AutoVehicle25/audi_ws/src/install/autocar_msgs/include/autocar_msgs/autocar_msgs/msg/detail/path2_d__rosidl_typesupport_fastrtps_cpp.hpp
[5.494s] -- Installing: /home/dliujm/um_files/rob_498_av/AutoVehicle25/audi_ws/src/install/autocar_msgs/include/autocar_msgs/autocar_msgs/msg/detail/twist2_d__rosidl_typesupport_fastrtps_cpp.hpp
[5.494s] -- Installing: /home/dliujm/um_files/rob_498_av/AutoVehicle25/audi_ws/src/install/autocar_msgs/include/autocar_msgs/autocar_msgs/msg/detail/state2_d__rosidl_typesupport_fastrtps_cpp.hpp
[5.494s] -- Installing: /home/dliujm/um_files/rob_498_av/AutoVehicle25/audi_ws/src/install/autocar_msgs/include/autocar_msgs/autocar_msgs/msg/rosidl_typesupport_fastrtps_cpp__visibility_control.h
[5.494s] -- Installing: /home/dliujm/um_files/rob_498_av/AutoVehicle25/audi_ws/src/install/autocar_msgs/lib/libautocar_msgs__rosidl_typesupport_fastrtps_cpp.so
[5.495s] -- Set runtime path of "/home/dliujm/um_files/rob_498_av/AutoVehicle25/audi_ws/src/install/autocar_msgs/lib/libautocar_msgs__rosidl_typesupport_fastrtps_cpp.so" to ""
[5.495s] -- Up-to-date: /home/dliujm/um_files/rob_498_av/AutoVehicle25/audi_ws/src/install/autocar_msgs/include/autocar_msgs/autocar_msgs
[5.495s] -- Up-to-date: /home/dliujm/um_files/rob_498_av/AutoVehicle25/audi_ws/src/install/autocar_msgs/include/autocar_msgs/autocar_msgs/msg
[5.495s] -- Up-to-date: /home/dliujm/um_files/rob_498_av/AutoVehicle25/audi_ws/src/install/autocar_msgs/include/autocar_msgs/autocar_msgs/msg/detail
[5.495s] -- Installing: /home/dliujm/um_files/rob_498_av/AutoVehicle25/audi_ws/src/install/autocar_msgs/include/autocar_msgs/autocar_msgs/msg/detail/twist2_d__rosidl_typesupport_introspection_c.h
[5.495s] -- Installing: /home/dliujm/um_files/rob_498_av/AutoVehicle25/audi_ws/src/install/autocar_msgs/include/autocar_msgs/autocar_msgs/msg/detail/path2_d__type_support.c
[5.495s] -- Installing: /home/dliujm/um_files/rob_498_av/AutoVehicle25/audi_ws/src/install/autocar_msgs/include/autocar_msgs/autocar_msgs/msg/detail/state2_d__rosidl_typesupport_introspection_c.h
[5.495s] -- Installing: /home/dliujm/um_files/rob_498_av/AutoVehicle25/audi_ws/src/install/autocar_msgs/include/autocar_msgs/autocar_msgs/msg/detail/state2_d__type_support.c
[5.495s] -- Installing: /home/dliujm/um_files/rob_498_av/AutoVehicle25/audi_ws/src/install/autocar_msgs/include/autocar_msgs/autocar_msgs/msg/detail/path2_d__rosidl_typesupport_introspection_c.h
[5.495s] -- Installing: /home/dliujm/um_files/rob_498_av/AutoVehicle25/audi_ws/src/install/autocar_msgs/include/autocar_msgs/autocar_msgs/msg/detail/twist2_d__type_support.c
[5.496s] -- Installing: /home/dliujm/um_files/rob_498_av/AutoVehicle25/audi_ws/src/install/autocar_msgs/include/autocar_msgs/autocar_msgs/msg/rosidl_typesupport_introspection_c__visibility_control.h
[5.496s] -- Installing: /home/dliujm/um_files/rob_498_av/AutoVehicle25/audi_ws/src/install/autocar_msgs/lib/libautocar_msgs__rosidl_typesupport_introspection_c.so
[5.496s] -- Set runtime path of "/home/dliujm/um_files/rob_498_av/AutoVehicle25/audi_ws/src/install/autocar_msgs/lib/libautocar_msgs__rosidl_typesupport_introspection_c.so" to ""
[5.496s] -- Installing: /home/dliujm/um_files/rob_498_av/AutoVehicle25/audi_ws/src/install/autocar_msgs/lib/libautocar_msgs__rosidl_typesupport_c.so
[5.497s] -- Set runtime path of "/home/dliujm/um_files/rob_498_av/AutoVehicle25/audi_ws/src/install/autocar_msgs/lib/libautocar_msgs__rosidl_typesupport_c.so" to ""
[5.497s] -- Up-to-date: /home/dliujm/um_files/rob_498_av/AutoVehicle25/audi_ws/src/install/autocar_msgs/include/autocar_msgs/autocar_msgs
[5.497s] -- Up-to-date: /home/dliujm/um_files/rob_498_av/AutoVehicle25/audi_ws/src/install/autocar_msgs/include/autocar_msgs/autocar_msgs/msg
[5.497s] -- Up-to-date: /home/dliujm/um_files/rob_498_av/AutoVehicle25/audi_ws/src/install/autocar_msgs/include/autocar_msgs/autocar_msgs/msg/detail
[5.497s] -- Installing: /home/dliujm/um_files/rob_498_av/AutoVehicle25/audi_ws/src/install/autocar_msgs/include/autocar_msgs/autocar_msgs/msg/detail/state2_d__type_support.cpp
[5.497s] -- Installing: /home/dliujm/um_files/rob_498_av/AutoVehicle25/audi_ws/src/install/autocar_msgs/include/autocar_msgs/autocar_msgs/msg/detail/state2_d__rosidl_typesupport_introspection_cpp.hpp
[5.497s] -- Installing: /home/dliujm/um_files/rob_498_av/AutoVehicle25/audi_ws/src/install/autocar_msgs/include/autocar_msgs/autocar_msgs/msg/detail/twist2_d__rosidl_typesupport_introspection_cpp.hpp
[5.497s] -- Installing: /home/dliujm/um_files/rob_498_av/AutoVehicle25/audi_ws/src/install/autocar_msgs/include/autocar_msgs/autocar_msgs/msg/detail/path2_d__type_support.cpp
[5.497s] -- Installing: /home/dliujm/um_files/rob_498_av/AutoVehicle25/audi_ws/src/install/autocar_msgs/include/autocar_msgs/autocar_msgs/msg/detail/twist2_d__type_support.cpp
[5.497s] -- Installing: /home/dliujm/um_files/rob_498_av/AutoVehicle25/audi_ws/src/install/autocar_msgs/include/autocar_msgs/autocar_msgs/msg/detail/path2_d__rosidl_typesupport_introspection_cpp.hpp
[5.498s] -- Installing: /home/dliujm/um_files/rob_498_av/AutoVehicle25/audi_ws/src/install/autocar_msgs/lib/libautocar_msgs__rosidl_typesupport_introspection_cpp.so
[5.498s] -- Set runtime path of "/home/dliujm/um_files/rob_498_av/AutoVehicle25/audi_ws/src/install/autocar_msgs/lib/libautocar_msgs__rosidl_typesupport_introspection_cpp.so" to ""
[5.498s] -- Installing: /home/dliujm/um_files/rob_498_av/AutoVehicle25/audi_ws/src/install/autocar_msgs/lib/libautocar_msgs__rosidl_typesupport_cpp.so
[5.498s] -- Set runtime path of "/home/dliujm/um_files/rob_498_av/AutoVehicle25/audi_ws/src/install/autocar_msgs/lib/libautocar_msgs__rosidl_typesupport_cpp.so" to ""
[5.498s] -- Installing: /home/dliujm/um_files/rob_498_av/AutoVehicle25/audi_ws/src/install/autocar_msgs/share/autocar_msgs/environment/pythonpath.sh
[5.499s] -- Installing: /home/dliujm/um_files/rob_498_av/AutoVehicle25/audi_ws/src/install/autocar_msgs/share/autocar_msgs/environment/pythonpath.dsv
[5.499s] -- Installing: /home/dliujm/um_files/rob_498_av/AutoVehicle25/audi_ws/src/install/autocar_msgs/local/lib/python3.10/dist-packages/autocar_msgs-0.0.0-py3.10.egg-info
[5.499s] -- Installing: /home/dliujm/um_files/rob_498_av/AutoVehicle25/audi_ws/src/install/autocar_msgs/local/lib/python3.10/dist-packages/autocar_msgs-0.0.0-py3.10.egg-info/top_level.txt
[5.499s] -- Installing: /home/dliujm/um_files/rob_498_av/AutoVehicle25/audi_ws/src/install/autocar_msgs/local/lib/python3.10/dist-packages/autocar_msgs-0.0.0-py3.10.egg-info/SOURCES.txt
[5.499s] -- Installing: /home/dliujm/um_files/rob_498_av/AutoVehicle25/audi_ws/src/install/autocar_msgs/local/lib/python3.10/dist-packages/autocar_msgs-0.0.0-py3.10.egg-info/dependency_links.txt
[5.499s] -- Installing: /home/dliujm/um_files/rob_498_av/AutoVehicle25/audi_ws/src/install/autocar_msgs/local/lib/python3.10/dist-packages/autocar_msgs-0.0.0-py3.10.egg-info/PKG-INFO
[5.500s] -- Installing: /home/dliujm/um_files/rob_498_av/AutoVehicle25/audi_ws/src/install/autocar_msgs/local/lib/python3.10/dist-packages/autocar_msgs
[5.500s] -- Installing: /home/dliujm/um_files/rob_498_av/AutoVehicle25/audi_ws/src/install/autocar_msgs/local/lib/python3.10/dist-packages/autocar_msgs/autocar_msgs_s__rosidl_typesupport_introspection_c.cpython-310-x86_64-linux-gnu.so
[5.500s] -- Installing: /home/dliujm/um_files/rob_498_av/AutoVehicle25/audi_ws/src/install/autocar_msgs/local/lib/python3.10/dist-packages/autocar_msgs/autocar_msgs_s__rosidl_typesupport_fastrtps_c.cpython-310-x86_64-linux-gnu.so
[5.500s] -- Installing: /home/dliujm/um_files/rob_498_av/AutoVehicle25/audi_ws/src/install/autocar_msgs/local/lib/python3.10/dist-packages/autocar_msgs/msg
[5.500s] -- Installing: /home/dliujm/um_files/rob_498_av/AutoVehicle25/audi_ws/src/install/autocar_msgs/local/lib/python3.10/dist-packages/autocar_msgs/msg/_twist2_d.py
[5.500s] -- Installing: /home/dliujm/um_files/rob_498_av/AutoVehicle25/audi_ws/src/install/autocar_msgs/local/lib/python3.10/dist-packages/autocar_msgs/msg/_path2_d_s.c
[5.500s] -- Installing: /home/dliujm/um_files/rob_498_av/AutoVehicle25/audi_ws/src/install/autocar_msgs/local/lib/python3.10/dist-packages/autocar_msgs/msg/__init__.py
[5.501s] -- Installing: /home/dliujm/um_files/rob_498_av/AutoVehicle25/audi_ws/src/install/autocar_msgs/local/lib/python3.10/dist-packages/autocar_msgs/msg/_state2_d.py
[5.501s] -- Installing: /home/dliujm/um_files/rob_498_av/AutoVehicle25/audi_ws/src/install/autocar_msgs/local/lib/python3.10/dist-packages/autocar_msgs/msg/_twist2_d_s.c
[5.501s] -- Installing: /home/dliujm/um_files/rob_498_av/AutoVehicle25/audi_ws/src/install/autocar_msgs/local/lib/python3.10/dist-packages/autocar_msgs/msg/_state2_d_s.c
[5.501s] -- Installing: /home/dliujm/um_files/rob_498_av/AutoVehicle25/audi_ws/src/install/autocar_msgs/local/lib/python3.10/dist-packages/autocar_msgs/msg/_path2_d.py
[5.501s] -- Installing: /home/dliujm/um_files/rob_498_av/AutoVehicle25/audi_ws/src/install/autocar_msgs/local/lib/python3.10/dist-packages/autocar_msgs/_autocar_msgs_s.ep.rosidl_typesupport_fastrtps_c.c
[5.501s] -- Installing: /home/dliujm/um_files/rob_498_av/AutoVehicle25/audi_ws/src/install/autocar_msgs/local/lib/python3.10/dist-packages/autocar_msgs/libautocar_msgs__rosidl_generator_py.so
[5.502s] -- Installing: /home/dliujm/um_files/rob_498_av/AutoVehicle25/audi_ws/src/install/autocar_msgs/local/lib/python3.10/dist-packages/autocar_msgs/_autocar_msgs_s.ep.rosidl_typesupport_c.c
[5.502s] -- Installing: /home/dliujm/um_files/rob_498_av/AutoVehicle25/audi_ws/src/install/autocar_msgs/local/lib/python3.10/dist-packages/autocar_msgs/autocar_msgs_s__rosidl_typesupport_c.cpython-310-x86_64-linux-gnu.so
[5.502s] -- Installing: /home/dliujm/um_files/rob_498_av/AutoVehicle25/audi_ws/src/install/autocar_msgs/local/lib/python3.10/dist-packages/autocar_msgs/_autocar_msgs_s.ep.rosidl_typesupport_introspection_c.c
[5.502s] -- Installing: /home/dliujm/um_files/rob_498_av/AutoVehicle25/audi_ws/src/install/autocar_msgs/local/lib/python3.10/dist-packages/autocar_msgs/__init__.py
[5.543s] Listing '/home/dliujm/um_files/rob_498_av/AutoVehicle25/audi_ws/src/install/autocar_msgs/local/lib/python3.10/dist-packages/autocar_msgs'...
[5.543s] Compiling '/home/dliujm/um_files/rob_498_av/AutoVehicle25/audi_ws/src/install/autocar_msgs/local/lib/python3.10/dist-packages/autocar_msgs/__init__.py'...
[5.543s] Listing '/home/dliujm/um_files/rob_498_av/AutoVehicle25/audi_ws/src/install/autocar_msgs/local/lib/python3.10/dist-packages/autocar_msgs/msg'...
[5.543s] Compiling '/home/dliujm/um_files/rob_498_av/AutoVehicle25/audi_ws/src/install/autocar_msgs/local/lib/python3.10/dist-packages/autocar_msgs/msg/__init__.py'...
[5.543s] Compiling '/home/dliujm/um_files/rob_498_av/AutoVehicle25/audi_ws/src/install/autocar_msgs/local/lib/python3.10/dist-packages/autocar_msgs/msg/_path2_d.py'...
[5.544s] Compiling '/home/dliujm/um_files/rob_498_av/AutoVehicle25/audi_ws/src/install/autocar_msgs/local/lib/python3.10/dist-packages/autocar_msgs/msg/_state2_d.py'...
[5.544s] Compiling '/home/dliujm/um_files/rob_498_av/AutoVehicle25/audi_ws/src/install/autocar_msgs/local/lib/python3.10/dist-packages/autocar_msgs/msg/_twist2_d.py'...
[5.547s] -- Installing: /home/dliujm/um_files/rob_498_av/AutoVehicle25/audi_ws/src/install/autocar_msgs/local/lib/python3.10/dist-packages/autocar_msgs/autocar_msgs_s__rosidl_typesupport_fastrtps_c.cpython-310-x86_64-linux-gnu.so
[5.548s] -- Set runtime path of "/home/dliujm/um_files/rob_498_av/AutoVehicle25/audi_ws/src/install/autocar_msgs/local/lib/python3.10/dist-packages/autocar_msgs/autocar_msgs_s__rosidl_typesupport_fastrtps_c.cpython-310-x86_64-linux-gnu.so" to ""
[5.548s] -- Installing: /home/dliujm/um_files/rob_498_av/AutoVehicle25/audi_ws/src/install/autocar_msgs/local/lib/python3.10/dist-packages/autocar_msgs/autocar_msgs_s__rosidl_typesupport_introspection_c.cpython-310-x86_64-linux-gnu.so
[5.549s] -- Set runtime path of "/home/dliujm/um_files/rob_498_av/AutoVehicle25/audi_ws/src/install/autocar_msgs/local/lib/python3.10/dist-packages/autocar_msgs/autocar_msgs_s__rosidl_typesupport_introspection_c.cpython-310-x86_64-linux-gnu.so" to ""
[5.549s] -- Installing: /home/dliujm/um_files/rob_498_av/AutoVehicle25/audi_ws/src/install/autocar_msgs/local/lib/python3.10/dist-packages/autocar_msgs/autocar_msgs_s__rosidl_typesupport_c.cpython-310-x86_64-linux-gnu.so
[5.549s] -- Set runtime path of "/home/dliujm/um_files/rob_498_av/AutoVehicle25/audi_ws/src/install/autocar_msgs/local/lib/python3.10/dist-packages/autocar_msgs/autocar_msgs_s__rosidl_typesupport_c.cpython-310-x86_64-linux-gnu.so" to ""
[5.549s] -- Installing: /home/dliujm/um_files/rob_498_av/AutoVehicle25/audi_ws/src/install/autocar_msgs/lib/libautocar_msgs__rosidl_generator_py.so
[5.549s] -- Set runtime path of "/home/dliujm/um_files/rob_498_av/AutoVehicle25/audi_ws/src/install/autocar_msgs/lib/libautocar_msgs__rosidl_generator_py.so" to ""
[5.550s] -- Installing: /home/dliujm/um_files/rob_498_av/AutoVehicle25/audi_ws/src/install/autocar_msgs/share/autocar_msgs/msg/Path2D.idl
[5.550s] -- Installing: /home/dliujm/um_files/rob_498_av/AutoVehicle25/audi_ws/src/install/autocar_msgs/share/autocar_msgs/msg/State2D.idl
[5.550s] -- Installing: /home/dliujm/um_files/rob_498_av/AutoVehicle25/audi_ws/src/install/autocar_msgs/share/autocar_msgs/msg/Twist2D.idl
[5.550s] -- Installing: /home/dliujm/um_files/rob_498_av/AutoVehicle25/audi_ws/src/install/autocar_msgs/share/autocar_msgs/msg/Path2D.msg
[5.550s] -- Installing: /home/dliujm/um_files/rob_498_av/AutoVehicle25/audi_ws/src/install/autocar_msgs/share/autocar_msgs/msg/State2D.msg
[5.550s] -- Installing: /home/dliujm/um_files/rob_498_av/AutoVehicle25/audi_ws/src/install/autocar_msgs/share/autocar_msgs/msg/Twist2D.msg
[5.551s] -- Installing: /home/dliujm/um_files/rob_498_av/AutoVehicle25/audi_ws/src/install/autocar_msgs/share/ament_index/resource_index/package_run_dependencies/autocar_msgs
[5.551s] -- Installing: /home/dliujm/um_files/rob_498_av/AutoVehicle25/audi_ws/src/install/autocar_msgs/share/ament_index/resource_index/parent_prefix_path/autocar_msgs
[5.551s] -- Installing: /home/dliujm/um_files/rob_498_av/AutoVehicle25/audi_ws/src/install/autocar_msgs/share/autocar_msgs/environment/ament_prefix_path.sh
[5.551s] -- Installing: /home/dliujm/um_files/rob_498_av/AutoVehicle25/audi_ws/src/install/autocar_msgs/share/autocar_msgs/environment/ament_prefix_path.dsv
[5.551s] -- Installing: /home/dliujm/um_files/rob_498_av/AutoVehicle25/audi_ws/src/install/autocar_msgs/share/autocar_msgs/environment/path.sh
[5.551s] -- Installing: /home/dliujm/um_files/rob_498_av/AutoVehicle25/audi_ws/src/install/autocar_msgs/share/autocar_msgs/environment/path.dsv
[5.552s] -- Installing: /home/dliujm/um_files/rob_498_av/AutoVehicle25/audi_ws/src/install/autocar_msgs/share/autocar_msgs/local_setup.bash
[5.552s] -- Installing: /home/dliujm/um_files/rob_498_av/AutoVehicle25/audi_ws/src/install/autocar_msgs/share/autocar_msgs/local_setup.sh
[5.552s] -- Installing: /home/dliujm/um_files/rob_498_av/AutoVehicle25/audi_ws/src/install/autocar_msgs/share/autocar_msgs/local_setup.zsh
[5.552s] -- Installing: /home/dliujm/um_files/rob_498_av/AutoVehicle25/audi_ws/src/install/autocar_msgs/share/autocar_msgs/local_setup.dsv
[5.552s] -- Installing: /home/dliujm/um_files/rob_498_av/AutoVehicle25/audi_ws/src/install/autocar_msgs/share/autocar_msgs/package.dsv
[5.552s] -- Installing: /home/dliujm/um_files/rob_498_av/AutoVehicle25/audi_ws/src/install/autocar_msgs/share/ament_index/resource_index/packages/autocar_msgs
[5.553s] -- Installing: /home/dliujm/um_files/rob_498_av/AutoVehicle25/audi_ws/src/install/autocar_msgs/share/autocar_msgs/cmake/export_autocar_msgs__rosidl_generator_cExport.cmake
[5.553s] -- Installing: /home/dliujm/um_files/rob_498_av/AutoVehicle25/audi_ws/src/install/autocar_msgs/share/autocar_msgs/cmake/export_autocar_msgs__rosidl_generator_cExport-noconfig.cmake
[5.553s] -- Installing: /home/dliujm/um_files/rob_498_av/AutoVehicle25/audi_ws/src/install/autocar_msgs/share/autocar_msgs/cmake/export_autocar_msgs__rosidl_typesupport_fastrtps_cExport.cmake
[5.553s] -- Installing: /home/dliujm/um_files/rob_498_av/AutoVehicle25/audi_ws/src/install/autocar_msgs/share/autocar_msgs/cmake/export_autocar_msgs__rosidl_typesupport_fastrtps_cExport-noconfig.cmake
[5.553s] -- Installing: /home/dliujm/um_files/rob_498_av/AutoVehicle25/audi_ws/src/install/autocar_msgs/share/autocar_msgs/cmake/export_autocar_msgs__rosidl_generator_cppExport.cmake
[5.554s] -- Installing: /home/dliujm/um_files/rob_498_av/AutoVehicle25/audi_ws/src/install/autocar_msgs/share/autocar_msgs/cmake/export_autocar_msgs__rosidl_typesupport_fastrtps_cppExport.cmake
[5.554s] -- Installing: /home/dliujm/um_files/rob_498_av/AutoVehicle25/audi_ws/src/install/autocar_msgs/share/autocar_msgs/cmake/export_autocar_msgs__rosidl_typesupport_fastrtps_cppExport-noconfig.cmake
[5.554s] -- Installing: /home/dliujm/um_files/rob_498_av/AutoVehicle25/audi_ws/src/install/autocar_msgs/share/autocar_msgs/cmake/autocar_msgs__rosidl_typesupport_introspection_cExport.cmake
[5.554s] -- Installing: /home/dliujm/um_files/rob_498_av/AutoVehicle25/audi_ws/src/install/autocar_msgs/share/autocar_msgs/cmake/autocar_msgs__rosidl_typesupport_introspection_cExport-noconfig.cmake
[5.554s] -- Installing: /home/dliujm/um_files/rob_498_av/AutoVehicle25/audi_ws/src/install/autocar_msgs/share/autocar_msgs/cmake/autocar_msgs__rosidl_typesupport_cExport.cmake
[5.554s] -- Installing: /home/dliujm/um_files/rob_498_av/AutoVehicle25/audi_ws/src/install/autocar_msgs/share/autocar_msgs/cmake/autocar_msgs__rosidl_typesupport_cExport-noconfig.cmake
[5.555s] -- Installing: /home/dliujm/um_files/rob_498_av/AutoVehicle25/audi_ws/src/install/autocar_msgs/share/autocar_msgs/cmake/autocar_msgs__rosidl_typesupport_introspection_cppExport.cmake
[5.555s] -- Installing: /home/dliujm/um_files/rob_498_av/AutoVehicle25/audi_ws/src/install/autocar_msgs/share/autocar_msgs/cmake/autocar_msgs__rosidl_typesupport_introspection_cppExport-noconfig.cmake
[5.555s] -- Installing: /home/dliujm/um_files/rob_498_av/AutoVehicle25/audi_ws/src/install/autocar_msgs/share/autocar_msgs/cmake/autocar_msgs__rosidl_typesupport_cppExport.cmake
[5.555s] -- Installing: /home/dliujm/um_files/rob_498_av/AutoVehicle25/audi_ws/src/install/autocar_msgs/share/autocar_msgs/cmake/autocar_msgs__rosidl_typesupport_cppExport-noconfig.cmake
[5.555s] -- Installing: /home/dliujm/um_files/rob_498_av/AutoVehicle25/audi_ws/src/install/autocar_msgs/share/autocar_msgs/cmake/export_autocar_msgs__rosidl_generator_pyExport.cmake
[5.556s] -- Installing: /home/dliujm/um_files/rob_498_av/AutoVehicle25/audi_ws/src/install/autocar_msgs/share/autocar_msgs/cmake/export_autocar_msgs__rosidl_generator_pyExport-noconfig.cmake
[5.556s] -- Installing: /home/dliujm/um_files/rob_498_av/AutoVehicle25/audi_ws/src/install/autocar_msgs/share/autocar_msgs/cmake/rosidl_cmake-extras.cmake
[5.556s] -- Installing: /home/dliujm/um_files/rob_498_av/AutoVehicle25/audi_ws/src/install/autocar_msgs/share/autocar_msgs/cmake/ament_cmake_export_dependencies-extras.cmake
[5.556s] -- Installing: /home/dliujm/um_files/rob_498_av/AutoVehicle25/audi_ws/src/install/autocar_msgs/share/autocar_msgs/cmake/ament_cmake_export_include_directories-extras.cmake
[5.556s] -- Installing: /home/dliujm/um_files/rob_498_av/AutoVehicle25/audi_ws/src/install/autocar_msgs/share/autocar_msgs/cmake/ament_cmake_export_libraries-extras.cmake
[5.556s] -- Installing: /home/dliujm/um_files/rob_498_av/AutoVehicle25/audi_ws/src/install/autocar_msgs/share/autocar_msgs/cmake/ament_cmake_export_targets-extras.cmake
[5.556s] -- Installing: /home/dliujm/um_files/rob_498_av/AutoVehicle25/audi_ws/src/install/autocar_msgs/share/autocar_msgs/cmake/rosidl_cmake_export_typesupport_targets-extras.cmake
[5.557s] -- Installing: /home/dliujm/um_files/rob_498_av/AutoVehicle25/audi_ws/src/install/autocar_msgs/share/autocar_msgs/cmake/rosidl_cmake_export_typesupport_libraries-extras.cmake
[5.557s] -- Installing: /home/dliujm/um_files/rob_498_av/AutoVehicle25/audi_ws/src/install/autocar_msgs/share/autocar_msgs/cmake/autocar_msgsConfig.cmake
[5.557s] -- Installing: /home/dliujm/um_files/rob_498_av/AutoVehicle25/audi_ws/src/install/autocar_msgs/share/autocar_msgs/cmake/autocar_msgsConfig-version.cmake
[5.557s] -- Installing: /home/dliujm/um_files/rob_498_av/AutoVehicle25/audi_ws/src/install/autocar_msgs/share/autocar_msgs/package.xml
[5.561s] Invoked command in '/home/dliujm/um_files/rob_498_av/AutoVehicle25/audi_ws/src/build/autocar_msgs' returned '0': CMAKE_PREFIX_PATH=${CMAKE_PREFIX_PATH}:/home/dliujm/ros2_ws/install/voice_command:/home/dliujm/ros2_ws/install/semantic_mapping:/home/dliujm/ros2_ws/install/semantic_labeling_demo:/home/dliujm/ros2_ws/install/racing_controller:/home/dliujm/ros2_ws/install/odom_tf_broadcaster_pkg:/home/dliujm/ros2_ws/install/lucy_hardware:/home/dliujm/ros2_ws/install/image_saver:/home/dliujm/ros2_ws/src/install/semantic_mapping:/home/dliujm/ros2_ws/src/install/semantic_labeling_demo:/home/dliujm/ros2_ws/src/install/odom_tf_broadcaster_pkg:/home/dliujm/ros2_ws/src/install/lucy_hardware:/home/dliujm/ros2_ws/src/install/image_saver:/opt/ros/humble /usr/bin/cmake --install /home/dliujm/um_files/rob_498_av/AutoVehicle25/audi_ws/src/build/autocar_msgs
