[0.027s] Invoking command in '/home/dliujm/um_files/rob_498_av/AutoVehicle25/audi_ws/build/robot_desc': CMAKE_PREFIX_PATH=${CMAKE_PREFIX_PATH}:/home/dliujm/ros2_ws/install/voice_command:/home/dliujm/ros2_ws/install/semantic_mapping:/home/dliujm/ros2_ws/install/semantic_labeling_demo:/home/dliujm/ros2_ws/install/racing_controller:/home/dliujm/ros2_ws/install/odom_tf_broadcaster_pkg:/home/dliujm/ros2_ws/install/lucy_hardware:/home/dliujm/ros2_ws/install/image_saver:/home/dliujm/ros2_ws/src/install/semantic_mapping:/home/dliujm/ros2_ws/src/install/semantic_labeling_demo:/home/dliujm/ros2_ws/src/install/odom_tf_broadcaster_pkg:/home/dliujm/ros2_ws/src/install/lucy_hardware:/home/dliujm/ros2_ws/src/install/image_saver:/opt/ros/humble /usr/bin/cmake --build /home/dliujm/um_files/rob_498_av/AutoVehicle25/audi_ws/build/robot_desc -- -j12 -l12
[0.116s] Invoked command in '/home/dliujm/um_files/rob_498_av/AutoVehicle25/audi_ws/build/robot_desc' returned '0': CMAKE_PREFIX_PATH=${CMAKE_PREFIX_PATH}:/home/dliujm/ros2_ws/install/voice_command:/home/dliujm/ros2_ws/install/semantic_mapping:/home/dliujm/ros2_ws/install/semantic_labeling_demo:/home/dliujm/ros2_ws/install/racing_controller:/home/dliujm/ros2_ws/install/odom_tf_broadcaster_pkg:/home/dliujm/ros2_ws/install/lucy_hardware:/home/dliujm/ros2_ws/install/image_saver:/home/dliujm/ros2_ws/src/install/semantic_mapping:/home/dliujm/ros2_ws/src/install/semantic_labeling_demo:/home/dliujm/ros2_ws/src/install/odom_tf_broadcaster_pkg:/home/dliujm/ros2_ws/src/install/lucy_hardware:/home/dliujm/ros2_ws/src/install/image_saver:/opt/ros/humble /usr/bin/cmake --build /home/dliujm/um_files/rob_498_av/AutoVehicle25/audi_ws/build/robot_desc -- -j12 -l12
[0.118s] Invoking command in '/home/dliujm/um_files/rob_498_av/AutoVehicle25/audi_ws/build/robot_desc': CMAKE_PREFIX_PATH=${CMAKE_PREFIX_PATH}:/home/dliujm/ros2_ws/install/voice_command:/home/dliujm/ros2_ws/install/semantic_mapping:/home/dliujm/ros2_ws/install/semantic_labeling_demo:/home/dliujm/ros2_ws/install/racing_controller:/home/dliujm/ros2_ws/install/odom_tf_broadcaster_pkg:/home/dliujm/ros2_ws/install/lucy_hardware:/home/dliujm/ros2_ws/install/image_saver:/home/dliujm/ros2_ws/src/install/semantic_mapping:/home/dliujm/ros2_ws/src/install/semantic_labeling_demo:/home/dliujm/ros2_ws/src/install/odom_tf_broadcaster_pkg:/home/dliujm/ros2_ws/src/install/lucy_hardware:/home/dliujm/ros2_ws/src/install/image_saver:/opt/ros/humble /usr/bin/cmake --install /home/dliujm/um_files/rob_498_av/AutoVehicle25/audi_ws/build/robot_desc
[0.128s] -- Install configuration: ""
[0.128s] -- Up-to-date: /home/dliujm/um_files/rob_498_av/AutoVehicle25/audi_ws/install/robot_desc/share/robot_desc/models
[0.128s] -- Up-to-date: /home/dliujm/um_files/rob_498_av/AutoVehicle25/audi_ws/install/robot_desc/share/robot_desc/models/lucy
[0.128s] -- Up-to-date: /home/dliujm/um_files/rob_498_av/AutoVehicle25/audi_ws/install/robot_desc/share/robot_desc/models/lucy/lucy.sdf
[0.128s] -- Up-to-date: /home/dliujm/um_files/rob_498_av/AutoVehicle25/audi_ws/install/robot_desc/share/robot_desc/models/lucy/model.config
[0.129s] -- Up-to-date: /home/dliujm/um_files/rob_498_av/AutoVehicle25/audi_ws/install/robot_desc/share/robot_desc/models/sonoma_raceway
[0.129s] -- Up-to-date: /home/dliujm/um_files/rob_498_av/AutoVehicle25/audi_ws/install/robot_desc/share/robot_desc/models/sonoma_raceway/meshes
[0.129s] -- Up-to-date: /home/dliujm/um_files/rob_498_av/AutoVehicle25/audi_ws/install/robot_desc/share/robot_desc/models/sonoma_raceway/meshes/Raceway.obj
[0.129s] -- Up-to-date: /home/dliujm/um_files/rob_498_av/AutoVehicle25/audi_ws/install/robot_desc/share/robot_desc/models/sonoma_raceway/meshes/Raceway.mtl
[0.129s] -- Up-to-date: /home/dliujm/um_files/rob_498_av/AutoVehicle25/audi_ws/install/robot_desc/share/robot_desc/models/sonoma_raceway/materials
[0.129s] -- Up-to-date: /home/dliujm/um_files/rob_498_av/AutoVehicle25/audi_ws/install/robot_desc/share/robot_desc/models/sonoma_raceway/materials/textures
[0.129s] -- Up-to-date: /home/dliujm/um_files/rob_498_av/AutoVehicle25/audi_ws/install/robot_desc/share/robot_desc/models/sonoma_raceway/materials/textures/Wall.png
[0.129s] -- Up-to-date: /home/dliujm/um_files/rob_498_av/AutoVehicle25/audi_ws/install/robot_desc/share/robot_desc/models/sonoma_raceway/materials/textures/Fence_Opacity.png
[0.129s] -- Up-to-date: /home/dliujm/um_files/rob_498_av/AutoVehicle25/audi_ws/install/robot_desc/share/robot_desc/models/sonoma_raceway/materials/textures/Railing.png
[0.129s] -- Up-to-date: /home/dliujm/um_files/rob_498_av/AutoVehicle25/audi_ws/install/robot_desc/share/robot_desc/models/sonoma_raceway/materials/textures/Bridge.png
[0.129s] -- Up-to-date: /home/dliujm/um_files/rob_498_av/AutoVehicle25/audi_ws/install/robot_desc/share/robot_desc/models/sonoma_raceway/materials/textures/Grass.png
[0.130s] -- Up-to-date: /home/dliujm/um_files/rob_498_av/AutoVehicle25/audi_ws/install/robot_desc/share/robot_desc/models/sonoma_raceway/materials/textures/Checker.png
[0.130s] -- Up-to-date: /home/dliujm/um_files/rob_498_av/AutoVehicle25/audi_ws/install/robot_desc/share/robot_desc/models/sonoma_raceway/materials/textures/Stands.png
[0.130s] -- Up-to-date: /home/dliujm/um_files/rob_498_av/AutoVehicle25/audi_ws/install/robot_desc/share/robot_desc/models/sonoma_raceway/materials/textures/Fence.png
[0.130s] -- Up-to-date: /home/dliujm/um_files/rob_498_av/AutoVehicle25/audi_ws/install/robot_desc/share/robot_desc/models/sonoma_raceway/materials/textures/Concrete.png
[0.130s] -- Up-to-date: /home/dliujm/um_files/rob_498_av/AutoVehicle25/audi_ws/install/robot_desc/share/robot_desc/models/sonoma_raceway/materials/textures/TireStack.png
[0.130s] -- Up-to-date: /home/dliujm/um_files/rob_498_av/AutoVehicle25/audi_ws/install/robot_desc/share/robot_desc/models/sonoma_raceway/materials/textures/RumbleStrip.png
[0.130s] -- Up-to-date: /home/dliujm/um_files/rob_498_av/AutoVehicle25/audi_ws/install/robot_desc/share/robot_desc/models/sonoma_raceway/materials/textures/Track.png
[0.130s] -- Up-to-date: /home/dliujm/um_files/rob_498_av/AutoVehicle25/audi_ws/install/robot_desc/share/robot_desc/models/sonoma_raceway/materials/textures/Window.png
[0.130s] -- Up-to-date: /home/dliujm/um_files/rob_498_av/AutoVehicle25/audi_ws/install/robot_desc/share/robot_desc/models/sonoma_raceway/materials/textures/Asphalt.png
[0.130s] -- Up-to-date: /home/dliujm/um_files/rob_498_av/AutoVehicle25/audi_ws/install/robot_desc/share/robot_desc/models/sonoma_raceway/materials/textures/RumbleStrip&Barrier.png
[0.130s] -- Up-to-date: /home/dliujm/um_files/rob_498_av/AutoVehicle25/audi_ws/install/robot_desc/share/robot_desc/models/sonoma_raceway/materials/textures/Roof.png
[0.130s] -- Up-to-date: /home/dliujm/um_files/rob_498_av/AutoVehicle25/audi_ws/install/robot_desc/share/robot_desc/models/sonoma_raceway/materials/textures/Trim.png
[0.131s] -- Up-to-date: /home/dliujm/um_files/rob_498_av/AutoVehicle25/audi_ws/install/robot_desc/share/robot_desc/models/sonoma_raceway/model.sdf
[0.131s] -- Up-to-date: /home/dliujm/um_files/rob_498_av/AutoVehicle25/audi_ws/install/robot_desc/share/robot_desc/models/sonoma_raceway/model.tar.gz
[0.131s] -- Up-to-date: /home/dliujm/um_files/rob_498_av/AutoVehicle25/audi_ws/install/robot_desc/share/robot_desc/models/sonoma_raceway/model.config
[0.131s] -- Up-to-date: /home/dliujm/um_files/rob_498_av/AutoVehicle25/audi_ws/install/robot_desc/share/ament_index/resource_index/package_run_dependencies/robot_desc
[0.131s] -- Up-to-date: /home/dliujm/um_files/rob_498_av/AutoVehicle25/audi_ws/install/robot_desc/share/ament_index/resource_index/parent_prefix_path/robot_desc
[0.131s] -- Up-to-date: /home/dliujm/um_files/rob_498_av/AutoVehicle25/audi_ws/install/robot_desc/share/robot_desc/environment/ament_prefix_path.sh
[0.132s] -- Up-to-date: /home/dliujm/um_files/rob_498_av/AutoVehicle25/audi_ws/install/robot_desc/share/robot_desc/environment/ament_prefix_path.dsv
[0.132s] -- Up-to-date: /home/dliujm/um_files/rob_498_av/AutoVehicle25/audi_ws/install/robot_desc/share/robot_desc/environment/path.sh
[0.132s] -- Up-to-date: /home/dliujm/um_files/rob_498_av/AutoVehicle25/audi_ws/install/robot_desc/share/robot_desc/environment/path.dsv
[0.132s] -- Up-to-date: /home/dliujm/um_files/rob_498_av/AutoVehicle25/audi_ws/install/robot_desc/share/robot_desc/local_setup.bash
[0.132s] -- Up-to-date: /home/dliujm/um_files/rob_498_av/AutoVehicle25/audi_ws/install/robot_desc/share/robot_desc/local_setup.sh
[0.132s] -- Up-to-date: /home/dliujm/um_files/rob_498_av/AutoVehicle25/audi_ws/install/robot_desc/share/robot_desc/local_setup.zsh
[0.132s] -- Up-to-date: /home/dliujm/um_files/rob_498_av/AutoVehicle25/audi_ws/install/robot_desc/share/robot_desc/local_setup.dsv
[0.132s] -- Installing: /home/dliujm/um_files/rob_498_av/AutoVehicle25/audi_ws/install/robot_desc/share/robot_desc/package.dsv
[0.132s] -- Up-to-date: /home/dliujm/um_files/rob_498_av/AutoVehicle25/audi_ws/install/robot_desc/share/ament_index/resource_index/packages/robot_desc
[0.132s] -- Up-to-date: /home/dliujm/um_files/rob_498_av/AutoVehicle25/audi_ws/install/robot_desc/share/robot_desc/cmake/robot_descConfig.cmake
[0.132s] -- Up-to-date: /home/dliujm/um_files/rob_498_av/AutoVehicle25/audi_ws/install/robot_desc/share/robot_desc/cmake/robot_descConfig-version.cmake
[0.132s] -- Up-to-date: /home/dliujm/um_files/rob_498_av/AutoVehicle25/audi_ws/install/robot_desc/share/robot_desc/package.xml
[0.196s] Invoked command in '/home/dliujm/um_files/rob_498_av/AutoVehicle25/audi_ws/build/robot_desc' returned '0': CMAKE_PREFIX_PATH=${CMAKE_PREFIX_PATH}:/home/dliujm/ros2_ws/install/voice_command:/home/dliujm/ros2_ws/install/semantic_mapping:/home/dliujm/ros2_ws/install/semantic_labeling_demo:/home/dliujm/ros2_ws/install/racing_controller:/home/dliujm/ros2_ws/install/odom_tf_broadcaster_pkg:/home/dliujm/ros2_ws/install/lucy_hardware:/home/dliujm/ros2_ws/install/image_saver:/home/dliujm/ros2_ws/src/install/semantic_mapping:/home/dliujm/ros2_ws/src/install/semantic_labeling_demo:/home/dliujm/ros2_ws/src/install/odom_tf_broadcaster_pkg:/home/dliujm/ros2_ws/src/install/lucy_hardware:/home/dliujm/ros2_ws/src/install/image_saver:/opt/ros/humble /usr/bin/cmake --install /home/dliujm/um_files/rob_498_av/AutoVehicle25/audi_ws/build/robot_desc
