-- Install configuration: ""
-- Up-to-date: /home/fishros/AVAudi/audi_ws/install/open_loop/lib/open_loop/controller.py
-- Up-to-date: /home/fishros/AVAudi/audi_ws/install/open_loop/share/open_loop/launch
-- Up-to-date: /home/fishros/AVAudi/audi_ws/install/open_loop/share/open_loop/launch/simulation_launch.py
-- Up-to-date: /home/fishros/AVAudi/audi_ws/install/open_loop/share/open_loop/models
-- Up-to-date: /home/fishros/AVAudi/audi_ws/install/open_loop/share/open_loop/models/hatchback
-- Installing: /home/fishros/AVAudi/audi_ws/install/open_loop/share/open_loop/models/hatchback/model.sdf
-- Up-to-date: /home/fishros/AVAudi/audi_ws/install/open_loop/share/open_loop/models/hatchback/thumbnails
-- Up-to-date: /home/fishros/AVAudi/audi_ws/install/open_loop/share/open_loop/models/hatchback/thumbnails/4.png
-- Up-to-date: /home/fishros/AVAudi/audi_ws/install/open_loop/share/open_loop/models/hatchback/thumbnails/5.png
-- Up-to-date: /home/fishros/AVAudi/audi_ws/install/open_loop/share/open_loop/models/hatchback/thumbnails/3.png
-- Up-to-date: /home/fishros/AVAudi/audi_ws/install/open_loop/share/open_loop/models/hatchback/thumbnails/1.png
-- Up-to-date: /home/fishros/AVAudi/audi_ws/install/open_loop/share/open_loop/models/hatchback/thumbnails/2.png
-- Up-to-date: /home/fishros/AVAudi/audi_ws/install/open_loop/share/open_loop/models/hatchback/materials
-- Up-to-date: /home/fishros/AVAudi/audi_ws/install/open_loop/share/open_loop/models/hatchback/materials/textures
-- Up-to-date: /home/fishros/AVAudi/audi_ws/install/open_loop/share/open_loop/models/hatchback/materials/textures/wheels3.png
-- Up-to-date: /home/fishros/AVAudi/audi_ws/install/open_loop/share/open_loop/models/hatchback/materials/textures/hatchback.png
-- Up-to-date: /home/fishros/AVAudi/audi_ws/install/open_loop/share/open_loop/models/hatchback/meshes
-- Up-to-date: /home/fishros/AVAudi/audi_ws/install/open_loop/share/open_loop/models/hatchback/meshes/hatchback.mtl
-- Up-to-date: /home/fishros/AVAudi/audi_ws/install/open_loop/share/open_loop/models/hatchback/meshes/hatchback.obj
-- Up-to-date: /home/fishros/AVAudi/audi_ws/install/open_loop/share/open_loop/models/hatchback/model.config
-- Up-to-date: /home/fishros/AVAudi/audi_ws/install/open_loop/share/ament_index/resource_index/package_run_dependencies/open_loop
-- Up-to-date: /home/fishros/AVAudi/audi_ws/install/open_loop/share/ament_index/resource_index/parent_prefix_path/open_loop
-- Up-to-date: /home/fishros/AVAudi/audi_ws/install/open_loop/share/open_loop/environment/ament_prefix_path.sh
-- Up-to-date: /home/fishros/AVAudi/audi_ws/install/open_loop/share/open_loop/environment/ament_prefix_path.dsv
-- Up-to-date: /home/fishros/AVAudi/audi_ws/install/open_loop/share/open_loop/environment/path.sh
-- Up-to-date: /home/fishros/AVAudi/audi_ws/install/open_loop/share/open_loop/environment/path.dsv
-- Up-to-date: /home/fishros/AVAudi/audi_ws/install/open_loop/share/open_loop/local_setup.bash
-- Up-to-date: /home/fishros/AVAudi/audi_ws/install/open_loop/share/open_loop/local_setup.sh
-- Up-to-date: /home/fishros/AVAudi/audi_ws/install/open_loop/share/open_loop/local_setup.zsh
-- Up-to-date: /home/fishros/AVAudi/audi_ws/install/open_loop/share/open_loop/local_setup.dsv
-- Installing: /home/fishros/AVAudi/audi_ws/install/open_loop/share/open_loop/package.dsv
-- Up-to-date: /home/fishros/AVAudi/audi_ws/install/open_loop/share/ament_index/resource_index/packages/open_loop
-- Up-to-date: /home/fishros/AVAudi/audi_ws/install/open_loop/share/open_loop/cmake/open_loopConfig.cmake
-- Up-to-date: /home/fishros/AVAudi/audi_ws/install/open_loop/share/open_loop/cmake/open_loopConfig-version.cmake
-- Up-to-date: /home/fishros/AVAudi/audi_ws/install/open_loop/share/open_loop/package.xml
