[0.011s] Invoking command in '/home/dliujm/um_files/rob_498_av/AutoVehicle25/audi_ws/build/autocar_nav': AMENT_PREFIX_PATH=/home/dliujm/um_files/rob_498_av/AutoVehicle25/audi_ws/install/autocar_msgs:${AMENT_PREFIX_PATH} CMAKE_PREFIX_PATH=/home/dliujm/um_files/rob_498_av/AutoVehicle25/audi_ws/install/autocar_msgs:/home/dliujm/ros2_ws/install/sim_test:/home/dliujm/ros2_ws/install/robot_sim_bringup:/home/dliujm/ros2_ws/install/robot_desc:/home/dliujm/ros2_ws/install/pointcloud_to_laserscan:/home/dliujm/ros2_ws/install/custom_msg:/home/dliujm/ros2_ws/src/install/sim_test:/home/dliujm/ros2_ws/src/install/robot_sim_bringup:/home/dliujm/ros2_ws/src/install/robot_desc:/home/dliujm/ros2_ws/install/voice_command:/home/dliujm/ros2_ws/install/semantic_mapping:/home/dliujm/ros2_ws/install/semantic_labeling_demo:/home/dliujm/ros2_ws/install/racing_controller:/home/dliujm/ros2_ws/install/odom_tf_broadcaster_pkg:/home/dliujm/ros2_ws/install/lucy_hardware:/home/dliujm/ros2_ws/install/image_saver:/home/dliujm/ros2_ws/src/install/semantic_mapping:/home/dliujm/ros2_ws/src/install/semantic_labeling_demo:/home/dliujm/ros2_ws/src/install/odom_tf_broadcaster_pkg:/home/dliujm/ros2_ws/src/install/lucy_hardware:/home/dliujm/ros2_ws/src/install/image_saver:/opt/ros/humble LD_LIBRARY_PATH=/home/dliujm/um_files/rob_498_av/AutoVehicle25/audi_ws/install/autocar_msgs/lib:${LD_LIBRARY_PATH} PYTHONPATH=/home/dliujm/um_files/rob_498_av/AutoVehicle25/audi_ws/install/autocar_msgs/local/lib/python3.10/dist-packages:${PYTHONPATH} /usr/bin/cmake --build /home/dliujm/um_files/rob_498_av/AutoVehicle25/audi_ws/build/autocar_nav -- -j12 -l12
[0.071s] Built target ament_cmake_python_copy_autocar_nav
[0.326s] running egg_info
[0.326s] writing autocar_nav.egg-info/PKG-INFO
[0.326s] writing dependency_links to autocar_nav.egg-info/dependency_links.txt
[0.326s] writing top-level names to autocar_nav.egg-info/top_level.txt
[0.328s] reading manifest file 'autocar_nav.egg-info/SOURCES.txt'
[0.329s] writing manifest file 'autocar_nav.egg-info/SOURCES.txt'
[0.354s] Built target ament_cmake_python_build_autocar_nav_egg
[0.366s] Invoked command in '/home/dliujm/um_files/rob_498_av/AutoVehicle25/audi_ws/build/autocar_nav' returned '0': AMENT_PREFIX_PATH=/home/dliujm/um_files/rob_498_av/AutoVehicle25/audi_ws/install/autocar_msgs:${AMENT_PREFIX_PATH} CMAKE_PREFIX_PATH=/home/dliujm/um_files/rob_498_av/AutoVehicle25/audi_ws/install/autocar_msgs:/home/dliujm/ros2_ws/install/sim_test:/home/dliujm/ros2_ws/install/robot_sim_bringup:/home/dliujm/ros2_ws/install/robot_desc:/home/dliujm/ros2_ws/install/pointcloud_to_laserscan:/home/dliujm/ros2_ws/install/custom_msg:/home/dliujm/ros2_ws/src/install/sim_test:/home/dliujm/ros2_ws/src/install/robot_sim_bringup:/home/dliujm/ros2_ws/src/install/robot_desc:/home/dliujm/ros2_ws/install/voice_command:/home/dliujm/ros2_ws/install/semantic_mapping:/home/dliujm/ros2_ws/install/semantic_labeling_demo:/home/dliujm/ros2_ws/install/racing_controller:/home/dliujm/ros2_ws/install/odom_tf_broadcaster_pkg:/home/dliujm/ros2_ws/install/lucy_hardware:/home/dliujm/ros2_ws/install/image_saver:/home/dliujm/ros2_ws/src/install/semantic_mapping:/home/dliujm/ros2_ws/src/install/semantic_labeling_demo:/home/dliujm/ros2_ws/src/install/odom_tf_broadcaster_pkg:/home/dliujm/ros2_ws/src/install/lucy_hardware:/home/dliujm/ros2_ws/src/install/image_saver:/opt/ros/humble LD_LIBRARY_PATH=/home/dliujm/um_files/rob_498_av/AutoVehicle25/audi_ws/install/autocar_msgs/lib:${LD_LIBRARY_PATH} PYTHONPATH=/home/dliujm/um_files/rob_498_av/AutoVehicle25/audi_ws/install/autocar_msgs/local/lib/python3.10/dist-packages:${PYTHONPATH} /usr/bin/cmake --build /home/dliujm/um_files/rob_498_av/AutoVehicle25/audi_ws/build/autocar_nav -- -j12 -l12
[0.368s] Invoking command in '/home/dliujm/um_files/rob_498_av/AutoVehicle25/audi_ws/build/autocar_nav': AMENT_PREFIX_PATH=/home/dliujm/um_files/rob_498_av/AutoVehicle25/audi_ws/install/autocar_msgs:${AMENT_PREFIX_PATH} CMAKE_PREFIX_PATH=/home/dliujm/um_files/rob_498_av/AutoVehicle25/audi_ws/install/autocar_msgs:/home/dliujm/ros2_ws/install/sim_test:/home/dliujm/ros2_ws/install/robot_sim_bringup:/home/dliujm/ros2_ws/install/robot_desc:/home/dliujm/ros2_ws/install/pointcloud_to_laserscan:/home/dliujm/ros2_ws/install/custom_msg:/home/dliujm/ros2_ws/src/install/sim_test:/home/dliujm/ros2_ws/src/install/robot_sim_bringup:/home/dliujm/ros2_ws/src/install/robot_desc:/home/dliujm/ros2_ws/install/voice_command:/home/dliujm/ros2_ws/install/semantic_mapping:/home/dliujm/ros2_ws/install/semantic_labeling_demo:/home/dliujm/ros2_ws/install/racing_controller:/home/dliujm/ros2_ws/install/odom_tf_broadcaster_pkg:/home/dliujm/ros2_ws/install/lucy_hardware:/home/dliujm/ros2_ws/install/image_saver:/home/dliujm/ros2_ws/src/install/semantic_mapping:/home/dliujm/ros2_ws/src/install/semantic_labeling_demo:/home/dliujm/ros2_ws/src/install/odom_tf_broadcaster_pkg:/home/dliujm/ros2_ws/src/install/lucy_hardware:/home/dliujm/ros2_ws/src/install/image_saver:/opt/ros/humble LD_LIBRARY_PATH=/home/dliujm/um_files/rob_498_av/AutoVehicle25/audi_ws/install/autocar_msgs/lib:${LD_LIBRARY_PATH} PYTHONPATH=/home/dliujm/um_files/rob_498_av/AutoVehicle25/audi_ws/install/autocar_msgs/local/lib/python3.10/dist-packages:${PYTHONPATH} /usr/bin/cmake --install /home/dliujm/um_files/rob_498_av/AutoVehicle25/audi_ws/build/autocar_nav
[0.375s] -- Install configuration: ""
[0.375s] -- Up-to-date: /home/dliujm/um_files/rob_498_av/AutoVehicle25/audi_ws/install/autocar_nav/share/autocar_nav/environment/pythonpath.sh
[0.375s] -- Up-to-date: /home/dliujm/um_files/rob_498_av/AutoVehicle25/audi_ws/install/autocar_nav/share/autocar_nav/environment/pythonpath.dsv
[0.375s] -- Up-to-date: /home/dliujm/um_files/rob_498_av/AutoVehicle25/audi_ws/install/autocar_nav/local/lib/python3.10/dist-packages/autocar_nav-0.0.0-py3.10.egg-info
[0.375s] -- Installing: /home/dliujm/um_files/rob_498_av/AutoVehicle25/audi_ws/install/autocar_nav/local/lib/python3.10/dist-packages/autocar_nav-0.0.0-py3.10.egg-info/top_level.txt
[0.376s] -- Installing: /home/dliujm/um_files/rob_498_av/AutoVehicle25/audi_ws/install/autocar_nav/local/lib/python3.10/dist-packages/autocar_nav-0.0.0-py3.10.egg-info/SOURCES.txt
[0.376s] -- Installing: /home/dliujm/um_files/rob_498_av/AutoVehicle25/audi_ws/install/autocar_nav/local/lib/python3.10/dist-packages/autocar_nav-0.0.0-py3.10.egg-info/dependency_links.txt
[0.376s] -- Installing: /home/dliujm/um_files/rob_498_av/AutoVehicle25/audi_ws/install/autocar_nav/local/lib/python3.10/dist-packages/autocar_nav-0.0.0-py3.10.egg-info/PKG-INFO
[0.376s] -- Up-to-date: /home/dliujm/um_files/rob_498_av/AutoVehicle25/audi_ws/install/autocar_nav/local/lib/python3.10/dist-packages/autocar_nav
[0.376s] -- Up-to-date: /home/dliujm/um_files/rob_498_av/AutoVehicle25/audi_ws/install/autocar_nav/local/lib/python3.10/dist-packages/autocar_nav/yaw_to_quaternion.py
[0.376s] -- Up-to-date: /home/dliujm/um_files/rob_498_av/AutoVehicle25/audi_ws/install/autocar_nav/local/lib/python3.10/dist-packages/autocar_nav/normalise_angle.py
[0.376s] -- Up-to-date: /home/dliujm/um_files/rob_498_av/AutoVehicle25/audi_ws/install/autocar_nav/local/lib/python3.10/dist-packages/autocar_nav/__init__.py
[0.376s] -- Up-to-date: /home/dliujm/um_files/rob_498_av/AutoVehicle25/audi_ws/install/autocar_nav/local/lib/python3.10/dist-packages/autocar_nav/cubic_spline_interpolator.py
[0.409s] Listing '/home/dliujm/um_files/rob_498_av/AutoVehicle25/audi_ws/install/autocar_nav/local/lib/python3.10/dist-packages/autocar_nav'...
[0.413s] -- Up-to-date: /home/dliujm/um_files/rob_498_av/AutoVehicle25/audi_ws/install/autocar_nav/share/autocar_nav/config
[0.413s] -- Up-to-date: /home/dliujm/um_files/rob_498_av/AutoVehicle25/audi_ws/install/autocar_nav/share/autocar_nav/config/navigation_params.yaml
[0.413s] -- Up-to-date: /home/dliujm/um_files/rob_498_av/AutoVehicle25/audi_ws/install/autocar_nav/share/autocar_nav/data
[0.413s] -- Up-to-date: /home/dliujm/um_files/rob_498_av/AutoVehicle25/audi_ws/install/autocar_nav/share/autocar_nav/data/waypoints.csv
[0.413s] -- Up-to-date: /home/dliujm/um_files/rob_498_av/AutoVehicle25/audi_ws/install/autocar_nav/lib/autocar_nav/globalplanner.py
[0.413s] -- Up-to-date: /home/dliujm/um_files/rob_498_av/AutoVehicle25/audi_ws/install/autocar_nav/lib/autocar_nav/localisation.py
[0.413s] -- Up-to-date: /home/dliujm/um_files/rob_498_av/AutoVehicle25/audi_ws/install/autocar_nav/lib/autocar_nav/localplanner.py
[0.413s] -- Up-to-date: /home/dliujm/um_files/rob_498_av/AutoVehicle25/audi_ws/install/autocar_nav/lib/autocar_nav/clickplanner.py
[0.413s] -- Up-to-date: /home/dliujm/um_files/rob_498_av/AutoVehicle25/audi_ws/install/autocar_nav/lib/autocar_nav/tracker.py
[0.414s] -- Up-to-date: /home/dliujm/um_files/rob_498_av/AutoVehicle25/audi_ws/install/autocar_nav/share/ament_index/resource_index/package_run_dependencies/autocar_nav
[0.414s] -- Up-to-date: /home/dliujm/um_files/rob_498_av/AutoVehicle25/audi_ws/install/autocar_nav/share/ament_index/resource_index/parent_prefix_path/autocar_nav
[0.414s] -- Up-to-date: /home/dliujm/um_files/rob_498_av/AutoVehicle25/audi_ws/install/autocar_nav/share/autocar_nav/environment/ament_prefix_path.sh
[0.414s] -- Up-to-date: /home/dliujm/um_files/rob_498_av/AutoVehicle25/audi_ws/install/autocar_nav/share/autocar_nav/environment/ament_prefix_path.dsv
[0.414s] -- Up-to-date: /home/dliujm/um_files/rob_498_av/AutoVehicle25/audi_ws/install/autocar_nav/share/autocar_nav/environment/path.sh
[0.414s] -- Up-to-date: /home/dliujm/um_files/rob_498_av/AutoVehicle25/audi_ws/install/autocar_nav/share/autocar_nav/environment/path.dsv
[0.414s] -- Up-to-date: /home/dliujm/um_files/rob_498_av/AutoVehicle25/audi_ws/install/autocar_nav/share/autocar_nav/local_setup.bash
[0.414s] -- Up-to-date: /home/dliujm/um_files/rob_498_av/AutoVehicle25/audi_ws/install/autocar_nav/share/autocar_nav/local_setup.sh
[0.414s] -- Up-to-date: /home/dliujm/um_files/rob_498_av/AutoVehicle25/audi_ws/install/autocar_nav/share/autocar_nav/local_setup.zsh
[0.414s] -- Up-to-date: /home/dliujm/um_files/rob_498_av/AutoVehicle25/audi_ws/install/autocar_nav/share/autocar_nav/local_setup.dsv
[0.414s] -- Installing: /home/dliujm/um_files/rob_498_av/AutoVehicle25/audi_ws/install/autocar_nav/share/autocar_nav/package.dsv
[0.414s] -- Up-to-date: /home/dliujm/um_files/rob_498_av/AutoVehicle25/audi_ws/install/autocar_nav/share/ament_index/resource_index/packages/autocar_nav
[0.414s] -- Up-to-date: /home/dliujm/um_files/rob_498_av/AutoVehicle25/audi_ws/install/autocar_nav/share/autocar_nav/cmake/autocar_navConfig.cmake
[0.414s] -- Up-to-date: /home/dliujm/um_files/rob_498_av/AutoVehicle25/audi_ws/install/autocar_nav/share/autocar_nav/cmake/autocar_navConfig-version.cmake
[0.414s] -- Up-to-date: /home/dliujm/um_files/rob_498_av/AutoVehicle25/audi_ws/install/autocar_nav/share/autocar_nav/package.xml
[0.416s] Invoked command in '/home/dliujm/um_files/rob_498_av/AutoVehicle25/audi_ws/build/autocar_nav' returned '0': AMENT_PREFIX_PATH=/home/dliujm/um_files/rob_498_av/AutoVehicle25/audi_ws/install/autocar_msgs:${AMENT_PREFIX_PATH} CMAKE_PREFIX_PATH=/home/dliujm/um_files/rob_498_av/AutoVehicle25/audi_ws/install/autocar_msgs:/home/dliujm/ros2_ws/install/sim_test:/home/dliujm/ros2_ws/install/robot_sim_bringup:/home/dliujm/ros2_ws/install/robot_desc:/home/dliujm/ros2_ws/install/pointcloud_to_laserscan:/home/dliujm/ros2_ws/install/custom_msg:/home/dliujm/ros2_ws/src/install/sim_test:/home/dliujm/ros2_ws/src/install/robot_sim_bringup:/home/dliujm/ros2_ws/src/install/robot_desc:/home/dliujm/ros2_ws/install/voice_command:/home/dliujm/ros2_ws/install/semantic_mapping:/home/dliujm/ros2_ws/install/semantic_labeling_demo:/home/dliujm/ros2_ws/install/racing_controller:/home/dliujm/ros2_ws/install/odom_tf_broadcaster_pkg:/home/dliujm/ros2_ws/install/lucy_hardware:/home/dliujm/ros2_ws/install/image_saver:/home/dliujm/ros2_ws/src/install/semantic_mapping:/home/dliujm/ros2_ws/src/install/semantic_labeling_demo:/home/dliujm/ros2_ws/src/install/odom_tf_broadcaster_pkg:/home/dliujm/ros2_ws/src/install/lucy_hardware:/home/dliujm/ros2_ws/src/install/image_saver:/opt/ros/humble LD_LIBRARY_PATH=/home/dliujm/um_files/rob_498_av/AutoVehicle25/audi_ws/install/autocar_msgs/lib:${LD_LIBRARY_PATH} PYTHONPATH=/home/dliujm/um_files/rob_498_av/AutoVehicle25/audi_ws/install/autocar_msgs/local/lib/python3.10/dist-packages:${PYTHONPATH} /usr/bin/cmake --install /home/dliujm/um_files/rob_498_av/AutoVehicle25/audi_ws/build/autocar_nav
