[0.036s] Invoking command in '/home/dliujm/um_files/rob_498_av/AutoVehicle25/audi_ws/build/autocar_msgs': CMAKE_PREFIX_PATH=${CMAKE_PREFIX_PATH}:/home/dliujm/ros2_ws/install/voice_command:/home/dliujm/ros2_ws/install/semantic_mapping:/home/dliujm/ros2_ws/install/semantic_labeling_demo:/home/dliujm/ros2_ws/install/racing_controller:/home/dliujm/ros2_ws/install/odom_tf_broadcaster_pkg:/home/dliujm/ros2_ws/install/lucy_hardware:/home/dliujm/ros2_ws/install/image_saver:/home/dliujm/ros2_ws/src/install/semantic_mapping:/home/dliujm/ros2_ws/src/install/semantic_labeling_demo:/home/dliujm/ros2_ws/src/install/odom_tf_broadcaster_pkg:/home/dliujm/ros2_ws/src/install/lucy_hardware:/home/dliujm/ros2_ws/src/install/image_saver:/opt/ros/humble /usr/bin/cmake --build /home/dliujm/um_files/rob_498_av/AutoVehicle25/audi_ws/build/autocar_msgs -- -j12 -l12
[0.067s] -- Found ament_cmake: 1.3.11 (/opt/ros/humble/share/ament_cmake/cmake)
[0.205s] -- Found geometry_msgs: 4.2.4 (/opt/ros/humble/share/geometry_msgs/cmake)
[0.227s] -- Found rosidl_generator_c: 3.1.6 (/opt/ros/humble/share/rosidl_generator_c/cmake)
[0.229s] -- Found rosidl_adapter: 3.1.6 (/opt/ros/humble/share/rosidl_adapter/cmake)
[0.234s] -- Found rosidl_generator_cpp: 3.1.6 (/opt/ros/humble/share/rosidl_generator_cpp/cmake)
[0.242s] -- Using all available rosidl_typesupport_c: rosidl_typesupport_fastrtps_c;rosidl_typesupport_introspection_c
[0.252s] -- Using all available rosidl_typesupport_cpp: rosidl_typesupport_fastrtps_cpp;rosidl_typesupport_introspection_cpp
[0.280s] -- Found rosidl_default_generators: 1.2.0 (/opt/ros/humble/share/rosidl_default_generators/cmake)
[0.591s] -- Found ament_cmake_ros: 0.10.0 (/opt/ros/humble/share/ament_cmake_ros/cmake)
[0.999s] -- Using all available rosidl_typesupport_c: rosidl_typesupport_fastrtps_c;rosidl_typesupport_introspection_c
[1.155s] -- Using all available rosidl_typesupport_cpp: rosidl_typesupport_fastrtps_cpp;rosidl_typesupport_introspection_cpp
[1.177s] -- Found python_cmake_module: 0.10.0 (/opt/ros/humble/share/python_cmake_module/cmake)
[1.200s] -- Using PYTHON_EXECUTABLE: /usr/bin/python3
[1.201s] -- Using PYTHON_INCLUDE_DIRS: /usr/include/python3.10
[1.201s] -- Using PYTHON_LIBRARIES: /usr/lib/x86_64-linux-gnu/libpython3.10.so
[1.238s] -- Found ament_lint_auto: 0.12.11 (/opt/ros/humble/share/ament_lint_auto/cmake)
[1.257s] -- Added test 'copyright' to check source files copyright and LICENSE
[1.259s] -- Added test 'lint_cmake' to check CMake code style
[1.260s] -- Added test 'xmllint' to check XML markup files
[1.263s] -- Configuring done
[1.304s] -- Generating done
[1.315s] -- Build files have been written to: /home/dliujm/um_files/rob_498_av/AutoVehicle25/audi_ws/build/autocar_msgs
[1.344s] [  1%] [34m[1mGenerating C code for ROS interfaces[0m
[1.355s] [  3%] [34m[1mGenerating C++ code for ROS interfaces[0m
[1.366s] [  3%] Built target ament_cmake_python_copy_autocar_msgs
[1.647s] running egg_info
[1.648s] writing autocar_msgs.egg-info/PKG-INFO
[1.648s] writing dependency_links to autocar_msgs.egg-info/dependency_links.txt
[1.648s] writing top-level names to autocar_msgs.egg-info/top_level.txt
[1.650s] reading manifest file 'autocar_msgs.egg-info/SOURCES.txt'
[1.651s] writing manifest file 'autocar_msgs.egg-info/SOURCES.txt'
[1.693s] [  3%] Built target ament_cmake_python_build_autocar_msgs_egg
[1.745s] [35m[1mConsolidate compiler generated dependencies of target autocar_msgs__rosidl_generator_c[0m
[1.753s] [  3%] Built target autocar_msgs__cpp
[1.759s] [  7%] [32mBuilding C object CMakeFiles/autocar_msgs__rosidl_generator_c.dir/rosidl_generator_c/autocar_msgs/msg/detail/path2_d__functions.c.o[0m
[1.759s] [  7%] [32mBuilding C object CMakeFiles/autocar_msgs__rosidl_generator_c.dir/rosidl_generator_c/autocar_msgs/msg/detail/state2_d__functions.c.o[0m
[1.760s] [  9%] [32mBuilding C object CMakeFiles/autocar_msgs__rosidl_generator_c.dir/rosidl_generator_c/autocar_msgs/msg/detail/twist2_d__functions.c.o[0m
[1.760s] [ 10%] [32mBuilding C object CMakeFiles/autocar_msgs__rosidl_generator_c.dir/rosidl_generator_c/autocar_msgs/msg/detail/vehicle_states__functions.c.o[0m
[1.767s] [ 16%] [34m[1mGenerating C++ type support dispatch for ROS interfaces[0m
[1.767s] [ 16%] [34m[1mGenerating C++ introspection for ROS interfaces[0m
[1.767s] [ 16%] [34m[1mGenerating C++ type support for eProsima Fast-RTPS[0m
[1.841s] [ 18%] [32m[1mLinking C shared library libautocar_msgs__rosidl_generator_c.so[0m
[1.892s] [ 18%] Built target autocar_msgs__rosidl_generator_c
[1.906s] [ 23%] [34m[1mGenerating C introspection for ROS interfaces[0m
[1.907s] [ 23%] [34m[1mGenerating C type support for eProsima Fast-RTPS[0m
[1.907s] [ 23%] [34m[1mGenerating C type support dispatch for ROS interfaces[0m
[2.092s] [35m[1mConsolidate compiler generated dependencies of target autocar_msgs__rosidl_typesupport_cpp[0m
[2.118s] [ 29%] [32mBuilding CXX object CMakeFiles/autocar_msgs__rosidl_typesupport_cpp.dir/rosidl_typesupport_cpp/autocar_msgs/msg/twist2_d__type_support.cpp.o[0m
[2.118s] [ 29%] [32mBuilding CXX object CMakeFiles/autocar_msgs__rosidl_typesupport_cpp.dir/rosidl_typesupport_cpp/autocar_msgs/msg/state2_d__type_support.cpp.o[0m
[2.118s] [ 30%] [32mBuilding CXX object CMakeFiles/autocar_msgs__rosidl_typesupport_cpp.dir/rosidl_typesupport_cpp/autocar_msgs/msg/vehicle_states__type_support.cpp.o[0m
[2.118s] [ 29%] [32mBuilding CXX object CMakeFiles/autocar_msgs__rosidl_typesupport_cpp.dir/rosidl_typesupport_cpp/autocar_msgs/msg/path2_d__type_support.cpp.o[0m
[2.164s] [35m[1mConsolidate compiler generated dependencies of target autocar_msgs__rosidl_typesupport_introspection_cpp[0m
[2.196s] [ 32%] [32mBuilding CXX object CMakeFiles/autocar_msgs__rosidl_typesupport_introspection_cpp.dir/rosidl_typesupport_introspection_cpp/autocar_msgs/msg/detail/path2_d__type_support.cpp.o[0m
[2.197s] [ 34%] [32mBuilding CXX object CMakeFiles/autocar_msgs__rosidl_typesupport_introspection_cpp.dir/rosidl_typesupport_introspection_cpp/autocar_msgs/msg/detail/state2_d__type_support.cpp.o[0m
[2.215s] [ 36%] [32mBuilding CXX object CMakeFiles/autocar_msgs__rosidl_typesupport_introspection_cpp.dir/rosidl_typesupport_introspection_cpp/autocar_msgs/msg/detail/twist2_d__type_support.cpp.o[0m
[2.219s] [ 38%] [32mBuilding CXX object CMakeFiles/autocar_msgs__rosidl_typesupport_introspection_cpp.dir/rosidl_typesupport_introspection_cpp/autocar_msgs/msg/detail/vehicle_states__type_support.cpp.o[0m
[2.219s] [35m[1mConsolidate compiler generated dependencies of target autocar_msgs__rosidl_typesupport_fastrtps_cpp[0m
[2.258s] [ 40%] [32mBuilding CXX object CMakeFiles/autocar_msgs__rosidl_typesupport_fastrtps_cpp.dir/rosidl_typesupport_fastrtps_cpp/autocar_msgs/msg/detail/dds_fastrtps/path2_d__type_support.cpp.o[0m
[2.352s] [35m[1mConsolidate compiler generated dependencies of target autocar_msgs__rosidl_typesupport_c[0m
[2.396s] [ 41%] [32mBuilding CXX object CMakeFiles/autocar_msgs__rosidl_typesupport_c.dir/rosidl_typesupport_c/autocar_msgs/msg/path2_d__type_support.cpp.o[0m
[2.478s] [ 43%] [32mBuilding CXX object CMakeFiles/autocar_msgs__rosidl_typesupport_c.dir/rosidl_typesupport_c/autocar_msgs/msg/state2_d__type_support.cpp.o[0m
[2.557s] [ 45%] [32mBuilding CXX object CMakeFiles/autocar_msgs__rosidl_typesupport_c.dir/rosidl_typesupport_c/autocar_msgs/msg/twist2_d__type_support.cpp.o[0m
[2.611s] [35m[1mConsolidate compiler generated dependencies of target autocar_msgs__rosidl_typesupport_fastrtps_c[0m
[2.628s] [35m[1mConsolidate compiler generated dependencies of target autocar_msgs__rosidl_typesupport_introspection_c[0m
[2.631s] [ 47%] [32mBuilding CXX object CMakeFiles/autocar_msgs__rosidl_typesupport_c.dir/rosidl_typesupport_c/autocar_msgs/msg/vehicle_states__type_support.cpp.o[0m
[2.658s] [ 49%] [32mBuilding CXX object CMakeFiles/autocar_msgs__rosidl_typesupport_fastrtps_c.dir/rosidl_typesupport_fastrtps_c/autocar_msgs/msg/detail/path2_d__type_support_c.cpp.o[0m
[2.683s] [ 50%] [32mBuilding C object CMakeFiles/autocar_msgs__rosidl_typesupport_introspection_c.dir/rosidl_typesupport_introspection_c/autocar_msgs/msg/detail/path2_d__type_support.c.o[0m
[2.696s] [ 52%] [32m[1mLinking CXX shared library libautocar_msgs__rosidl_typesupport_c.so[0m
[2.699s] [ 56%] [32mBuilding CXX object CMakeFiles/autocar_msgs__rosidl_typesupport_fastrtps_c.dir/rosidl_typesupport_fastrtps_c/autocar_msgs/msg/detail/state2_d__type_support_c.cpp.o[0m
[2.699s] [ 56%] [32mBuilding CXX object CMakeFiles/autocar_msgs__rosidl_typesupport_fastrtps_cpp.dir/rosidl_typesupport_fastrtps_cpp/autocar_msgs/msg/detail/dds_fastrtps/state2_d__type_support.cpp.o[0m
[2.700s] [ 58%] [32mBuilding C object CMakeFiles/autocar_msgs__rosidl_typesupport_introspection_c.dir/rosidl_typesupport_introspection_c/autocar_msgs/msg/detail/state2_d__type_support.c.o[0m
[2.724s] [ 60%] [32m[1mLinking CXX shared library libautocar_msgs__rosidl_typesupport_cpp.so[0m
[2.779s] [ 61%] [32mBuilding CXX object CMakeFiles/autocar_msgs__rosidl_typesupport_fastrtps_cpp.dir/rosidl_typesupport_fastrtps_cpp/autocar_msgs/msg/detail/dds_fastrtps/twist2_d__type_support.cpp.o[0m
[2.807s] [ 61%] Built target autocar_msgs__rosidl_typesupport_c
[2.808s] [ 63%] [32mBuilding C object CMakeFiles/autocar_msgs__rosidl_typesupport_introspection_c.dir/rosidl_typesupport_introspection_c/autocar_msgs/msg/detail/twist2_d__type_support.c.o[0m
[2.829s] [ 65%] [32mBuilding CXX object CMakeFiles/autocar_msgs__rosidl_typesupport_fastrtps_c.dir/rosidl_typesupport_fastrtps_c/autocar_msgs/msg/detail/twist2_d__type_support_c.cpp.o[0m
[2.843s] [ 65%] Built target autocar_msgs__rosidl_typesupport_cpp
[2.870s] [ 67%] [32mBuilding CXX object CMakeFiles/autocar_msgs__rosidl_typesupport_fastrtps_cpp.dir/rosidl_typesupport_fastrtps_cpp/autocar_msgs/msg/detail/dds_fastrtps/vehicle_states__type_support.cpp.o[0m
[2.889s] [ 69%] [32mBuilding C object CMakeFiles/autocar_msgs__rosidl_typesupport_introspection_c.dir/rosidl_typesupport_introspection_c/autocar_msgs/msg/detail/vehicle_states__type_support.c.o[0m
[2.966s] [ 70%] [32m[1mLinking C shared library libautocar_msgs__rosidl_typesupport_introspection_c.so[0m
[3.014s] [ 72%] [32mBuilding CXX object CMakeFiles/autocar_msgs__rosidl_typesupport_fastrtps_c.dir/rosidl_typesupport_fastrtps_c/autocar_msgs/msg/detail/vehicle_states__type_support_c.cpp.o[0m
[3.056s] [ 72%] Built target autocar_msgs__rosidl_typesupport_introspection_c
[3.139s] [ 74%] [32m[1mLinking CXX shared library libautocar_msgs__rosidl_typesupport_introspection_cpp.so[0m
[3.362s] [ 74%] Built target autocar_msgs__rosidl_typesupport_introspection_cpp
[3.491s] [ 76%] [32m[1mLinking CXX shared library libautocar_msgs__rosidl_typesupport_fastrtps_cpp.so[0m
[3.505s] [ 78%] [32m[1mLinking CXX shared library libautocar_msgs__rosidl_typesupport_fastrtps_c.so[0m
[3.588s] [ 78%] Built target autocar_msgs__rosidl_typesupport_fastrtps_cpp
[3.601s] [ 78%] Built target autocar_msgs__rosidl_typesupport_fastrtps_c
[3.622s] [ 78%] Built target autocar_msgs
[3.643s] [ 80%] [34m[1mGenerating Python code for ROS interfaces[0m
[4.060s] [ 80%] Built target autocar_msgs__py
[4.072s] [35m[1mConsolidate compiler generated dependencies of target autocar_msgs__rosidl_generator_py[0m
[4.087s] [ 87%] [32mBuilding C object CMakeFiles/autocar_msgs__rosidl_generator_py.dir/rosidl_generator_py/autocar_msgs/msg/_twist2_d_s.c.o[0m
[4.087s] [ 87%] [32mBuilding C object CMakeFiles/autocar_msgs__rosidl_generator_py.dir/rosidl_generator_py/autocar_msgs/msg/_path2_d_s.c.o[0m
[4.087s] [ 87%] [32mBuilding C object CMakeFiles/autocar_msgs__rosidl_generator_py.dir/rosidl_generator_py/autocar_msgs/msg/_vehicle_states_s.c.o[0m
[4.087s] [ 87%] [32mBuilding C object CMakeFiles/autocar_msgs__rosidl_generator_py.dir/rosidl_generator_py/autocar_msgs/msg/_state2_d_s.c.o[0m
[4.210s] [ 89%] [32m[1mLinking C shared library rosidl_generator_py/autocar_msgs/libautocar_msgs__rosidl_generator_py.so[0m
[4.252s] [ 89%] Built target autocar_msgs__rosidl_generator_py
[4.263s] [35m[1mConsolidate compiler generated dependencies of target autocar_msgs__rosidl_typesupport_c__pyext[0m
[4.263s] [35m[1mConsolidate compiler generated dependencies of target autocar_msgs__rosidl_typesupport_introspection_c__pyext[0m
[4.263s] [35m[1mConsolidate compiler generated dependencies of target autocar_msgs__rosidl_typesupport_fastrtps_c__pyext[0m
[4.276s] [ 94%] [32mBuilding C object CMakeFiles/autocar_msgs__rosidl_typesupport_c__pyext.dir/rosidl_generator_py/autocar_msgs/_autocar_msgs_s.ep.rosidl_typesupport_c.c.o[0m
[4.276s] [ 94%] [32mBuilding C object CMakeFiles/autocar_msgs__rosidl_typesupport_fastrtps_c__pyext.dir/rosidl_generator_py/autocar_msgs/_autocar_msgs_s.ep.rosidl_typesupport_fastrtps_c.c.o[0m
[4.276s] [ 94%] [32mBuilding C object CMakeFiles/autocar_msgs__rosidl_typesupport_introspection_c__pyext.dir/rosidl_generator_py/autocar_msgs/_autocar_msgs_s.ep.rosidl_typesupport_introspection_c.c.o[0m
[4.377s] [100%] [32m[1mLinking C shared library rosidl_generator_py/autocar_msgs/autocar_msgs_s__rosidl_typesupport_c.cpython-310-x86_64-linux-gnu.so[0m
[4.377s] [100%] [32m[1mLinking C shared library rosidl_generator_py/autocar_msgs/autocar_msgs_s__rosidl_typesupport_fastrtps_c.cpython-310-x86_64-linux-gnu.so[0m
[4.377s] [100%] [32m[1mLinking C shared library rosidl_generator_py/autocar_msgs/autocar_msgs_s__rosidl_typesupport_introspection_c.cpython-310-x86_64-linux-gnu.so[0m
[4.422s] [100%] Built target autocar_msgs__rosidl_typesupport_introspection_c__pyext
[4.422s] [100%] Built target autocar_msgs__rosidl_typesupport_fastrtps_c__pyext
[4.422s] [100%] Built target autocar_msgs__rosidl_typesupport_c__pyext
[4.435s] Invoked command in '/home/dliujm/um_files/rob_498_av/AutoVehicle25/audi_ws/build/autocar_msgs' returned '0': CMAKE_PREFIX_PATH=${CMAKE_PREFIX_PATH}:/home/dliujm/ros2_ws/install/voice_command:/home/dliujm/ros2_ws/install/semantic_mapping:/home/dliujm/ros2_ws/install/semantic_labeling_demo:/home/dliujm/ros2_ws/install/racing_controller:/home/dliujm/ros2_ws/install/odom_tf_broadcaster_pkg:/home/dliujm/ros2_ws/install/lucy_hardware:/home/dliujm/ros2_ws/install/image_saver:/home/dliujm/ros2_ws/src/install/semantic_mapping:/home/dliujm/ros2_ws/src/install/semantic_labeling_demo:/home/dliujm/ros2_ws/src/install/odom_tf_broadcaster_pkg:/home/dliujm/ros2_ws/src/install/lucy_hardware:/home/dliujm/ros2_ws/src/install/image_saver:/opt/ros/humble /usr/bin/cmake --build /home/dliujm/um_files/rob_498_av/AutoVehicle25/audi_ws/build/autocar_msgs -- -j12 -l12
[4.437s] Invoking command in '/home/dliujm/um_files/rob_498_av/AutoVehicle25/audi_ws/build/autocar_msgs': CMAKE_PREFIX_PATH=${CMAKE_PREFIX_PATH}:/home/dliujm/ros2_ws/install/voice_command:/home/dliujm/ros2_ws/install/semantic_mapping:/home/dliujm/ros2_ws/install/semantic_labeling_demo:/home/dliujm/ros2_ws/install/racing_controller:/home/dliujm/ros2_ws/install/odom_tf_broadcaster_pkg:/home/dliujm/ros2_ws/install/lucy_hardware:/home/dliujm/ros2_ws/install/image_saver:/home/dliujm/ros2_ws/src/install/semantic_mapping:/home/dliujm/ros2_ws/src/install/semantic_labeling_demo:/home/dliujm/ros2_ws/src/install/odom_tf_broadcaster_pkg:/home/dliujm/ros2_ws/src/install/lucy_hardware:/home/dliujm/ros2_ws/src/install/image_saver:/opt/ros/humble /usr/bin/cmake --install /home/dliujm/um_files/rob_498_av/AutoVehicle25/audi_ws/build/autocar_msgs
[4.445s] -- Install configuration: ""
[4.445s] -- Up-to-date: /home/dliujm/um_files/rob_498_av/AutoVehicle25/audi_ws/install/autocar_msgs/share/ament_index/resource_index/rosidl_interfaces/autocar_msgs
[4.445s] -- Up-to-date: /home/dliujm/um_files/rob_498_av/AutoVehicle25/audi_ws/install/autocar_msgs/include/autocar_msgs/autocar_msgs
[4.445s] -- Up-to-date: /home/dliujm/um_files/rob_498_av/AutoVehicle25/audi_ws/install/autocar_msgs/include/autocar_msgs/autocar_msgs/msg
[4.445s] -- Installing: /home/dliujm/um_files/rob_498_av/AutoVehicle25/audi_ws/install/autocar_msgs/include/autocar_msgs/autocar_msgs/msg/vehicle_states.h
[4.445s] -- Up-to-date: /home/dliujm/um_files/rob_498_av/AutoVehicle25/audi_ws/install/autocar_msgs/include/autocar_msgs/autocar_msgs/msg/detail
[4.445s] -- Installing: /home/dliujm/um_files/rob_498_av/AutoVehicle25/audi_ws/install/autocar_msgs/include/autocar_msgs/autocar_msgs/msg/detail/twist2_d__type_support.h
[4.445s] -- Installing: /home/dliujm/um_files/rob_498_av/AutoVehicle25/audi_ws/install/autocar_msgs/include/autocar_msgs/autocar_msgs/msg/detail/path2_d__functions.c
[4.446s] -- Installing: /home/dliujm/um_files/rob_498_av/AutoVehicle25/audi_ws/install/autocar_msgs/include/autocar_msgs/autocar_msgs/msg/detail/state2_d__type_support.h
[4.446s] -- Installing: /home/dliujm/um_files/rob_498_av/AutoVehicle25/audi_ws/install/autocar_msgs/include/autocar_msgs/autocar_msgs/msg/detail/twist2_d__functions.h
[4.446s] -- Installing: /home/dliujm/um_files/rob_498_av/AutoVehicle25/audi_ws/install/autocar_msgs/include/autocar_msgs/autocar_msgs/msg/detail/vehicle_states__struct.h
[4.446s] -- Installing: /home/dliujm/um_files/rob_498_av/AutoVehicle25/audi_ws/install/autocar_msgs/include/autocar_msgs/autocar_msgs/msg/detail/path2_d__struct.h
[4.446s] -- Installing: /home/dliujm/um_files/rob_498_av/AutoVehicle25/audi_ws/install/autocar_msgs/include/autocar_msgs/autocar_msgs/msg/detail/vehicle_states__functions.h
[4.446s] -- Installing: /home/dliujm/um_files/rob_498_av/AutoVehicle25/audi_ws/install/autocar_msgs/include/autocar_msgs/autocar_msgs/msg/detail/path2_d__type_support.h
[4.446s] -- Installing: /home/dliujm/um_files/rob_498_av/AutoVehicle25/audi_ws/install/autocar_msgs/include/autocar_msgs/autocar_msgs/msg/detail/state2_d__functions.h
[4.447s] -- Installing: /home/dliujm/um_files/rob_498_av/AutoVehicle25/audi_ws/install/autocar_msgs/include/autocar_msgs/autocar_msgs/msg/detail/vehicle_states__type_support.h
[4.447s] -- Installing: /home/dliujm/um_files/rob_498_av/AutoVehicle25/audi_ws/install/autocar_msgs/include/autocar_msgs/autocar_msgs/msg/detail/state2_d__functions.c
[4.447s] -- Installing: /home/dliujm/um_files/rob_498_av/AutoVehicle25/audi_ws/install/autocar_msgs/include/autocar_msgs/autocar_msgs/msg/detail/path2_d__functions.h
[4.447s] -- Installing: /home/dliujm/um_files/rob_498_av/AutoVehicle25/audi_ws/install/autocar_msgs/include/autocar_msgs/autocar_msgs/msg/detail/state2_d__struct.h
[4.447s] -- Installing: /home/dliujm/um_files/rob_498_av/AutoVehicle25/audi_ws/install/autocar_msgs/include/autocar_msgs/autocar_msgs/msg/detail/vehicle_states__functions.c
[4.447s] -- Installing: /home/dliujm/um_files/rob_498_av/AutoVehicle25/audi_ws/install/autocar_msgs/include/autocar_msgs/autocar_msgs/msg/detail/twist2_d__functions.c
[4.447s] -- Installing: /home/dliujm/um_files/rob_498_av/AutoVehicle25/audi_ws/install/autocar_msgs/include/autocar_msgs/autocar_msgs/msg/detail/twist2_d__struct.h
[4.447s] -- Installing: /home/dliujm/um_files/rob_498_av/AutoVehicle25/audi_ws/install/autocar_msgs/include/autocar_msgs/autocar_msgs/msg/state2_d.h
[4.448s] -- Installing: /home/dliujm/um_files/rob_498_av/AutoVehicle25/audi_ws/install/autocar_msgs/include/autocar_msgs/autocar_msgs/msg/path2_d.h
[4.448s] -- Installing: /home/dliujm/um_files/rob_498_av/AutoVehicle25/audi_ws/install/autocar_msgs/include/autocar_msgs/autocar_msgs/msg/twist2_d.h
[4.448s] -- Up-to-date: /home/dliujm/um_files/rob_498_av/AutoVehicle25/audi_ws/install/autocar_msgs/include/autocar_msgs/autocar_msgs/msg/rosidl_generator_c__visibility_control.h
[4.448s] -- Up-to-date: /home/dliujm/um_files/rob_498_av/AutoVehicle25/audi_ws/install/autocar_msgs/share/autocar_msgs/environment/library_path.sh
[4.448s] -- Installing: /home/dliujm/um_files/rob_498_av/AutoVehicle25/audi_ws/install/autocar_msgs/share/autocar_msgs/environment/library_path.dsv
[4.448s] -- Installing: /home/dliujm/um_files/rob_498_av/AutoVehicle25/audi_ws/install/autocar_msgs/lib/libautocar_msgs__rosidl_generator_c.so
[4.449s] -- Set runtime path of "/home/dliujm/um_files/rob_498_av/AutoVehicle25/audi_ws/install/autocar_msgs/lib/libautocar_msgs__rosidl_generator_c.so" to ""
[4.449s] -- Up-to-date: /home/dliujm/um_files/rob_498_av/AutoVehicle25/audi_ws/install/autocar_msgs/include/autocar_msgs/autocar_msgs
[4.449s] -- Up-to-date: /home/dliujm/um_files/rob_498_av/AutoVehicle25/audi_ws/install/autocar_msgs/include/autocar_msgs/autocar_msgs/msg
[4.449s] -- Up-to-date: /home/dliujm/um_files/rob_498_av/AutoVehicle25/audi_ws/install/autocar_msgs/include/autocar_msgs/autocar_msgs/msg/detail
[4.449s] -- Installing: /home/dliujm/um_files/rob_498_av/AutoVehicle25/audi_ws/install/autocar_msgs/include/autocar_msgs/autocar_msgs/msg/detail/vehicle_states__rosidl_typesupport_fastrtps_c.h
[4.449s] -- Installing: /home/dliujm/um_files/rob_498_av/AutoVehicle25/audi_ws/install/autocar_msgs/include/autocar_msgs/autocar_msgs/msg/detail/twist2_d__rosidl_typesupport_fastrtps_c.h
[4.449s] -- Installing: /home/dliujm/um_files/rob_498_av/AutoVehicle25/audi_ws/install/autocar_msgs/include/autocar_msgs/autocar_msgs/msg/detail/path2_d__rosidl_typesupport_fastrtps_c.h
[4.449s] -- Installing: /home/dliujm/um_files/rob_498_av/AutoVehicle25/audi_ws/install/autocar_msgs/include/autocar_msgs/autocar_msgs/msg/detail/state2_d__rosidl_typesupport_fastrtps_c.h
[4.449s] -- Up-to-date: /home/dliujm/um_files/rob_498_av/AutoVehicle25/audi_ws/install/autocar_msgs/include/autocar_msgs/autocar_msgs/msg/rosidl_typesupport_fastrtps_c__visibility_control.h
[4.450s] -- Installing: /home/dliujm/um_files/rob_498_av/AutoVehicle25/audi_ws/install/autocar_msgs/lib/libautocar_msgs__rosidl_typesupport_fastrtps_c.so
[4.450s] -- Set runtime path of "/home/dliujm/um_files/rob_498_av/AutoVehicle25/audi_ws/install/autocar_msgs/lib/libautocar_msgs__rosidl_typesupport_fastrtps_c.so" to ""
[4.450s] -- Up-to-date: /home/dliujm/um_files/rob_498_av/AutoVehicle25/audi_ws/install/autocar_msgs/include/autocar_msgs/autocar_msgs
[4.450s] -- Up-to-date: /home/dliujm/um_files/rob_498_av/AutoVehicle25/audi_ws/install/autocar_msgs/include/autocar_msgs/autocar_msgs/msg
[4.450s] -- Installing: /home/dliujm/um_files/rob_498_av/AutoVehicle25/audi_ws/install/autocar_msgs/include/autocar_msgs/autocar_msgs/msg/vehicle_states.hpp
[4.450s] -- Up-to-date: /home/dliujm/um_files/rob_498_av/AutoVehicle25/audi_ws/install/autocar_msgs/include/autocar_msgs/autocar_msgs/msg/detail
[4.450s] -- Installing: /home/dliujm/um_files/rob_498_av/AutoVehicle25/audi_ws/install/autocar_msgs/include/autocar_msgs/autocar_msgs/msg/detail/state2_d__builder.hpp
[4.450s] -- Installing: /home/dliujm/um_files/rob_498_av/AutoVehicle25/audi_ws/install/autocar_msgs/include/autocar_msgs/autocar_msgs/msg/detail/vehicle_states__struct.hpp
[4.450s] -- Installing: /home/dliujm/um_files/rob_498_av/AutoVehicle25/audi_ws/install/autocar_msgs/include/autocar_msgs/autocar_msgs/msg/detail/path2_d__struct.hpp
[4.451s] -- Installing: /home/dliujm/um_files/rob_498_av/AutoVehicle25/audi_ws/install/autocar_msgs/include/autocar_msgs/autocar_msgs/msg/detail/vehicle_states__type_support.hpp
[4.451s] -- Installing: /home/dliujm/um_files/rob_498_av/AutoVehicle25/audi_ws/install/autocar_msgs/include/autocar_msgs/autocar_msgs/msg/detail/twist2_d__type_support.hpp
[4.451s] -- Installing: /home/dliujm/um_files/rob_498_av/AutoVehicle25/audi_ws/install/autocar_msgs/include/autocar_msgs/autocar_msgs/msg/detail/state2_d__type_support.hpp
[4.451s] -- Installing: /home/dliujm/um_files/rob_498_av/AutoVehicle25/audi_ws/install/autocar_msgs/include/autocar_msgs/autocar_msgs/msg/detail/state2_d__traits.hpp
[4.451s] -- Installing: /home/dliujm/um_files/rob_498_av/AutoVehicle25/audi_ws/install/autocar_msgs/include/autocar_msgs/autocar_msgs/msg/detail/path2_d__builder.hpp
[4.451s] -- Installing: /home/dliujm/um_files/rob_498_av/AutoVehicle25/audi_ws/install/autocar_msgs/include/autocar_msgs/autocar_msgs/msg/detail/path2_d__traits.hpp
[4.451s] -- Installing: /home/dliujm/um_files/rob_498_av/AutoVehicle25/audi_ws/install/autocar_msgs/include/autocar_msgs/autocar_msgs/msg/detail/vehicle_states__traits.hpp
[4.452s] -- Installing: /home/dliujm/um_files/rob_498_av/AutoVehicle25/audi_ws/install/autocar_msgs/include/autocar_msgs/autocar_msgs/msg/detail/twist2_d__struct.hpp
[4.452s] -- Installing: /home/dliujm/um_files/rob_498_av/AutoVehicle25/audi_ws/install/autocar_msgs/include/autocar_msgs/autocar_msgs/msg/detail/state2_d__struct.hpp
[4.452s] -- Installing: /home/dliujm/um_files/rob_498_av/AutoVehicle25/audi_ws/install/autocar_msgs/include/autocar_msgs/autocar_msgs/msg/detail/vehicle_states__builder.hpp
[4.452s] -- Installing: /home/dliujm/um_files/rob_498_av/AutoVehicle25/audi_ws/install/autocar_msgs/include/autocar_msgs/autocar_msgs/msg/detail/twist2_d__traits.hpp
[4.452s] -- Installing: /home/dliujm/um_files/rob_498_av/AutoVehicle25/audi_ws/install/autocar_msgs/include/autocar_msgs/autocar_msgs/msg/detail/path2_d__type_support.hpp
[4.452s] -- Installing: /home/dliujm/um_files/rob_498_av/AutoVehicle25/audi_ws/install/autocar_msgs/include/autocar_msgs/autocar_msgs/msg/detail/twist2_d__builder.hpp
[4.452s] -- Up-to-date: /home/dliujm/um_files/rob_498_av/AutoVehicle25/audi_ws/install/autocar_msgs/include/autocar_msgs/autocar_msgs/msg/rosidl_generator_cpp__visibility_control.hpp
[4.453s] -- Installing: /home/dliujm/um_files/rob_498_av/AutoVehicle25/audi_ws/install/autocar_msgs/include/autocar_msgs/autocar_msgs/msg/path2_d.hpp
[4.453s] -- Installing: /home/dliujm/um_files/rob_498_av/AutoVehicle25/audi_ws/install/autocar_msgs/include/autocar_msgs/autocar_msgs/msg/state2_d.hpp
[4.453s] -- Installing: /home/dliujm/um_files/rob_498_av/AutoVehicle25/audi_ws/install/autocar_msgs/include/autocar_msgs/autocar_msgs/msg/twist2_d.hpp
[4.453s] -- Up-to-date: /home/dliujm/um_files/rob_498_av/AutoVehicle25/audi_ws/install/autocar_msgs/include/autocar_msgs/autocar_msgs
[4.453s] -- Up-to-date: /home/dliujm/um_files/rob_498_av/AutoVehicle25/audi_ws/install/autocar_msgs/include/autocar_msgs/autocar_msgs/msg
[4.453s] -- Up-to-date: /home/dliujm/um_files/rob_498_av/AutoVehicle25/audi_ws/install/autocar_msgs/include/autocar_msgs/autocar_msgs/msg/detail
[4.453s] -- Up-to-date: /home/dliujm/um_files/rob_498_av/AutoVehicle25/audi_ws/install/autocar_msgs/include/autocar_msgs/autocar_msgs/msg/detail/dds_fastrtps
[4.453s] -- Installing: /home/dliujm/um_files/rob_498_av/AutoVehicle25/audi_ws/install/autocar_msgs/include/autocar_msgs/autocar_msgs/msg/detail/path2_d__rosidl_typesupport_fastrtps_cpp.hpp
[4.453s] -- Installing: /home/dliujm/um_files/rob_498_av/AutoVehicle25/audi_ws/install/autocar_msgs/include/autocar_msgs/autocar_msgs/msg/detail/twist2_d__rosidl_typesupport_fastrtps_cpp.hpp
[4.453s] -- Installing: /home/dliujm/um_files/rob_498_av/AutoVehicle25/audi_ws/install/autocar_msgs/include/autocar_msgs/autocar_msgs/msg/detail/vehicle_states__rosidl_typesupport_fastrtps_cpp.hpp
[4.454s] -- Installing: /home/dliujm/um_files/rob_498_av/AutoVehicle25/audi_ws/install/autocar_msgs/include/autocar_msgs/autocar_msgs/msg/detail/state2_d__rosidl_typesupport_fastrtps_cpp.hpp
[4.454s] -- Up-to-date: /home/dliujm/um_files/rob_498_av/AutoVehicle25/audi_ws/install/autocar_msgs/include/autocar_msgs/autocar_msgs/msg/rosidl_typesupport_fastrtps_cpp__visibility_control.h
[4.454s] -- Installing: /home/dliujm/um_files/rob_498_av/AutoVehicle25/audi_ws/install/autocar_msgs/lib/libautocar_msgs__rosidl_typesupport_fastrtps_cpp.so
[4.454s] -- Set runtime path of "/home/dliujm/um_files/rob_498_av/AutoVehicle25/audi_ws/install/autocar_msgs/lib/libautocar_msgs__rosidl_typesupport_fastrtps_cpp.so" to ""
[4.454s] -- Up-to-date: /home/dliujm/um_files/rob_498_av/AutoVehicle25/audi_ws/install/autocar_msgs/include/autocar_msgs/autocar_msgs
[4.454s] -- Up-to-date: /home/dliujm/um_files/rob_498_av/AutoVehicle25/audi_ws/install/autocar_msgs/include/autocar_msgs/autocar_msgs/msg
[4.454s] -- Up-to-date: /home/dliujm/um_files/rob_498_av/AutoVehicle25/audi_ws/install/autocar_msgs/include/autocar_msgs/autocar_msgs/msg/detail
[4.454s] -- Installing: /home/dliujm/um_files/rob_498_av/AutoVehicle25/audi_ws/install/autocar_msgs/include/autocar_msgs/autocar_msgs/msg/detail/twist2_d__rosidl_typesupport_introspection_c.h
[4.455s] -- Installing: /home/dliujm/um_files/rob_498_av/AutoVehicle25/audi_ws/install/autocar_msgs/include/autocar_msgs/autocar_msgs/msg/detail/vehicle_states__type_support.c
[4.455s] -- Installing: /home/dliujm/um_files/rob_498_av/AutoVehicle25/audi_ws/install/autocar_msgs/include/autocar_msgs/autocar_msgs/msg/detail/path2_d__type_support.c
[4.455s] -- Installing: /home/dliujm/um_files/rob_498_av/AutoVehicle25/audi_ws/install/autocar_msgs/include/autocar_msgs/autocar_msgs/msg/detail/vehicle_states__rosidl_typesupport_introspection_c.h
[4.455s] -- Installing: /home/dliujm/um_files/rob_498_av/AutoVehicle25/audi_ws/install/autocar_msgs/include/autocar_msgs/autocar_msgs/msg/detail/state2_d__rosidl_typesupport_introspection_c.h
[4.455s] -- Installing: /home/dliujm/um_files/rob_498_av/AutoVehicle25/audi_ws/install/autocar_msgs/include/autocar_msgs/autocar_msgs/msg/detail/state2_d__type_support.c
[4.455s] -- Installing: /home/dliujm/um_files/rob_498_av/AutoVehicle25/audi_ws/install/autocar_msgs/include/autocar_msgs/autocar_msgs/msg/detail/path2_d__rosidl_typesupport_introspection_c.h
[4.455s] -- Installing: /home/dliujm/um_files/rob_498_av/AutoVehicle25/audi_ws/install/autocar_msgs/include/autocar_msgs/autocar_msgs/msg/detail/twist2_d__type_support.c
[4.456s] -- Up-to-date: /home/dliujm/um_files/rob_498_av/AutoVehicle25/audi_ws/install/autocar_msgs/include/autocar_msgs/autocar_msgs/msg/rosidl_typesupport_introspection_c__visibility_control.h
[4.456s] -- Installing: /home/dliujm/um_files/rob_498_av/AutoVehicle25/audi_ws/install/autocar_msgs/lib/libautocar_msgs__rosidl_typesupport_introspection_c.so
[4.456s] -- Set runtime path of "/home/dliujm/um_files/rob_498_av/AutoVehicle25/audi_ws/install/autocar_msgs/lib/libautocar_msgs__rosidl_typesupport_introspection_c.so" to ""
[4.456s] -- Installing: /home/dliujm/um_files/rob_498_av/AutoVehicle25/audi_ws/install/autocar_msgs/lib/libautocar_msgs__rosidl_typesupport_c.so
[4.456s] -- Set runtime path of "/home/dliujm/um_files/rob_498_av/AutoVehicle25/audi_ws/install/autocar_msgs/lib/libautocar_msgs__rosidl_typesupport_c.so" to ""
[4.456s] -- Up-to-date: /home/dliujm/um_files/rob_498_av/AutoVehicle25/audi_ws/install/autocar_msgs/include/autocar_msgs/autocar_msgs
[4.457s] -- Up-to-date: /home/dliujm/um_files/rob_498_av/AutoVehicle25/audi_ws/install/autocar_msgs/include/autocar_msgs/autocar_msgs/msg
[4.457s] -- Up-to-date: /home/dliujm/um_files/rob_498_av/AutoVehicle25/audi_ws/install/autocar_msgs/include/autocar_msgs/autocar_msgs/msg/detail
[4.457s] -- Installing: /home/dliujm/um_files/rob_498_av/AutoVehicle25/audi_ws/install/autocar_msgs/include/autocar_msgs/autocar_msgs/msg/detail/state2_d__type_support.cpp
[4.457s] -- Installing: /home/dliujm/um_files/rob_498_av/AutoVehicle25/audi_ws/install/autocar_msgs/include/autocar_msgs/autocar_msgs/msg/detail/state2_d__rosidl_typesupport_introspection_cpp.hpp
[4.457s] -- Installing: /home/dliujm/um_files/rob_498_av/AutoVehicle25/audi_ws/install/autocar_msgs/include/autocar_msgs/autocar_msgs/msg/detail/twist2_d__rosidl_typesupport_introspection_cpp.hpp
[4.457s] -- Installing: /home/dliujm/um_files/rob_498_av/AutoVehicle25/audi_ws/install/autocar_msgs/include/autocar_msgs/autocar_msgs/msg/detail/path2_d__type_support.cpp
[4.457s] -- Installing: /home/dliujm/um_files/rob_498_av/AutoVehicle25/audi_ws/install/autocar_msgs/include/autocar_msgs/autocar_msgs/msg/detail/vehicle_states__type_support.cpp
[4.457s] -- Installing: /home/dliujm/um_files/rob_498_av/AutoVehicle25/audi_ws/install/autocar_msgs/include/autocar_msgs/autocar_msgs/msg/detail/twist2_d__type_support.cpp
[4.457s] -- Installing: /home/dliujm/um_files/rob_498_av/AutoVehicle25/audi_ws/install/autocar_msgs/include/autocar_msgs/autocar_msgs/msg/detail/vehicle_states__rosidl_typesupport_introspection_cpp.hpp
[4.458s] -- Installing: /home/dliujm/um_files/rob_498_av/AutoVehicle25/audi_ws/install/autocar_msgs/include/autocar_msgs/autocar_msgs/msg/detail/path2_d__rosidl_typesupport_introspection_cpp.hpp
[4.458s] -- Installing: /home/dliujm/um_files/rob_498_av/AutoVehicle25/audi_ws/install/autocar_msgs/lib/libautocar_msgs__rosidl_typesupport_introspection_cpp.so
[4.458s] -- Set runtime path of "/home/dliujm/um_files/rob_498_av/AutoVehicle25/audi_ws/install/autocar_msgs/lib/libautocar_msgs__rosidl_typesupport_introspection_cpp.so" to ""
[4.458s] -- Installing: /home/dliujm/um_files/rob_498_av/AutoVehicle25/audi_ws/install/autocar_msgs/lib/libautocar_msgs__rosidl_typesupport_cpp.so
[4.459s] -- Set runtime path of "/home/dliujm/um_files/rob_498_av/AutoVehicle25/audi_ws/install/autocar_msgs/lib/libautocar_msgs__rosidl_typesupport_cpp.so" to ""
[4.459s] -- Up-to-date: /home/dliujm/um_files/rob_498_av/AutoVehicle25/audi_ws/install/autocar_msgs/share/autocar_msgs/environment/pythonpath.sh
[4.459s] -- Installing: /home/dliujm/um_files/rob_498_av/AutoVehicle25/audi_ws/install/autocar_msgs/share/autocar_msgs/environment/pythonpath.dsv
[4.459s] -- Up-to-date: /home/dliujm/um_files/rob_498_av/AutoVehicle25/audi_ws/install/autocar_msgs/local/lib/python3.10/dist-packages/autocar_msgs-0.0.0-py3.10.egg-info
[4.459s] -- Installing: /home/dliujm/um_files/rob_498_av/AutoVehicle25/audi_ws/install/autocar_msgs/local/lib/python3.10/dist-packages/autocar_msgs-0.0.0-py3.10.egg-info/top_level.txt
[4.459s] -- Installing: /home/dliujm/um_files/rob_498_av/AutoVehicle25/audi_ws/install/autocar_msgs/local/lib/python3.10/dist-packages/autocar_msgs-0.0.0-py3.10.egg-info/SOURCES.txt
[4.459s] -- Installing: /home/dliujm/um_files/rob_498_av/AutoVehicle25/audi_ws/install/autocar_msgs/local/lib/python3.10/dist-packages/autocar_msgs-0.0.0-py3.10.egg-info/dependency_links.txt
[4.459s] -- Installing: /home/dliujm/um_files/rob_498_av/AutoVehicle25/audi_ws/install/autocar_msgs/local/lib/python3.10/dist-packages/autocar_msgs-0.0.0-py3.10.egg-info/PKG-INFO
[4.460s] -- Up-to-date: /home/dliujm/um_files/rob_498_av/AutoVehicle25/audi_ws/install/autocar_msgs/local/lib/python3.10/dist-packages/autocar_msgs
[4.460s] -- Installing: /home/dliujm/um_files/rob_498_av/AutoVehicle25/audi_ws/install/autocar_msgs/local/lib/python3.10/dist-packages/autocar_msgs/autocar_msgs_s__rosidl_typesupport_introspection_c.cpython-310-x86_64-linux-gnu.so
[4.460s] -- Installing: /home/dliujm/um_files/rob_498_av/AutoVehicle25/audi_ws/install/autocar_msgs/local/lib/python3.10/dist-packages/autocar_msgs/autocar_msgs_s__rosidl_typesupport_fastrtps_c.cpython-310-x86_64-linux-gnu.so
[4.460s] -- Up-to-date: /home/dliujm/um_files/rob_498_av/AutoVehicle25/audi_ws/install/autocar_msgs/local/lib/python3.10/dist-packages/autocar_msgs/msg
[4.460s] -- Installing: /home/dliujm/um_files/rob_498_av/AutoVehicle25/audi_ws/install/autocar_msgs/local/lib/python3.10/dist-packages/autocar_msgs/msg/_vehicle_states_s.c
[4.460s] -- Installing: /home/dliujm/um_files/rob_498_av/AutoVehicle25/audi_ws/install/autocar_msgs/local/lib/python3.10/dist-packages/autocar_msgs/msg/_twist2_d.py
[4.460s] -- Installing: /home/dliujm/um_files/rob_498_av/AutoVehicle25/audi_ws/install/autocar_msgs/local/lib/python3.10/dist-packages/autocar_msgs/msg/_path2_d_s.c
[4.460s] -- Installing: /home/dliujm/um_files/rob_498_av/AutoVehicle25/audi_ws/install/autocar_msgs/local/lib/python3.10/dist-packages/autocar_msgs/msg/__init__.py
[4.461s] -- Installing: /home/dliujm/um_files/rob_498_av/AutoVehicle25/audi_ws/install/autocar_msgs/local/lib/python3.10/dist-packages/autocar_msgs/msg/_vehicle_states.py
[4.461s] -- Installing: /home/dliujm/um_files/rob_498_av/AutoVehicle25/audi_ws/install/autocar_msgs/local/lib/python3.10/dist-packages/autocar_msgs/msg/_state2_d.py
[4.461s] -- Installing: /home/dliujm/um_files/rob_498_av/AutoVehicle25/audi_ws/install/autocar_msgs/local/lib/python3.10/dist-packages/autocar_msgs/msg/_twist2_d_s.c
[4.461s] -- Installing: /home/dliujm/um_files/rob_498_av/AutoVehicle25/audi_ws/install/autocar_msgs/local/lib/python3.10/dist-packages/autocar_msgs/msg/_state2_d_s.c
[4.461s] -- Installing: /home/dliujm/um_files/rob_498_av/AutoVehicle25/audi_ws/install/autocar_msgs/local/lib/python3.10/dist-packages/autocar_msgs/msg/_path2_d.py
[4.461s] -- Installing: /home/dliujm/um_files/rob_498_av/AutoVehicle25/audi_ws/install/autocar_msgs/local/lib/python3.10/dist-packages/autocar_msgs/_autocar_msgs_s.ep.rosidl_typesupport_fastrtps_c.c
[4.461s] -- Installing: /home/dliujm/um_files/rob_498_av/AutoVehicle25/audi_ws/install/autocar_msgs/local/lib/python3.10/dist-packages/autocar_msgs/libautocar_msgs__rosidl_generator_py.so
[4.462s] -- Installing: /home/dliujm/um_files/rob_498_av/AutoVehicle25/audi_ws/install/autocar_msgs/local/lib/python3.10/dist-packages/autocar_msgs/_autocar_msgs_s.ep.rosidl_typesupport_c.c
[4.462s] -- Installing: /home/dliujm/um_files/rob_498_av/AutoVehicle25/audi_ws/install/autocar_msgs/local/lib/python3.10/dist-packages/autocar_msgs/autocar_msgs_s__rosidl_typesupport_c.cpython-310-x86_64-linux-gnu.so
[4.462s] -- Installing: /home/dliujm/um_files/rob_498_av/AutoVehicle25/audi_ws/install/autocar_msgs/local/lib/python3.10/dist-packages/autocar_msgs/_autocar_msgs_s.ep.rosidl_typesupport_introspection_c.c
[4.462s] -- Installing: /home/dliujm/um_files/rob_498_av/AutoVehicle25/audi_ws/install/autocar_msgs/local/lib/python3.10/dist-packages/autocar_msgs/__init__.py
[4.499s] Listing '/home/dliujm/um_files/rob_498_av/AutoVehicle25/audi_ws/install/autocar_msgs/local/lib/python3.10/dist-packages/autocar_msgs'...
[4.499s] Compiling '/home/dliujm/um_files/rob_498_av/AutoVehicle25/audi_ws/install/autocar_msgs/local/lib/python3.10/dist-packages/autocar_msgs/__init__.py'...
[4.499s] Listing '/home/dliujm/um_files/rob_498_av/AutoVehicle25/audi_ws/install/autocar_msgs/local/lib/python3.10/dist-packages/autocar_msgs/msg'...
[4.499s] Compiling '/home/dliujm/um_files/rob_498_av/AutoVehicle25/audi_ws/install/autocar_msgs/local/lib/python3.10/dist-packages/autocar_msgs/msg/__init__.py'...
[4.499s] Compiling '/home/dliujm/um_files/rob_498_av/AutoVehicle25/audi_ws/install/autocar_msgs/local/lib/python3.10/dist-packages/autocar_msgs/msg/_path2_d.py'...
[4.499s] Compiling '/home/dliujm/um_files/rob_498_av/AutoVehicle25/audi_ws/install/autocar_msgs/local/lib/python3.10/dist-packages/autocar_msgs/msg/_state2_d.py'...
[4.499s] Compiling '/home/dliujm/um_files/rob_498_av/AutoVehicle25/audi_ws/install/autocar_msgs/local/lib/python3.10/dist-packages/autocar_msgs/msg/_twist2_d.py'...
[4.499s] Compiling '/home/dliujm/um_files/rob_498_av/AutoVehicle25/audi_ws/install/autocar_msgs/local/lib/python3.10/dist-packages/autocar_msgs/msg/_vehicle_states.py'...
[4.504s] -- Installing: /home/dliujm/um_files/rob_498_av/AutoVehicle25/audi_ws/install/autocar_msgs/local/lib/python3.10/dist-packages/autocar_msgs/autocar_msgs_s__rosidl_typesupport_fastrtps_c.cpython-310-x86_64-linux-gnu.so
[4.504s] -- Set runtime path of "/home/dliujm/um_files/rob_498_av/AutoVehicle25/audi_ws/install/autocar_msgs/local/lib/python3.10/dist-packages/autocar_msgs/autocar_msgs_s__rosidl_typesupport_fastrtps_c.cpython-310-x86_64-linux-gnu.so" to ""
[4.504s] -- Installing: /home/dliujm/um_files/rob_498_av/AutoVehicle25/audi_ws/install/autocar_msgs/local/lib/python3.10/dist-packages/autocar_msgs/autocar_msgs_s__rosidl_typesupport_introspection_c.cpython-310-x86_64-linux-gnu.so
[4.504s] -- Set runtime path of "/home/dliujm/um_files/rob_498_av/AutoVehicle25/audi_ws/install/autocar_msgs/local/lib/python3.10/dist-packages/autocar_msgs/autocar_msgs_s__rosidl_typesupport_introspection_c.cpython-310-x86_64-linux-gnu.so" to ""
[4.505s] -- Installing: /home/dliujm/um_files/rob_498_av/AutoVehicle25/audi_ws/install/autocar_msgs/local/lib/python3.10/dist-packages/autocar_msgs/autocar_msgs_s__rosidl_typesupport_c.cpython-310-x86_64-linux-gnu.so
[4.505s] -- Set runtime path of "/home/dliujm/um_files/rob_498_av/AutoVehicle25/audi_ws/install/autocar_msgs/local/lib/python3.10/dist-packages/autocar_msgs/autocar_msgs_s__rosidl_typesupport_c.cpython-310-x86_64-linux-gnu.so" to ""
[4.505s] -- Installing: /home/dliujm/um_files/rob_498_av/AutoVehicle25/audi_ws/install/autocar_msgs/lib/libautocar_msgs__rosidl_generator_py.so
[4.505s] -- Set runtime path of "/home/dliujm/um_files/rob_498_av/AutoVehicle25/audi_ws/install/autocar_msgs/lib/libautocar_msgs__rosidl_generator_py.so" to ""
[4.505s] -- Up-to-date: /home/dliujm/um_files/rob_498_av/AutoVehicle25/audi_ws/install/autocar_msgs/share/autocar_msgs/msg/Path2D.idl
[4.506s] -- Up-to-date: /home/dliujm/um_files/rob_498_av/AutoVehicle25/audi_ws/install/autocar_msgs/share/autocar_msgs/msg/State2D.idl
[4.506s] -- Up-to-date: /home/dliujm/um_files/rob_498_av/AutoVehicle25/audi_ws/install/autocar_msgs/share/autocar_msgs/msg/Twist2D.idl
[4.506s] -- Installing: /home/dliujm/um_files/rob_498_av/AutoVehicle25/audi_ws/install/autocar_msgs/share/autocar_msgs/msg/VehicleStates.idl
[4.506s] -- Up-to-date: /home/dliujm/um_files/rob_498_av/AutoVehicle25/audi_ws/install/autocar_msgs/share/autocar_msgs/msg/Path2D.msg
[4.506s] -- Up-to-date: /home/dliujm/um_files/rob_498_av/AutoVehicle25/audi_ws/install/autocar_msgs/share/autocar_msgs/msg/State2D.msg
[4.506s] -- Up-to-date: /home/dliujm/um_files/rob_498_av/AutoVehicle25/audi_ws/install/autocar_msgs/share/autocar_msgs/msg/Twist2D.msg
[4.506s] -- Installing: /home/dliujm/um_files/rob_498_av/AutoVehicle25/audi_ws/install/autocar_msgs/share/autocar_msgs/msg/VehicleStates.msg
[4.506s] -- Up-to-date: /home/dliujm/um_files/rob_498_av/AutoVehicle25/audi_ws/install/autocar_msgs/share/ament_index/resource_index/package_run_dependencies/autocar_msgs
[4.506s] -- Installing: /home/dliujm/um_files/rob_498_av/AutoVehicle25/audi_ws/install/autocar_msgs/share/ament_index/resource_index/parent_prefix_path/autocar_msgs
[4.506s] -- Up-to-date: /home/dliujm/um_files/rob_498_av/AutoVehicle25/audi_ws/install/autocar_msgs/share/autocar_msgs/environment/ament_prefix_path.sh
[4.506s] -- Installing: /home/dliujm/um_files/rob_498_av/AutoVehicle25/audi_ws/install/autocar_msgs/share/autocar_msgs/environment/ament_prefix_path.dsv
[4.506s] -- Up-to-date: /home/dliujm/um_files/rob_498_av/AutoVehicle25/audi_ws/install/autocar_msgs/share/autocar_msgs/environment/path.sh
[4.506s] -- Installing: /home/dliujm/um_files/rob_498_av/AutoVehicle25/audi_ws/install/autocar_msgs/share/autocar_msgs/environment/path.dsv
[4.507s] -- Up-to-date: /home/dliujm/um_files/rob_498_av/AutoVehicle25/audi_ws/install/autocar_msgs/share/autocar_msgs/local_setup.bash
[4.507s] -- Up-to-date: /home/dliujm/um_files/rob_498_av/AutoVehicle25/audi_ws/install/autocar_msgs/share/autocar_msgs/local_setup.sh
[4.507s] -- Up-to-date: /home/dliujm/um_files/rob_498_av/AutoVehicle25/audi_ws/install/autocar_msgs/share/autocar_msgs/local_setup.zsh
[4.507s] -- Installing: /home/dliujm/um_files/rob_498_av/AutoVehicle25/audi_ws/install/autocar_msgs/share/autocar_msgs/local_setup.dsv
[4.507s] -- Installing: /home/dliujm/um_files/rob_498_av/AutoVehicle25/audi_ws/install/autocar_msgs/share/autocar_msgs/package.dsv
[4.507s] -- Up-to-date: /home/dliujm/um_files/rob_498_av/AutoVehicle25/audi_ws/install/autocar_msgs/share/ament_index/resource_index/packages/autocar_msgs
[4.507s] -- Up-to-date: /home/dliujm/um_files/rob_498_av/AutoVehicle25/audi_ws/install/autocar_msgs/share/autocar_msgs/cmake/export_autocar_msgs__rosidl_generator_cExport.cmake
[4.507s] -- Up-to-date: /home/dliujm/um_files/rob_498_av/AutoVehicle25/audi_ws/install/autocar_msgs/share/autocar_msgs/cmake/export_autocar_msgs__rosidl_generator_cExport-noconfig.cmake
[4.507s] -- Up-to-date: /home/dliujm/um_files/rob_498_av/AutoVehicle25/audi_ws/install/autocar_msgs/share/autocar_msgs/cmake/export_autocar_msgs__rosidl_typesupport_fastrtps_cExport.cmake
[4.507s] -- Up-to-date: /home/dliujm/um_files/rob_498_av/AutoVehicle25/audi_ws/install/autocar_msgs/share/autocar_msgs/cmake/export_autocar_msgs__rosidl_typesupport_fastrtps_cExport-noconfig.cmake
[4.507s] -- Up-to-date: /home/dliujm/um_files/rob_498_av/AutoVehicle25/audi_ws/install/autocar_msgs/share/autocar_msgs/cmake/export_autocar_msgs__rosidl_generator_cppExport.cmake
[4.507s] -- Up-to-date: /home/dliujm/um_files/rob_498_av/AutoVehicle25/audi_ws/install/autocar_msgs/share/autocar_msgs/cmake/export_autocar_msgs__rosidl_typesupport_fastrtps_cppExport.cmake
[4.508s] -- Up-to-date: /home/dliujm/um_files/rob_498_av/AutoVehicle25/audi_ws/install/autocar_msgs/share/autocar_msgs/cmake/export_autocar_msgs__rosidl_typesupport_fastrtps_cppExport-noconfig.cmake
[4.508s] -- Up-to-date: /home/dliujm/um_files/rob_498_av/AutoVehicle25/audi_ws/install/autocar_msgs/share/autocar_msgs/cmake/autocar_msgs__rosidl_typesupport_introspection_cExport.cmake
[4.508s] -- Up-to-date: /home/dliujm/um_files/rob_498_av/AutoVehicle25/audi_ws/install/autocar_msgs/share/autocar_msgs/cmake/autocar_msgs__rosidl_typesupport_introspection_cExport-noconfig.cmake
[4.508s] -- Up-to-date: /home/dliujm/um_files/rob_498_av/AutoVehicle25/audi_ws/install/autocar_msgs/share/autocar_msgs/cmake/autocar_msgs__rosidl_typesupport_cExport.cmake
[4.508s] -- Up-to-date: /home/dliujm/um_files/rob_498_av/AutoVehicle25/audi_ws/install/autocar_msgs/share/autocar_msgs/cmake/autocar_msgs__rosidl_typesupport_cExport-noconfig.cmake
[4.508s] -- Up-to-date: /home/dliujm/um_files/rob_498_av/AutoVehicle25/audi_ws/install/autocar_msgs/share/autocar_msgs/cmake/autocar_msgs__rosidl_typesupport_introspection_cppExport.cmake
[4.508s] -- Up-to-date: /home/dliujm/um_files/rob_498_av/AutoVehicle25/audi_ws/install/autocar_msgs/share/autocar_msgs/cmake/autocar_msgs__rosidl_typesupport_introspection_cppExport-noconfig.cmake
[4.508s] -- Up-to-date: /home/dliujm/um_files/rob_498_av/AutoVehicle25/audi_ws/install/autocar_msgs/share/autocar_msgs/cmake/autocar_msgs__rosidl_typesupport_cppExport.cmake
[4.508s] -- Up-to-date: /home/dliujm/um_files/rob_498_av/AutoVehicle25/audi_ws/install/autocar_msgs/share/autocar_msgs/cmake/autocar_msgs__rosidl_typesupport_cppExport-noconfig.cmake
[4.508s] -- Up-to-date: /home/dliujm/um_files/rob_498_av/AutoVehicle25/audi_ws/install/autocar_msgs/share/autocar_msgs/cmake/export_autocar_msgs__rosidl_generator_pyExport.cmake
[4.508s] -- Up-to-date: /home/dliujm/um_files/rob_498_av/AutoVehicle25/audi_ws/install/autocar_msgs/share/autocar_msgs/cmake/export_autocar_msgs__rosidl_generator_pyExport-noconfig.cmake
[4.508s] -- Up-to-date: /home/dliujm/um_files/rob_498_av/AutoVehicle25/audi_ws/install/autocar_msgs/share/autocar_msgs/cmake/rosidl_cmake-extras.cmake
[4.508s] -- Up-to-date: /home/dliujm/um_files/rob_498_av/AutoVehicle25/audi_ws/install/autocar_msgs/share/autocar_msgs/cmake/ament_cmake_export_dependencies-extras.cmake
[4.508s] -- Up-to-date: /home/dliujm/um_files/rob_498_av/AutoVehicle25/audi_ws/install/autocar_msgs/share/autocar_msgs/cmake/ament_cmake_export_include_directories-extras.cmake
[4.508s] -- Up-to-date: /home/dliujm/um_files/rob_498_av/AutoVehicle25/audi_ws/install/autocar_msgs/share/autocar_msgs/cmake/ament_cmake_export_libraries-extras.cmake
[4.508s] -- Up-to-date: /home/dliujm/um_files/rob_498_av/AutoVehicle25/audi_ws/install/autocar_msgs/share/autocar_msgs/cmake/ament_cmake_export_targets-extras.cmake
[4.508s] -- Up-to-date: /home/dliujm/um_files/rob_498_av/AutoVehicle25/audi_ws/install/autocar_msgs/share/autocar_msgs/cmake/rosidl_cmake_export_typesupport_targets-extras.cmake
[4.508s] -- Up-to-date: /home/dliujm/um_files/rob_498_av/AutoVehicle25/audi_ws/install/autocar_msgs/share/autocar_msgs/cmake/rosidl_cmake_export_typesupport_libraries-extras.cmake
[4.509s] -- Up-to-date: /home/dliujm/um_files/rob_498_av/AutoVehicle25/audi_ws/install/autocar_msgs/share/autocar_msgs/cmake/autocar_msgsConfig.cmake
[4.509s] -- Up-to-date: /home/dliujm/um_files/rob_498_av/AutoVehicle25/audi_ws/install/autocar_msgs/share/autocar_msgs/cmake/autocar_msgsConfig-version.cmake
[4.509s] -- Up-to-date: /home/dliujm/um_files/rob_498_av/AutoVehicle25/audi_ws/install/autocar_msgs/share/autocar_msgs/package.xml
[4.512s] Invoked command in '/home/dliujm/um_files/rob_498_av/AutoVehicle25/audi_ws/build/autocar_msgs' returned '0': CMAKE_PREFIX_PATH=${CMAKE_PREFIX_PATH}:/home/dliujm/ros2_ws/install/voice_command:/home/dliujm/ros2_ws/install/semantic_mapping:/home/dliujm/ros2_ws/install/semantic_labeling_demo:/home/dliujm/ros2_ws/install/racing_controller:/home/dliujm/ros2_ws/install/odom_tf_broadcaster_pkg:/home/dliujm/ros2_ws/install/lucy_hardware:/home/dliujm/ros2_ws/install/image_saver:/home/dliujm/ros2_ws/src/install/semantic_mapping:/home/dliujm/ros2_ws/src/install/semantic_labeling_demo:/home/dliujm/ros2_ws/src/install/odom_tf_broadcaster_pkg:/home/dliujm/ros2_ws/src/install/lucy_hardware:/home/dliujm/ros2_ws/src/install/image_saver:/opt/ros/humble /usr/bin/cmake --install /home/dliujm/um_files/rob_498_av/AutoVehicle25/audi_ws/build/autocar_msgs
