[0.108s] [34mcolcon[0m [1;30mDEBUG[0m [32mCommand line arguments: ['/usr/bin/colcon', 'build'][0m
[0.108s] [34mcolcon[0m [1;30mDEBUG[0m [32mParsed command line arguments: Namespace(log_base=None, log_level=None, verb_name='build', build_base='build', install_base='install', merge_install=False, symlink_install=False, test_result_base=None, continue_on_error=False, executor='parallel', parallel_workers=12, event_handlers=None, ignore_user_meta=False, metas=['./colcon.meta'], base_paths=['.'], packages_ignore=None, packages_ignore_regex=None, paths=None, packages_up_to=None, packages_up_to_regex=None, packages_above=None, packages_above_and_dependencies=None, packages_above_depth=None, packages_select_by_dep=None, packages_skip_by_dep=None, packages_skip_up_to=None, packages_select_build_failed=False, packages_skip_build_finished=False, packages_select_test_failures=False, packages_skip_test_passed=False, packages_select=None, packages_skip=None, packages_select_regex=None, packages_skip_regex=None, packages_start=None, packages_end=None, allow_overriding=[], cmake_args=None, cmake_target=None, cmake_target_skip_unavailable=False, cmake_clean_cache=False, cmake_clean_first=False, cmake_force_configure=False, ament_cmake_args=None, catkin_cmake_args=None, catkin_skip_building_tests=False, mixin_files=None, mixin=None, verb_parser=<colcon_mixin.mixin.mixin_argument.MixinArgumentDecorator object at 0x7178962612a0>, verb_extension=<colcon_core.verb.build.BuildVerb object at 0x7178963e3460>, main=<bound method BuildVerb.main of <colcon_core.verb.build.BuildVerb object at 0x7178963e3460>>, mixin_verb=('build',))[0m
[0.278s] [34mcolcon.colcon_core.package_discovery[0m [1;30mLevel 1[0m discover_packages(colcon_meta) check parameters
[0.278s] [34mcolcon.colcon_core.package_discovery[0m [1;30mLevel 1[0m discover_packages(recursive) check parameters
[0.278s] [34mcolcon.colcon_core.package_discovery[0m [1;30mLevel 1[0m discover_packages(ignore) check parameters
[0.278s] [34mcolcon.colcon_core.package_discovery[0m [1;30mLevel 1[0m discover_packages(path) check parameters
[0.278s] [34mcolcon.colcon_core.package_discovery[0m [1;30mLevel 1[0m discover_packages(colcon_meta) discover
[0.278s] [34mcolcon.colcon_core.package_discovery[0m [1;30mLevel 1[0m discover_packages(recursive) discover
[0.278s] [34mcolcon.colcon_core.package_discovery[0m [1;30mINFO[0m Crawling recursively for packages in '/home/dliujm/um_files/rob_498_av/AutoVehicle25/audi_ws'
[0.278s] [34mcolcon.colcon_core.package_identification[0m [1;30mLevel 1[0m _identify(.) by extensions ['ignore', 'ignore_ament_install']
[0.278s] [34mcolcon.colcon_core.package_identification[0m [1;30mLevel 1[0m _identify(.) by extension 'ignore'
[0.278s] [34mcolcon.colcon_core.package_identification[0m [1;30mLevel 1[0m _identify(.) by extension 'ignore_ament_install'
[0.278s] [34mcolcon.colcon_core.package_identification[0m [1;30mLevel 1[0m _identify(.) by extensions ['colcon_pkg']
[0.278s] [34mcolcon.colcon_core.package_identification[0m [1;30mLevel 1[0m _identify(.) by extension 'colcon_pkg'
[0.278s] [34mcolcon.colcon_core.package_identification[0m [1;30mLevel 1[0m _identify(.) by extensions ['colcon_meta']
[0.278s] [34mcolcon.colcon_core.package_identification[0m [1;30mLevel 1[0m _identify(.) by extension 'colcon_meta'
[0.278s] [34mcolcon.colcon_core.package_identification[0m [1;30mLevel 1[0m _identify(.) by extensions ['ros']
[0.278s] [34mcolcon.colcon_core.package_identification[0m [1;30mLevel 1[0m _identify(.) by extension 'ros'
[0.293s] [34mcolcon.colcon_core.package_identification[0m [1;30mLevel 1[0m _identify(.) by extensions ['cmake', 'python']
[0.293s] [34mcolcon.colcon_core.package_identification[0m [1;30mLevel 1[0m _identify(.) by extension 'cmake'
[0.293s] [34mcolcon.colcon_core.package_identification[0m [1;30mLevel 1[0m _identify(.) by extension 'python'
[0.293s] [34mcolcon.colcon_core.package_identification[0m [1;30mLevel 1[0m _identify(.) by extensions ['python_setup_py']
[0.293s] [34mcolcon.colcon_core.package_identification[0m [1;30mLevel 1[0m _identify(.) by extension 'python_setup_py'
[0.293s] [34mcolcon.colcon_core.package_identification[0m [1;30mLevel 1[0m _identify(build) by extensions ['ignore', 'ignore_ament_install']
[0.293s] [34mcolcon.colcon_core.package_identification[0m [1;30mLevel 1[0m _identify(build) by extension 'ignore'
[0.293s] [34mcolcon.colcon_core.package_identification[0m [1;30mLevel 1[0m _identify(build) ignored
[0.293s] [34mcolcon.colcon_core.package_identification[0m [1;30mLevel 1[0m _identify(install) by extensions ['ignore', 'ignore_ament_install']
[0.293s] [34mcolcon.colcon_core.package_identification[0m [1;30mLevel 1[0m _identify(install) by extension 'ignore'
[0.293s] [34mcolcon.colcon_core.package_identification[0m [1;30mLevel 1[0m _identify(install) ignored
[0.294s] [34mcolcon.colcon_core.package_identification[0m [1;30mLevel 1[0m _identify(log) by extensions ['ignore', 'ignore_ament_install']
[0.294s] [34mcolcon.colcon_core.package_identification[0m [1;30mLevel 1[0m _identify(log) by extension 'ignore'
[0.294s] [34mcolcon.colcon_core.package_identification[0m [1;30mLevel 1[0m _identify(log) ignored
[0.294s] [34mcolcon.colcon_core.package_identification[0m [1;30mLevel 1[0m _identify(src) by extensions ['ignore', 'ignore_ament_install']
[0.294s] [34mcolcon.colcon_core.package_identification[0m [1;30mLevel 1[0m _identify(src) by extension 'ignore'
[0.294s] [34mcolcon.colcon_core.package_identification[0m [1;30mLevel 1[0m _identify(src) by extension 'ignore_ament_install'
[0.294s] [34mcolcon.colcon_core.package_identification[0m [1;30mLevel 1[0m _identify(src) by extensions ['colcon_pkg']
[0.294s] [34mcolcon.colcon_core.package_identification[0m [1;30mLevel 1[0m _identify(src) by extension 'colcon_pkg'
[0.294s] [34mcolcon.colcon_core.package_identification[0m [1;30mLevel 1[0m _identify(src) by extensions ['colcon_meta']
[0.294s] [34mcolcon.colcon_core.package_identification[0m [1;30mLevel 1[0m _identify(src) by extension 'colcon_meta'
[0.294s] [34mcolcon.colcon_core.package_identification[0m [1;30mLevel 1[0m _identify(src) by extensions ['ros']
[0.294s] [34mcolcon.colcon_core.package_identification[0m [1;30mLevel 1[0m _identify(src) by extension 'ros'
[0.294s] [34mcolcon.colcon_core.package_identification[0m [1;30mLevel 1[0m _identify(src) by extensions ['cmake', 'python']
[0.294s] [34mcolcon.colcon_core.package_identification[0m [1;30mLevel 1[0m _identify(src) by extension 'cmake'
[0.294s] [34mcolcon.colcon_core.package_identification[0m [1;30mLevel 1[0m _identify(src) by extension 'python'
[0.294s] [34mcolcon.colcon_core.package_identification[0m [1;30mLevel 1[0m _identify(src) by extensions ['python_setup_py']
[0.294s] [34mcolcon.colcon_core.package_identification[0m [1;30mLevel 1[0m _identify(src) by extension 'python_setup_py'
[0.294s] [34mcolcon.colcon_core.package_identification[0m [1;30mLevel 1[0m _identify(src/open_loop) by extensions ['ignore', 'ignore_ament_install']
[0.294s] [34mcolcon.colcon_core.package_identification[0m [1;30mLevel 1[0m _identify(src/open_loop) by extension 'ignore'
[0.294s] [34mcolcon.colcon_core.package_identification[0m [1;30mLevel 1[0m _identify(src/open_loop) by extension 'ignore_ament_install'
[0.294s] [34mcolcon.colcon_core.package_identification[0m [1;30mLevel 1[0m _identify(src/open_loop) by extensions ['colcon_pkg']
[0.294s] [34mcolcon.colcon_core.package_identification[0m [1;30mLevel 1[0m _identify(src/open_loop) by extension 'colcon_pkg'
[0.294s] [34mcolcon.colcon_core.package_identification[0m [1;30mLevel 1[0m _identify(src/open_loop) by extensions ['colcon_meta']
[0.294s] [34mcolcon.colcon_core.package_identification[0m [1;30mLevel 1[0m _identify(src/open_loop) by extension 'colcon_meta'
[0.294s] [34mcolcon.colcon_core.package_identification[0m [1;30mLevel 1[0m _identify(src/open_loop) by extensions ['ros']
[0.294s] [34mcolcon.colcon_core.package_identification[0m [1;30mLevel 1[0m _identify(src/open_loop) by extension 'ros'
[0.297s] [34mcolcon.colcon_core.package_identification[0m [1;30mDEBUG[0m [32mPackage 'src/open_loop' with type 'ros.ament_cmake' and name 'open_loop'[0m
[0.297s] [34mcolcon.colcon_core.package_identification[0m [1;30mLevel 1[0m _identify(src/robot_sim_bringup) by extensions ['ignore', 'ignore_ament_install']
[0.297s] [34mcolcon.colcon_core.package_identification[0m [1;30mLevel 1[0m _identify(src/robot_sim_bringup) by extension 'ignore'
[0.297s] [34mcolcon.colcon_core.package_identification[0m [1;30mLevel 1[0m _identify(src/robot_sim_bringup) by extension 'ignore_ament_install'
[0.297s] [34mcolcon.colcon_core.package_identification[0m [1;30mLevel 1[0m _identify(src/robot_sim_bringup) by extensions ['colcon_pkg']
[0.297s] [34mcolcon.colcon_core.package_identification[0m [1;30mLevel 1[0m _identify(src/robot_sim_bringup) by extension 'colcon_pkg'
[0.297s] [34mcolcon.colcon_core.package_identification[0m [1;30mLevel 1[0m _identify(src/robot_sim_bringup) by extensions ['colcon_meta']
[0.297s] [34mcolcon.colcon_core.package_identification[0m [1;30mLevel 1[0m _identify(src/robot_sim_bringup) by extension 'colcon_meta'
[0.297s] [34mcolcon.colcon_core.package_identification[0m [1;30mLevel 1[0m _identify(src/robot_sim_bringup) by extensions ['ros']
[0.297s] [34mcolcon.colcon_core.package_identification[0m [1;30mLevel 1[0m _identify(src/robot_sim_bringup) by extension 'ros'
[0.298s] [34mcolcon.colcon_core.package_identification[0m [1;30mDEBUG[0m [32mPackage 'src/robot_sim_bringup' with type 'ros.ament_cmake' and name 'robot_sim_bringup'[0m
[0.298s] [34mcolcon.colcon_core.package_identification[0m [1;30mLevel 1[0m _identify(src/vehicle_desc) by extensions ['ignore', 'ignore_ament_install']
[0.298s] [34mcolcon.colcon_core.package_identification[0m [1;30mLevel 1[0m _identify(src/vehicle_desc) by extension 'ignore'
[0.298s] [34mcolcon.colcon_core.package_identification[0m [1;30mLevel 1[0m _identify(src/vehicle_desc) by extension 'ignore_ament_install'
[0.298s] [34mcolcon.colcon_core.package_identification[0m [1;30mLevel 1[0m _identify(src/vehicle_desc) by extensions ['colcon_pkg']
[0.298s] [34mcolcon.colcon_core.package_identification[0m [1;30mLevel 1[0m _identify(src/vehicle_desc) by extension 'colcon_pkg'
[0.298s] [34mcolcon.colcon_core.package_identification[0m [1;30mLevel 1[0m _identify(src/vehicle_desc) by extensions ['colcon_meta']
[0.298s] [34mcolcon.colcon_core.package_identification[0m [1;30mLevel 1[0m _identify(src/vehicle_desc) by extension 'colcon_meta'
[0.298s] [34mcolcon.colcon_core.package_identification[0m [1;30mLevel 1[0m _identify(src/vehicle_desc) by extensions ['ros']
[0.298s] [34mcolcon.colcon_core.package_identification[0m [1;30mLevel 1[0m _identify(src/vehicle_desc) by extension 'ros'
[0.298s] [34mcolcon.colcon_core.package_identification[0m [1;30mDEBUG[0m [32mPackage 'src/vehicle_desc' with type 'ros.ament_cmake' and name 'robot_desc'[0m
[0.298s] [34mcolcon.colcon_core.package_discovery[0m [1;30mLevel 1[0m discover_packages(recursive) using defaults
[0.298s] [34mcolcon.colcon_core.package_discovery[0m [1;30mLevel 1[0m discover_packages(ignore) discover
[0.298s] [34mcolcon.colcon_core.package_discovery[0m [1;30mLevel 1[0m discover_packages(ignore) using defaults
[0.298s] [34mcolcon.colcon_core.package_discovery[0m [1;30mLevel 1[0m discover_packages(path) discover
[0.298s] [34mcolcon.colcon_core.package_discovery[0m [1;30mLevel 1[0m discover_packages(path) using defaults
[0.311s] [34mcolcon.colcon_core.package_discovery[0m [1;30mLevel 1[0m discover_packages(prefix_path) check parameters
[0.311s] [34mcolcon.colcon_core.package_discovery[0m [1;30mLevel 1[0m discover_packages(prefix_path) discover
[0.317s] [34mcolcon.colcon_installed_package_information.package_discovery[0m [1;30mDEBUG[0m [32mFound 12 installed packages in /home/dliujm/ros2_ws/install[0m
[0.318s] [34mcolcon.colcon_installed_package_information.package_discovery[0m [1;30mDEBUG[0m [32mFound 9 installed packages in /home/dliujm/ros2_ws/src/install[0m
[0.321s] [34mcolcon.colcon_installed_package_information.package_discovery[0m [1;30mDEBUG[0m [32mFound 411 installed packages in /opt/ros/humble[0m
[0.322s] [34mcolcon.colcon_core.package_discovery[0m [1;30mLevel 1[0m discover_packages(prefix_path) using defaults
[0.404s] [34mcolcon.colcon_core.verb[0m [1;30mLevel 5[0m set package 'open_loop' build argument 'cmake_args' from command line to 'None'
[0.404s] [34mcolcon.colcon_core.verb[0m [1;30mLevel 5[0m set package 'open_loop' build argument 'cmake_target' from command line to 'None'
[0.404s] [34mcolcon.colcon_core.verb[0m [1;30mLevel 5[0m set package 'open_loop' build argument 'cmake_target_skip_unavailable' from command line to 'False'
[0.404s] [34mcolcon.colcon_core.verb[0m [1;30mLevel 5[0m set package 'open_loop' build argument 'cmake_clean_cache' from command line to 'False'
[0.404s] [34mcolcon.colcon_core.verb[0m [1;30mLevel 5[0m set package 'open_loop' build argument 'cmake_clean_first' from command line to 'False'
[0.404s] [34mcolcon.colcon_core.verb[0m [1;30mLevel 5[0m set package 'open_loop' build argument 'cmake_force_configure' from command line to 'False'
[0.404s] [34mcolcon.colcon_core.verb[0m [1;30mLevel 5[0m set package 'open_loop' build argument 'ament_cmake_args' from command line to 'None'
[0.404s] [34mcolcon.colcon_core.verb[0m [1;30mLevel 5[0m set package 'open_loop' build argument 'catkin_cmake_args' from command line to 'None'
[0.404s] [34mcolcon.colcon_core.verb[0m [1;30mLevel 5[0m set package 'open_loop' build argument 'catkin_skip_building_tests' from command line to 'False'
[0.404s] [34mcolcon.colcon_core.verb[0m [1;30mDEBUG[0m [32mBuilding package 'open_loop' with the following arguments: {'ament_cmake_args': None, 'build_base': '/home/dliujm/um_files/rob_498_av/AutoVehicle25/audi_ws/build/open_loop', 'catkin_cmake_args': None, 'catkin_skip_building_tests': False, 'cmake_args': None, 'cmake_clean_cache': False, 'cmake_clean_first': False, 'cmake_force_configure': False, 'cmake_target': None, 'cmake_target_skip_unavailable': False, 'install_base': '/home/dliujm/um_files/rob_498_av/AutoVehicle25/audi_ws/install/open_loop', 'merge_install': False, 'path': '/home/dliujm/um_files/rob_498_av/AutoVehicle25/audi_ws/src/open_loop', 'symlink_install': False, 'test_result_base': None}[0m
[0.404s] [34mcolcon.colcon_core.verb[0m [1;30mLevel 5[0m set package 'robot_desc' build argument 'cmake_args' from command line to 'None'
[0.404s] [34mcolcon.colcon_core.verb[0m [1;30mLevel 5[0m set package 'robot_desc' build argument 'cmake_target' from command line to 'None'
[0.404s] [34mcolcon.colcon_core.verb[0m [1;30mLevel 5[0m set package 'robot_desc' build argument 'cmake_target_skip_unavailable' from command line to 'False'
[0.404s] [34mcolcon.colcon_core.verb[0m [1;30mLevel 5[0m set package 'robot_desc' build argument 'cmake_clean_cache' from command line to 'False'
[0.404s] [34mcolcon.colcon_core.verb[0m [1;30mLevel 5[0m set package 'robot_desc' build argument 'cmake_clean_first' from command line to 'False'
[0.404s] [34mcolcon.colcon_core.verb[0m [1;30mLevel 5[0m set package 'robot_desc' build argument 'cmake_force_configure' from command line to 'False'
[0.404s] [34mcolcon.colcon_core.verb[0m [1;30mLevel 5[0m set package 'robot_desc' build argument 'ament_cmake_args' from command line to 'None'
[0.404s] [34mcolcon.colcon_core.verb[0m [1;30mLevel 5[0m set package 'robot_desc' build argument 'catkin_cmake_args' from command line to 'None'
[0.404s] [34mcolcon.colcon_core.verb[0m [1;30mLevel 5[0m set package 'robot_desc' build argument 'catkin_skip_building_tests' from command line to 'False'
[0.404s] [34mcolcon.colcon_core.verb[0m [1;30mDEBUG[0m [32mBuilding package 'robot_desc' with the following arguments: {'ament_cmake_args': None, 'build_base': '/home/dliujm/um_files/rob_498_av/AutoVehicle25/audi_ws/build/robot_desc', 'catkin_cmake_args': None, 'catkin_skip_building_tests': False, 'cmake_args': None, 'cmake_clean_cache': False, 'cmake_clean_first': False, 'cmake_force_configure': False, 'cmake_target': None, 'cmake_target_skip_unavailable': False, 'install_base': '/home/dliujm/um_files/rob_498_av/AutoVehicle25/audi_ws/install/robot_desc', 'merge_install': False, 'path': '/home/dliujm/um_files/rob_498_av/AutoVehicle25/audi_ws/src/vehicle_desc', 'symlink_install': False, 'test_result_base': None}[0m
[0.405s] [34mcolcon.colcon_core.verb[0m [1;30mLevel 5[0m set package 'robot_sim_bringup' build argument 'cmake_args' from command line to 'None'
[0.405s] [34mcolcon.colcon_core.verb[0m [1;30mLevel 5[0m set package 'robot_sim_bringup' build argument 'cmake_target' from command line to 'None'
[0.405s] [34mcolcon.colcon_core.verb[0m [1;30mLevel 5[0m set package 'robot_sim_bringup' build argument 'cmake_target_skip_unavailable' from command line to 'False'
[0.405s] [34mcolcon.colcon_core.verb[0m [1;30mLevel 5[0m set package 'robot_sim_bringup' build argument 'cmake_clean_cache' from command line to 'False'
[0.405s] [34mcolcon.colcon_core.verb[0m [1;30mLevel 5[0m set package 'robot_sim_bringup' build argument 'cmake_clean_first' from command line to 'False'
[0.405s] [34mcolcon.colcon_core.verb[0m [1;30mLevel 5[0m set package 'robot_sim_bringup' build argument 'cmake_force_configure' from command line to 'False'
[0.405s] [34mcolcon.colcon_core.verb[0m [1;30mLevel 5[0m set package 'robot_sim_bringup' build argument 'ament_cmake_args' from command line to 'None'
[0.405s] [34mcolcon.colcon_core.verb[0m [1;30mLevel 5[0m set package 'robot_sim_bringup' build argument 'catkin_cmake_args' from command line to 'None'
[0.405s] [34mcolcon.colcon_core.verb[0m [1;30mLevel 5[0m set package 'robot_sim_bringup' build argument 'catkin_skip_building_tests' from command line to 'False'
[0.405s] [34mcolcon.colcon_core.verb[0m [1;30mDEBUG[0m [32mBuilding package 'robot_sim_bringup' with the following arguments: {'ament_cmake_args': None, 'build_base': '/home/dliujm/um_files/rob_498_av/AutoVehicle25/audi_ws/build/robot_sim_bringup', 'catkin_cmake_args': None, 'catkin_skip_building_tests': False, 'cmake_args': None, 'cmake_clean_cache': False, 'cmake_clean_first': False, 'cmake_force_configure': False, 'cmake_target': None, 'cmake_target_skip_unavailable': False, 'install_base': '/home/dliujm/um_files/rob_498_av/AutoVehicle25/audi_ws/install/robot_sim_bringup', 'merge_install': False, 'path': '/home/dliujm/um_files/rob_498_av/AutoVehicle25/audi_ws/src/robot_sim_bringup', 'symlink_install': False, 'test_result_base': None}[0m
[0.405s] [34mcolcon.colcon_core.executor[0m [1;30mINFO[0m Executing jobs using 'parallel' executor
[0.406s] [34mcolcon.colcon_parallel_executor.executor.parallel[0m [1;30mDEBUG[0m [32mrun_until_complete[0m
[0.406s] [34mcolcon.colcon_ros.task.ament_cmake.build[0m [1;30mINFO[0m Building ROS package in '/home/dliujm/um_files/rob_498_av/AutoVehicle25/audi_ws/src/open_loop' with build type 'ament_cmake'
[0.406s] [34mcolcon.colcon_cmake.task.cmake.build[0m [1;30mINFO[0m Building CMake package in '/home/dliujm/um_files/rob_498_av/AutoVehicle25/audi_ws/src/open_loop'
[0.409s] [34mcolcon.colcon_core.plugin_system[0m [1;30mINFO[0m Skipping extension 'colcon_core.shell.bat': Not used on non-Windows systems
[0.409s] [34mcolcon.colcon_core.shell[0m [1;30mINFO[0m Skip shell extension 'powershell' for command environment: Not usable outside of PowerShell
[0.409s] [34mcolcon.colcon_core.shell[0m [1;30mDEBUG[0m [32mSkip shell extension 'dsv' for command environment[0m
[0.414s] [34mcolcon.colcon_ros.task.ament_cmake.build[0m [1;30mINFO[0m Building ROS package in '/home/dliujm/um_files/rob_498_av/AutoVehicle25/audi_ws/src/vehicle_desc' with build type 'ament_cmake'
[0.414s] [34mcolcon.colcon_cmake.task.cmake.build[0m [1;30mINFO[0m Building CMake package in '/home/dliujm/um_files/rob_498_av/AutoVehicle25/audi_ws/src/vehicle_desc'
[0.414s] [34mcolcon.colcon_core.shell[0m [1;30mINFO[0m Skip shell extension 'powershell' for command environment: Not usable outside of PowerShell
[0.414s] [34mcolcon.colcon_core.shell[0m [1;30mDEBUG[0m [32mSkip shell extension 'dsv' for command environment[0m
[0.419s] [34mcolcon.colcon_ros.task.ament_cmake.build[0m [1;30mINFO[0m Building ROS package in '/home/dliujm/um_files/rob_498_av/AutoVehicle25/audi_ws/src/robot_sim_bringup' with build type 'ament_cmake'
[0.419s] [34mcolcon.colcon_cmake.task.cmake.build[0m [1;30mINFO[0m Building CMake package in '/home/dliujm/um_files/rob_498_av/AutoVehicle25/audi_ws/src/robot_sim_bringup'
[0.419s] [34mcolcon.colcon_core.shell[0m [1;30mINFO[0m Skip shell extension 'powershell' for command environment: Not usable outside of PowerShell
[0.419s] [34mcolcon.colcon_core.shell[0m [1;30mDEBUG[0m [32mSkip shell extension 'dsv' for command environment[0m
[0.426s] [34mcolcon.colcon_core.event_handler.log_command[0m [1;30mDEBUG[0m [32mInvoking command in '/home/dliujm/um_files/rob_498_av/AutoVehicle25/audi_ws/build/open_loop': CMAKE_PREFIX_PATH=${CMAKE_PREFIX_PATH}:/home/dliujm/ros2_ws/install/voice_command:/home/dliujm/ros2_ws/install/semantic_mapping:/home/dliujm/ros2_ws/install/semantic_labeling_demo:/home/dliujm/ros2_ws/install/racing_controller:/home/dliujm/ros2_ws/install/odom_tf_broadcaster_pkg:/home/dliujm/ros2_ws/install/lucy_hardware:/home/dliujm/ros2_ws/install/image_saver:/home/dliujm/ros2_ws/src/install/semantic_mapping:/home/dliujm/ros2_ws/src/install/semantic_labeling_demo:/home/dliujm/ros2_ws/src/install/odom_tf_broadcaster_pkg:/home/dliujm/ros2_ws/src/install/lucy_hardware:/home/dliujm/ros2_ws/src/install/image_saver:/opt/ros/humble /usr/bin/cmake --build /home/dliujm/um_files/rob_498_av/AutoVehicle25/audi_ws/build/open_loop -- -j12 -l12[0m
[0.429s] [34mcolcon.colcon_core.event_handler.log_command[0m [1;30mDEBUG[0m [32mInvoking command in '/home/dliujm/um_files/rob_498_av/AutoVehicle25/audi_ws/build/robot_desc': CMAKE_PREFIX_PATH=${CMAKE_PREFIX_PATH}:/home/dliujm/ros2_ws/install/voice_command:/home/dliujm/ros2_ws/install/semantic_mapping:/home/dliujm/ros2_ws/install/semantic_labeling_demo:/home/dliujm/ros2_ws/install/racing_controller:/home/dliujm/ros2_ws/install/odom_tf_broadcaster_pkg:/home/dliujm/ros2_ws/install/lucy_hardware:/home/dliujm/ros2_ws/install/image_saver:/home/dliujm/ros2_ws/src/install/semantic_mapping:/home/dliujm/ros2_ws/src/install/semantic_labeling_demo:/home/dliujm/ros2_ws/src/install/odom_tf_broadcaster_pkg:/home/dliujm/ros2_ws/src/install/lucy_hardware:/home/dliujm/ros2_ws/src/install/image_saver:/opt/ros/humble /usr/bin/cmake --build /home/dliujm/um_files/rob_498_av/AutoVehicle25/audi_ws/build/robot_desc -- -j12 -l12[0m
[0.431s] [34mcolcon.colcon_core.event_handler.log_command[0m [1;30mDEBUG[0m [32mInvoking command in '/home/dliujm/um_files/rob_498_av/AutoVehicle25/audi_ws/build/robot_sim_bringup': CMAKE_PREFIX_PATH=${CMAKE_PREFIX_PATH}:/home/dliujm/ros2_ws/install/voice_command:/home/dliujm/ros2_ws/install/semantic_mapping:/home/dliujm/ros2_ws/install/semantic_labeling_demo:/home/dliujm/ros2_ws/install/racing_controller:/home/dliujm/ros2_ws/install/odom_tf_broadcaster_pkg:/home/dliujm/ros2_ws/install/lucy_hardware:/home/dliujm/ros2_ws/install/image_saver:/home/dliujm/ros2_ws/src/install/semantic_mapping:/home/dliujm/ros2_ws/src/install/semantic_labeling_demo:/home/dliujm/ros2_ws/src/install/odom_tf_broadcaster_pkg:/home/dliujm/ros2_ws/src/install/lucy_hardware:/home/dliujm/ros2_ws/src/install/image_saver:/opt/ros/humble /usr/bin/cmake --build /home/dliujm/um_files/rob_498_av/AutoVehicle25/audi_ws/build/robot_sim_bringup -- -j12 -l12[0m
[0.469s] [34mcolcon.colcon_core.event_handler.log_command[0m [1;30mDEBUG[0m [32mInvoked command in '/home/dliujm/um_files/rob_498_av/AutoVehicle25/audi_ws/build/robot_sim_bringup' returned '0': CMAKE_PREFIX_PATH=${CMAKE_PREFIX_PATH}:/home/dliujm/ros2_ws/install/voice_command:/home/dliujm/ros2_ws/install/semantic_mapping:/home/dliujm/ros2_ws/install/semantic_labeling_demo:/home/dliujm/ros2_ws/install/racing_controller:/home/dliujm/ros2_ws/install/odom_tf_broadcaster_pkg:/home/dliujm/ros2_ws/install/lucy_hardware:/home/dliujm/ros2_ws/install/image_saver:/home/dliujm/ros2_ws/src/install/semantic_mapping:/home/dliujm/ros2_ws/src/install/semantic_labeling_demo:/home/dliujm/ros2_ws/src/install/odom_tf_broadcaster_pkg:/home/dliujm/ros2_ws/src/install/lucy_hardware:/home/dliujm/ros2_ws/src/install/image_saver:/opt/ros/humble /usr/bin/cmake --build /home/dliujm/um_files/rob_498_av/AutoVehicle25/audi_ws/build/robot_sim_bringup -- -j12 -l12[0m
[0.478s] [34mcolcon.colcon_core.event_handler.log_command[0m [1;30mDEBUG[0m [32mInvoking command in '/home/dliujm/um_files/rob_498_av/AutoVehicle25/audi_ws/build/robot_sim_bringup': CMAKE_PREFIX_PATH=${CMAKE_PREFIX_PATH}:/home/dliujm/ros2_ws/install/voice_command:/home/dliujm/ros2_ws/install/semantic_mapping:/home/dliujm/ros2_ws/install/semantic_labeling_demo:/home/dliujm/ros2_ws/install/racing_controller:/home/dliujm/ros2_ws/install/odom_tf_broadcaster_pkg:/home/dliujm/ros2_ws/install/lucy_hardware:/home/dliujm/ros2_ws/install/image_saver:/home/dliujm/ros2_ws/src/install/semantic_mapping:/home/dliujm/ros2_ws/src/install/semantic_labeling_demo:/home/dliujm/ros2_ws/src/install/odom_tf_broadcaster_pkg:/home/dliujm/ros2_ws/src/install/lucy_hardware:/home/dliujm/ros2_ws/src/install/image_saver:/opt/ros/humble /usr/bin/cmake --install /home/dliujm/um_files/rob_498_av/AutoVehicle25/audi_ws/build/robot_sim_bringup[0m
[0.479s] [34mcolcon.colcon_core.event_handler.log_command[0m [1;30mDEBUG[0m [32mInvoked command in '/home/dliujm/um_files/rob_498_av/AutoVehicle25/audi_ws/build/robot_desc' returned '0': CMAKE_PREFIX_PATH=${CMAKE_PREFIX_PATH}:/home/dliujm/ros2_ws/install/voice_command:/home/dliujm/ros2_ws/install/semantic_mapping:/home/dliujm/ros2_ws/install/semantic_labeling_demo:/home/dliujm/ros2_ws/install/racing_controller:/home/dliujm/ros2_ws/install/odom_tf_broadcaster_pkg:/home/dliujm/ros2_ws/install/lucy_hardware:/home/dliujm/ros2_ws/install/image_saver:/home/dliujm/ros2_ws/src/install/semantic_mapping:/home/dliujm/ros2_ws/src/install/semantic_labeling_demo:/home/dliujm/ros2_ws/src/install/odom_tf_broadcaster_pkg:/home/dliujm/ros2_ws/src/install/lucy_hardware:/home/dliujm/ros2_ws/src/install/image_saver:/opt/ros/humble /usr/bin/cmake --build /home/dliujm/um_files/rob_498_av/AutoVehicle25/audi_ws/build/robot_desc -- -j12 -l12[0m
[0.480s] [34mcolcon.colcon_core.event_handler.log_command[0m [1;30mDEBUG[0m [32mInvoking command in '/home/dliujm/um_files/rob_498_av/AutoVehicle25/audi_ws/build/robot_desc': CMAKE_PREFIX_PATH=${CMAKE_PREFIX_PATH}:/home/dliujm/ros2_ws/install/voice_command:/home/dliujm/ros2_ws/install/semantic_mapping:/home/dliujm/ros2_ws/install/semantic_labeling_demo:/home/dliujm/ros2_ws/install/racing_controller:/home/dliujm/ros2_ws/install/odom_tf_broadcaster_pkg:/home/dliujm/ros2_ws/install/lucy_hardware:/home/dliujm/ros2_ws/install/image_saver:/home/dliujm/ros2_ws/src/install/semantic_mapping:/home/dliujm/ros2_ws/src/install/semantic_labeling_demo:/home/dliujm/ros2_ws/src/install/odom_tf_broadcaster_pkg:/home/dliujm/ros2_ws/src/install/lucy_hardware:/home/dliujm/ros2_ws/src/install/image_saver:/opt/ros/humble /usr/bin/cmake --install /home/dliujm/um_files/rob_498_av/AutoVehicle25/audi_ws/build/robot_desc[0m
[0.492s] [34mcolcon.colcon_core.environment[0m [1;30mLevel 1[0m create_environment_scripts_only(robot_desc)
[0.492s] [34mcolcon.colcon_core.event_handler.log_command[0m [1;30mDEBUG[0m [32mInvoked command in '/home/dliujm/um_files/rob_498_av/AutoVehicle25/audi_ws/build/robot_desc' returned '0': CMAKE_PREFIX_PATH=${CMAKE_PREFIX_PATH}:/home/dliujm/ros2_ws/install/voice_command:/home/dliujm/ros2_ws/install/semantic_mapping:/home/dliujm/ros2_ws/install/semantic_labeling_demo:/home/dliujm/ros2_ws/install/racing_controller:/home/dliujm/ros2_ws/install/odom_tf_broadcaster_pkg:/home/dliujm/ros2_ws/install/lucy_hardware:/home/dliujm/ros2_ws/install/image_saver:/home/dliujm/ros2_ws/src/install/semantic_mapping:/home/dliujm/ros2_ws/src/install/semantic_labeling_demo:/home/dliujm/ros2_ws/src/install/odom_tf_broadcaster_pkg:/home/dliujm/ros2_ws/src/install/lucy_hardware:/home/dliujm/ros2_ws/src/install/image_saver:/opt/ros/humble /usr/bin/cmake --install /home/dliujm/um_files/rob_498_av/AutoVehicle25/audi_ws/build/robot_desc[0m
[0.495s] [34mcolcon.colcon_core.environment[0m [1;30mLevel 1[0m checking '/home/dliujm/um_files/rob_498_av/AutoVehicle25/audi_ws/install/robot_desc' for CMake module files
[0.496s] [34mcolcon.colcon_core.environment[0m [1;30mLevel 1[0m checking '/home/dliujm/um_files/rob_498_av/AutoVehicle25/audi_ws/install/robot_desc' for CMake config files
[0.496s] [34mcolcon.colcon_core.shell[0m [1;30mLevel 1[0m create_environment_hook('robot_desc', 'cmake_prefix_path')
[0.496s] [34mcolcon.colcon_core.shell[0m [1;30mINFO[0m Creating environment hook '/home/dliujm/um_files/rob_498_av/AutoVehicle25/audi_ws/install/robot_desc/share/robot_desc/hook/cmake_prefix_path.ps1'
[0.497s] [34mcolcon.colcon_core.shell[0m [1;30mINFO[0m Creating environment descriptor '/home/dliujm/um_files/rob_498_av/AutoVehicle25/audi_ws/install/robot_desc/share/robot_desc/hook/cmake_prefix_path.dsv'
[0.497s] [34mcolcon.colcon_core.shell[0m [1;30mINFO[0m Creating environment hook '/home/dliujm/um_files/rob_498_av/AutoVehicle25/audi_ws/install/robot_desc/share/robot_desc/hook/cmake_prefix_path.sh'
[0.498s] [34mcolcon.colcon_core.environment[0m [1;30mLevel 1[0m checking '/home/dliujm/um_files/rob_498_av/AutoVehicle25/audi_ws/install/robot_desc/bin'
[0.498s] [34mcolcon.colcon_core.environment[0m [1;30mLevel 1[0m checking '/home/dliujm/um_files/rob_498_av/AutoVehicle25/audi_ws/install/robot_desc/lib/pkgconfig/robot_desc.pc'
[0.498s] [34mcolcon.colcon_core.environment[0m [1;30mLevel 1[0m checking '/home/dliujm/um_files/rob_498_av/AutoVehicle25/audi_ws/install/robot_desc/lib/python3.10/site-packages'
[0.499s] [34mcolcon.colcon_core.environment[0m [1;30mLevel 1[0m checking '/home/dliujm/um_files/rob_498_av/AutoVehicle25/audi_ws/install/robot_desc/bin'
[0.499s] [34mcolcon.colcon_core.shell[0m [1;30mINFO[0m Creating package script '/home/dliujm/um_files/rob_498_av/AutoVehicle25/audi_ws/install/robot_desc/share/robot_desc/package.ps1'
[0.501s] [34mcolcon.colcon_core.shell[0m [1;30mINFO[0m Creating package descriptor '/home/dliujm/um_files/rob_498_av/AutoVehicle25/audi_ws/install/robot_desc/share/robot_desc/package.dsv'
[0.501s] [34mcolcon.colcon_core.shell[0m [1;30mINFO[0m Creating package script '/home/dliujm/um_files/rob_498_av/AutoVehicle25/audi_ws/install/robot_desc/share/robot_desc/package.sh'
[0.502s] [34mcolcon.colcon_core.shell[0m [1;30mINFO[0m Creating package script '/home/dliujm/um_files/rob_498_av/AutoVehicle25/audi_ws/install/robot_desc/share/robot_desc/package.bash'
[0.502s] [34mcolcon.colcon_core.shell[0m [1;30mINFO[0m Creating package script '/home/dliujm/um_files/rob_498_av/AutoVehicle25/audi_ws/install/robot_desc/share/robot_desc/package.zsh'
[0.503s] [34mcolcon.colcon_core.environment[0m [1;30mLevel 1[0m create_file_with_runtime_dependencies(/home/dliujm/um_files/rob_498_av/AutoVehicle25/audi_ws/install/robot_desc/share/colcon-core/packages/robot_desc)
[0.503s] [34mcolcon.colcon_core.environment[0m [1;30mLevel 1[0m create_environment_scripts_only(robot_desc)
[0.503s] [34mcolcon.colcon_core.environment[0m [1;30mLevel 1[0m checking '/home/dliujm/um_files/rob_498_av/AutoVehicle25/audi_ws/install/robot_desc' for CMake module files
[0.504s] [34mcolcon.colcon_core.environment[0m [1;30mLevel 1[0m checking '/home/dliujm/um_files/rob_498_av/AutoVehicle25/audi_ws/install/robot_desc' for CMake config files
[0.504s] [34mcolcon.colcon_core.shell[0m [1;30mLevel 1[0m create_environment_hook('robot_desc', 'cmake_prefix_path')
[0.504s] [34mcolcon.colcon_core.shell[0m [1;30mINFO[0m Creating environment hook '/home/dliujm/um_files/rob_498_av/AutoVehicle25/audi_ws/install/robot_desc/share/robot_desc/hook/cmake_prefix_path.ps1'
[0.504s] [34mcolcon.colcon_core.shell[0m [1;30mINFO[0m Creating environment descriptor '/home/dliujm/um_files/rob_498_av/AutoVehicle25/audi_ws/install/robot_desc/share/robot_desc/hook/cmake_prefix_path.dsv'
[0.505s] [34mcolcon.colcon_core.shell[0m [1;30mINFO[0m Creating environment hook '/home/dliujm/um_files/rob_498_av/AutoVehicle25/audi_ws/install/robot_desc/share/robot_desc/hook/cmake_prefix_path.sh'
[0.505s] [34mcolcon.colcon_core.environment[0m [1;30mLevel 1[0m checking '/home/dliujm/um_files/rob_498_av/AutoVehicle25/audi_ws/install/robot_desc/bin'
[0.505s] [34mcolcon.colcon_core.environment[0m [1;30mLevel 1[0m checking '/home/dliujm/um_files/rob_498_av/AutoVehicle25/audi_ws/install/robot_desc/lib/pkgconfig/robot_desc.pc'
[0.505s] [34mcolcon.colcon_core.environment[0m [1;30mLevel 1[0m checking '/home/dliujm/um_files/rob_498_av/AutoVehicle25/audi_ws/install/robot_desc/lib/python3.10/site-packages'
[0.505s] [34mcolcon.colcon_core.environment[0m [1;30mLevel 1[0m checking '/home/dliujm/um_files/rob_498_av/AutoVehicle25/audi_ws/install/robot_desc/bin'
[0.506s] [34mcolcon.colcon_core.shell[0m [1;30mINFO[0m Creating package script '/home/dliujm/um_files/rob_498_av/AutoVehicle25/audi_ws/install/robot_desc/share/robot_desc/package.ps1'
[0.506s] [34mcolcon.colcon_core.shell[0m [1;30mINFO[0m Creating package descriptor '/home/dliujm/um_files/rob_498_av/AutoVehicle25/audi_ws/install/robot_desc/share/robot_desc/package.dsv'
[0.506s] [34mcolcon.colcon_core.shell[0m [1;30mINFO[0m Creating package script '/home/dliujm/um_files/rob_498_av/AutoVehicle25/audi_ws/install/robot_desc/share/robot_desc/package.sh'
[0.507s] [34mcolcon.colcon_core.shell[0m [1;30mINFO[0m Creating package script '/home/dliujm/um_files/rob_498_av/AutoVehicle25/audi_ws/install/robot_desc/share/robot_desc/package.bash'
[0.507s] [34mcolcon.colcon_core.shell[0m [1;30mINFO[0m Creating package script '/home/dliujm/um_files/rob_498_av/AutoVehicle25/audi_ws/install/robot_desc/share/robot_desc/package.zsh'
[0.507s] [34mcolcon.colcon_core.environment[0m [1;30mLevel 1[0m create_file_with_runtime_dependencies(/home/dliujm/um_files/rob_498_av/AutoVehicle25/audi_ws/install/robot_desc/share/colcon-core/packages/robot_desc)
[0.509s] [34mcolcon.colcon_core.environment[0m [1;30mLevel 1[0m create_environment_scripts_only(open_loop)
[0.509s] [34mcolcon.colcon_core.event_handler.log_command[0m [1;30mDEBUG[0m [32mInvoked command in '/home/dliujm/um_files/rob_498_av/AutoVehicle25/audi_ws/build/open_loop' returned '2': CMAKE_PREFIX_PATH=${CMAKE_PREFIX_PATH}:/home/dliujm/ros2_ws/install/voice_command:/home/dliujm/ros2_ws/install/semantic_mapping:/home/dliujm/ros2_ws/install/semantic_labeling_demo:/home/dliujm/ros2_ws/install/racing_controller:/home/dliujm/ros2_ws/install/odom_tf_broadcaster_pkg:/home/dliujm/ros2_ws/install/lucy_hardware:/home/dliujm/ros2_ws/install/image_saver:/home/dliujm/ros2_ws/src/install/semantic_mapping:/home/dliujm/ros2_ws/src/install/semantic_labeling_demo:/home/dliujm/ros2_ws/src/install/odom_tf_broadcaster_pkg:/home/dliujm/ros2_ws/src/install/lucy_hardware:/home/dliujm/ros2_ws/src/install/image_saver:/opt/ros/humble /usr/bin/cmake --build /home/dliujm/um_files/rob_498_av/AutoVehicle25/audi_ws/build/open_loop -- -j12 -l12[0m
[0.509s] [34mcolcon.colcon_core.environment[0m [1;30mLevel 1[0m checking '/home/dliujm/um_files/rob_498_av/AutoVehicle25/audi_ws/install/open_loop' for CMake module files
[0.509s] [34mcolcon.colcon_core.environment[0m [1;30mLevel 1[0m checking '/home/dliujm/um_files/rob_498_av/AutoVehicle25/audi_ws/install/open_loop' for CMake config files
[0.510s] [34mcolcon.colcon_core.shell[0m [1;30mLevel 1[0m create_environment_hook('open_loop', 'cmake_prefix_path')
[0.510s] [34mcolcon.colcon_core.shell[0m [1;30mINFO[0m Creating environment hook '/home/dliujm/um_files/rob_498_av/AutoVehicle25/audi_ws/install/open_loop/share/open_loop/hook/cmake_prefix_path.ps1'
[0.510s] [34mcolcon.colcon_core.shell[0m [1;30mINFO[0m Creating environment descriptor '/home/dliujm/um_files/rob_498_av/AutoVehicle25/audi_ws/install/open_loop/share/open_loop/hook/cmake_prefix_path.dsv'
[0.510s] [34mcolcon.colcon_core.shell[0m [1;30mINFO[0m Creating environment hook '/home/dliujm/um_files/rob_498_av/AutoVehicle25/audi_ws/install/open_loop/share/open_loop/hook/cmake_prefix_path.sh'
[0.511s] [34mcolcon.colcon_core.environment[0m [1;30mLevel 1[0m checking '/home/dliujm/um_files/rob_498_av/AutoVehicle25/audi_ws/install/open_loop/lib'
[0.511s] [34mcolcon.colcon_core.environment[0m [1;30mLevel 1[0m checking '/home/dliujm/um_files/rob_498_av/AutoVehicle25/audi_ws/install/open_loop/bin'
[0.511s] [34mcolcon.colcon_core.environment[0m [1;30mLevel 1[0m checking '/home/dliujm/um_files/rob_498_av/AutoVehicle25/audi_ws/install/open_loop/lib/pkgconfig/open_loop.pc'
[0.511s] [34mcolcon.colcon_core.environment[0m [1;30mLevel 1[0m checking '/home/dliujm/um_files/rob_498_av/AutoVehicle25/audi_ws/install/open_loop/lib/python3.10/site-packages'
[0.511s] [34mcolcon.colcon_core.environment[0m [1;30mLevel 1[0m checking '/home/dliujm/um_files/rob_498_av/AutoVehicle25/audi_ws/install/open_loop/bin'
[0.511s] [34mcolcon.colcon_core.shell[0m [1;30mINFO[0m Creating package script '/home/dliujm/um_files/rob_498_av/AutoVehicle25/audi_ws/install/open_loop/share/open_loop/package.ps1'
[0.512s] [34mcolcon.colcon_core.shell[0m [1;30mINFO[0m Creating package descriptor '/home/dliujm/um_files/rob_498_av/AutoVehicle25/audi_ws/install/open_loop/share/open_loop/package.dsv'
[0.512s] [34mcolcon.colcon_core.shell[0m [1;30mINFO[0m Creating package script '/home/dliujm/um_files/rob_498_av/AutoVehicle25/audi_ws/install/open_loop/share/open_loop/package.sh'
[0.512s] [34mcolcon.colcon_core.shell[0m [1;30mINFO[0m Creating package script '/home/dliujm/um_files/rob_498_av/AutoVehicle25/audi_ws/install/open_loop/share/open_loop/package.bash'
[0.513s] [34mcolcon.colcon_core.shell[0m [1;30mINFO[0m Creating package script '/home/dliujm/um_files/rob_498_av/AutoVehicle25/audi_ws/install/open_loop/share/open_loop/package.zsh'
[0.513s] [34mcolcon.colcon_core.environment[0m [1;30mLevel 1[0m create_file_with_runtime_dependencies(/home/dliujm/um_files/rob_498_av/AutoVehicle25/audi_ws/install/open_loop/share/colcon-core/packages/open_loop)
[0.513s] [34mcolcon.colcon_core.environment[0m [1;30mLevel 1[0m create_environment_scripts_only(robot_sim_bringup)
[0.513s] [34mcolcon.colcon_core.environment[0m [1;30mLevel 1[0m checking '/home/dliujm/um_files/rob_498_av/AutoVehicle25/audi_ws/install/robot_sim_bringup' for CMake module files
[0.514s] [34mcolcon.colcon_core.event_handler.log_command[0m [1;30mDEBUG[0m [32mInvoked command in '/home/dliujm/um_files/rob_498_av/AutoVehicle25/audi_ws/build/robot_sim_bringup' returned '0': CMAKE_PREFIX_PATH=${CMAKE_PREFIX_PATH}:/home/dliujm/ros2_ws/install/voice_command:/home/dliujm/ros2_ws/install/semantic_mapping:/home/dliujm/ros2_ws/install/semantic_labeling_demo:/home/dliujm/ros2_ws/install/racing_controller:/home/dliujm/ros2_ws/install/odom_tf_broadcaster_pkg:/home/dliujm/ros2_ws/install/lucy_hardware:/home/dliujm/ros2_ws/install/image_saver:/home/dliujm/ros2_ws/src/install/semantic_mapping:/home/dliujm/ros2_ws/src/install/semantic_labeling_demo:/home/dliujm/ros2_ws/src/install/odom_tf_broadcaster_pkg:/home/dliujm/ros2_ws/src/install/lucy_hardware:/home/dliujm/ros2_ws/src/install/image_saver:/opt/ros/humble /usr/bin/cmake --install /home/dliujm/um_files/rob_498_av/AutoVehicle25/audi_ws/build/robot_sim_bringup[0m
[0.514s] [34mcolcon.colcon_core.environment[0m [1;30mLevel 1[0m checking '/home/dliujm/um_files/rob_498_av/AutoVehicle25/audi_ws/install/robot_sim_bringup' for CMake config files
[0.514s] [34mcolcon.colcon_core.shell[0m [1;30mLevel 1[0m create_environment_hook('robot_sim_bringup', 'cmake_prefix_path')
[0.514s] [34mcolcon.colcon_core.shell[0m [1;30mINFO[0m Creating environment hook '/home/dliujm/um_files/rob_498_av/AutoVehicle25/audi_ws/install/robot_sim_bringup/share/robot_sim_bringup/hook/cmake_prefix_path.ps1'
[0.515s] [34mcolcon.colcon_core.shell[0m [1;30mINFO[0m Creating environment descriptor '/home/dliujm/um_files/rob_498_av/AutoVehicle25/audi_ws/install/robot_sim_bringup/share/robot_sim_bringup/hook/cmake_prefix_path.dsv'
[0.515s] [34mcolcon.colcon_core.shell[0m [1;30mINFO[0m Creating environment hook '/home/dliujm/um_files/rob_498_av/AutoVehicle25/audi_ws/install/robot_sim_bringup/share/robot_sim_bringup/hook/cmake_prefix_path.sh'
[0.515s] [34mcolcon.colcon_core.environment[0m [1;30mLevel 1[0m checking '/home/dliujm/um_files/rob_498_av/AutoVehicle25/audi_ws/install/robot_sim_bringup/bin'
[0.515s] [34mcolcon.colcon_core.environment[0m [1;30mLevel 1[0m checking '/home/dliujm/um_files/rob_498_av/AutoVehicle25/audi_ws/install/robot_sim_bringup/lib/pkgconfig/robot_sim_bringup.pc'
[0.516s] [34mcolcon.colcon_core.environment[0m [1;30mLevel 1[0m checking '/home/dliujm/um_files/rob_498_av/AutoVehicle25/audi_ws/install/robot_sim_bringup/lib/python3.10/site-packages'
[0.516s] [34mcolcon.colcon_core.environment[0m [1;30mLevel 1[0m checking '/home/dliujm/um_files/rob_498_av/AutoVehicle25/audi_ws/install/robot_sim_bringup/bin'
[0.516s] [34mcolcon.colcon_core.shell[0m [1;30mINFO[0m Creating package script '/home/dliujm/um_files/rob_498_av/AutoVehicle25/audi_ws/install/robot_sim_bringup/share/robot_sim_bringup/package.ps1'
[0.516s] [34mcolcon.colcon_core.shell[0m [1;30mINFO[0m Creating package descriptor '/home/dliujm/um_files/rob_498_av/AutoVehicle25/audi_ws/install/robot_sim_bringup/share/robot_sim_bringup/package.dsv'
[0.516s] [34mcolcon.colcon_core.shell[0m [1;30mINFO[0m Creating package script '/home/dliujm/um_files/rob_498_av/AutoVehicle25/audi_ws/install/robot_sim_bringup/share/robot_sim_bringup/package.sh'
[0.517s] [34mcolcon.colcon_core.shell[0m [1;30mINFO[0m Creating package script '/home/dliujm/um_files/rob_498_av/AutoVehicle25/audi_ws/install/robot_sim_bringup/share/robot_sim_bringup/package.bash'
[0.517s] [34mcolcon.colcon_core.shell[0m [1;30mINFO[0m Creating package script '/home/dliujm/um_files/rob_498_av/AutoVehicle25/audi_ws/install/robot_sim_bringup/share/robot_sim_bringup/package.zsh'
[0.517s] [34mcolcon.colcon_core.environment[0m [1;30mLevel 1[0m create_file_with_runtime_dependencies(/home/dliujm/um_files/rob_498_av/AutoVehicle25/audi_ws/install/robot_sim_bringup/share/colcon-core/packages/robot_sim_bringup)
[0.518s] [34mcolcon.colcon_core.environment[0m [1;30mLevel 1[0m create_environment_scripts_only(robot_sim_bringup)
[0.518s] [34mcolcon.colcon_core.environment[0m [1;30mLevel 1[0m checking '/home/dliujm/um_files/rob_498_av/AutoVehicle25/audi_ws/install/robot_sim_bringup' for CMake module files
[0.518s] [34mcolcon.colcon_core.environment[0m [1;30mLevel 1[0m checking '/home/dliujm/um_files/rob_498_av/AutoVehicle25/audi_ws/install/robot_sim_bringup' for CMake config files
[0.518s] [34mcolcon.colcon_core.shell[0m [1;30mLevel 1[0m create_environment_hook('robot_sim_bringup', 'cmake_prefix_path')
[0.519s] [34mcolcon.colcon_core.shell[0m [1;30mINFO[0m Creating environment hook '/home/dliujm/um_files/rob_498_av/AutoVehicle25/audi_ws/install/robot_sim_bringup/share/robot_sim_bringup/hook/cmake_prefix_path.ps1'
[0.519s] [34mcolcon.colcon_core.shell[0m [1;30mINFO[0m Creating environment descriptor '/home/dliujm/um_files/rob_498_av/AutoVehicle25/audi_ws/install/robot_sim_bringup/share/robot_sim_bringup/hook/cmake_prefix_path.dsv'
[0.519s] [34mcolcon.colcon_core.shell[0m [1;30mINFO[0m Creating environment hook '/home/dliujm/um_files/rob_498_av/AutoVehicle25/audi_ws/install/robot_sim_bringup/share/robot_sim_bringup/hook/cmake_prefix_path.sh'
[0.520s] [34mcolcon.colcon_core.environment[0m [1;30mLevel 1[0m checking '/home/dliujm/um_files/rob_498_av/AutoVehicle25/audi_ws/install/robot_sim_bringup/bin'
[0.520s] [34mcolcon.colcon_core.environment[0m [1;30mLevel 1[0m checking '/home/dliujm/um_files/rob_498_av/AutoVehicle25/audi_ws/install/robot_sim_bringup/lib/pkgconfig/robot_sim_bringup.pc'
[0.520s] [34mcolcon.colcon_core.environment[0m [1;30mLevel 1[0m checking '/home/dliujm/um_files/rob_498_av/AutoVehicle25/audi_ws/install/robot_sim_bringup/lib/python3.10/site-packages'
[0.520s] [34mcolcon.colcon_core.environment[0m [1;30mLevel 1[0m checking '/home/dliujm/um_files/rob_498_av/AutoVehicle25/audi_ws/install/robot_sim_bringup/bin'
[0.520s] [34mcolcon.colcon_core.shell[0m [1;30mINFO[0m Creating package script '/home/dliujm/um_files/rob_498_av/AutoVehicle25/audi_ws/install/robot_sim_bringup/share/robot_sim_bringup/package.ps1'
[0.521s] [34mcolcon.colcon_core.shell[0m [1;30mINFO[0m Creating package descriptor '/home/dliujm/um_files/rob_498_av/AutoVehicle25/audi_ws/install/robot_sim_bringup/share/robot_sim_bringup/package.dsv'
[0.521s] [34mcolcon.colcon_core.shell[0m [1;30mINFO[0m Creating package script '/home/dliujm/um_files/rob_498_av/AutoVehicle25/audi_ws/install/robot_sim_bringup/share/robot_sim_bringup/package.sh'
[0.521s] [34mcolcon.colcon_core.shell[0m [1;30mINFO[0m Creating package script '/home/dliujm/um_files/rob_498_av/AutoVehicle25/audi_ws/install/robot_sim_bringup/share/robot_sim_bringup/package.bash'
[0.522s] [34mcolcon.colcon_core.shell[0m [1;30mINFO[0m Creating package script '/home/dliujm/um_files/rob_498_av/AutoVehicle25/audi_ws/install/robot_sim_bringup/share/robot_sim_bringup/package.zsh'
[0.522s] [34mcolcon.colcon_core.environment[0m [1;30mLevel 1[0m create_file_with_runtime_dependencies(/home/dliujm/um_files/rob_498_av/AutoVehicle25/audi_ws/install/robot_sim_bringup/share/colcon-core/packages/robot_sim_bringup)
[0.532s] [34mcolcon.colcon_parallel_executor.executor.parallel[0m [1;30mDEBUG[0m [32mclosing loop[0m
[0.533s] [34mcolcon.colcon_parallel_executor.executor.parallel[0m [1;30mDEBUG[0m [32mloop closed[0m
[0.533s] [34mcolcon.colcon_parallel_executor.executor.parallel[0m [1;30mDEBUG[0m [32mrun_until_complete finished with '2'[0m
[0.533s] [34mcolcon.colcon_core.event_reactor[0m [1;30mDEBUG[0m [32mjoining thread[0m
[0.540s] [34mcolcon.colcon_core.plugin_system[0m [1;30mINFO[0m Skipping extension 'colcon_notification.desktop_notification.terminal_notifier': Not used on non-Darwin systems
[0.540s] [34mcolcon.colcon_core.plugin_system[0m [1;30mINFO[0m Skipping extension 'colcon_notification.desktop_notification.win32': Not used on non-Windows systems
[0.540s] [34mcolcon.colcon_notification.desktop_notification[0m [1;30mINFO[0m Sending desktop notification using 'notify2'
[0.549s] [34mcolcon.colcon_core.event_reactor[0m [1;30mDEBUG[0m [32mjoined thread[0m
[0.549s] [34mcolcon.colcon_core.shell[0m [1;30mINFO[0m Creating prefix script '/home/dliujm/um_files/rob_498_av/AutoVehicle25/audi_ws/install/local_setup.ps1'
[0.550s] [34mcolcon.colcon_core.shell[0m [1;30mINFO[0m Creating prefix util module '/home/dliujm/um_files/rob_498_av/AutoVehicle25/audi_ws/install/_local_setup_util_ps1.py'
[0.551s] [34mcolcon.colcon_core.shell[0m [1;30mINFO[0m Creating prefix chain script '/home/dliujm/um_files/rob_498_av/AutoVehicle25/audi_ws/install/setup.ps1'
[0.553s] [34mcolcon.colcon_core.shell[0m [1;30mINFO[0m Creating prefix script '/home/dliujm/um_files/rob_498_av/AutoVehicle25/audi_ws/install/local_setup.sh'
[0.553s] [34mcolcon.colcon_core.shell[0m [1;30mINFO[0m Creating prefix util module '/home/dliujm/um_files/rob_498_av/AutoVehicle25/audi_ws/install/_local_setup_util_sh.py'
[0.554s] [34mcolcon.colcon_core.shell[0m [1;30mINFO[0m Creating prefix chain script '/home/dliujm/um_files/rob_498_av/AutoVehicle25/audi_ws/install/setup.sh'
[0.556s] [34mcolcon.colcon_core.shell[0m [1;30mINFO[0m Creating prefix script '/home/dliujm/um_files/rob_498_av/AutoVehicle25/audi_ws/install/local_setup.bash'
[0.556s] [34mcolcon.colcon_core.shell[0m [1;30mINFO[0m Creating prefix chain script '/home/dliujm/um_files/rob_498_av/AutoVehicle25/audi_ws/install/setup.bash'
[0.558s] [34mcolcon.colcon_core.shell[0m [1;30mINFO[0m Creating prefix script '/home/dliujm/um_files/rob_498_av/AutoVehicle25/audi_ws/install/local_setup.zsh'
[0.558s] [34mcolcon.colcon_core.shell[0m [1;30mINFO[0m Creating prefix chain script '/home/dliujm/um_files/rob_498_av/AutoVehicle25/audi_ws/install/setup.zsh'
