[0.006s] Invoking command in '/home/dliujm/um_files/rob_498_av/AVAudi/audi_ws/build/open_loop': CMAKE_PREFIX_PATH=${CMAKE_PREFIX_PATH}:/opt/ros/humble /usr/bin/cmake /home/dliujm/um_files/rob_498_av/AVAudi/audi_ws/src/open_loop -DCMAKE_INSTALL_PREFIX=/home/dliujm/um_files/rob_498_av/AVAudi/audi_ws/install/open_loop
[0.036s] -- The C compiler identification is GNU 11.4.0
[0.068s] -- The CXX compiler identification is GNU 11.4.0
[0.072s] -- Detecting C compiler ABI info
[0.111s] -- Detecting C compiler ABI info - done
[0.116s] -- Check for working C compiler: /usr/bin/cc - skipped
[0.116s] -- Detecting C compile features
[0.116s] -- Detecting C compile features - done
[0.118s] -- Detecting CXX compiler ABI info
[0.163s] -- Detecting CXX compiler ABI info - done
[0.167s] -- Check for working CXX compiler: /usr/bin/c++ - skipped
[0.167s] -- Detecting CXX compile features
[0.167s] -- Detecting CXX compile features - done
[0.169s] -- Found ament_cmake: 1.3.11 (/opt/ros/humble/share/ament_cmake/cmake)
[0.261s] -- Found Python3: /usr/bin/python3 (found version "3.10.12") found components: Interpreter 
[0.313s] -- Found rclpy: 3.3.15 (/opt/ros/humble/share/rclpy/cmake)
[0.352s] -- Configuring done
[0.353s] -- Generating done
[0.354s] -- Build files have been written to: /home/dliujm/um_files/rob_498_av/AVAudi/audi_ws/build/open_loop
[0.356s] Invoked command in '/home/dliujm/um_files/rob_498_av/AVAudi/audi_ws/build/open_loop' returned '0': CMAKE_PREFIX_PATH=${CMAKE_PREFIX_PATH}:/opt/ros/humble /usr/bin/cmake /home/dliujm/um_files/rob_498_av/AVAudi/audi_ws/src/open_loop -DCMAKE_INSTALL_PREFIX=/home/dliujm/um_files/rob_498_av/AVAudi/audi_ws/install/open_loop
[0.357s] Invoking command in '/home/dliujm/um_files/rob_498_av/AVAudi/audi_ws/build/open_loop': CMAKE_PREFIX_PATH=${CMAKE_PREFIX_PATH}:/opt/ros/humble /usr/bin/cmake --build /home/dliujm/um_files/rob_498_av/AVAudi/audi_ws/build/open_loop -- -j16 -l16
[0.378s] Invoked command in '/home/dliujm/um_files/rob_498_av/AVAudi/audi_ws/build/open_loop' returned '0': CMAKE_PREFIX_PATH=${CMAKE_PREFIX_PATH}:/opt/ros/humble /usr/bin/cmake --build /home/dliujm/um_files/rob_498_av/AVAudi/audi_ws/build/open_loop -- -j16 -l16
[0.384s] Invoking command in '/home/dliujm/um_files/rob_498_av/AVAudi/audi_ws/build/open_loop': CMAKE_PREFIX_PATH=${CMAKE_PREFIX_PATH}:/opt/ros/humble /usr/bin/cmake --install /home/dliujm/um_files/rob_498_av/AVAudi/audi_ws/build/open_loop
[0.388s] -- Install configuration: ""
[0.388s] -- Installing: /home/dliujm/um_files/rob_498_av/AVAudi/audi_ws/install/open_loop/lib/open_loop/controller.py
[0.388s] -- Installing: /home/dliujm/um_files/rob_498_av/AVAudi/audi_ws/install/open_loop/share/open_loop/launch
[0.388s] -- Installing: /home/dliujm/um_files/rob_498_av/AVAudi/audi_ws/install/open_loop/share/open_loop/launch/simulation_launch.py
[0.388s] -- Installing: /home/dliujm/um_files/rob_498_av/AVAudi/audi_ws/install/open_loop/share/open_loop/models
[0.388s] -- Installing: /home/dliujm/um_files/rob_498_av/AVAudi/audi_ws/install/open_loop/share/open_loop/models/hatchback
[0.388s] -- Installing: /home/dliujm/um_files/rob_498_av/AVAudi/audi_ws/install/open_loop/share/open_loop/models/hatchback/model.sdf
[0.388s] -- Installing: /home/dliujm/um_files/rob_498_av/AVAudi/audi_ws/install/open_loop/share/open_loop/models/hatchback/thumbnails
[0.388s] -- Installing: /home/dliujm/um_files/rob_498_av/AVAudi/audi_ws/install/open_loop/share/open_loop/models/hatchback/thumbnails/4.png
[0.389s] -- Installing: /home/dliujm/um_files/rob_498_av/AVAudi/audi_ws/install/open_loop/share/open_loop/models/hatchback/thumbnails/5.png
[0.389s] -- Installing: /home/dliujm/um_files/rob_498_av/AVAudi/audi_ws/install/open_loop/share/open_loop/models/hatchback/thumbnails/3.png
[0.389s] -- Installing: /home/dliujm/um_files/rob_498_av/AVAudi/audi_ws/install/open_loop/share/open_loop/models/hatchback/thumbnails/1.png
[0.389s] -- Installing: /home/dliujm/um_files/rob_498_av/AVAudi/audi_ws/install/open_loop/share/open_loop/models/hatchback/thumbnails/2.png
[0.389s] -- Installing: /home/dliujm/um_files/rob_498_av/AVAudi/audi_ws/install/open_loop/share/open_loop/models/hatchback/materials
[0.389s] -- Installing: /home/dliujm/um_files/rob_498_av/AVAudi/audi_ws/install/open_loop/share/open_loop/models/hatchback/materials/textures
[0.389s] -- Installing: /home/dliujm/um_files/rob_498_av/AVAudi/audi_ws/install/open_loop/share/open_loop/models/hatchback/materials/textures/wheels3.png
[0.389s] -- Installing: /home/dliujm/um_files/rob_498_av/AVAudi/audi_ws/install/open_loop/share/open_loop/models/hatchback/materials/textures/hatchback.png
[0.389s] -- Installing: /home/dliujm/um_files/rob_498_av/AVAudi/audi_ws/install/open_loop/share/open_loop/models/hatchback/meshes
[0.389s] -- Installing: /home/dliujm/um_files/rob_498_av/AVAudi/audi_ws/install/open_loop/share/open_loop/models/hatchback/meshes/hatchback.mtl
[0.389s] -- Installing: /home/dliujm/um_files/rob_498_av/AVAudi/audi_ws/install/open_loop/share/open_loop/models/hatchback/meshes/hatchback.obj
[0.389s] -- Installing: /home/dliujm/um_files/rob_498_av/AVAudi/audi_ws/install/open_loop/share/open_loop/models/hatchback/model.config
[0.390s] -- Installing: /home/dliujm/um_files/rob_498_av/AVAudi/audi_ws/install/open_loop/share/ament_index/resource_index/package_run_dependencies/open_loop
[0.390s] -- Installing: /home/dliujm/um_files/rob_498_av/AVAudi/audi_ws/install/open_loop/share/ament_index/resource_index/parent_prefix_path/open_loop
[0.390s] -- Installing: /home/dliujm/um_files/rob_498_av/AVAudi/audi_ws/install/open_loop/share/open_loop/environment/ament_prefix_path.sh
[0.390s] -- Installing: /home/dliujm/um_files/rob_498_av/AVAudi/audi_ws/install/open_loop/share/open_loop/environment/ament_prefix_path.dsv
[0.390s] -- Installing: /home/dliujm/um_files/rob_498_av/AVAudi/audi_ws/install/open_loop/share/open_loop/environment/path.sh
[0.390s] -- Installing: /home/dliujm/um_files/rob_498_av/AVAudi/audi_ws/install/open_loop/share/open_loop/environment/path.dsv
[0.390s] -- Installing: /home/dliujm/um_files/rob_498_av/AVAudi/audi_ws/install/open_loop/share/open_loop/local_setup.bash
[0.390s] -- Installing: /home/dliujm/um_files/rob_498_av/AVAudi/audi_ws/install/open_loop/share/open_loop/local_setup.sh
[0.390s] -- Installing: /home/dliujm/um_files/rob_498_av/AVAudi/audi_ws/install/open_loop/share/open_loop/local_setup.zsh
[0.390s] -- Installing: /home/dliujm/um_files/rob_498_av/AVAudi/audi_ws/install/open_loop/share/open_loop/local_setup.dsv
[0.390s] -- Installing: /home/dliujm/um_files/rob_498_av/AVAudi/audi_ws/install/open_loop/share/open_loop/package.dsv
[0.390s] -- Installing: /home/dliujm/um_files/rob_498_av/AVAudi/audi_ws/install/open_loop/share/ament_index/resource_index/packages/open_loop
[0.390s] -- Installing: /home/dliujm/um_files/rob_498_av/AVAudi/audi_ws/install/open_loop/share/open_loop/cmake/open_loopConfig.cmake
[0.390s] -- Installing: /home/dliujm/um_files/rob_498_av/AVAudi/audi_ws/install/open_loop/share/open_loop/cmake/open_loopConfig-version.cmake
[0.390s] -- Installing: /home/dliujm/um_files/rob_498_av/AVAudi/audi_ws/install/open_loop/share/open_loop/package.xml
[0.392s] Invoked command in '/home/dliujm/um_files/rob_498_av/AVAudi/audi_ws/build/open_loop' returned '0': CMAKE_PREFIX_PATH=${CMAKE_PREFIX_PATH}:/opt/ros/humble /usr/bin/cmake --install /home/dliujm/um_files/rob_498_av/AVAudi/audi_ws/build/open_loop
