[0.006s] Invoking command in '/home/dliujm/um_files/rob_498_av/AutoVehicle25/audi_ws/build/open_loop': CMAKE_PREFIX_PATH=${CMAKE_PREFIX_PATH}:/opt/ros/humble CONDA_PROMPT_MODIFIER=(AV) PS1=(AV) %(?, ,%{$fg[red]%}FAIL%{$reset_color%}
)
%{$fg[magenta]%}%n%{$reset_color%}@%{$fg[yellow]%}%m%{$reset_color%}: %{$fg_bold[blue]%}%~%{$reset_color%}$(git_prompt_info)
➜ /usr/bin/cmake /home/dliujm/um_files/rob_498_av/AutoVehicle25/audi_ws/src/open_loop -DCMAKE_INSTALL_PREFIX=/home/dliujm/um_files/rob_498_av/AutoVehicle25/audi_ws/install/open_loop
[0.035s] -- The C compiler identification is GNU 11.4.0
[0.067s] -- The CXX compiler identification is GNU 11.4.0
[0.071s] -- Detecting C compiler ABI info
[0.108s] -- Detecting C compiler ABI info - done
[0.112s] -- Check for working C compiler: /usr/bin/cc - skipped
[0.113s] -- Detecting C compile features
[0.113s] -- Detecting C compile features - done
[0.115s] -- Detecting CXX compiler ABI info
[0.159s] -- Detecting CXX compiler ABI info - done
[0.163s] -- Check for working CXX compiler: /usr/bin/c++ - skipped
[0.163s] -- Detecting CXX compile features
[0.164s] -- Detecting CXX compile features - done
[0.165s] -- Found ament_cmake: 1.3.11 (/opt/ros/humble/share/ament_cmake/cmake)
[0.461s] -- Found Python3: /home/dliujm/um_files/rob_498_av/anaconda3/envs/AV/bin/python3 (found version "3.10.16") found components: Interpreter 
[0.513s] -- Found rclpy: 3.3.15 (/opt/ros/humble/share/rclpy/cmake)
[0.561s] -- Configuring done
[0.562s] -- Generating done
[0.563s] -- Build files have been written to: /home/dliujm/um_files/rob_498_av/AutoVehicle25/audi_ws/build/open_loop
[0.566s] Invoked command in '/home/dliujm/um_files/rob_498_av/AutoVehicle25/audi_ws/build/open_loop' returned '0': CMAKE_PREFIX_PATH=${CMAKE_PREFIX_PATH}:/opt/ros/humble CONDA_PROMPT_MODIFIER=(AV) PS1=(AV) %(?, ,%{$fg[red]%}FAIL%{$reset_color%}
)
%{$fg[magenta]%}%n%{$reset_color%}@%{$fg[yellow]%}%m%{$reset_color%}: %{$fg_bold[blue]%}%~%{$reset_color%}$(git_prompt_info)
➜ /usr/bin/cmake /home/dliujm/um_files/rob_498_av/AutoVehicle25/audi_ws/src/open_loop -DCMAKE_INSTALL_PREFIX=/home/dliujm/um_files/rob_498_av/AutoVehicle25/audi_ws/install/open_loop
[0.567s] Invoking command in '/home/dliujm/um_files/rob_498_av/AutoVehicle25/audi_ws/build/open_loop': CMAKE_PREFIX_PATH=${CMAKE_PREFIX_PATH}:/opt/ros/humble CONDA_PROMPT_MODIFIER=(AV) PS1=(AV) %(?, ,%{$fg[red]%}FAIL%{$reset_color%}
)
%{$fg[magenta]%}%n%{$reset_color%}@%{$fg[yellow]%}%m%{$reset_color%}: %{$fg_bold[blue]%}%~%{$reset_color%}$(git_prompt_info)
➜ /usr/bin/cmake --build /home/dliujm/um_files/rob_498_av/AutoVehicle25/audi_ws/build/open_loop -- -j16 -l16
[0.586s] Invoked command in '/home/dliujm/um_files/rob_498_av/AutoVehicle25/audi_ws/build/open_loop' returned '0': CMAKE_PREFIX_PATH=${CMAKE_PREFIX_PATH}:/opt/ros/humble CONDA_PROMPT_MODIFIER=(AV) PS1=(AV) %(?, ,%{$fg[red]%}FAIL%{$reset_color%}
)
%{$fg[magenta]%}%n%{$reset_color%}@%{$fg[yellow]%}%m%{$reset_color%}: %{$fg_bold[blue]%}%~%{$reset_color%}$(git_prompt_info)
➜ /usr/bin/cmake --build /home/dliujm/um_files/rob_498_av/AutoVehicle25/audi_ws/build/open_loop -- -j16 -l16
[0.591s] Invoking command in '/home/dliujm/um_files/rob_498_av/AutoVehicle25/audi_ws/build/open_loop': CMAKE_PREFIX_PATH=${CMAKE_PREFIX_PATH}:/opt/ros/humble CONDA_PROMPT_MODIFIER=(AV) PS1=(AV) %(?, ,%{$fg[red]%}FAIL%{$reset_color%}
)
%{$fg[magenta]%}%n%{$reset_color%}@%{$fg[yellow]%}%m%{$reset_color%}: %{$fg_bold[blue]%}%~%{$reset_color%}$(git_prompt_info)
➜ /usr/bin/cmake --install /home/dliujm/um_files/rob_498_av/AutoVehicle25/audi_ws/build/open_loop
[0.595s] -- Install configuration: ""
[0.595s] -- Installing: /home/dliujm/um_files/rob_498_av/AutoVehicle25/audi_ws/install/open_loop/lib/open_loop/controller.py
[0.595s] -- Installing: /home/dliujm/um_files/rob_498_av/AutoVehicle25/audi_ws/install/open_loop/share/open_loop/launch
[0.595s] -- Installing: /home/dliujm/um_files/rob_498_av/AutoVehicle25/audi_ws/install/open_loop/share/open_loop/launch/simulation_launch.py
[0.595s] -- Installing: /home/dliujm/um_files/rob_498_av/AutoVehicle25/audi_ws/install/open_loop/share/open_loop/models
[0.595s] -- Installing: /home/dliujm/um_files/rob_498_av/AutoVehicle25/audi_ws/install/open_loop/share/open_loop/models/hatchback
[0.595s] -- Installing: /home/dliujm/um_files/rob_498_av/AutoVehicle25/audi_ws/install/open_loop/share/open_loop/models/hatchback/model.sdf
[0.595s] -- Installing: /home/dliujm/um_files/rob_498_av/AutoVehicle25/audi_ws/install/open_loop/share/open_loop/models/hatchback/thumbnails
[0.595s] -- Installing: /home/dliujm/um_files/rob_498_av/AutoVehicle25/audi_ws/install/open_loop/share/open_loop/models/hatchback/thumbnails/4.png
[0.595s] -- Installing: /home/dliujm/um_files/rob_498_av/AutoVehicle25/audi_ws/install/open_loop/share/open_loop/models/hatchback/thumbnails/5.png
[0.595s] -- Installing: /home/dliujm/um_files/rob_498_av/AutoVehicle25/audi_ws/install/open_loop/share/open_loop/models/hatchback/thumbnails/3.png
[0.595s] -- Installing: /home/dliujm/um_files/rob_498_av/AutoVehicle25/audi_ws/install/open_loop/share/open_loop/models/hatchback/thumbnails/1.png
[0.595s] -- Installing: /home/dliujm/um_files/rob_498_av/AutoVehicle25/audi_ws/install/open_loop/share/open_loop/models/hatchback/thumbnails/2.png
[0.595s] -- Installing: /home/dliujm/um_files/rob_498_av/AutoVehicle25/audi_ws/install/open_loop/share/open_loop/models/hatchback/materials
[0.595s] -- Installing: /home/dliujm/um_files/rob_498_av/AutoVehicle25/audi_ws/install/open_loop/share/open_loop/models/hatchback/materials/textures
[0.595s] -- Installing: /home/dliujm/um_files/rob_498_av/AutoVehicle25/audi_ws/install/open_loop/share/open_loop/models/hatchback/materials/textures/wheels3.png
[0.596s] -- Installing: /home/dliujm/um_files/rob_498_av/AutoVehicle25/audi_ws/install/open_loop/share/open_loop/models/hatchback/materials/textures/hatchback.png
[0.596s] -- Installing: /home/dliujm/um_files/rob_498_av/AutoVehicle25/audi_ws/install/open_loop/share/open_loop/models/hatchback/meshes
[0.596s] -- Installing: /home/dliujm/um_files/rob_498_av/AutoVehicle25/audi_ws/install/open_loop/share/open_loop/models/hatchback/meshes/hatchback.mtl
[0.596s] -- Installing: /home/dliujm/um_files/rob_498_av/AutoVehicle25/audi_ws/install/open_loop/share/open_loop/models/hatchback/meshes/hatchback.obj
[0.596s] -- Installing: /home/dliujm/um_files/rob_498_av/AutoVehicle25/audi_ws/install/open_loop/share/open_loop/models/hatchback/model.config
[0.596s] -- Installing: /home/dliujm/um_files/rob_498_av/AutoVehicle25/audi_ws/install/open_loop/share/ament_index/resource_index/package_run_dependencies/open_loop
[0.596s] -- Installing: /home/dliujm/um_files/rob_498_av/AutoVehicle25/audi_ws/install/open_loop/share/ament_index/resource_index/parent_prefix_path/open_loop
[0.596s] -- Installing: /home/dliujm/um_files/rob_498_av/AutoVehicle25/audi_ws/install/open_loop/share/open_loop/environment/ament_prefix_path.sh
[0.596s] -- Installing: /home/dliujm/um_files/rob_498_av/AutoVehicle25/audi_ws/install/open_loop/share/open_loop/environment/ament_prefix_path.dsv
[0.596s] -- Installing: /home/dliujm/um_files/rob_498_av/AutoVehicle25/audi_ws/install/open_loop/share/open_loop/environment/path.sh
[0.596s] -- Installing: /home/dliujm/um_files/rob_498_av/AutoVehicle25/audi_ws/install/open_loop/share/open_loop/environment/path.dsv
[0.596s] -- Installing: /home/dliujm/um_files/rob_498_av/AutoVehicle25/audi_ws/install/open_loop/share/open_loop/local_setup.bash
[0.597s] -- Installing: /home/dliujm/um_files/rob_498_av/AutoVehicle25/audi_ws/install/open_loop/share/open_loop/local_setup.sh
[0.597s] -- Installing: /home/dliujm/um_files/rob_498_av/AutoVehicle25/audi_ws/install/open_loop/share/open_loop/local_setup.zsh
[0.597s] -- Installing: /home/dliujm/um_files/rob_498_av/AutoVehicle25/audi_ws/install/open_loop/share/open_loop/local_setup.dsv
[0.597s] -- Installing: /home/dliujm/um_files/rob_498_av/AutoVehicle25/audi_ws/install/open_loop/share/open_loop/package.dsv
[0.597s] -- Installing: /home/dliujm/um_files/rob_498_av/AutoVehicle25/audi_ws/install/open_loop/share/ament_index/resource_index/packages/open_loop
[0.597s] -- Installing: /home/dliujm/um_files/rob_498_av/AutoVehicle25/audi_ws/install/open_loop/share/open_loop/cmake/open_loopConfig.cmake
[0.597s] -- Installing: /home/dliujm/um_files/rob_498_av/AutoVehicle25/audi_ws/install/open_loop/share/open_loop/cmake/open_loopConfig-version.cmake
[0.597s] -- Installing: /home/dliujm/um_files/rob_498_av/AutoVehicle25/audi_ws/install/open_loop/share/open_loop/package.xml
[0.598s] Invoked command in '/home/dliujm/um_files/rob_498_av/AutoVehicle25/audi_ws/build/open_loop' returned '0': CMAKE_PREFIX_PATH=${CMAKE_PREFIX_PATH}:/opt/ros/humble CONDA_PROMPT_MODIFIER=(AV) PS1=(AV) %(?, ,%{$fg[red]%}FAIL%{$reset_color%}
)
%{$fg[magenta]%}%n%{$reset_color%}@%{$fg[yellow]%}%m%{$reset_color%}: %{$fg_bold[blue]%}%~%{$reset_color%}$(git_prompt_info)
➜ /usr/bin/cmake --install /home/dliujm/um_files/rob_498_av/AutoVehicle25/audi_ws/build/open_loop
