[0.775s] Invoking command in '/home/dliujm/um_files/rob_498_av/AutoVehicle25/audi_ws/src/vehicle_state_publisher': PYTHONPATH=/home/dliujm/um_files/rob_498_av/AutoVehicle25/audi_ws/build/vehicle_state_publisher/prefix_override:/usr/lib/python3/dist-packages/colcon_core/task/python/colcon_distutils_commands:/home/dliujm/um_files/rob_498_av/AutoVehicle25/audi_ws/install/vehicle_state_publisher/lib/python3.10/site-packages:${PYTHONPATH} /usr/bin/python3 -W ignore:setup.py install is deprecated -W ignore:easy_install command is deprecated setup.py egg_info --egg-base ../../build/vehicle_state_publisher build --build-base /home/dliujm/um_files/rob_498_av/AutoVehicle25/audi_ws/build/vehicle_state_publisher/build install --record /home/dliujm/um_files/rob_498_av/AutoVehicle25/audi_ws/build/vehicle_state_publisher/install.log --single-version-externally-managed install_data
[1.024s] running egg_info
[1.024s] writing ../../build/vehicle_state_publisher/vehicle_state_publisher.egg-info/PKG-INFO
[1.024s] writing dependency_links to ../../build/vehicle_state_publisher/vehicle_state_publisher.egg-info/dependency_links.txt
[1.024s] writing entry points to ../../build/vehicle_state_publisher/vehicle_state_publisher.egg-info/entry_points.txt
[1.025s] writing requirements to ../../build/vehicle_state_publisher/vehicle_state_publisher.egg-info/requires.txt
[1.025s] writing top-level names to ../../build/vehicle_state_publisher/vehicle_state_publisher.egg-info/top_level.txt
[1.026s] reading manifest file '../../build/vehicle_state_publisher/vehicle_state_publisher.egg-info/SOURCES.txt'
[1.027s] writing manifest file '../../build/vehicle_state_publisher/vehicle_state_publisher.egg-info/SOURCES.txt'
[1.027s] running build
[1.027s] running build_py
[1.027s] copying vehicle_state_publisher/publish_states.py -> /home/dliujm/um_files/rob_498_av/AutoVehicle25/audi_ws/build/vehicle_state_publisher/build/lib/vehicle_state_publisher
[1.027s] running install
[1.027s] running install_lib
[1.028s] copying /home/dliujm/um_files/rob_498_av/AutoVehicle25/audi_ws/build/vehicle_state_publisher/build/lib/vehicle_state_publisher/publish_states.py -> /home/dliujm/um_files/rob_498_av/AutoVehicle25/audi_ws/install/vehicle_state_publisher/lib/python3.10/site-packages/vehicle_state_publisher
[1.029s] byte-compiling /home/dliujm/um_files/rob_498_av/AutoVehicle25/audi_ws/install/vehicle_state_publisher/lib/python3.10/site-packages/vehicle_state_publisher/publish_states.py to publish_states.cpython-310.pyc
[1.030s] running install_data
[1.030s] running install_egg_info
[1.032s] removing '/home/dliujm/um_files/rob_498_av/AutoVehicle25/audi_ws/install/vehicle_state_publisher/lib/python3.10/site-packages/vehicle_state_publisher-0.0.0-py3.10.egg-info' (and everything under it)
[1.032s] Copying ../../build/vehicle_state_publisher/vehicle_state_publisher.egg-info to /home/dliujm/um_files/rob_498_av/AutoVehicle25/audi_ws/install/vehicle_state_publisher/lib/python3.10/site-packages/vehicle_state_publisher-0.0.0-py3.10.egg-info
[1.033s] running install_scripts
[1.051s] Installing publish_states script to /home/dliujm/um_files/rob_498_av/AutoVehicle25/audi_ws/install/vehicle_state_publisher/lib/vehicle_state_publisher
[1.051s] writing list of installed files to '/home/dliujm/um_files/rob_498_av/AutoVehicle25/audi_ws/build/vehicle_state_publisher/install.log'
[1.076s] Invoked command in '/home/dliujm/um_files/rob_498_av/AutoVehicle25/audi_ws/src/vehicle_state_publisher' returned '0': PYTHONPATH=/home/dliujm/um_files/rob_498_av/AutoVehicle25/audi_ws/build/vehicle_state_publisher/prefix_override:/usr/lib/python3/dist-packages/colcon_core/task/python/colcon_distutils_commands:/home/dliujm/um_files/rob_498_av/AutoVehicle25/audi_ws/install/vehicle_state_publisher/lib/python3.10/site-packages:${PYTHONPATH} /usr/bin/python3 -W ignore:setup.py install is deprecated -W ignore:easy_install command is deprecated setup.py egg_info --egg-base ../../build/vehicle_state_publisher build --build-base /home/dliujm/um_files/rob_498_av/AutoVehicle25/audi_ws/build/vehicle_state_publisher/build install --record /home/dliujm/um_files/rob_498_av/AutoVehicle25/audi_ws/build/vehicle_state_publisher/install.log --single-version-externally-managed install_data
