[0.006s] Invoking command in '/home/fishros/AVAudi/audi_ws/build/open_loop': CMAKE_PREFIX_PATH=${CMAKE_PREFIX_PATH}:/opt/ros/humble /usr/bin/cmake --build /home/fishros/AVAudi/audi_ws/build/open_loop -- -j16 -l16
[0.027s] Invoked command in '/home/fishros/AVAudi/audi_ws/build/open_loop' returned '0': CMAKE_PREFIX_PATH=${CMAKE_PREFIX_PATH}:/opt/ros/humble /usr/bin/cmake --build /home/fishros/AVAudi/audi_ws/build/open_loop -- -j16 -l16
[0.032s] Invoking command in '/home/fishros/AVAudi/audi_ws/build/open_loop': CMAKE_PREFIX_PATH=${CMAKE_PREFIX_PATH}:/opt/ros/humble /usr/bin/cmake --install /home/fishros/AVAudi/audi_ws/build/open_loop
[0.036s] -- Install configuration: ""
[0.036s] -- Up-to-date: /home/fishros/AVAudi/audi_ws/install/open_loop/lib/open_loop/controller.py
[0.036s] -- Up-to-date: /home/fishros/AVAudi/audi_ws/install/open_loop/share/open_loop/launch
[0.036s] -- Up-to-date: /home/fishros/AVAudi/audi_ws/install/open_loop/share/open_loop/launch/simulation_launch.py
[0.036s] -- Up-to-date: /home/fishros/AVAudi/audi_ws/install/open_loop/share/open_loop/models
[0.036s] -- Up-to-date: /home/fishros/AVAudi/audi_ws/install/open_loop/share/open_loop/models/hatchback
[0.036s] -- Installing: /home/fishros/AVAudi/audi_ws/install/open_loop/share/open_loop/models/hatchback/model.sdf
[0.037s] -- Up-to-date: /home/fishros/AVAudi/audi_ws/install/open_loop/share/open_loop/models/hatchback/thumbnails
[0.037s] -- Up-to-date: /home/fishros/AVAudi/audi_ws/install/open_loop/share/open_loop/models/hatchback/thumbnails/4.png
[0.037s] -- Up-to-date: /home/fishros/AVAudi/audi_ws/install/open_loop/share/open_loop/models/hatchback/thumbnails/5.png
[0.037s] -- Up-to-date: /home/fishros/AVAudi/audi_ws/install/open_loop/share/open_loop/models/hatchback/thumbnails/3.png
[0.037s] -- Up-to-date: /home/fishros/AVAudi/audi_ws/install/open_loop/share/open_loop/models/hatchback/thumbnails/1.png
[0.037s] -- Up-to-date: /home/fishros/AVAudi/audi_ws/install/open_loop/share/open_loop/models/hatchback/thumbnails/2.png
[0.037s] -- Up-to-date: /home/fishros/AVAudi/audi_ws/install/open_loop/share/open_loop/models/hatchback/materials
[0.037s] -- Up-to-date: /home/fishros/AVAudi/audi_ws/install/open_loop/share/open_loop/models/hatchback/materials/textures
[0.037s] -- Up-to-date: /home/fishros/AVAudi/audi_ws/install/open_loop/share/open_loop/models/hatchback/materials/textures/wheels3.png
[0.037s] -- Up-to-date: /home/fishros/AVAudi/audi_ws/install/open_loop/share/open_loop/models/hatchback/materials/textures/hatchback.png
[0.037s] -- Up-to-date: /home/fishros/AVAudi/audi_ws/install/open_loop/share/open_loop/models/hatchback/meshes
[0.037s] -- Up-to-date: /home/fishros/AVAudi/audi_ws/install/open_loop/share/open_loop/models/hatchback/meshes/hatchback.mtl
[0.037s] -- Up-to-date: /home/fishros/AVAudi/audi_ws/install/open_loop/share/open_loop/models/hatchback/meshes/hatchback.obj
[0.037s] -- Up-to-date: /home/fishros/AVAudi/audi_ws/install/open_loop/share/open_loop/models/hatchback/model.config
[0.037s] -- Up-to-date: /home/fishros/AVAudi/audi_ws/install/open_loop/share/ament_index/resource_index/package_run_dependencies/open_loop
[0.037s] -- Up-to-date: /home/fishros/AVAudi/audi_ws/install/open_loop/share/ament_index/resource_index/parent_prefix_path/open_loop
[0.037s] -- Up-to-date: /home/fishros/AVAudi/audi_ws/install/open_loop/share/open_loop/environment/ament_prefix_path.sh
[0.037s] -- Up-to-date: /home/fishros/AVAudi/audi_ws/install/open_loop/share/open_loop/environment/ament_prefix_path.dsv
[0.037s] -- Up-to-date: /home/fishros/AVAudi/audi_ws/install/open_loop/share/open_loop/environment/path.sh
[0.037s] -- Up-to-date: /home/fishros/AVAudi/audi_ws/install/open_loop/share/open_loop/environment/path.dsv
[0.037s] -- Up-to-date: /home/fishros/AVAudi/audi_ws/install/open_loop/share/open_loop/local_setup.bash
[0.037s] -- Up-to-date: /home/fishros/AVAudi/audi_ws/install/open_loop/share/open_loop/local_setup.sh
[0.037s] -- Up-to-date: /home/fishros/AVAudi/audi_ws/install/open_loop/share/open_loop/local_setup.zsh
[0.037s] -- Up-to-date: /home/fishros/AVAudi/audi_ws/install/open_loop/share/open_loop/local_setup.dsv
[0.038s] -- Installing: /home/fishros/AVAudi/audi_ws/install/open_loop/share/open_loop/package.dsv
[0.038s] -- Up-to-date: /home/fishros/AVAudi/audi_ws/install/open_loop/share/ament_index/resource_index/packages/open_loop
[0.038s] -- Up-to-date: /home/fishros/AVAudi/audi_ws/install/open_loop/share/open_loop/cmake/open_loopConfig.cmake
[0.038s] -- Up-to-date: /home/fishros/AVAudi/audi_ws/install/open_loop/share/open_loop/cmake/open_loopConfig-version.cmake
[0.038s] -- Up-to-date: /home/fishros/AVAudi/audi_ws/install/open_loop/share/open_loop/package.xml
[0.038s] Invoked command in '/home/fishros/AVAudi/audi_ws/build/open_loop' returned '0': CMAKE_PREFIX_PATH=${CMAKE_PREFIX_PATH}:/opt/ros/humble /usr/bin/cmake --install /home/fishros/AVAudi/audi_ws/build/open_loop
