-- Install configuration: ""
-- Up-to-date: /home/dliujm/um_files/rob_498_av/AutoVehicle25/audi_ws/src/install/robot_desc/share/robot_desc/models
-- Up-to-date: /home/dliujm/um_files/rob_498_av/AutoVehicle25/audi_ws/src/install/robot_desc/share/robot_desc/models/lucy
-- Up-to-date: /home/dliujm/um_files/rob_498_av/AutoVehicle25/audi_ws/src/install/robot_desc/share/robot_desc/models/lucy/lucy.sdf
-- Up-to-date: /home/dliujm/um_files/rob_498_av/AutoVehicle25/audi_ws/src/install/robot_desc/share/robot_desc/models/lucy/model.config
-- Up-to-date: /home/dliujm/um_files/rob_498_av/AutoVehicle25/audi_ws/src/install/robot_desc/share/robot_desc/models/sonoma_raceway
-- Up-to-date: /home/dliujm/um_files/rob_498_av/AutoVehicle25/audi_ws/src/install/robot_desc/share/robot_desc/models/sonoma_raceway/meshes
-- Up-to-date: /home/dliujm/um_files/rob_498_av/AutoVehicle25/audi_ws/src/install/robot_desc/share/robot_desc/models/sonoma_raceway/meshes/Raceway.obj
-- Up-to-date: /home/dliujm/um_files/rob_498_av/AutoVehicle25/audi_ws/src/install/robot_desc/share/robot_desc/models/sonoma_raceway/meshes/Raceway.mtl
-- Up-to-date: /home/dliujm/um_files/rob_498_av/AutoVehicle25/audi_ws/src/install/robot_desc/share/robot_desc/models/sonoma_raceway/materials
-- Up-to-date: /home/dliujm/um_files/rob_498_av/AutoVehicle25/audi_ws/src/install/robot_desc/share/robot_desc/models/sonoma_raceway/materials/textures
-- Up-to-date: /home/dliujm/um_files/rob_498_av/AutoVehicle25/audi_ws/src/install/robot_desc/share/robot_desc/models/sonoma_raceway/materials/textures/Wall.png
-- Up-to-date: /home/dliujm/um_files/rob_498_av/AutoVehicle25/audi_ws/src/install/robot_desc/share/robot_desc/models/sonoma_raceway/materials/textures/Fence_Opacity.png
-- Up-to-date: /home/dliujm/um_files/rob_498_av/AutoVehicle25/audi_ws/src/install/robot_desc/share/robot_desc/models/sonoma_raceway/materials/textures/Railing.png
-- Up-to-date: /home/dliujm/um_files/rob_498_av/AutoVehicle25/audi_ws/src/install/robot_desc/share/robot_desc/models/sonoma_raceway/materials/textures/Bridge.png
-- Up-to-date: /home/dliujm/um_files/rob_498_av/AutoVehicle25/audi_ws/src/install/robot_desc/share/robot_desc/models/sonoma_raceway/materials/textures/Grass.png
-- Up-to-date: /home/dliujm/um_files/rob_498_av/AutoVehicle25/audi_ws/src/install/robot_desc/share/robot_desc/models/sonoma_raceway/materials/textures/Checker.png
-- Up-to-date: /home/dliujm/um_files/rob_498_av/AutoVehicle25/audi_ws/src/install/robot_desc/share/robot_desc/models/sonoma_raceway/materials/textures/Stands.png
-- Up-to-date: /home/dliujm/um_files/rob_498_av/AutoVehicle25/audi_ws/src/install/robot_desc/share/robot_desc/models/sonoma_raceway/materials/textures/Fence.png
-- Up-to-date: /home/dliujm/um_files/rob_498_av/AutoVehicle25/audi_ws/src/install/robot_desc/share/robot_desc/models/sonoma_raceway/materials/textures/Concrete.png
-- Up-to-date: /home/dliujm/um_files/rob_498_av/AutoVehicle25/audi_ws/src/install/robot_desc/share/robot_desc/models/sonoma_raceway/materials/textures/TireStack.png
-- Up-to-date: /home/dliujm/um_files/rob_498_av/AutoVehicle25/audi_ws/src/install/robot_desc/share/robot_desc/models/sonoma_raceway/materials/textures/RumbleStrip.png
-- Up-to-date: /home/dliujm/um_files/rob_498_av/AutoVehicle25/audi_ws/src/install/robot_desc/share/robot_desc/models/sonoma_raceway/materials/textures/Track.png
-- Up-to-date: /home/dliujm/um_files/rob_498_av/AutoVehicle25/audi_ws/src/install/robot_desc/share/robot_desc/models/sonoma_raceway/materials/textures/Window.png
-- Up-to-date: /home/dliujm/um_files/rob_498_av/AutoVehicle25/audi_ws/src/install/robot_desc/share/robot_desc/models/sonoma_raceway/materials/textures/Asphalt.png
-- Up-to-date: /home/dliujm/um_files/rob_498_av/AutoVehicle25/audi_ws/src/install/robot_desc/share/robot_desc/models/sonoma_raceway/materials/textures/RumbleStrip&Barrier.png
-- Up-to-date: /home/dliujm/um_files/rob_498_av/AutoVehicle25/audi_ws/src/install/robot_desc/share/robot_desc/models/sonoma_raceway/materials/textures/Roof.png
-- Up-to-date: /home/dliujm/um_files/rob_498_av/AutoVehicle25/audi_ws/src/install/robot_desc/share/robot_desc/models/sonoma_raceway/materials/textures/Trim.png
-- Up-to-date: /home/dliujm/um_files/rob_498_av/AutoVehicle25/audi_ws/src/install/robot_desc/share/robot_desc/models/sonoma_raceway/model.sdf
-- Up-to-date: /home/dliujm/um_files/rob_498_av/AutoVehicle25/audi_ws/src/install/robot_desc/share/robot_desc/models/sonoma_raceway/model.tar.gz
-- Up-to-date: /home/dliujm/um_files/rob_498_av/AutoVehicle25/audi_ws/src/install/robot_desc/share/robot_desc/models/sonoma_raceway/model.config
-- Up-to-date: /home/dliujm/um_files/rob_498_av/AutoVehicle25/audi_ws/src/install/robot_desc/share/ament_index/resource_index/package_run_dependencies/robot_desc
-- Up-to-date: /home/dliujm/um_files/rob_498_av/AutoVehicle25/audi_ws/src/install/robot_desc/share/ament_index/resource_index/parent_prefix_path/robot_desc
-- Up-to-date: /home/dliujm/um_files/rob_498_av/AutoVehicle25/audi_ws/src/install/robot_desc/share/robot_desc/environment/ament_prefix_path.sh
-- Up-to-date: /home/dliujm/um_files/rob_498_av/AutoVehicle25/audi_ws/src/install/robot_desc/share/robot_desc/environment/ament_prefix_path.dsv
-- Up-to-date: /home/dliujm/um_files/rob_498_av/AutoVehicle25/audi_ws/src/install/robot_desc/share/robot_desc/environment/path.sh
-- Up-to-date: /home/dliujm/um_files/rob_498_av/AutoVehicle25/audi_ws/src/install/robot_desc/share/robot_desc/environment/path.dsv
-- Up-to-date: /home/dliujm/um_files/rob_498_av/AutoVehicle25/audi_ws/src/install/robot_desc/share/robot_desc/local_setup.bash
-- Up-to-date: /home/dliujm/um_files/rob_498_av/AutoVehicle25/audi_ws/src/install/robot_desc/share/robot_desc/local_setup.sh
-- Up-to-date: /home/dliujm/um_files/rob_498_av/AutoVehicle25/audi_ws/src/install/robot_desc/share/robot_desc/local_setup.zsh
-- Up-to-date: /home/dliujm/um_files/rob_498_av/AutoVehicle25/audi_ws/src/install/robot_desc/share/robot_desc/local_setup.dsv
-- Up-to-date: /home/dliujm/um_files/rob_498_av/AutoVehicle25/audi_ws/src/install/robot_desc/share/robot_desc/package.dsv
-- Up-to-date: /home/dliujm/um_files/rob_498_av/AutoVehicle25/audi_ws/src/install/robot_desc/share/ament_index/resource_index/packages/robot_desc
-- Up-to-date: /home/dliujm/um_files/rob_498_av/AutoVehicle25/audi_ws/src/install/robot_desc/share/robot_desc/cmake/robot_descConfig.cmake
-- Up-to-date: /home/dliujm/um_files/rob_498_av/AutoVehicle25/audi_ws/src/install/robot_desc/share/robot_desc/cmake/robot_descConfig-version.cmake
-- Up-to-date: /home/dliujm/um_files/rob_498_av/AutoVehicle25/audi_ws/src/install/robot_desc/share/robot_desc/package.xml
