[0.032s] Invoking command in '/home/dliujm/um_files/rob_498_av/AutoVehicle25/audi_ws/build/autocar_description': CMAKE_PREFIX_PATH=${CMAKE_PREFIX_PATH}:/home/dliujm/ros2_ws/install/voice_command:/home/dliujm/ros2_ws/install/semantic_mapping:/home/dliujm/ros2_ws/install/semantic_labeling_demo:/home/dliujm/ros2_ws/install/racing_controller:/home/dliujm/ros2_ws/install/odom_tf_broadcaster_pkg:/home/dliujm/ros2_ws/install/lucy_hardware:/home/dliujm/ros2_ws/install/image_saver:/home/dliujm/ros2_ws/src/install/semantic_mapping:/home/dliujm/ros2_ws/src/install/semantic_labeling_demo:/home/dliujm/ros2_ws/src/install/odom_tf_broadcaster_pkg:/home/dliujm/ros2_ws/src/install/lucy_hardware:/home/dliujm/ros2_ws/src/install/image_saver:/opt/ros/humble /usr/bin/cmake /home/dliujm/um_files/rob_498_av/AutoVehicle25/audi_ws/src/AutoCarROS2/autocar_description -DCMAKE_INSTALL_PREFIX=/home/dliujm/um_files/rob_498_av/AutoVehicle25/audi_ws/install/autocar_description
[0.113s] -- The C compiler identification is GNU 10.5.0
[0.190s] -- The CXX compiler identification is GNU 10.5.0
[0.198s] -- Detecting C compiler ABI info
[0.286s] -- Detecting C compiler ABI info - done
[0.294s] -- Check for working C compiler: /usr/bin/cc - skipped
[0.294s] -- Detecting C compile features
[0.294s] -- Detecting C compile features - done
[0.297s] -- Detecting CXX compiler ABI info
[0.392s] -- Detecting CXX compiler ABI info - done
[0.398s] -- Check for working CXX compiler: /usr/bin/c++ - skipped
[0.398s] -- Detecting CXX compile features
[0.398s] -- Detecting CXX compile features - done
[0.404s] -- Found ament_cmake: 1.3.11 (/opt/ros/humble/share/ament_cmake/cmake)
[0.621s] -- Found Python3: /usr/bin/python3 (found version "3.10.12") found components: Interpreter 
[0.771s] -- Found ament_lint_auto: 0.12.11 (/opt/ros/humble/share/ament_lint_auto/cmake)
[0.889s] -- Added test 'copyright' to check source files copyright and LICENSE
[0.892s] -- Added test 'lint_cmake' to check CMake code style
[0.895s] -- Added test 'xmllint' to check XML markup files
[0.896s] -- Configuring done
[0.900s] -- Generating done
[0.902s] -- Build files have been written to: /home/dliujm/um_files/rob_498_av/AutoVehicle25/audi_ws/build/autocar_description
[0.909s] Invoked command in '/home/dliujm/um_files/rob_498_av/AutoVehicle25/audi_ws/build/autocar_description' returned '0': CMAKE_PREFIX_PATH=${CMAKE_PREFIX_PATH}:/home/dliujm/ros2_ws/install/voice_command:/home/dliujm/ros2_ws/install/semantic_mapping:/home/dliujm/ros2_ws/install/semantic_labeling_demo:/home/dliujm/ros2_ws/install/racing_controller:/home/dliujm/ros2_ws/install/odom_tf_broadcaster_pkg:/home/dliujm/ros2_ws/install/lucy_hardware:/home/dliujm/ros2_ws/install/image_saver:/home/dliujm/ros2_ws/src/install/semantic_mapping:/home/dliujm/ros2_ws/src/install/semantic_labeling_demo:/home/dliujm/ros2_ws/src/install/odom_tf_broadcaster_pkg:/home/dliujm/ros2_ws/src/install/lucy_hardware:/home/dliujm/ros2_ws/src/install/image_saver:/opt/ros/humble /usr/bin/cmake /home/dliujm/um_files/rob_498_av/AutoVehicle25/audi_ws/src/AutoCarROS2/autocar_description -DCMAKE_INSTALL_PREFIX=/home/dliujm/um_files/rob_498_av/AutoVehicle25/audi_ws/install/autocar_description
[0.910s] Invoking command in '/home/dliujm/um_files/rob_498_av/AutoVehicle25/audi_ws/build/autocar_description': CMAKE_PREFIX_PATH=${CMAKE_PREFIX_PATH}:/home/dliujm/ros2_ws/install/voice_command:/home/dliujm/ros2_ws/install/semantic_mapping:/home/dliujm/ros2_ws/install/semantic_labeling_demo:/home/dliujm/ros2_ws/install/racing_controller:/home/dliujm/ros2_ws/install/odom_tf_broadcaster_pkg:/home/dliujm/ros2_ws/install/lucy_hardware:/home/dliujm/ros2_ws/install/image_saver:/home/dliujm/ros2_ws/src/install/semantic_mapping:/home/dliujm/ros2_ws/src/install/semantic_labeling_demo:/home/dliujm/ros2_ws/src/install/odom_tf_broadcaster_pkg:/home/dliujm/ros2_ws/src/install/lucy_hardware:/home/dliujm/ros2_ws/src/install/image_saver:/opt/ros/humble /usr/bin/cmake --build /home/dliujm/um_files/rob_498_av/AutoVehicle25/audi_ws/build/autocar_description -- -j12 -l12
[0.972s] Invoked command in '/home/dliujm/um_files/rob_498_av/AutoVehicle25/audi_ws/build/autocar_description' returned '0': CMAKE_PREFIX_PATH=${CMAKE_PREFIX_PATH}:/home/dliujm/ros2_ws/install/voice_command:/home/dliujm/ros2_ws/install/semantic_mapping:/home/dliujm/ros2_ws/install/semantic_labeling_demo:/home/dliujm/ros2_ws/install/racing_controller:/home/dliujm/ros2_ws/install/odom_tf_broadcaster_pkg:/home/dliujm/ros2_ws/install/lucy_hardware:/home/dliujm/ros2_ws/install/image_saver:/home/dliujm/ros2_ws/src/install/semantic_mapping:/home/dliujm/ros2_ws/src/install/semantic_labeling_demo:/home/dliujm/ros2_ws/src/install/odom_tf_broadcaster_pkg:/home/dliujm/ros2_ws/src/install/lucy_hardware:/home/dliujm/ros2_ws/src/install/image_saver:/opt/ros/humble /usr/bin/cmake --build /home/dliujm/um_files/rob_498_av/AutoVehicle25/audi_ws/build/autocar_description -- -j12 -l12
[0.974s] Invoking command in '/home/dliujm/um_files/rob_498_av/AutoVehicle25/audi_ws/build/autocar_description': CMAKE_PREFIX_PATH=${CMAKE_PREFIX_PATH}:/home/dliujm/ros2_ws/install/voice_command:/home/dliujm/ros2_ws/install/semantic_mapping:/home/dliujm/ros2_ws/install/semantic_labeling_demo:/home/dliujm/ros2_ws/install/racing_controller:/home/dliujm/ros2_ws/install/odom_tf_broadcaster_pkg:/home/dliujm/ros2_ws/install/lucy_hardware:/home/dliujm/ros2_ws/install/image_saver:/home/dliujm/ros2_ws/src/install/semantic_mapping:/home/dliujm/ros2_ws/src/install/semantic_labeling_demo:/home/dliujm/ros2_ws/src/install/odom_tf_broadcaster_pkg:/home/dliujm/ros2_ws/src/install/lucy_hardware:/home/dliujm/ros2_ws/src/install/image_saver:/opt/ros/humble /usr/bin/cmake --install /home/dliujm/um_files/rob_498_av/AutoVehicle25/audi_ws/build/autocar_description
[0.982s] -- Install configuration: ""
[0.982s] -- Installing: /home/dliujm/um_files/rob_498_av/AutoVehicle25/audi_ws/install/autocar_description/share/autocar_description//meshes
[0.982s] -- Installing: /home/dliujm/um_files/rob_498_av/AutoVehicle25/audi_ws/install/autocar_description/share/autocar_description//meshes/hokuyo.dae
[0.982s] -- Installing: /home/dliujm/um_files/rob_498_av/AutoVehicle25/audi_ws/install/autocar_description/share/autocar_description//meshes/bl_1.stl
[0.983s] -- Installing: /home/dliujm/um_files/rob_498_av/AutoVehicle25/audi_ws/install/autocar_description/share/autocar_description//meshes/fr_1.stl
[0.983s] -- Installing: /home/dliujm/um_files/rob_498_av/AutoVehicle25/audi_ws/install/autocar_description/share/autocar_description//meshes/lds.dae
[0.984s] -- Installing: /home/dliujm/um_files/rob_498_av/AutoVehicle25/audi_ws/install/autocar_description/share/autocar_description//meshes/spoiler.stl
[0.985s] -- Installing: /home/dliujm/um_files/rob_498_av/AutoVehicle25/audi_ws/install/autocar_description/share/autocar_description//meshes/fl_1.stl
[0.985s] -- Installing: /home/dliujm/um_files/rob_498_av/AutoVehicle25/audi_ws/install/autocar_description/share/autocar_description//meshes/chassis_link.stl
[0.988s] -- Installing: /home/dliujm/um_files/rob_498_av/AutoVehicle25/audi_ws/install/autocar_description/share/autocar_description//meshes/br_1.stl
[0.988s] -- Installing: /home/dliujm/um_files/rob_498_av/AutoVehicle25/audi_ws/install/autocar_description/share/autocar_description//meshes/tire.dae
[0.988s] -- Installing: /home/dliujm/um_files/rob_498_av/AutoVehicle25/audi_ws/install/autocar_description/share/autocar_description//urdf
[0.989s] -- Installing: /home/dliujm/um_files/rob_498_av/AutoVehicle25/audi_ws/install/autocar_description/share/autocar_description//urdf/autocar.xacro
[0.989s] -- Installing: /home/dliujm/um_files/rob_498_av/AutoVehicle25/audi_ws/install/autocar_description/share/autocar_description//rviz
[0.989s] -- Installing: /home/dliujm/um_files/rob_498_av/AutoVehicle25/audi_ws/install/autocar_description/share/autocar_description//rviz/view.rviz
[0.989s] -- Installing: /home/dliujm/um_files/rob_498_av/AutoVehicle25/audi_ws/install/autocar_description/share/ament_index/resource_index/package_run_dependencies/autocar_description
[0.990s] -- Installing: /home/dliujm/um_files/rob_498_av/AutoVehicle25/audi_ws/install/autocar_description/share/ament_index/resource_index/parent_prefix_path/autocar_description
[0.990s] -- Installing: /home/dliujm/um_files/rob_498_av/AutoVehicle25/audi_ws/install/autocar_description/share/autocar_description/environment/ament_prefix_path.sh
[0.990s] -- Installing: /home/dliujm/um_files/rob_498_av/AutoVehicle25/audi_ws/install/autocar_description/share/autocar_description/environment/ament_prefix_path.dsv
[0.991s] -- Installing: /home/dliujm/um_files/rob_498_av/AutoVehicle25/audi_ws/install/autocar_description/share/autocar_description/environment/path.sh
[0.991s] -- Installing: /home/dliujm/um_files/rob_498_av/AutoVehicle25/audi_ws/install/autocar_description/share/autocar_description/environment/path.dsv
[0.991s] -- Installing: /home/dliujm/um_files/rob_498_av/AutoVehicle25/audi_ws/install/autocar_description/share/autocar_description/local_setup.bash
[0.991s] -- Installing: /home/dliujm/um_files/rob_498_av/AutoVehicle25/audi_ws/install/autocar_description/share/autocar_description/local_setup.sh
[0.991s] -- Installing: /home/dliujm/um_files/rob_498_av/AutoVehicle25/audi_ws/install/autocar_description/share/autocar_description/local_setup.zsh
[0.991s] -- Installing: /home/dliujm/um_files/rob_498_av/AutoVehicle25/audi_ws/install/autocar_description/share/autocar_description/local_setup.dsv
[0.992s] -- Installing: /home/dliujm/um_files/rob_498_av/AutoVehicle25/audi_ws/install/autocar_description/share/autocar_description/package.dsv
[0.992s] -- Installing: /home/dliujm/um_files/rob_498_av/AutoVehicle25/audi_ws/install/autocar_description/share/ament_index/resource_index/packages/autocar_description
[0.992s] -- Installing: /home/dliujm/um_files/rob_498_av/AutoVehicle25/audi_ws/install/autocar_description/share/autocar_description/cmake/autocar_descriptionConfig.cmake
[0.992s] -- Installing: /home/dliujm/um_files/rob_498_av/AutoVehicle25/audi_ws/install/autocar_description/share/autocar_description/cmake/autocar_descriptionConfig-version.cmake
[0.992s] -- Installing: /home/dliujm/um_files/rob_498_av/AutoVehicle25/audi_ws/install/autocar_description/share/autocar_description/package.xml
[0.995s] Invoked command in '/home/dliujm/um_files/rob_498_av/AutoVehicle25/audi_ws/build/autocar_description' returned '0': CMAKE_PREFIX_PATH=${CMAKE_PREFIX_PATH}:/home/dliujm/ros2_ws/install/voice_command:/home/dliujm/ros2_ws/install/semantic_mapping:/home/dliujm/ros2_ws/install/semantic_labeling_demo:/home/dliujm/ros2_ws/install/racing_controller:/home/dliujm/ros2_ws/install/odom_tf_broadcaster_pkg:/home/dliujm/ros2_ws/install/lucy_hardware:/home/dliujm/ros2_ws/install/image_saver:/home/dliujm/ros2_ws/src/install/semantic_mapping:/home/dliujm/ros2_ws/src/install/semantic_labeling_demo:/home/dliujm/ros2_ws/src/install/odom_tf_broadcaster_pkg:/home/dliujm/ros2_ws/src/install/lucy_hardware:/home/dliujm/ros2_ws/src/install/image_saver:/opt/ros/humble /usr/bin/cmake --install /home/dliujm/um_files/rob_498_av/AutoVehicle25/audi_ws/build/autocar_description
