[0.006s] Invoking command in '/home/dliujm/um_files/rob_498_av/AutoVehicle25/audi_ws/build/open_loop': CMAKE_PREFIX_PATH=/opt/ros/humble CONDA_PROMPT_MODIFIER=(AV) PS1=(AV) %(?, ,%{$fg[red]%}FAIL%{$reset_color%}
)
%{$fg[magenta]%}%n%{$reset_color%}@%{$fg[yellow]%}%m%{$reset_color%}: %{$fg_bold[blue]%}%~%{$reset_color%}$(git_prompt_info)
➜ /usr/bin/cmake /home/dliujm/um_files/rob_498_av/AutoVehicle25/audi_ws/src/open_loop -DCMAKE_INSTALL_PREFIX=/home/dliujm/um_files/rob_498_av/AutoVehicle25/audi_ws/install/open_loop
[0.013s] -- Found ament_cmake: 1.3.11 (/opt/ros/humble/share/ament_cmake/cmake)
[0.087s] -- Found rclpy: 3.3.15 (/opt/ros/humble/share/rclpy/cmake)
[0.099s] Traceback (most recent call last):
[0.099s]   File "/opt/ros/humble/share/ament_cmake_core/cmake/core/package_xml_2_cmake.py", line 22, in <module>
[0.099s]     from catkin_pkg.package import parse_package_string
[0.099s] ModuleNotFoundError: No module named 'catkin_pkg'
[0.101s] [31mCMake Error at /opt/ros/humble/share/ament_cmake_core/cmake/core/ament_package_xml.cmake:95 (message):
[0.101s]   execute_process(/home/dliujm/um_files/rob_498_av/anaconda3/envs/AV/bin/python3
[0.101s]   /opt/ros/humble/share/ament_cmake_core/cmake/core/package_xml_2_cmake.py
[0.101s]   /home/dliujm/um_files/rob_498_av/AutoVehicle25/audi_ws/src/open_loop/package.xml
[0.101s]   /home/dliujm/um_files/rob_498_av/AutoVehicle25/audi_ws/build/open_loop/ament_cmake_core/package.cmake)
[0.101s]   returned error code 1
[0.101s] Call Stack (most recent call first):
[0.101s]   /opt/ros/humble/share/ament_cmake_core/cmake/core/ament_package_xml.cmake:49 (_ament_package_xml)
[0.101s]   /opt/ros/humble/share/ament_cmake_core/cmake/core/ament_package.cmake:63 (ament_package_xml)
[0.101s]   CMakeLists.txt:26 (ament_package)
[0.101s] 
[0.102s] [0m
[0.102s] -- Configuring incomplete, errors occurred!
[0.102s] See also "/home/dliujm/um_files/rob_498_av/AutoVehicle25/audi_ws/build/open_loop/CMakeFiles/CMakeOutput.log".
[0.103s] Invoked command in '/home/dliujm/um_files/rob_498_av/AutoVehicle25/audi_ws/build/open_loop' returned '1': CMAKE_PREFIX_PATH=/opt/ros/humble CONDA_PROMPT_MODIFIER=(AV) PS1=(AV) %(?, ,%{$fg[red]%}FAIL%{$reset_color%}
)
%{$fg[magenta]%}%n%{$reset_color%}@%{$fg[yellow]%}%m%{$reset_color%}: %{$fg_bold[blue]%}%~%{$reset_color%}$(git_prompt_info)
➜ /usr/bin/cmake /home/dliujm/um_files/rob_498_av/AutoVehicle25/audi_ws/src/open_loop -DCMAKE_INSTALL_PREFIX=/home/dliujm/um_files/rob_498_av/AutoVehicle25/audi_ws/install/open_loop
