[0.015s] Invoking command in '/home/dliujm/um_files/rob_498_av/AutoVehicle25/audi_ws/build/autocar_nav': CMAKE_PREFIX_PATH=/home/dliujm/um_files/rob_498_av/AutoVehicle25/audi_ws/install/autocar_msgs:/home/dliujm/um_files/rob_498_av/AutoVehicle25/audi_ws/install/robot_sim_bringup:/home/dliujm/um_files/rob_498_av/AutoVehicle25/audi_ws/install/robot_desc:/home/dliujm/um_files/rob_498_av/AutoVehicle25/audi_ws/install/open_loop:/home/dliujm/um_files/rob_498_av/AutoVehicle25/audi_ws/install/launches:/home/dliujm/um_files/rob_498_av/AutoVehicle25/audi_ws/install/autocar_nav:/home/dliujm/um_files/rob_498_av/AutoVehicle25/audi_ws/install/autocar_map:/home/dliujm/um_files/rob_498_av/AutoVehicle25/audi_ws/install/autocar_gazebo:/home/dliujm/um_files/rob_498_av/AutoVehicle25/audi_ws/install/autocar_description:/home/dliujm/ros2_ws/install/sim_test:/home/dliujm/ros2_ws/install/robot_sim_bringup:/home/dliujm/ros2_ws/install/robot_desc:/home/dliujm/ros2_ws/install/pointcloud_to_laserscan:/home/dliujm/ros2_ws/install/custom_msg:/home/dliujm/ros2_ws/src/install/sim_test:/home/dliujm/ros2_ws/src/install/robot_sim_bringup:/home/dliujm/ros2_ws/src/install/robot_desc:/home/dliujm/um_files/rob_498_av/AutoVehicle25/audi_ws/install/racecar_controller:/home/dliujm/um_files/rob_498_av/AutoVehicle25/audi_ws/install/vehicle_state_publisher:/home/dliujm/ros2_ws/install/voice_command:/home/dliujm/ros2_ws/install/semantic_mapping:/home/dliujm/ros2_ws/install/semantic_labeling_demo:/home/dliujm/ros2_ws/install/racing_controller:/home/dliujm/ros2_ws/install/odom_tf_broadcaster_pkg:/home/dliujm/ros2_ws/install/lucy_hardware:/home/dliujm/ros2_ws/install/image_saver:/home/dliujm/ros2_ws/src/install/semantic_mapping:/home/dliujm/ros2_ws/src/install/semantic_labeling_demo:/home/dliujm/ros2_ws/src/install/odom_tf_broadcaster_pkg:/home/dliujm/ros2_ws/src/install/lucy_hardware:/home/dliujm/ros2_ws/src/install/image_saver:/opt/ros/humble /usr/bin/cmake --build /home/dliujm/um_files/rob_498_av/AutoVehicle25/audi_ws/build/autocar_nav -- -j12 -l12
[0.084s] Built target ament_cmake_python_copy_autocar_nav
[0.346s] running egg_info
[0.346s] writing autocar_nav.egg-info/PKG-INFO
[0.346s] writing dependency_links to autocar_nav.egg-info/dependency_links.txt
[0.347s] writing top-level names to autocar_nav.egg-info/top_level.txt
[0.349s] reading manifest file 'autocar_nav.egg-info/SOURCES.txt'
[0.349s] writing manifest file 'autocar_nav.egg-info/SOURCES.txt'
[0.378s] Built target ament_cmake_python_build_autocar_nav_egg
[0.390s] Invoked command in '/home/dliujm/um_files/rob_498_av/AutoVehicle25/audi_ws/build/autocar_nav' returned '0': CMAKE_PREFIX_PATH=/home/dliujm/um_files/rob_498_av/AutoVehicle25/audi_ws/install/autocar_msgs:/home/dliujm/um_files/rob_498_av/AutoVehicle25/audi_ws/install/robot_sim_bringup:/home/dliujm/um_files/rob_498_av/AutoVehicle25/audi_ws/install/robot_desc:/home/dliujm/um_files/rob_498_av/AutoVehicle25/audi_ws/install/open_loop:/home/dliujm/um_files/rob_498_av/AutoVehicle25/audi_ws/install/launches:/home/dliujm/um_files/rob_498_av/AutoVehicle25/audi_ws/install/autocar_nav:/home/dliujm/um_files/rob_498_av/AutoVehicle25/audi_ws/install/autocar_map:/home/dliujm/um_files/rob_498_av/AutoVehicle25/audi_ws/install/autocar_gazebo:/home/dliujm/um_files/rob_498_av/AutoVehicle25/audi_ws/install/autocar_description:/home/dliujm/ros2_ws/install/sim_test:/home/dliujm/ros2_ws/install/robot_sim_bringup:/home/dliujm/ros2_ws/install/robot_desc:/home/dliujm/ros2_ws/install/pointcloud_to_laserscan:/home/dliujm/ros2_ws/install/custom_msg:/home/dliujm/ros2_ws/src/install/sim_test:/home/dliujm/ros2_ws/src/install/robot_sim_bringup:/home/dliujm/ros2_ws/src/install/robot_desc:/home/dliujm/um_files/rob_498_av/AutoVehicle25/audi_ws/install/racecar_controller:/home/dliujm/um_files/rob_498_av/AutoVehicle25/audi_ws/install/vehicle_state_publisher:/home/dliujm/ros2_ws/install/voice_command:/home/dliujm/ros2_ws/install/semantic_mapping:/home/dliujm/ros2_ws/install/semantic_labeling_demo:/home/dliujm/ros2_ws/install/racing_controller:/home/dliujm/ros2_ws/install/odom_tf_broadcaster_pkg:/home/dliujm/ros2_ws/install/lucy_hardware:/home/dliujm/ros2_ws/install/image_saver:/home/dliujm/ros2_ws/src/install/semantic_mapping:/home/dliujm/ros2_ws/src/install/semantic_labeling_demo:/home/dliujm/ros2_ws/src/install/odom_tf_broadcaster_pkg:/home/dliujm/ros2_ws/src/install/lucy_hardware:/home/dliujm/ros2_ws/src/install/image_saver:/opt/ros/humble /usr/bin/cmake --build /home/dliujm/um_files/rob_498_av/AutoVehicle25/audi_ws/build/autocar_nav -- -j12 -l12
[0.392s] Invoking command in '/home/dliujm/um_files/rob_498_av/AutoVehicle25/audi_ws/build/autocar_nav': CMAKE_PREFIX_PATH=/home/dliujm/um_files/rob_498_av/AutoVehicle25/audi_ws/install/autocar_msgs:/home/dliujm/um_files/rob_498_av/AutoVehicle25/audi_ws/install/robot_sim_bringup:/home/dliujm/um_files/rob_498_av/AutoVehicle25/audi_ws/install/robot_desc:/home/dliujm/um_files/rob_498_av/AutoVehicle25/audi_ws/install/open_loop:/home/dliujm/um_files/rob_498_av/AutoVehicle25/audi_ws/install/launches:/home/dliujm/um_files/rob_498_av/AutoVehicle25/audi_ws/install/autocar_nav:/home/dliujm/um_files/rob_498_av/AutoVehicle25/audi_ws/install/autocar_map:/home/dliujm/um_files/rob_498_av/AutoVehicle25/audi_ws/install/autocar_gazebo:/home/dliujm/um_files/rob_498_av/AutoVehicle25/audi_ws/install/autocar_description:/home/dliujm/ros2_ws/install/sim_test:/home/dliujm/ros2_ws/install/robot_sim_bringup:/home/dliujm/ros2_ws/install/robot_desc:/home/dliujm/ros2_ws/install/pointcloud_to_laserscan:/home/dliujm/ros2_ws/install/custom_msg:/home/dliujm/ros2_ws/src/install/sim_test:/home/dliujm/ros2_ws/src/install/robot_sim_bringup:/home/dliujm/ros2_ws/src/install/robot_desc:/home/dliujm/um_files/rob_498_av/AutoVehicle25/audi_ws/install/racecar_controller:/home/dliujm/um_files/rob_498_av/AutoVehicle25/audi_ws/install/vehicle_state_publisher:/home/dliujm/ros2_ws/install/voice_command:/home/dliujm/ros2_ws/install/semantic_mapping:/home/dliujm/ros2_ws/install/semantic_labeling_demo:/home/dliujm/ros2_ws/install/racing_controller:/home/dliujm/ros2_ws/install/odom_tf_broadcaster_pkg:/home/dliujm/ros2_ws/install/lucy_hardware:/home/dliujm/ros2_ws/install/image_saver:/home/dliujm/ros2_ws/src/install/semantic_mapping:/home/dliujm/ros2_ws/src/install/semantic_labeling_demo:/home/dliujm/ros2_ws/src/install/odom_tf_broadcaster_pkg:/home/dliujm/ros2_ws/src/install/lucy_hardware:/home/dliujm/ros2_ws/src/install/image_saver:/opt/ros/humble /usr/bin/cmake --install /home/dliujm/um_files/rob_498_av/AutoVehicle25/audi_ws/build/autocar_nav
[0.400s] -- Install configuration: ""
[0.400s] -- Up-to-date: /home/dliujm/um_files/rob_498_av/AutoVehicle25/audi_ws/install/autocar_nav/share/autocar_nav/environment/pythonpath.sh
[0.401s] -- Up-to-date: /home/dliujm/um_files/rob_498_av/AutoVehicle25/audi_ws/install/autocar_nav/share/autocar_nav/environment/pythonpath.dsv
[0.401s] -- Up-to-date: /home/dliujm/um_files/rob_498_av/AutoVehicle25/audi_ws/install/autocar_nav/local/lib/python3.10/dist-packages/autocar_nav-0.0.0-py3.10.egg-info
[0.401s] -- Installing: /home/dliujm/um_files/rob_498_av/AutoVehicle25/audi_ws/install/autocar_nav/local/lib/python3.10/dist-packages/autocar_nav-0.0.0-py3.10.egg-info/top_level.txt
[0.401s] -- Installing: /home/dliujm/um_files/rob_498_av/AutoVehicle25/audi_ws/install/autocar_nav/local/lib/python3.10/dist-packages/autocar_nav-0.0.0-py3.10.egg-info/SOURCES.txt
[0.401s] -- Installing: /home/dliujm/um_files/rob_498_av/AutoVehicle25/audi_ws/install/autocar_nav/local/lib/python3.10/dist-packages/autocar_nav-0.0.0-py3.10.egg-info/dependency_links.txt
[0.401s] -- Installing: /home/dliujm/um_files/rob_498_av/AutoVehicle25/audi_ws/install/autocar_nav/local/lib/python3.10/dist-packages/autocar_nav-0.0.0-py3.10.egg-info/PKG-INFO
[0.401s] -- Up-to-date: /home/dliujm/um_files/rob_498_av/AutoVehicle25/audi_ws/install/autocar_nav/local/lib/python3.10/dist-packages/autocar_nav
[0.402s] -- Up-to-date: /home/dliujm/um_files/rob_498_av/AutoVehicle25/audi_ws/install/autocar_nav/local/lib/python3.10/dist-packages/autocar_nav/yaw_to_quaternion.py
[0.402s] -- Up-to-date: /home/dliujm/um_files/rob_498_av/AutoVehicle25/audi_ws/install/autocar_nav/local/lib/python3.10/dist-packages/autocar_nav/normalise_angle.py
[0.402s] -- Up-to-date: /home/dliujm/um_files/rob_498_av/AutoVehicle25/audi_ws/install/autocar_nav/local/lib/python3.10/dist-packages/autocar_nav/__init__.py
[0.402s] -- Up-to-date: /home/dliujm/um_files/rob_498_av/AutoVehicle25/audi_ws/install/autocar_nav/local/lib/python3.10/dist-packages/autocar_nav/cubic_spline_interpolator.py
[0.438s] Listing '/home/dliujm/um_files/rob_498_av/AutoVehicle25/audi_ws/install/autocar_nav/local/lib/python3.10/dist-packages/autocar_nav'...
[0.442s] -- Up-to-date: /home/dliujm/um_files/rob_498_av/AutoVehicle25/audi_ws/install/autocar_nav/share/autocar_nav/config
[0.442s] -- Up-to-date: /home/dliujm/um_files/rob_498_av/AutoVehicle25/audi_ws/install/autocar_nav/share/autocar_nav/config/navigation_params.yaml
[0.443s] -- Up-to-date: /home/dliujm/um_files/rob_498_av/AutoVehicle25/audi_ws/install/autocar_nav/share/autocar_nav/data
[0.443s] -- Up-to-date: /home/dliujm/um_files/rob_498_av/AutoVehicle25/audi_ws/install/autocar_nav/share/autocar_nav/data/waypoints.csv
[0.443s] -- Up-to-date: /home/dliujm/um_files/rob_498_av/AutoVehicle25/audi_ws/install/autocar_nav/lib/autocar_nav/globalplanner.py
[0.444s] -- Up-to-date: /home/dliujm/um_files/rob_498_av/AutoVehicle25/audi_ws/install/autocar_nav/lib/autocar_nav/localisation.py
[0.444s] -- Up-to-date: /home/dliujm/um_files/rob_498_av/AutoVehicle25/audi_ws/install/autocar_nav/lib/autocar_nav/localplanner.py
[0.444s] -- Up-to-date: /home/dliujm/um_files/rob_498_av/AutoVehicle25/audi_ws/install/autocar_nav/lib/autocar_nav/clickplanner.py
[0.444s] -- Up-to-date: /home/dliujm/um_files/rob_498_av/AutoVehicle25/audi_ws/install/autocar_nav/lib/autocar_nav/tracker.py
[0.444s] -- Up-to-date: /home/dliujm/um_files/rob_498_av/AutoVehicle25/audi_ws/install/autocar_nav/share/ament_index/resource_index/package_run_dependencies/autocar_nav
[0.444s] -- Up-to-date: /home/dliujm/um_files/rob_498_av/AutoVehicle25/audi_ws/install/autocar_nav/share/ament_index/resource_index/parent_prefix_path/autocar_nav
[0.444s] -- Up-to-date: /home/dliujm/um_files/rob_498_av/AutoVehicle25/audi_ws/install/autocar_nav/share/autocar_nav/environment/ament_prefix_path.sh
[0.444s] -- Up-to-date: /home/dliujm/um_files/rob_498_av/AutoVehicle25/audi_ws/install/autocar_nav/share/autocar_nav/environment/ament_prefix_path.dsv
[0.444s] -- Up-to-date: /home/dliujm/um_files/rob_498_av/AutoVehicle25/audi_ws/install/autocar_nav/share/autocar_nav/environment/path.sh
[0.444s] -- Up-to-date: /home/dliujm/um_files/rob_498_av/AutoVehicle25/audi_ws/install/autocar_nav/share/autocar_nav/environment/path.dsv
[0.444s] -- Up-to-date: /home/dliujm/um_files/rob_498_av/AutoVehicle25/audi_ws/install/autocar_nav/share/autocar_nav/local_setup.bash
[0.444s] -- Up-to-date: /home/dliujm/um_files/rob_498_av/AutoVehicle25/audi_ws/install/autocar_nav/share/autocar_nav/local_setup.sh
[0.444s] -- Up-to-date: /home/dliujm/um_files/rob_498_av/AutoVehicle25/audi_ws/install/autocar_nav/share/autocar_nav/local_setup.zsh
[0.444s] -- Up-to-date: /home/dliujm/um_files/rob_498_av/AutoVehicle25/audi_ws/install/autocar_nav/share/autocar_nav/local_setup.dsv
[0.445s] -- Installing: /home/dliujm/um_files/rob_498_av/AutoVehicle25/audi_ws/install/autocar_nav/share/autocar_nav/package.dsv
[0.445s] -- Up-to-date: /home/dliujm/um_files/rob_498_av/AutoVehicle25/audi_ws/install/autocar_nav/share/ament_index/resource_index/packages/autocar_nav
[0.445s] -- Up-to-date: /home/dliujm/um_files/rob_498_av/AutoVehicle25/audi_ws/install/autocar_nav/share/autocar_nav/cmake/autocar_navConfig.cmake
[0.445s] -- Up-to-date: /home/dliujm/um_files/rob_498_av/AutoVehicle25/audi_ws/install/autocar_nav/share/autocar_nav/cmake/autocar_navConfig-version.cmake
[0.445s] -- Up-to-date: /home/dliujm/um_files/rob_498_av/AutoVehicle25/audi_ws/install/autocar_nav/share/autocar_nav/package.xml
[0.448s] Invoked command in '/home/dliujm/um_files/rob_498_av/AutoVehicle25/audi_ws/build/autocar_nav' returned '0': CMAKE_PREFIX_PATH=/home/dliujm/um_files/rob_498_av/AutoVehicle25/audi_ws/install/autocar_msgs:/home/dliujm/um_files/rob_498_av/AutoVehicle25/audi_ws/install/robot_sim_bringup:/home/dliujm/um_files/rob_498_av/AutoVehicle25/audi_ws/install/robot_desc:/home/dliujm/um_files/rob_498_av/AutoVehicle25/audi_ws/install/open_loop:/home/dliujm/um_files/rob_498_av/AutoVehicle25/audi_ws/install/launches:/home/dliujm/um_files/rob_498_av/AutoVehicle25/audi_ws/install/autocar_nav:/home/dliujm/um_files/rob_498_av/AutoVehicle25/audi_ws/install/autocar_map:/home/dliujm/um_files/rob_498_av/AutoVehicle25/audi_ws/install/autocar_gazebo:/home/dliujm/um_files/rob_498_av/AutoVehicle25/audi_ws/install/autocar_description:/home/dliujm/ros2_ws/install/sim_test:/home/dliujm/ros2_ws/install/robot_sim_bringup:/home/dliujm/ros2_ws/install/robot_desc:/home/dliujm/ros2_ws/install/pointcloud_to_laserscan:/home/dliujm/ros2_ws/install/custom_msg:/home/dliujm/ros2_ws/src/install/sim_test:/home/dliujm/ros2_ws/src/install/robot_sim_bringup:/home/dliujm/ros2_ws/src/install/robot_desc:/home/dliujm/um_files/rob_498_av/AutoVehicle25/audi_ws/install/racecar_controller:/home/dliujm/um_files/rob_498_av/AutoVehicle25/audi_ws/install/vehicle_state_publisher:/home/dliujm/ros2_ws/install/voice_command:/home/dliujm/ros2_ws/install/semantic_mapping:/home/dliujm/ros2_ws/install/semantic_labeling_demo:/home/dliujm/ros2_ws/install/racing_controller:/home/dliujm/ros2_ws/install/odom_tf_broadcaster_pkg:/home/dliujm/ros2_ws/install/lucy_hardware:/home/dliujm/ros2_ws/install/image_saver:/home/dliujm/ros2_ws/src/install/semantic_mapping:/home/dliujm/ros2_ws/src/install/semantic_labeling_demo:/home/dliujm/ros2_ws/src/install/odom_tf_broadcaster_pkg:/home/dliujm/ros2_ws/src/install/lucy_hardware:/home/dliujm/ros2_ws/src/install/image_saver:/opt/ros/humble /usr/bin/cmake --install /home/dliujm/um_files/rob_498_av/AutoVehicle25/audi_ws/build/autocar_nav
