[0.005s] Invoking command in '/home/dliujm/um_files/rob_498_av/AutoVehicle25/audi_ws/build/open_loop': CMAKE_PREFIX_PATH=/opt/ros/humble CONDA_PROMPT_MODIFIER=(AV) PS1=(AV) %(?, ,%{$fg[red]%}FAIL%{$reset_color%}
)
%{$fg[magenta]%}%n%{$reset_color%}@%{$fg[yellow]%}%m%{$reset_color%}: %{$fg_bold[blue]%}%~%{$reset_color%}$(git_prompt_info)
➜ /usr/bin/cmake /home/dliujm/um_files/rob_498_av/AutoVehicle25/audi_ws/src/open_loop -DCMAKE_INSTALL_PREFIX=/home/dliujm/um_files/rob_498_av/AutoVehicle25/audi_ws/install/open_loop
[0.013s] -- Found ament_cmake: 1.3.11 (/opt/ros/humble/share/ament_cmake/cmake)
[0.089s] -- Found rclpy: 3.3.15 (/opt/ros/humble/share/rclpy/cmake)
[0.143s] -- Configuring done
[0.145s] -- Generating done
[0.147s] -- Build files have been written to: /home/dliujm/um_files/rob_498_av/AutoVehicle25/audi_ws/build/open_loop
[0.149s] Invoked command in '/home/dliujm/um_files/rob_498_av/AutoVehicle25/audi_ws/build/open_loop' returned '0': CMAKE_PREFIX_PATH=/opt/ros/humble CONDA_PROMPT_MODIFIER=(AV) PS1=(AV) %(?, ,%{$fg[red]%}FAIL%{$reset_color%}
)
%{$fg[magenta]%}%n%{$reset_color%}@%{$fg[yellow]%}%m%{$reset_color%}: %{$fg_bold[blue]%}%~%{$reset_color%}$(git_prompt_info)
➜ /usr/bin/cmake /home/dliujm/um_files/rob_498_av/AutoVehicle25/audi_ws/src/open_loop -DCMAKE_INSTALL_PREFIX=/home/dliujm/um_files/rob_498_av/AutoVehicle25/audi_ws/install/open_loop
[0.150s] Invoking command in '/home/dliujm/um_files/rob_498_av/AutoVehicle25/audi_ws/build/open_loop': CMAKE_PREFIX_PATH=/opt/ros/humble CONDA_PROMPT_MODIFIER=(AV) PS1=(AV) %(?, ,%{$fg[red]%}FAIL%{$reset_color%}
)
%{$fg[magenta]%}%n%{$reset_color%}@%{$fg[yellow]%}%m%{$reset_color%}: %{$fg_bold[blue]%}%~%{$reset_color%}$(git_prompt_info)
➜ /usr/bin/cmake --build /home/dliujm/um_files/rob_498_av/AutoVehicle25/audi_ws/build/open_loop -- -j16 -l16
[0.169s] Invoked command in '/home/dliujm/um_files/rob_498_av/AutoVehicle25/audi_ws/build/open_loop' returned '0': CMAKE_PREFIX_PATH=/opt/ros/humble CONDA_PROMPT_MODIFIER=(AV) PS1=(AV) %(?, ,%{$fg[red]%}FAIL%{$reset_color%}
)
%{$fg[magenta]%}%n%{$reset_color%}@%{$fg[yellow]%}%m%{$reset_color%}: %{$fg_bold[blue]%}%~%{$reset_color%}$(git_prompt_info)
➜ /usr/bin/cmake --build /home/dliujm/um_files/rob_498_av/AutoVehicle25/audi_ws/build/open_loop -- -j16 -l16
[0.175s] Invoking command in '/home/dliujm/um_files/rob_498_av/AutoVehicle25/audi_ws/build/open_loop': CMAKE_PREFIX_PATH=/opt/ros/humble CONDA_PROMPT_MODIFIER=(AV) PS1=(AV) %(?, ,%{$fg[red]%}FAIL%{$reset_color%}
)
%{$fg[magenta]%}%n%{$reset_color%}@%{$fg[yellow]%}%m%{$reset_color%}: %{$fg_bold[blue]%}%~%{$reset_color%}$(git_prompt_info)
➜ /usr/bin/cmake --install /home/dliujm/um_files/rob_498_av/AutoVehicle25/audi_ws/build/open_loop
[0.178s] -- Install configuration: ""
[0.178s] -- Installing: /home/dliujm/um_files/rob_498_av/AutoVehicle25/audi_ws/install/open_loop/lib/open_loop/controller.py
[0.178s] -- Installing: /home/dliujm/um_files/rob_498_av/AutoVehicle25/audi_ws/install/open_loop/share/open_loop/launch
[0.179s] -- Installing: /home/dliujm/um_files/rob_498_av/AutoVehicle25/audi_ws/install/open_loop/share/open_loop/launch/simulation_launch.py
[0.179s] -- Installing: /home/dliujm/um_files/rob_498_av/AutoVehicle25/audi_ws/install/open_loop/share/open_loop/models
[0.179s] -- Installing: /home/dliujm/um_files/rob_498_av/AutoVehicle25/audi_ws/install/open_loop/share/open_loop/models/hatchback
[0.179s] -- Installing: /home/dliujm/um_files/rob_498_av/AutoVehicle25/audi_ws/install/open_loop/share/open_loop/models/hatchback/model.sdf
[0.179s] -- Installing: /home/dliujm/um_files/rob_498_av/AutoVehicle25/audi_ws/install/open_loop/share/open_loop/models/hatchback/thumbnails
[0.179s] -- Installing: /home/dliujm/um_files/rob_498_av/AutoVehicle25/audi_ws/install/open_loop/share/open_loop/models/hatchback/thumbnails/4.png
[0.180s] -- Installing: /home/dliujm/um_files/rob_498_av/AutoVehicle25/audi_ws/install/open_loop/share/open_loop/models/hatchback/thumbnails/5.png
[0.180s] -- Installing: /home/dliujm/um_files/rob_498_av/AutoVehicle25/audi_ws/install/open_loop/share/open_loop/models/hatchback/thumbnails/3.png
[0.181s] -- Installing: /home/dliujm/um_files/rob_498_av/AutoVehicle25/audi_ws/install/open_loop/share/open_loop/models/hatchback/thumbnails/1.png
[0.181s] -- Installing: /home/dliujm/um_files/rob_498_av/AutoVehicle25/audi_ws/install/open_loop/share/open_loop/models/hatchback/thumbnails/2.png
[0.182s] -- Installing: /home/dliujm/um_files/rob_498_av/AutoVehicle25/audi_ws/install/open_loop/share/open_loop/models/hatchback/materials
[0.182s] -- Installing: /home/dliujm/um_files/rob_498_av/AutoVehicle25/audi_ws/install/open_loop/share/open_loop/models/hatchback/materials/textures
[0.182s] -- Installing: /home/dliujm/um_files/rob_498_av/AutoVehicle25/audi_ws/install/open_loop/share/open_loop/models/hatchback/materials/textures/wheels3.png
[0.184s] -- Installing: /home/dliujm/um_files/rob_498_av/AutoVehicle25/audi_ws/install/open_loop/share/open_loop/models/hatchback/materials/textures/hatchback.png
[0.186s] -- Installing: /home/dliujm/um_files/rob_498_av/AutoVehicle25/audi_ws/install/open_loop/share/open_loop/models/hatchback/meshes
[0.186s] -- Installing: /home/dliujm/um_files/rob_498_av/AutoVehicle25/audi_ws/install/open_loop/share/open_loop/models/hatchback/meshes/hatchback.mtl
[0.186s] -- Installing: /home/dliujm/um_files/rob_498_av/AutoVehicle25/audi_ws/install/open_loop/share/open_loop/models/hatchback/meshes/hatchback.obj
[0.187s] -- Installing: /home/dliujm/um_files/rob_498_av/AutoVehicle25/audi_ws/install/open_loop/share/open_loop/models/hatchback/model.config
[0.187s] -- Installing: /home/dliujm/um_files/rob_498_av/AutoVehicle25/audi_ws/install/open_loop/share/ament_index/resource_index/package_run_dependencies/open_loop
[0.187s] -- Installing: /home/dliujm/um_files/rob_498_av/AutoVehicle25/audi_ws/install/open_loop/share/ament_index/resource_index/parent_prefix_path/open_loop
[0.187s] -- Installing: /home/dliujm/um_files/rob_498_av/AutoVehicle25/audi_ws/install/open_loop/share/open_loop/environment/ament_prefix_path.sh
[0.187s] -- Installing: /home/dliujm/um_files/rob_498_av/AutoVehicle25/audi_ws/install/open_loop/share/open_loop/environment/ament_prefix_path.dsv
[0.187s] -- Installing: /home/dliujm/um_files/rob_498_av/AutoVehicle25/audi_ws/install/open_loop/share/open_loop/environment/path.sh
[0.187s] -- Installing: /home/dliujm/um_files/rob_498_av/AutoVehicle25/audi_ws/install/open_loop/share/open_loop/environment/path.dsv
[0.188s] -- Installing: /home/dliujm/um_files/rob_498_av/AutoVehicle25/audi_ws/install/open_loop/share/open_loop/local_setup.bash
[0.188s] -- Installing: /home/dliujm/um_files/rob_498_av/AutoVehicle25/audi_ws/install/open_loop/share/open_loop/local_setup.sh
[0.188s] -- Installing: /home/dliujm/um_files/rob_498_av/AutoVehicle25/audi_ws/install/open_loop/share/open_loop/local_setup.zsh
[0.188s] -- Installing: /home/dliujm/um_files/rob_498_av/AutoVehicle25/audi_ws/install/open_loop/share/open_loop/local_setup.dsv
[0.188s] -- Installing: /home/dliujm/um_files/rob_498_av/AutoVehicle25/audi_ws/install/open_loop/share/open_loop/package.dsv
[0.188s] -- Installing: /home/dliujm/um_files/rob_498_av/AutoVehicle25/audi_ws/install/open_loop/share/ament_index/resource_index/packages/open_loop
[0.188s] -- Installing: /home/dliujm/um_files/rob_498_av/AutoVehicle25/audi_ws/install/open_loop/share/open_loop/cmake/open_loopConfig.cmake
[0.188s] -- Installing: /home/dliujm/um_files/rob_498_av/AutoVehicle25/audi_ws/install/open_loop/share/open_loop/cmake/open_loopConfig-version.cmake
[0.188s] -- Installing: /home/dliujm/um_files/rob_498_av/AutoVehicle25/audi_ws/install/open_loop/share/open_loop/package.xml
[0.189s] Invoked command in '/home/dliujm/um_files/rob_498_av/AutoVehicle25/audi_ws/build/open_loop' returned '0': CMAKE_PREFIX_PATH=/opt/ros/humble CONDA_PROMPT_MODIFIER=(AV) PS1=(AV) %(?, ,%{$fg[red]%}FAIL%{$reset_color%}
)
%{$fg[magenta]%}%n%{$reset_color%}@%{$fg[yellow]%}%m%{$reset_color%}: %{$fg_bold[blue]%}%~%{$reset_color%}$(git_prompt_info)
➜ /usr/bin/cmake --install /home/dliujm/um_files/rob_498_av/AutoVehicle25/audi_ws/build/open_loop
