[  2%] Built target autocar_msgs__cpp
[  2%] Built target ament_cmake_python_copy_autocar_msgs
[ 12%] Built target autocar_msgs__rosidl_generator_c
[ 23%] Built target autocar_msgs__rosidl_typesupport_cpp
[ 34%] Built target autocar_msgs__rosidl_typesupport_fastrtps_cpp
[ 44%] Built target autocar_msgs__rosidl_typesupport_introspection_cpp
[ 55%] Built target autocar_msgs__rosidl_typesupport_c
[ 65%] Built target autocar_msgs__rosidl_typesupport_introspection_c
[ 76%] Built target autocar_msgs__rosidl_typesupport_fastrtps_c
[ 76%] Built target autocar_msgs
[ 78%] Built target autocar_msgs__py
[ 87%] Built target autocar_msgs__rosidl_generator_py
[100%] Built target autocar_msgs__rosidl_typesupport_c__pyext
[100%] Built target autocar_msgs__rosidl_typesupport_fastrtps_c__pyext
[100%] Built target autocar_msgs__rosidl_typesupport_introspection_c__pyext
running egg_info
writing autocar_msgs.egg-info/PKG-INFO
writing dependency_links to autocar_msgs.egg-info/dependency_links.txt
writing top-level names to autocar_msgs.egg-info/top_level.txt
reading manifest file 'autocar_msgs.egg-info/SOURCES.txt'
writing manifest file 'autocar_msgs.egg-info/SOURCES.txt'
[100%] Built target ament_cmake_python_build_autocar_msgs_egg
-- Install configuration: ""
-- Up-to-date: /home/dliujm/um_files/rob_498_av/AutoVehicle25/audi_ws/install/autocar_msgs/share/ament_index/resource_index/rosidl_interfaces/autocar_msgs
-- Up-to-date: /home/dliujm/um_files/rob_498_av/AutoVehicle25/audi_ws/install/autocar_msgs/include/autocar_msgs/autocar_msgs
-- Up-to-date: /home/dliujm/um_files/rob_498_av/AutoVehicle25/audi_ws/install/autocar_msgs/include/autocar_msgs/autocar_msgs/msg
-- Up-to-date: /home/dliujm/um_files/rob_498_av/AutoVehicle25/audi_ws/install/autocar_msgs/include/autocar_msgs/autocar_msgs/msg/detail
-- Up-to-date: /home/dliujm/um_files/rob_498_av/AutoVehicle25/audi_ws/install/autocar_msgs/include/autocar_msgs/autocar_msgs/msg/detail/twist2_d__type_support.h
-- Up-to-date: /home/dliujm/um_files/rob_498_av/AutoVehicle25/audi_ws/install/autocar_msgs/include/autocar_msgs/autocar_msgs/msg/detail/path2_d__functions.c
-- Up-to-date: /home/dliujm/um_files/rob_498_av/AutoVehicle25/audi_ws/install/autocar_msgs/include/autocar_msgs/autocar_msgs/msg/detail/state2_d__type_support.h
-- Up-to-date: /home/dliujm/um_files/rob_498_av/AutoVehicle25/audi_ws/install/autocar_msgs/include/autocar_msgs/autocar_msgs/msg/detail/twist2_d__functions.h
-- Up-to-date: /home/dliujm/um_files/rob_498_av/AutoVehicle25/audi_ws/install/autocar_msgs/include/autocar_msgs/autocar_msgs/msg/detail/path2_d__struct.h
-- Up-to-date: /home/dliujm/um_files/rob_498_av/AutoVehicle25/audi_ws/install/autocar_msgs/include/autocar_msgs/autocar_msgs/msg/detail/path2_d__type_support.h
-- Up-to-date: /home/dliujm/um_files/rob_498_av/AutoVehicle25/audi_ws/install/autocar_msgs/include/autocar_msgs/autocar_msgs/msg/detail/state2_d__functions.h
-- Up-to-date: /home/dliujm/um_files/rob_498_av/AutoVehicle25/audi_ws/install/autocar_msgs/include/autocar_msgs/autocar_msgs/msg/detail/state2_d__functions.c
-- Up-to-date: /home/dliujm/um_files/rob_498_av/AutoVehicle25/audi_ws/install/autocar_msgs/include/autocar_msgs/autocar_msgs/msg/detail/path2_d__functions.h
-- Up-to-date: /home/dliujm/um_files/rob_498_av/AutoVehicle25/audi_ws/install/autocar_msgs/include/autocar_msgs/autocar_msgs/msg/detail/state2_d__struct.h
-- Up-to-date: /home/dliujm/um_files/rob_498_av/AutoVehicle25/audi_ws/install/autocar_msgs/include/autocar_msgs/autocar_msgs/msg/detail/twist2_d__functions.c
-- Up-to-date: /home/dliujm/um_files/rob_498_av/AutoVehicle25/audi_ws/install/autocar_msgs/include/autocar_msgs/autocar_msgs/msg/detail/twist2_d__struct.h
-- Up-to-date: /home/dliujm/um_files/rob_498_av/AutoVehicle25/audi_ws/install/autocar_msgs/include/autocar_msgs/autocar_msgs/msg/state2_d.h
-- Up-to-date: /home/dliujm/um_files/rob_498_av/AutoVehicle25/audi_ws/install/autocar_msgs/include/autocar_msgs/autocar_msgs/msg/path2_d.h
-- Up-to-date: /home/dliujm/um_files/rob_498_av/AutoVehicle25/audi_ws/install/autocar_msgs/include/autocar_msgs/autocar_msgs/msg/twist2_d.h
-- Up-to-date: /home/dliujm/um_files/rob_498_av/AutoVehicle25/audi_ws/install/autocar_msgs/include/autocar_msgs/autocar_msgs/msg/rosidl_generator_c__visibility_control.h
-- Up-to-date: /home/dliujm/um_files/rob_498_av/AutoVehicle25/audi_ws/install/autocar_msgs/share/autocar_msgs/environment/library_path.sh
-- Up-to-date: /home/dliujm/um_files/rob_498_av/AutoVehicle25/audi_ws/install/autocar_msgs/share/autocar_msgs/environment/library_path.dsv
-- Up-to-date: /home/dliujm/um_files/rob_498_av/AutoVehicle25/audi_ws/install/autocar_msgs/lib/libautocar_msgs__rosidl_generator_c.so
-- Up-to-date: /home/dliujm/um_files/rob_498_av/AutoVehicle25/audi_ws/install/autocar_msgs/include/autocar_msgs/autocar_msgs
-- Up-to-date: /home/dliujm/um_files/rob_498_av/AutoVehicle25/audi_ws/install/autocar_msgs/include/autocar_msgs/autocar_msgs/msg
-- Up-to-date: /home/dliujm/um_files/rob_498_av/AutoVehicle25/audi_ws/install/autocar_msgs/include/autocar_msgs/autocar_msgs/msg/detail
-- Up-to-date: /home/dliujm/um_files/rob_498_av/AutoVehicle25/audi_ws/install/autocar_msgs/include/autocar_msgs/autocar_msgs/msg/detail/twist2_d__rosidl_typesupport_fastrtps_c.h
-- Up-to-date: /home/dliujm/um_files/rob_498_av/AutoVehicle25/audi_ws/install/autocar_msgs/include/autocar_msgs/autocar_msgs/msg/detail/path2_d__rosidl_typesupport_fastrtps_c.h
-- Up-to-date: /home/dliujm/um_files/rob_498_av/AutoVehicle25/audi_ws/install/autocar_msgs/include/autocar_msgs/autocar_msgs/msg/detail/state2_d__rosidl_typesupport_fastrtps_c.h
-- Up-to-date: /home/dliujm/um_files/rob_498_av/AutoVehicle25/audi_ws/install/autocar_msgs/include/autocar_msgs/autocar_msgs/msg/rosidl_typesupport_fastrtps_c__visibility_control.h
-- Up-to-date: /home/dliujm/um_files/rob_498_av/AutoVehicle25/audi_ws/install/autocar_msgs/lib/libautocar_msgs__rosidl_typesupport_fastrtps_c.so
-- Up-to-date: /home/dliujm/um_files/rob_498_av/AutoVehicle25/audi_ws/install/autocar_msgs/include/autocar_msgs/autocar_msgs
-- Up-to-date: /home/dliujm/um_files/rob_498_av/AutoVehicle25/audi_ws/install/autocar_msgs/include/autocar_msgs/autocar_msgs/msg
-- Up-to-date: /home/dliujm/um_files/rob_498_av/AutoVehicle25/audi_ws/install/autocar_msgs/include/autocar_msgs/autocar_msgs/msg/detail
-- Up-to-date: /home/dliujm/um_files/rob_498_av/AutoVehicle25/audi_ws/install/autocar_msgs/include/autocar_msgs/autocar_msgs/msg/detail/state2_d__builder.hpp
-- Up-to-date: /home/dliujm/um_files/rob_498_av/AutoVehicle25/audi_ws/install/autocar_msgs/include/autocar_msgs/autocar_msgs/msg/detail/path2_d__struct.hpp
-- Up-to-date: /home/dliujm/um_files/rob_498_av/AutoVehicle25/audi_ws/install/autocar_msgs/include/autocar_msgs/autocar_msgs/msg/detail/twist2_d__type_support.hpp
-- Up-to-date: /home/dliujm/um_files/rob_498_av/AutoVehicle25/audi_ws/install/autocar_msgs/include/autocar_msgs/autocar_msgs/msg/detail/state2_d__type_support.hpp
-- Up-to-date: /home/dliujm/um_files/rob_498_av/AutoVehicle25/audi_ws/install/autocar_msgs/include/autocar_msgs/autocar_msgs/msg/detail/state2_d__traits.hpp
-- Up-to-date: /home/dliujm/um_files/rob_498_av/AutoVehicle25/audi_ws/install/autocar_msgs/include/autocar_msgs/autocar_msgs/msg/detail/path2_d__builder.hpp
-- Up-to-date: /home/dliujm/um_files/rob_498_av/AutoVehicle25/audi_ws/install/autocar_msgs/include/autocar_msgs/autocar_msgs/msg/detail/path2_d__traits.hpp
-- Up-to-date: /home/dliujm/um_files/rob_498_av/AutoVehicle25/audi_ws/install/autocar_msgs/include/autocar_msgs/autocar_msgs/msg/detail/twist2_d__struct.hpp
-- Up-to-date: /home/dliujm/um_files/rob_498_av/AutoVehicle25/audi_ws/install/autocar_msgs/include/autocar_msgs/autocar_msgs/msg/detail/state2_d__struct.hpp
-- Up-to-date: /home/dliujm/um_files/rob_498_av/AutoVehicle25/audi_ws/install/autocar_msgs/include/autocar_msgs/autocar_msgs/msg/detail/twist2_d__traits.hpp
-- Up-to-date: /home/dliujm/um_files/rob_498_av/AutoVehicle25/audi_ws/install/autocar_msgs/include/autocar_msgs/autocar_msgs/msg/detail/path2_d__type_support.hpp
-- Up-to-date: /home/dliujm/um_files/rob_498_av/AutoVehicle25/audi_ws/install/autocar_msgs/include/autocar_msgs/autocar_msgs/msg/detail/twist2_d__builder.hpp
-- Up-to-date: /home/dliujm/um_files/rob_498_av/AutoVehicle25/audi_ws/install/autocar_msgs/include/autocar_msgs/autocar_msgs/msg/rosidl_generator_cpp__visibility_control.hpp
-- Up-to-date: /home/dliujm/um_files/rob_498_av/AutoVehicle25/audi_ws/install/autocar_msgs/include/autocar_msgs/autocar_msgs/msg/path2_d.hpp
-- Up-to-date: /home/dliujm/um_files/rob_498_av/AutoVehicle25/audi_ws/install/autocar_msgs/include/autocar_msgs/autocar_msgs/msg/state2_d.hpp
-- Up-to-date: /home/dliujm/um_files/rob_498_av/AutoVehicle25/audi_ws/install/autocar_msgs/include/autocar_msgs/autocar_msgs/msg/twist2_d.hpp
-- Up-to-date: /home/dliujm/um_files/rob_498_av/AutoVehicle25/audi_ws/install/autocar_msgs/include/autocar_msgs/autocar_msgs
-- Up-to-date: /home/dliujm/um_files/rob_498_av/AutoVehicle25/audi_ws/install/autocar_msgs/include/autocar_msgs/autocar_msgs/msg
-- Up-to-date: /home/dliujm/um_files/rob_498_av/AutoVehicle25/audi_ws/install/autocar_msgs/include/autocar_msgs/autocar_msgs/msg/detail
-- Up-to-date: /home/dliujm/um_files/rob_498_av/AutoVehicle25/audi_ws/install/autocar_msgs/include/autocar_msgs/autocar_msgs/msg/detail/dds_fastrtps
-- Up-to-date: /home/dliujm/um_files/rob_498_av/AutoVehicle25/audi_ws/install/autocar_msgs/include/autocar_msgs/autocar_msgs/msg/detail/path2_d__rosidl_typesupport_fastrtps_cpp.hpp
-- Up-to-date: /home/dliujm/um_files/rob_498_av/AutoVehicle25/audi_ws/install/autocar_msgs/include/autocar_msgs/autocar_msgs/msg/detail/twist2_d__rosidl_typesupport_fastrtps_cpp.hpp
-- Up-to-date: /home/dliujm/um_files/rob_498_av/AutoVehicle25/audi_ws/install/autocar_msgs/include/autocar_msgs/autocar_msgs/msg/detail/state2_d__rosidl_typesupport_fastrtps_cpp.hpp
-- Up-to-date: /home/dliujm/um_files/rob_498_av/AutoVehicle25/audi_ws/install/autocar_msgs/include/autocar_msgs/autocar_msgs/msg/rosidl_typesupport_fastrtps_cpp__visibility_control.h
-- Up-to-date: /home/dliujm/um_files/rob_498_av/AutoVehicle25/audi_ws/install/autocar_msgs/lib/libautocar_msgs__rosidl_typesupport_fastrtps_cpp.so
-- Up-to-date: /home/dliujm/um_files/rob_498_av/AutoVehicle25/audi_ws/install/autocar_msgs/include/autocar_msgs/autocar_msgs
-- Up-to-date: /home/dliujm/um_files/rob_498_av/AutoVehicle25/audi_ws/install/autocar_msgs/include/autocar_msgs/autocar_msgs/msg
-- Up-to-date: /home/dliujm/um_files/rob_498_av/AutoVehicle25/audi_ws/install/autocar_msgs/include/autocar_msgs/autocar_msgs/msg/detail
-- Up-to-date: /home/dliujm/um_files/rob_498_av/AutoVehicle25/audi_ws/install/autocar_msgs/include/autocar_msgs/autocar_msgs/msg/detail/twist2_d__rosidl_typesupport_introspection_c.h
-- Up-to-date: /home/dliujm/um_files/rob_498_av/AutoVehicle25/audi_ws/install/autocar_msgs/include/autocar_msgs/autocar_msgs/msg/detail/path2_d__type_support.c
-- Up-to-date: /home/dliujm/um_files/rob_498_av/AutoVehicle25/audi_ws/install/autocar_msgs/include/autocar_msgs/autocar_msgs/msg/detail/state2_d__rosidl_typesupport_introspection_c.h
-- Up-to-date: /home/dliujm/um_files/rob_498_av/AutoVehicle25/audi_ws/install/autocar_msgs/include/autocar_msgs/autocar_msgs/msg/detail/state2_d__type_support.c
-- Up-to-date: /home/dliujm/um_files/rob_498_av/AutoVehicle25/audi_ws/install/autocar_msgs/include/autocar_msgs/autocar_msgs/msg/detail/path2_d__rosidl_typesupport_introspection_c.h
-- Up-to-date: /home/dliujm/um_files/rob_498_av/AutoVehicle25/audi_ws/install/autocar_msgs/include/autocar_msgs/autocar_msgs/msg/detail/twist2_d__type_support.c
-- Up-to-date: /home/dliujm/um_files/rob_498_av/AutoVehicle25/audi_ws/install/autocar_msgs/include/autocar_msgs/autocar_msgs/msg/rosidl_typesupport_introspection_c__visibility_control.h
-- Up-to-date: /home/dliujm/um_files/rob_498_av/AutoVehicle25/audi_ws/install/autocar_msgs/lib/libautocar_msgs__rosidl_typesupport_introspection_c.so
-- Up-to-date: /home/dliujm/um_files/rob_498_av/AutoVehicle25/audi_ws/install/autocar_msgs/lib/libautocar_msgs__rosidl_typesupport_c.so
-- Up-to-date: /home/dliujm/um_files/rob_498_av/AutoVehicle25/audi_ws/install/autocar_msgs/include/autocar_msgs/autocar_msgs
-- Up-to-date: /home/dliujm/um_files/rob_498_av/AutoVehicle25/audi_ws/install/autocar_msgs/include/autocar_msgs/autocar_msgs/msg
-- Up-to-date: /home/dliujm/um_files/rob_498_av/AutoVehicle25/audi_ws/install/autocar_msgs/include/autocar_msgs/autocar_msgs/msg/detail
-- Up-to-date: /home/dliujm/um_files/rob_498_av/AutoVehicle25/audi_ws/install/autocar_msgs/include/autocar_msgs/autocar_msgs/msg/detail/state2_d__type_support.cpp
-- Up-to-date: /home/dliujm/um_files/rob_498_av/AutoVehicle25/audi_ws/install/autocar_msgs/include/autocar_msgs/autocar_msgs/msg/detail/state2_d__rosidl_typesupport_introspection_cpp.hpp
-- Up-to-date: /home/dliujm/um_files/rob_498_av/AutoVehicle25/audi_ws/install/autocar_msgs/include/autocar_msgs/autocar_msgs/msg/detail/twist2_d__rosidl_typesupport_introspection_cpp.hpp
-- Up-to-date: /home/dliujm/um_files/rob_498_av/AutoVehicle25/audi_ws/install/autocar_msgs/include/autocar_msgs/autocar_msgs/msg/detail/path2_d__type_support.cpp
-- Up-to-date: /home/dliujm/um_files/rob_498_av/AutoVehicle25/audi_ws/install/autocar_msgs/include/autocar_msgs/autocar_msgs/msg/detail/twist2_d__type_support.cpp
-- Up-to-date: /home/dliujm/um_files/rob_498_av/AutoVehicle25/audi_ws/install/autocar_msgs/include/autocar_msgs/autocar_msgs/msg/detail/path2_d__rosidl_typesupport_introspection_cpp.hpp
-- Up-to-date: /home/dliujm/um_files/rob_498_av/AutoVehicle25/audi_ws/install/autocar_msgs/lib/libautocar_msgs__rosidl_typesupport_introspection_cpp.so
-- Up-to-date: /home/dliujm/um_files/rob_498_av/AutoVehicle25/audi_ws/install/autocar_msgs/lib/libautocar_msgs__rosidl_typesupport_cpp.so
-- Up-to-date: /home/dliujm/um_files/rob_498_av/AutoVehicle25/audi_ws/install/autocar_msgs/share/autocar_msgs/environment/pythonpath.sh
-- Up-to-date: /home/dliujm/um_files/rob_498_av/AutoVehicle25/audi_ws/install/autocar_msgs/share/autocar_msgs/environment/pythonpath.dsv
-- Up-to-date: /home/dliujm/um_files/rob_498_av/AutoVehicle25/audi_ws/install/autocar_msgs/local/lib/python3.10/dist-packages/autocar_msgs-0.0.0-py3.10.egg-info
-- Installing: /home/dliujm/um_files/rob_498_av/AutoVehicle25/audi_ws/install/autocar_msgs/local/lib/python3.10/dist-packages/autocar_msgs-0.0.0-py3.10.egg-info/top_level.txt
-- Installing: /home/dliujm/um_files/rob_498_av/AutoVehicle25/audi_ws/install/autocar_msgs/local/lib/python3.10/dist-packages/autocar_msgs-0.0.0-py3.10.egg-info/SOURCES.txt
-- Installing: /home/dliujm/um_files/rob_498_av/AutoVehicle25/audi_ws/install/autocar_msgs/local/lib/python3.10/dist-packages/autocar_msgs-0.0.0-py3.10.egg-info/dependency_links.txt
-- Installing: /home/dliujm/um_files/rob_498_av/AutoVehicle25/audi_ws/install/autocar_msgs/local/lib/python3.10/dist-packages/autocar_msgs-0.0.0-py3.10.egg-info/PKG-INFO
-- Up-to-date: /home/dliujm/um_files/rob_498_av/AutoVehicle25/audi_ws/install/autocar_msgs/local/lib/python3.10/dist-packages/autocar_msgs
-- Up-to-date: /home/dliujm/um_files/rob_498_av/AutoVehicle25/audi_ws/install/autocar_msgs/local/lib/python3.10/dist-packages/autocar_msgs/autocar_msgs_s__rosidl_typesupport_introspection_c.cpython-310-x86_64-linux-gnu.so
-- Up-to-date: /home/dliujm/um_files/rob_498_av/AutoVehicle25/audi_ws/install/autocar_msgs/local/lib/python3.10/dist-packages/autocar_msgs/autocar_msgs_s__rosidl_typesupport_fastrtps_c.cpython-310-x86_64-linux-gnu.so
-- Up-to-date: /home/dliujm/um_files/rob_498_av/AutoVehicle25/audi_ws/install/autocar_msgs/local/lib/python3.10/dist-packages/autocar_msgs/msg
-- Up-to-date: /home/dliujm/um_files/rob_498_av/AutoVehicle25/audi_ws/install/autocar_msgs/local/lib/python3.10/dist-packages/autocar_msgs/msg/_twist2_d.py
-- Up-to-date: /home/dliujm/um_files/rob_498_av/AutoVehicle25/audi_ws/install/autocar_msgs/local/lib/python3.10/dist-packages/autocar_msgs/msg/_path2_d_s.c
-- Up-to-date: /home/dliujm/um_files/rob_498_av/AutoVehicle25/audi_ws/install/autocar_msgs/local/lib/python3.10/dist-packages/autocar_msgs/msg/__init__.py
-- Up-to-date: /home/dliujm/um_files/rob_498_av/AutoVehicle25/audi_ws/install/autocar_msgs/local/lib/python3.10/dist-packages/autocar_msgs/msg/_state2_d.py
-- Up-to-date: /home/dliujm/um_files/rob_498_av/AutoVehicle25/audi_ws/install/autocar_msgs/local/lib/python3.10/dist-packages/autocar_msgs/msg/_twist2_d_s.c
-- Up-to-date: /home/dliujm/um_files/rob_498_av/AutoVehicle25/audi_ws/install/autocar_msgs/local/lib/python3.10/dist-packages/autocar_msgs/msg/_state2_d_s.c
-- Up-to-date: /home/dliujm/um_files/rob_498_av/AutoVehicle25/audi_ws/install/autocar_msgs/local/lib/python3.10/dist-packages/autocar_msgs/msg/_path2_d.py
-- Up-to-date: /home/dliujm/um_files/rob_498_av/AutoVehicle25/audi_ws/install/autocar_msgs/local/lib/python3.10/dist-packages/autocar_msgs/_autocar_msgs_s.ep.rosidl_typesupport_fastrtps_c.c
-- Up-to-date: /home/dliujm/um_files/rob_498_av/AutoVehicle25/audi_ws/install/autocar_msgs/local/lib/python3.10/dist-packages/autocar_msgs/libautocar_msgs__rosidl_generator_py.so
-- Up-to-date: /home/dliujm/um_files/rob_498_av/AutoVehicle25/audi_ws/install/autocar_msgs/local/lib/python3.10/dist-packages/autocar_msgs/_autocar_msgs_s.ep.rosidl_typesupport_c.c
-- Up-to-date: /home/dliujm/um_files/rob_498_av/AutoVehicle25/audi_ws/install/autocar_msgs/local/lib/python3.10/dist-packages/autocar_msgs/autocar_msgs_s__rosidl_typesupport_c.cpython-310-x86_64-linux-gnu.so
-- Up-to-date: /home/dliujm/um_files/rob_498_av/AutoVehicle25/audi_ws/install/autocar_msgs/local/lib/python3.10/dist-packages/autocar_msgs/_autocar_msgs_s.ep.rosidl_typesupport_introspection_c.c
-- Up-to-date: /home/dliujm/um_files/rob_498_av/AutoVehicle25/audi_ws/install/autocar_msgs/local/lib/python3.10/dist-packages/autocar_msgs/__init__.py
Listing '/home/dliujm/um_files/rob_498_av/AutoVehicle25/audi_ws/install/autocar_msgs/local/lib/python3.10/dist-packages/autocar_msgs'...
Listing '/home/dliujm/um_files/rob_498_av/AutoVehicle25/audi_ws/install/autocar_msgs/local/lib/python3.10/dist-packages/autocar_msgs/msg'...
-- Up-to-date: /home/dliujm/um_files/rob_498_av/AutoVehicle25/audi_ws/install/autocar_msgs/local/lib/python3.10/dist-packages/autocar_msgs/autocar_msgs_s__rosidl_typesupport_fastrtps_c.cpython-310-x86_64-linux-gnu.so
-- Up-to-date: /home/dliujm/um_files/rob_498_av/AutoVehicle25/audi_ws/install/autocar_msgs/local/lib/python3.10/dist-packages/autocar_msgs/autocar_msgs_s__rosidl_typesupport_introspection_c.cpython-310-x86_64-linux-gnu.so
-- Up-to-date: /home/dliujm/um_files/rob_498_av/AutoVehicle25/audi_ws/install/autocar_msgs/local/lib/python3.10/dist-packages/autocar_msgs/autocar_msgs_s__rosidl_typesupport_c.cpython-310-x86_64-linux-gnu.so
-- Up-to-date: /home/dliujm/um_files/rob_498_av/AutoVehicle25/audi_ws/install/autocar_msgs/lib/libautocar_msgs__rosidl_generator_py.so
-- Up-to-date: /home/dliujm/um_files/rob_498_av/AutoVehicle25/audi_ws/install/autocar_msgs/share/autocar_msgs/msg/Path2D.idl
-- Up-to-date: /home/dliujm/um_files/rob_498_av/AutoVehicle25/audi_ws/install/autocar_msgs/share/autocar_msgs/msg/State2D.idl
-- Up-to-date: /home/dliujm/um_files/rob_498_av/AutoVehicle25/audi_ws/install/autocar_msgs/share/autocar_msgs/msg/Twist2D.idl
-- Up-to-date: /home/dliujm/um_files/rob_498_av/AutoVehicle25/audi_ws/install/autocar_msgs/share/autocar_msgs/msg/Path2D.msg
-- Up-to-date: /home/dliujm/um_files/rob_498_av/AutoVehicle25/audi_ws/install/autocar_msgs/share/autocar_msgs/msg/State2D.msg
-- Up-to-date: /home/dliujm/um_files/rob_498_av/AutoVehicle25/audi_ws/install/autocar_msgs/share/autocar_msgs/msg/Twist2D.msg
-- Up-to-date: /home/dliujm/um_files/rob_498_av/AutoVehicle25/audi_ws/install/autocar_msgs/share/ament_index/resource_index/package_run_dependencies/autocar_msgs
-- Up-to-date: /home/dliujm/um_files/rob_498_av/AutoVehicle25/audi_ws/install/autocar_msgs/share/ament_index/resource_index/parent_prefix_path/autocar_msgs
-- Up-to-date: /home/dliujm/um_files/rob_498_av/AutoVehicle25/audi_ws/install/autocar_msgs/share/autocar_msgs/environment/ament_prefix_path.sh
-- Up-to-date: /home/dliujm/um_files/rob_498_av/AutoVehicle25/audi_ws/install/autocar_msgs/share/autocar_msgs/environment/ament_prefix_path.dsv
-- Up-to-date: /home/dliujm/um_files/rob_498_av/AutoVehicle25/audi_ws/install/autocar_msgs/share/autocar_msgs/environment/path.sh
-- Up-to-date: /home/dliujm/um_files/rob_498_av/AutoVehicle25/audi_ws/install/autocar_msgs/share/autocar_msgs/environment/path.dsv
-- Up-to-date: /home/dliujm/um_files/rob_498_av/AutoVehicle25/audi_ws/install/autocar_msgs/share/autocar_msgs/local_setup.bash
-- Up-to-date: /home/dliujm/um_files/rob_498_av/AutoVehicle25/audi_ws/install/autocar_msgs/share/autocar_msgs/local_setup.sh
-- Up-to-date: /home/dliujm/um_files/rob_498_av/AutoVehicle25/audi_ws/install/autocar_msgs/share/autocar_msgs/local_setup.zsh
-- Up-to-date: /home/dliujm/um_files/rob_498_av/AutoVehicle25/audi_ws/install/autocar_msgs/share/autocar_msgs/local_setup.dsv
-- Installing: /home/dliujm/um_files/rob_498_av/AutoVehicle25/audi_ws/install/autocar_msgs/share/autocar_msgs/package.dsv
-- Up-to-date: /home/dliujm/um_files/rob_498_av/AutoVehicle25/audi_ws/install/autocar_msgs/share/ament_index/resource_index/packages/autocar_msgs
-- Up-to-date: /home/dliujm/um_files/rob_498_av/AutoVehicle25/audi_ws/install/autocar_msgs/share/autocar_msgs/cmake/export_autocar_msgs__rosidl_generator_cExport.cmake
-- Up-to-date: /home/dliujm/um_files/rob_498_av/AutoVehicle25/audi_ws/install/autocar_msgs/share/autocar_msgs/cmake/export_autocar_msgs__rosidl_generator_cExport-noconfig.cmake
-- Up-to-date: /home/dliujm/um_files/rob_498_av/AutoVehicle25/audi_ws/install/autocar_msgs/share/autocar_msgs/cmake/export_autocar_msgs__rosidl_typesupport_fastrtps_cExport.cmake
-- Up-to-date: /home/dliujm/um_files/rob_498_av/AutoVehicle25/audi_ws/install/autocar_msgs/share/autocar_msgs/cmake/export_autocar_msgs__rosidl_typesupport_fastrtps_cExport-noconfig.cmake
-- Up-to-date: /home/dliujm/um_files/rob_498_av/AutoVehicle25/audi_ws/install/autocar_msgs/share/autocar_msgs/cmake/export_autocar_msgs__rosidl_generator_cppExport.cmake
-- Up-to-date: /home/dliujm/um_files/rob_498_av/AutoVehicle25/audi_ws/install/autocar_msgs/share/autocar_msgs/cmake/export_autocar_msgs__rosidl_typesupport_fastrtps_cppExport.cmake
-- Up-to-date: /home/dliujm/um_files/rob_498_av/AutoVehicle25/audi_ws/install/autocar_msgs/share/autocar_msgs/cmake/export_autocar_msgs__rosidl_typesupport_fastrtps_cppExport-noconfig.cmake
-- Up-to-date: /home/dliujm/um_files/rob_498_av/AutoVehicle25/audi_ws/install/autocar_msgs/share/autocar_msgs/cmake/autocar_msgs__rosidl_typesupport_introspection_cExport.cmake
-- Up-to-date: /home/dliujm/um_files/rob_498_av/AutoVehicle25/audi_ws/install/autocar_msgs/share/autocar_msgs/cmake/autocar_msgs__rosidl_typesupport_introspection_cExport-noconfig.cmake
-- Up-to-date: /home/dliujm/um_files/rob_498_av/AutoVehicle25/audi_ws/install/autocar_msgs/share/autocar_msgs/cmake/autocar_msgs__rosidl_typesupport_cExport.cmake
-- Up-to-date: /home/dliujm/um_files/rob_498_av/AutoVehicle25/audi_ws/install/autocar_msgs/share/autocar_msgs/cmake/autocar_msgs__rosidl_typesupport_cExport-noconfig.cmake
-- Up-to-date: /home/dliujm/um_files/rob_498_av/AutoVehicle25/audi_ws/install/autocar_msgs/share/autocar_msgs/cmake/autocar_msgs__rosidl_typesupport_introspection_cppExport.cmake
-- Up-to-date: /home/dliujm/um_files/rob_498_av/AutoVehicle25/audi_ws/install/autocar_msgs/share/autocar_msgs/cmake/autocar_msgs__rosidl_typesupport_introspection_cppExport-noconfig.cmake
-- Up-to-date: /home/dliujm/um_files/rob_498_av/AutoVehicle25/audi_ws/install/autocar_msgs/share/autocar_msgs/cmake/autocar_msgs__rosidl_typesupport_cppExport.cmake
-- Up-to-date: /home/dliujm/um_files/rob_498_av/AutoVehicle25/audi_ws/install/autocar_msgs/share/autocar_msgs/cmake/autocar_msgs__rosidl_typesupport_cppExport-noconfig.cmake
-- Up-to-date: /home/dliujm/um_files/rob_498_av/AutoVehicle25/audi_ws/install/autocar_msgs/share/autocar_msgs/cmake/export_autocar_msgs__rosidl_generator_pyExport.cmake
-- Up-to-date: /home/dliujm/um_files/rob_498_av/AutoVehicle25/audi_ws/install/autocar_msgs/share/autocar_msgs/cmake/export_autocar_msgs__rosidl_generator_pyExport-noconfig.cmake
-- Up-to-date: /home/dliujm/um_files/rob_498_av/AutoVehicle25/audi_ws/install/autocar_msgs/share/autocar_msgs/cmake/rosidl_cmake-extras.cmake
-- Up-to-date: /home/dliujm/um_files/rob_498_av/AutoVehicle25/audi_ws/install/autocar_msgs/share/autocar_msgs/cmake/ament_cmake_export_dependencies-extras.cmake
-- Up-to-date: /home/dliujm/um_files/rob_498_av/AutoVehicle25/audi_ws/install/autocar_msgs/share/autocar_msgs/cmake/ament_cmake_export_include_directories-extras.cmake
-- Up-to-date: /home/dliujm/um_files/rob_498_av/AutoVehicle25/audi_ws/install/autocar_msgs/share/autocar_msgs/cmake/ament_cmake_export_libraries-extras.cmake
-- Up-to-date: /home/dliujm/um_files/rob_498_av/AutoVehicle25/audi_ws/install/autocar_msgs/share/autocar_msgs/cmake/ament_cmake_export_targets-extras.cmake
-- Up-to-date: /home/dliujm/um_files/rob_498_av/AutoVehicle25/audi_ws/install/autocar_msgs/share/autocar_msgs/cmake/rosidl_cmake_export_typesupport_targets-extras.cmake
-- Up-to-date: /home/dliujm/um_files/rob_498_av/AutoVehicle25/audi_ws/install/autocar_msgs/share/autocar_msgs/cmake/rosidl_cmake_export_typesupport_libraries-extras.cmake
-- Up-to-date: /home/dliujm/um_files/rob_498_av/AutoVehicle25/audi_ws/install/autocar_msgs/share/autocar_msgs/cmake/autocar_msgsConfig.cmake
-- Up-to-date: /home/dliujm/um_files/rob_498_av/AutoVehicle25/audi_ws/install/autocar_msgs/share/autocar_msgs/cmake/autocar_msgsConfig-version.cmake
-- Up-to-date: /home/dliujm/um_files/rob_498_av/AutoVehicle25/audi_ws/install/autocar_msgs/share/autocar_msgs/package.xml
