[0.016s] Invoking command in '/home/dliujm/um_files/rob_498_av/AutoVehicle25/audi_ws/build/robot_desc': CMAKE_PREFIX_PATH=${CMAKE_PREFIX_PATH}:/home/dliujm/ros2_ws/install/voice_command:/home/dliujm/ros2_ws/install/semantic_mapping:/home/dliujm/ros2_ws/install/semantic_labeling_demo:/home/dliujm/ros2_ws/install/racing_controller:/home/dliujm/ros2_ws/install/odom_tf_broadcaster_pkg:/home/dliujm/ros2_ws/install/lucy_hardware:/home/dliujm/ros2_ws/install/image_saver:/home/dliujm/ros2_ws/src/install/semantic_mapping:/home/dliujm/ros2_ws/src/install/semantic_labeling_demo:/home/dliujm/ros2_ws/src/install/odom_tf_broadcaster_pkg:/home/dliujm/ros2_ws/src/install/lucy_hardware:/home/dliujm/ros2_ws/src/install/image_saver:/opt/ros/humble /usr/bin/cmake --build /home/dliujm/um_files/rob_498_av/AutoVehicle25/audi_ws/build/robot_desc -- -j12 -l12
[0.052s] Invoked command in '/home/dliujm/um_files/rob_498_av/AutoVehicle25/audi_ws/build/robot_desc' returned '0': CMAKE_PREFIX_PATH=${CMAKE_PREFIX_PATH}:/home/dliujm/ros2_ws/install/voice_command:/home/dliujm/ros2_ws/install/semantic_mapping:/home/dliujm/ros2_ws/install/semantic_labeling_demo:/home/dliujm/ros2_ws/install/racing_controller:/home/dliujm/ros2_ws/install/odom_tf_broadcaster_pkg:/home/dliujm/ros2_ws/install/lucy_hardware:/home/dliujm/ros2_ws/install/image_saver:/home/dliujm/ros2_ws/src/install/semantic_mapping:/home/dliujm/ros2_ws/src/install/semantic_labeling_demo:/home/dliujm/ros2_ws/src/install/odom_tf_broadcaster_pkg:/home/dliujm/ros2_ws/src/install/lucy_hardware:/home/dliujm/ros2_ws/src/install/image_saver:/opt/ros/humble /usr/bin/cmake --build /home/dliujm/um_files/rob_498_av/AutoVehicle25/audi_ws/build/robot_desc -- -j12 -l12
[0.061s] Invoking command in '/home/dliujm/um_files/rob_498_av/AutoVehicle25/audi_ws/build/robot_desc': CMAKE_PREFIX_PATH=${CMAKE_PREFIX_PATH}:/home/dliujm/ros2_ws/install/voice_command:/home/dliujm/ros2_ws/install/semantic_mapping:/home/dliujm/ros2_ws/install/semantic_labeling_demo:/home/dliujm/ros2_ws/install/racing_controller:/home/dliujm/ros2_ws/install/odom_tf_broadcaster_pkg:/home/dliujm/ros2_ws/install/lucy_hardware:/home/dliujm/ros2_ws/install/image_saver:/home/dliujm/ros2_ws/src/install/semantic_mapping:/home/dliujm/ros2_ws/src/install/semantic_labeling_demo:/home/dliujm/ros2_ws/src/install/odom_tf_broadcaster_pkg:/home/dliujm/ros2_ws/src/install/lucy_hardware:/home/dliujm/ros2_ws/src/install/image_saver:/opt/ros/humble /usr/bin/cmake --install /home/dliujm/um_files/rob_498_av/AutoVehicle25/audi_ws/build/robot_desc
[0.068s] -- Install configuration: ""
[0.068s] -- Up-to-date: /home/dliujm/um_files/rob_498_av/AutoVehicle25/audi_ws/install/robot_desc/share/robot_desc/models
[0.068s] -- Up-to-date: /home/dliujm/um_files/rob_498_av/AutoVehicle25/audi_ws/install/robot_desc/share/robot_desc/models/lucy
[0.068s] -- Up-to-date: /home/dliujm/um_files/rob_498_av/AutoVehicle25/audi_ws/install/robot_desc/share/robot_desc/models/lucy/lucy.sdf
[0.068s] -- Up-to-date: /home/dliujm/um_files/rob_498_av/AutoVehicle25/audi_ws/install/robot_desc/share/robot_desc/models/lucy/model.config
[0.068s] -- Up-to-date: /home/dliujm/um_files/rob_498_av/AutoVehicle25/audi_ws/install/robot_desc/share/robot_desc/models/track_1
[0.069s] -- Up-to-date: /home/dliujm/um_files/rob_498_av/AutoVehicle25/audi_ws/install/robot_desc/share/robot_desc/models/track_1/log
[0.069s] -- Up-to-date: /home/dliujm/um_files/rob_498_av/AutoVehicle25/audi_ws/install/robot_desc/share/robot_desc/models/track_1/log/latest
[0.069s] -- Up-to-date: /home/dliujm/um_files/rob_498_av/AutoVehicle25/audi_ws/install/robot_desc/share/robot_desc/models/track_1/log/build_2025-04-18_20-45-10
[0.069s] -- Up-to-date: /home/dliujm/um_files/rob_498_av/AutoVehicle25/audi_ws/install/robot_desc/share/robot_desc/models/track_1/log/build_2025-04-18_20-45-10/events.log
[0.069s] -- Up-to-date: /home/dliujm/um_files/rob_498_av/AutoVehicle25/audi_ws/install/robot_desc/share/robot_desc/models/track_1/log/build_2025-04-18_20-45-10/logger_all.log
[0.069s] -- Up-to-date: /home/dliujm/um_files/rob_498_av/AutoVehicle25/audi_ws/install/robot_desc/share/robot_desc/models/track_1/log/COLCON_IGNORE
[0.069s] -- Up-to-date: /home/dliujm/um_files/rob_498_av/AutoVehicle25/audi_ws/install/robot_desc/share/robot_desc/models/track_1/log/latest_build
[0.069s] -- Installing: /home/dliujm/um_files/rob_498_av/AutoVehicle25/audi_ws/install/robot_desc/share/robot_desc/models/track_1/model.sdf
[0.069s] -- Up-to-date: /home/dliujm/um_files/rob_498_av/AutoVehicle25/audi_ws/install/robot_desc/share/robot_desc/models/track_1/install
[0.069s] -- Up-to-date: /home/dliujm/um_files/rob_498_av/AutoVehicle25/audi_ws/install/robot_desc/share/robot_desc/models/track_1/install/local_setup.bash
[0.069s] -- Up-to-date: /home/dliujm/um_files/rob_498_av/AutoVehicle25/audi_ws/install/robot_desc/share/robot_desc/models/track_1/install/setup.zsh
[0.069s] -- Up-to-date: /home/dliujm/um_files/rob_498_av/AutoVehicle25/audi_ws/install/robot_desc/share/robot_desc/models/track_1/install/.colcon_install_layout
[0.069s] -- Up-to-date: /home/dliujm/um_files/rob_498_av/AutoVehicle25/audi_ws/install/robot_desc/share/robot_desc/models/track_1/install/local_setup.sh
[0.070s] -- Up-to-date: /home/dliujm/um_files/rob_498_av/AutoVehicle25/audi_ws/install/robot_desc/share/robot_desc/models/track_1/install/setup.sh
[0.070s] -- Up-to-date: /home/dliujm/um_files/rob_498_av/AutoVehicle25/audi_ws/install/robot_desc/share/robot_desc/models/track_1/install/COLCON_IGNORE
[0.070s] -- Up-to-date: /home/dliujm/um_files/rob_498_av/AutoVehicle25/audi_ws/install/robot_desc/share/robot_desc/models/track_1/install/setup.bash
[0.070s] -- Up-to-date: /home/dliujm/um_files/rob_498_av/AutoVehicle25/audi_ws/install/robot_desc/share/robot_desc/models/track_1/install/local_setup.ps1
[0.070s] -- Up-to-date: /home/dliujm/um_files/rob_498_av/AutoVehicle25/audi_ws/install/robot_desc/share/robot_desc/models/track_1/install/local_setup.zsh
[0.070s] -- Up-to-date: /home/dliujm/um_files/rob_498_av/AutoVehicle25/audi_ws/install/robot_desc/share/robot_desc/models/track_1/install/setup.ps1
[0.070s] -- Up-to-date: /home/dliujm/um_files/rob_498_av/AutoVehicle25/audi_ws/install/robot_desc/share/robot_desc/models/track_1/install/_local_setup_util_ps1.py
[0.070s] -- Up-to-date: /home/dliujm/um_files/rob_498_av/AutoVehicle25/audi_ws/install/robot_desc/share/robot_desc/models/track_1/install/_local_setup_util_sh.py
[0.070s] -- Up-to-date: /home/dliujm/um_files/rob_498_av/AutoVehicle25/audi_ws/install/robot_desc/share/robot_desc/models/track_1/build
[0.070s] -- Up-to-date: /home/dliujm/um_files/rob_498_av/AutoVehicle25/audi_ws/install/robot_desc/share/robot_desc/models/track_1/build/COLCON_IGNORE
[0.070s] -- Up-to-date: /home/dliujm/um_files/rob_498_av/AutoVehicle25/audi_ws/install/robot_desc/share/robot_desc/models/track_1/build/.built_by
[0.070s] -- Up-to-date: /home/dliujm/um_files/rob_498_av/AutoVehicle25/audi_ws/install/robot_desc/share/robot_desc/models/track_1/model.config
[0.070s] -- Up-to-date: /home/dliujm/um_files/rob_498_av/AutoVehicle25/audi_ws/install/robot_desc/share/robot_desc/models/sonoma_raceway
[0.071s] -- Up-to-date: /home/dliujm/um_files/rob_498_av/AutoVehicle25/audi_ws/install/robot_desc/share/robot_desc/models/sonoma_raceway/meshes
[0.071s] -- Up-to-date: /home/dliujm/um_files/rob_498_av/AutoVehicle25/audi_ws/install/robot_desc/share/robot_desc/models/sonoma_raceway/meshes/Raceway.obj
[0.071s] -- Up-to-date: /home/dliujm/um_files/rob_498_av/AutoVehicle25/audi_ws/install/robot_desc/share/robot_desc/models/sonoma_raceway/meshes/Raceway.mtl
[0.071s] -- Up-to-date: /home/dliujm/um_files/rob_498_av/AutoVehicle25/audi_ws/install/robot_desc/share/robot_desc/models/sonoma_raceway/materials
[0.071s] -- Up-to-date: /home/dliujm/um_files/rob_498_av/AutoVehicle25/audi_ws/install/robot_desc/share/robot_desc/models/sonoma_raceway/materials/textures
[0.071s] -- Up-to-date: /home/dliujm/um_files/rob_498_av/AutoVehicle25/audi_ws/install/robot_desc/share/robot_desc/models/sonoma_raceway/materials/textures/Wall.png
[0.071s] -- Up-to-date: /home/dliujm/um_files/rob_498_av/AutoVehicle25/audi_ws/install/robot_desc/share/robot_desc/models/sonoma_raceway/materials/textures/Fence_Opacity.png
[0.071s] -- Up-to-date: /home/dliujm/um_files/rob_498_av/AutoVehicle25/audi_ws/install/robot_desc/share/robot_desc/models/sonoma_raceway/materials/textures/Railing.png
[0.071s] -- Up-to-date: /home/dliujm/um_files/rob_498_av/AutoVehicle25/audi_ws/install/robot_desc/share/robot_desc/models/sonoma_raceway/materials/textures/Bridge.png
[0.071s] -- Up-to-date: /home/dliujm/um_files/rob_498_av/AutoVehicle25/audi_ws/install/robot_desc/share/robot_desc/models/sonoma_raceway/materials/textures/Grass.png
[0.071s] -- Up-to-date: /home/dliujm/um_files/rob_498_av/AutoVehicle25/audi_ws/install/robot_desc/share/robot_desc/models/sonoma_raceway/materials/textures/Checker.png
[0.071s] -- Up-to-date: /home/dliujm/um_files/rob_498_av/AutoVehicle25/audi_ws/install/robot_desc/share/robot_desc/models/sonoma_raceway/materials/textures/Stands.png
[0.073s] -- Up-to-date: /home/dliujm/um_files/rob_498_av/AutoVehicle25/audi_ws/install/robot_desc/share/robot_desc/models/sonoma_raceway/materials/textures/Fence.png
[0.073s] -- Up-to-date: /home/dliujm/um_files/rob_498_av/AutoVehicle25/audi_ws/install/robot_desc/share/robot_desc/models/sonoma_raceway/materials/textures/Concrete.png
[0.073s] -- Up-to-date: /home/dliujm/um_files/rob_498_av/AutoVehicle25/audi_ws/install/robot_desc/share/robot_desc/models/sonoma_raceway/materials/textures/TireStack.png
[0.073s] -- Up-to-date: /home/dliujm/um_files/rob_498_av/AutoVehicle25/audi_ws/install/robot_desc/share/robot_desc/models/sonoma_raceway/materials/textures/RumbleStrip.png
[0.073s] -- Up-to-date: /home/dliujm/um_files/rob_498_av/AutoVehicle25/audi_ws/install/robot_desc/share/robot_desc/models/sonoma_raceway/materials/textures/Track.png
[0.073s] -- Up-to-date: /home/dliujm/um_files/rob_498_av/AutoVehicle25/audi_ws/install/robot_desc/share/robot_desc/models/sonoma_raceway/materials/textures/Window.png
[0.073s] -- Up-to-date: /home/dliujm/um_files/rob_498_av/AutoVehicle25/audi_ws/install/robot_desc/share/robot_desc/models/sonoma_raceway/materials/textures/Asphalt.png
[0.073s] -- Up-to-date: /home/dliujm/um_files/rob_498_av/AutoVehicle25/audi_ws/install/robot_desc/share/robot_desc/models/sonoma_raceway/materials/textures/RumbleStrip&Barrier.png
[0.073s] -- Up-to-date: /home/dliujm/um_files/rob_498_av/AutoVehicle25/audi_ws/install/robot_desc/share/robot_desc/models/sonoma_raceway/materials/textures/Roof.png
[0.074s] -- Up-to-date: /home/dliujm/um_files/rob_498_av/AutoVehicle25/audi_ws/install/robot_desc/share/robot_desc/models/sonoma_raceway/materials/textures/Trim.png
[0.074s] -- Up-to-date: /home/dliujm/um_files/rob_498_av/AutoVehicle25/audi_ws/install/robot_desc/share/robot_desc/models/sonoma_raceway/model.sdf
[0.074s] -- Up-to-date: /home/dliujm/um_files/rob_498_av/AutoVehicle25/audi_ws/install/robot_desc/share/robot_desc/models/sonoma_raceway/model.tar.gz
[0.075s] -- Up-to-date: /home/dliujm/um_files/rob_498_av/AutoVehicle25/audi_ws/install/robot_desc/share/robot_desc/models/sonoma_raceway/model.config
[0.075s] -- Up-to-date: /home/dliujm/um_files/rob_498_av/AutoVehicle25/audi_ws/install/robot_desc/share/ament_index/resource_index/package_run_dependencies/robot_desc
[0.075s] -- Up-to-date: /home/dliujm/um_files/rob_498_av/AutoVehicle25/audi_ws/install/robot_desc/share/ament_index/resource_index/parent_prefix_path/robot_desc
[0.075s] -- Up-to-date: /home/dliujm/um_files/rob_498_av/AutoVehicle25/audi_ws/install/robot_desc/share/robot_desc/environment/ament_prefix_path.sh
[0.075s] -- Up-to-date: /home/dliujm/um_files/rob_498_av/AutoVehicle25/audi_ws/install/robot_desc/share/robot_desc/environment/ament_prefix_path.dsv
[0.075s] -- Up-to-date: /home/dliujm/um_files/rob_498_av/AutoVehicle25/audi_ws/install/robot_desc/share/robot_desc/environment/path.sh
[0.075s] -- Up-to-date: /home/dliujm/um_files/rob_498_av/AutoVehicle25/audi_ws/install/robot_desc/share/robot_desc/environment/path.dsv
[0.075s] -- Up-to-date: /home/dliujm/um_files/rob_498_av/AutoVehicle25/audi_ws/install/robot_desc/share/robot_desc/local_setup.bash
[0.075s] -- Up-to-date: /home/dliujm/um_files/rob_498_av/AutoVehicle25/audi_ws/install/robot_desc/share/robot_desc/local_setup.sh
[0.076s] -- Up-to-date: /home/dliujm/um_files/rob_498_av/AutoVehicle25/audi_ws/install/robot_desc/share/robot_desc/local_setup.zsh
[0.076s] -- Up-to-date: /home/dliujm/um_files/rob_498_av/AutoVehicle25/audi_ws/install/robot_desc/share/robot_desc/local_setup.dsv
[0.076s] -- Installing: /home/dliujm/um_files/rob_498_av/AutoVehicle25/audi_ws/install/robot_desc/share/robot_desc/package.dsv
[0.076s] -- Up-to-date: /home/dliujm/um_files/rob_498_av/AutoVehicle25/audi_ws/install/robot_desc/share/ament_index/resource_index/packages/robot_desc
[0.076s] -- Up-to-date: /home/dliujm/um_files/rob_498_av/AutoVehicle25/audi_ws/install/robot_desc/share/robot_desc/cmake/robot_descConfig.cmake
[0.076s] -- Up-to-date: /home/dliujm/um_files/rob_498_av/AutoVehicle25/audi_ws/install/robot_desc/share/robot_desc/cmake/robot_descConfig-version.cmake
[0.076s] -- Up-to-date: /home/dliujm/um_files/rob_498_av/AutoVehicle25/audi_ws/install/robot_desc/share/robot_desc/package.xml
[0.076s] Invoked command in '/home/dliujm/um_files/rob_498_av/AutoVehicle25/audi_ws/build/robot_desc' returned '0': CMAKE_PREFIX_PATH=${CMAKE_PREFIX_PATH}:/home/dliujm/ros2_ws/install/voice_command:/home/dliujm/ros2_ws/install/semantic_mapping:/home/dliujm/ros2_ws/install/semantic_labeling_demo:/home/dliujm/ros2_ws/install/racing_controller:/home/dliujm/ros2_ws/install/odom_tf_broadcaster_pkg:/home/dliujm/ros2_ws/install/lucy_hardware:/home/dliujm/ros2_ws/install/image_saver:/home/dliujm/ros2_ws/src/install/semantic_mapping:/home/dliujm/ros2_ws/src/install/semantic_labeling_demo:/home/dliujm/ros2_ws/src/install/odom_tf_broadcaster_pkg:/home/dliujm/ros2_ws/src/install/lucy_hardware:/home/dliujm/ros2_ws/src/install/image_saver:/opt/ros/humble /usr/bin/cmake --install /home/dliujm/um_files/rob_498_av/AutoVehicle25/audi_ws/build/robot_desc
